<?xml version="1.0" encoding="UTF-8"?>
<testsuites name="LOS Operation" time="4546.85" tests="27" failures="18" errors="0">
   <testsuite name="LOS Operation" tests="27" failures="18" errors="0" time="4546.85" skipped="0" timestamp="2021-11-23 15:02:55" hostname="Inaobatan.Olawale - INAOBATAN.fintraksoftware.com" id="Test Suites/FBN Credit360 LOS Operation/LOS Operation">
      <properties>
         <property name="deviceName" value=""/>
         <property name="devicePlatform" value=""/>
         <property name="logFolder" value="C:\\Users\\inaobatan.olawale\\Katalon Studio\\My First Web UI Project\\Reports\\20211123_150252\\FBN Credit360 LOS Operation\\LOS Operation\\20211123_150252"/>
         <property name="logFiles" value="C:\\Users\\inaobatan.olawale\\Katalon Studio\\My First Web UI Project\\Reports\\20211123_150252\\FBN Credit360 LOS Operation\\LOS Operation\\20211123_150252\\execution0.log"/>
         <property name="attachments" value="C:\\Users\\inaobatan.olawale\\Katalon Studio\\My First Web UI Project\\Reports\\20211123_150252\\FBN Credit360 LOS Operation\\LOS Operation\\20211123_150252\\1637676627905.png, C:\\Users\\inaobatan.olawale\\Katalon Studio\\My First Web UI Project\\Reports\\20211123_150252\\FBN Credit360 LOS Operation\\LOS Operation\\20211123_150252\\1637677001813.png, C:\\Users\\inaobatan.olawale\\Katalon Studio\\My First Web UI Project\\Reports\\20211123_150252\\FBN Credit360 LOS Operation\\LOS Operation\\20211123_150252\\1637677198198.png, C:\\Users\\inaobatan.olawale\\Katalon Studio\\My First Web UI Project\\Reports\\20211123_150252\\FBN Credit360 LOS Operation\\LOS Operation\\20211123_150252\\1637677221547.png, C:\\Users\\inaobatan.olawale\\Katalon Studio\\My First Web UI Project\\Reports\\20211123_150252\\FBN Credit360 LOS Operation\\LOS Operation\\20211123_150252\\1637677255073.png, C:\\Users\\inaobatan.olawale\\Katalon Studio\\My First Web UI Project\\Reports\\20211123_150252\\FBN Credit360 LOS Operation\\LOS Operation\\20211123_150252\\1637677272658.png, C:\\Users\\inaobatan.olawale\\Katalon Studio\\My First Web UI Project\\Reports\\20211123_150252\\FBN Credit360 LOS Operation\\LOS Operation\\20211123_150252\\1637677298196.png, C:\\Users\\inaobatan.olawale\\Katalon Studio\\My First Web UI Project\\Reports\\20211123_150252\\FBN Credit360 LOS Operation\\LOS Operation\\20211123_150252\\1637677325857.png, C:\\Users\\inaobatan.olawale\\Katalon Studio\\My First Web UI Project\\Reports\\20211123_150252\\FBN Credit360 LOS Operation\\LOS Operation\\20211123_150252\\1637677352765.png, C:\\Users\\inaobatan.olawale\\Katalon Studio\\My First Web UI Project\\Reports\\20211123_150252\\FBN Credit360 LOS Operation\\LOS Operation\\20211123_150252\\1637677394322.png, C:\\Users\\inaobatan.olawale\\Katalon Studio\\My First Web UI Project\\Reports\\20211123_150252\\FBN Credit360 LOS Operation\\LOS Operation\\20211123_150252\\1637677423509.png, C:\\Users\\inaobatan.olawale\\Katalon Studio\\My First Web UI Project\\Reports\\20211123_150252\\FBN Credit360 LOS Operation\\LOS Operation\\20211123_150252\\1637677483500.png, C:\\Users\\inaobatan.olawale\\Katalon Studio\\My First Web UI Project\\Reports\\20211123_150252\\FBN Credit360 LOS Operation\\LOS Operation\\20211123_150252\\1637677512643.png, C:\\Users\\inaobatan.olawale\\Katalon Studio\\My First Web UI Project\\Reports\\20211123_150252\\FBN Credit360 LOS Operation\\LOS Operation\\20211123_150252\\1637677544876.png, C:\\Users\\inaobatan.olawale\\Katalon Studio\\My First Web UI Project\\Reports\\20211123_150252\\FBN Credit360 LOS Operation\\LOS Operation\\20211123_150252\\1637677582134.png, C:\\Users\\inaobatan.olawale\\Katalon Studio\\My First Web UI Project\\Reports\\20211123_150252\\FBN Credit360 LOS Operation\\LOS Operation\\20211123_150252\\1637677616008.png, C:\\Users\\inaobatan.olawale\\Katalon Studio\\My First Web UI Project\\Reports\\20211123_150252\\FBN Credit360 LOS Operation\\LOS Operation\\20211123_150252\\1637677642025.png, C:\\Users\\inaobatan.olawale\\Katalon Studio\\My First Web UI Project\\Reports\\20211123_150252\\FBN Credit360 LOS Operation\\LOS Operation\\20211123_150252\\1637677675705.png, C:\\Users\\inaobatan.olawale\\Katalon Studio\\My First Web UI Project\\Reports\\20211123_150252\\FBN Credit360 LOS Operation\\LOS Operation\\20211123_150252\\1637677712895.png, C:\\Users\\inaobatan.olawale\\Katalon Studio\\My First Web UI Project\\Reports\\20211123_150252\\FBN Credit360 LOS Operation\\LOS Operation\\20211123_150252\\1637677767781.png, C:\\Users\\inaobatan.olawale\\Katalon Studio\\My First Web UI Project\\Reports\\20211123_150252\\FBN Credit360 LOS Operation\\LOS Operation\\20211123_150252\\1637677902251.png, C:\\Users\\inaobatan.olawale\\Katalon Studio\\My First Web UI Project\\Reports\\20211123_150252\\FBN Credit360 LOS Operation\\LOS Operation\\20211123_150252\\1637677941230.png, C:\\Users\\inaobatan.olawale\\Katalon Studio\\My First Web UI Project\\Reports\\20211123_150252\\FBN Credit360 LOS Operation\\LOS Operation\\20211123_150252\\1637677998166.png, C:\\Users\\inaobatan.olawale\\Katalon Studio\\My First Web UI Project\\Reports\\20211123_150252\\FBN Credit360 LOS Operation\\LOS Operation\\20211123_150252\\1637678035538.png, C:\\Users\\inaobatan.olawale\\Katalon Studio\\My First Web UI Project\\Reports\\20211123_150252\\FBN Credit360 LOS Operation\\LOS Operation\\20211123_150252\\1637678172275.png, C:\\Users\\inaobatan.olawale\\Katalon Studio\\My First Web UI Project\\Reports\\20211123_150252\\FBN Credit360 LOS Operation\\LOS Operation\\20211123_150252\\1637678241239.png, C:\\Users\\inaobatan.olawale\\Katalon Studio\\My First Web UI Project\\Reports\\20211123_150252\\FBN Credit360 LOS Operation\\LOS Operation\\20211123_150252\\1637678299734.png, C:\\Users\\inaobatan.olawale\\Katalon Studio\\My First Web UI Project\\Reports\\20211123_150252\\FBN Credit360 LOS Operation\\LOS Operation\\20211123_150252\\1637678368488.png, C:\\Users\\inaobatan.olawale\\Katalon Studio\\My First Web UI Project\\Reports\\20211123_150252\\FBN Credit360 LOS Operation\\LOS Operation\\20211123_150252\\1637678401229.png, C:\\Users\\inaobatan.olawale\\Katalon Studio\\My First Web UI Project\\Reports\\20211123_150252\\FBN Credit360 LOS Operation\\LOS Operation\\20211123_150252\\1637678439357.png, C:\\Users\\inaobatan.olawale\\Katalon Studio\\My First Web UI Project\\Reports\\20211123_150252\\FBN Credit360 LOS Operation\\LOS Operation\\20211123_150252\\1637678479642.png, C:\\Users\\inaobatan.olawale\\Katalon Studio\\My First Web UI Project\\Reports\\20211123_150252\\FBN Credit360 LOS Operation\\LOS Operation\\20211123_150252\\1637678527823.png, C:\\Users\\inaobatan.olawale\\Katalon Studio\\My First Web UI Project\\Reports\\20211123_150252\\FBN Credit360 LOS Operation\\LOS Operation\\20211123_150252\\1637678611036.png, C:\\Users\\inaobatan.olawale\\Katalon Studio\\My First Web UI Project\\Reports\\20211123_150252\\FBN Credit360 LOS Operation\\LOS Operation\\20211123_150252\\1637678715371.png, C:\\Users\\inaobatan.olawale\\Katalon Studio\\My First Web UI Project\\Reports\\20211123_150252\\FBN Credit360 LOS Operation\\LOS Operation\\20211123_150252\\1637678805676.png, C:\\Users\\inaobatan.olawale\\Katalon Studio\\My First Web UI Project\\Reports\\20211123_150252\\FBN Credit360 LOS Operation\\LOS Operation\\20211123_150252\\1637678902500.png, C:\\Users\\inaobatan.olawale\\Katalon Studio\\My First Web UI Project\\Reports\\20211123_150252\\FBN Credit360 LOS Operation\\LOS Operation\\20211123_150252\\1637678991505.png, C:\\Users\\inaobatan.olawale\\Katalon Studio\\My First Web UI Project\\Reports\\20211123_150252\\FBN Credit360 LOS Operation\\LOS Operation\\20211123_150252\\1637679079330.png, C:\\Users\\inaobatan.olawale\\Katalon Studio\\My First Web UI Project\\Reports\\20211123_150252\\FBN Credit360 LOS Operation\\LOS Operation\\20211123_150252\\1637679169787.png, C:\\Users\\inaobatan.olawale\\Katalon Studio\\My First Web UI Project\\Reports\\20211123_150252\\FBN Credit360 LOS Operation\\LOS Operation\\20211123_150252\\1637679255359.png, C:\\Users\\inaobatan.olawale\\Katalon Studio\\My First Web UI Project\\Reports\\20211123_150252\\FBN Credit360 LOS Operation\\LOS Operation\\20211123_150252\\1637679283127.png, C:\\Users\\inaobatan.olawale\\Katalon Studio\\My First Web UI Project\\Reports\\20211123_150252\\FBN Credit360 LOS Operation\\LOS Operation\\20211123_150252\\1637679347501.png, C:\\Users\\inaobatan.olawale\\Katalon Studio\\My First Web UI Project\\Reports\\20211123_150252\\FBN Credit360 LOS Operation\\LOS Operation\\20211123_150252\\1637679377700.png, C:\\Users\\inaobatan.olawale\\Katalon Studio\\My First Web UI Project\\Reports\\20211123_150252\\FBN Credit360 LOS Operation\\LOS Operation\\20211123_150252\\1637679435503.png, C:\\Users\\inaobatan.olawale\\Katalon Studio\\My First Web UI Project\\Reports\\20211123_150252\\FBN Credit360 LOS Operation\\LOS Operation\\20211123_150252\\1637679457340.png, C:\\Users\\inaobatan.olawale\\Katalon Studio\\My First Web UI Project\\Reports\\20211123_150252\\FBN Credit360 LOS Operation\\LOS Operation\\20211123_150252\\1637679484039.png, C:\\Users\\inaobatan.olawale\\Katalon Studio\\My First Web UI Project\\Reports\\20211123_150252\\FBN Credit360 LOS Operation\\LOS Operation\\20211123_150252\\1637679508202.png, C:\\Users\\inaobatan.olawale\\Katalon Studio\\My First Web UI Project\\Reports\\20211123_150252\\FBN Credit360 LOS Operation\\LOS Operation\\20211123_150252\\1637679536510.png, C:\\Users\\inaobatan.olawale\\Katalon Studio\\My First Web UI Project\\Reports\\20211123_150252\\FBN Credit360 LOS Operation\\LOS Operation\\20211123_150252\\1637679633974.png, C:\\Users\\inaobatan.olawale\\Katalon Studio\\My First Web UI Project\\Reports\\20211123_150252\\FBN Credit360 LOS Operation\\LOS Operation\\20211123_150252\\1637679744562.png, C:\\Users\\inaobatan.olawale\\Katalon Studio\\My First Web UI Project\\Reports\\20211123_150252\\FBN Credit360 LOS Operation\\LOS Operation\\20211123_150252\\1637679837059.png, C:\\Users\\inaobatan.olawale\\Katalon Studio\\My First Web UI Project\\Reports\\20211123_150252\\FBN Credit360 LOS Operation\\LOS Operation\\20211123_150252\\1637679927011.png, C:\\Users\\inaobatan.olawale\\Katalon Studio\\My First Web UI Project\\Reports\\20211123_150252\\FBN Credit360 LOS Operation\\LOS Operation\\20211123_150252\\1637679942622.png, C:\\Users\\inaobatan.olawale\\Katalon Studio\\My First Web UI Project\\Reports\\20211123_150252\\FBN Credit360 LOS Operation\\LOS Operation\\20211123_150252\\1637679959771.png, C:\\Users\\inaobatan.olawale\\Katalon Studio\\My First Web UI Project\\Reports\\20211123_150252\\FBN Credit360 LOS Operation\\LOS Operation\\20211123_150252\\1637679978458.png, C:\\Users\\inaobatan.olawale\\Katalon Studio\\My First Web UI Project\\Reports\\20211123_150252\\FBN Credit360 LOS Operation\\LOS Operation\\20211123_150252\\1637679997966.png, C:\\Users\\inaobatan.olawale\\Katalon Studio\\My First Web UI Project\\Reports\\20211123_150252\\FBN Credit360 LOS Operation\\LOS Operation\\20211123_150252\\1637680103102.png, C:\\Users\\inaobatan.olawale\\Katalon Studio\\My First Web UI Project\\Reports\\20211123_150252\\FBN Credit360 LOS Operation\\LOS Operation\\20211123_150252\\1637680128773.png, C:\\Users\\inaobatan.olawale\\Katalon Studio\\My First Web UI Project\\Reports\\20211123_150252\\FBN Credit360 LOS Operation\\LOS Operation\\20211123_150252\\1637680155949.png, C:\\Users\\inaobatan.olawale\\Katalon Studio\\My First Web UI Project\\Reports\\20211123_150252\\FBN Credit360 LOS Operation\\LOS Operation\\20211123_150252\\1637680182248.png, C:\\Users\\inaobatan.olawale\\Katalon Studio\\My First Web UI Project\\Reports\\20211123_150252\\FBN Credit360 LOS Operation\\LOS Operation\\20211123_150252\\1637680198598.png, C:\\Users\\inaobatan.olawale\\Katalon Studio\\My First Web UI Project\\Reports\\20211123_150252\\FBN Credit360 LOS Operation\\LOS Operation\\20211123_150252\\1637680214291.png, C:\\Users\\inaobatan.olawale\\Katalon Studio\\My First Web UI Project\\Reports\\20211123_150252\\FBN Credit360 LOS Operation\\LOS Operation\\20211123_150252\\1637680233595.png, C:\\Users\\inaobatan.olawale\\Katalon Studio\\My First Web UI Project\\Reports\\20211123_150252\\FBN Credit360 LOS Operation\\LOS Operation\\20211123_150252\\1637680249226.png, C:\\Users\\inaobatan.olawale\\Katalon Studio\\My First Web UI Project\\Reports\\20211123_150252\\FBN Credit360 LOS Operation\\LOS Operation\\20211123_150252\\1637680268242.png, C:\\Users\\inaobatan.olawale\\Katalon Studio\\My First Web UI Project\\Reports\\20211123_150252\\FBN Credit360 LOS Operation\\LOS Operation\\20211123_150252\\1637680301165.png, C:\\Users\\inaobatan.olawale\\Katalon Studio\\My First Web UI Project\\Reports\\20211123_150252\\FBN Credit360 LOS Operation\\LOS Operation\\20211123_150252\\1637680603178.png, C:\\Users\\inaobatan.olawale\\Katalon Studio\\My First Web UI Project\\Reports\\20211123_150252\\FBN Credit360 LOS Operation\\LOS Operation\\20211123_150252\\1637680605747.png, C:\\Users\\inaobatan.olawale\\Katalon Studio\\My First Web UI Project\\Reports\\20211123_150252\\FBN Credit360 LOS Operation\\LOS Operation\\20211123_150252\\1637680608248.png, C:\\Users\\inaobatan.olawale\\Katalon Studio\\My First Web UI Project\\Reports\\20211123_150252\\FBN Credit360 LOS Operation\\LOS Operation\\20211123_150252\\1637680610494.png, C:\\Users\\inaobatan.olawale\\Katalon Studio\\My First Web UI Project\\Reports\\20211123_150252\\FBN Credit360 LOS Operation\\LOS Operation\\20211123_150252\\1637680612669.png, C:\\Users\\inaobatan.olawale\\Katalon Studio\\My First Web UI Project\\Reports\\20211123_150252\\FBN Credit360 LOS Operation\\LOS Operation\\20211123_150252\\1637680614848.png, C:\\Users\\inaobatan.olawale\\Katalon Studio\\My First Web UI Project\\Reports\\20211123_150252\\FBN Credit360 LOS Operation\\LOS Operation\\20211123_150252\\1637680636826.png, C:\\Users\\inaobatan.olawale\\Katalon Studio\\My First Web UI Project\\Reports\\20211123_150252\\FBN Credit360 LOS Operation\\LOS Operation\\20211123_150252\\1637680684188.png, C:\\Users\\inaobatan.olawale\\Katalon Studio\\My First Web UI Project\\Reports\\20211123_150252\\FBN Credit360 LOS Operation\\LOS Operation\\20211123_150252\\1637680702657.png, C:\\Users\\inaobatan.olawale\\Katalon Studio\\My First Web UI Project\\Reports\\20211123_150252\\FBN Credit360 LOS Operation\\LOS Operation\\20211123_150252\\1637680719813.png"/>
         <property name="hostName" value="Inaobatan.Olawale - INAOBATAN.fintraksoftware.com"/>
         <property name="os" value="Windows 10 64bit"/>
         <property name="katalonVersion" value="8.1.0.208"/>
         <property name="browser" value="Chrome 95.0.4638.69"/>
         <property name="hostAddress" value="172.20.10.3"/>
         <property name="sessionId" value="3bc4c420f0e59436fd34425b69f45911"/>
         <property name="seleniumVersion" value="3.141.59"/>
         <property name="proxyInformation" value="ProxyInformation { proxyOption=NO_PROXY, proxyServerType=HTTP, username=, password=********, proxyServerAddress=, proxyServerPort=0, executionList=&quot;&quot;, isApplyToDesiredCapabilities=true }"/>
         <property name="platform" value="Windows 10"/>
      </properties>
      <testcase name="Test Cases/FBN Credit360 LOS Opeartion/Login" time="65.456" classname="Test Cases/FBN Credit360 LOS Opeartion/Login" status="PASSED">
         <system-out><![CDATA[2021-11-23 15:02:55 - [TEST_CASE][PASSED] - Test Cases/FBN Credit360 LOS Opeartion/Login: Test Cases/FBN Credit360 LOS Opeartion/Login

2021-11-23 15:02:56 - [TEST_STEP][PASSED] - openBrowser(""): Browser is opened with url: ''

2021-11-23 15:02:56 - [MESSAGE][INFO] - Starting 'Chrome' driver

2021-11-23 15:02:56 - [MESSAGE][INFO] - Action delay is set to 0 milliseconds

2021-11-23 15:02:59 - [MESSAGE][PASSED] - Browser is opened with url: ''

2021-11-23 15:02:59 - [TEST_STEP][PASSED] - navigateToUrl("https://fintrakcredit360web-fb.azurewebsites.net/#/"): Navigate to 'https://fintrakcredit360web-fb.azurewebsites.net/#/' successfully

2021-11-23 15:03:53 - [MESSAGE][PASSED] - Navigate to 'https://fintrakcredit360web-fb.azurewebsites.net/#/' successfully

2021-11-23 15:03:53 - [TEST_STEP][PASSED] - setText(findTestObject("Object Repository/Login-/Page_Fintrak  Core Banking/input_Log In_auth-name"), "SN019641"): Text 'SN019641' is set on object 'Object Repository/Login-/Page_Fintrak  Core Banking/input_Log In_auth-name'

2021-11-23 15:04:00 - [MESSAGE][PASSED] - Text 'SN019641' is set on object 'Object Repository/Login-/Page_Fintrak  Core Banking/input_Log In_auth-name'

2021-11-23 15:04:00 - [TEST_STEP][PASSED] - setEncryptedText(findTestObject("Object Repository/Login-/Page_Fintrak  Core Banking/input_Log In_auth-password"), "JltEQgaE0YE="): Text ****** has been set on object 'Object Repository/Login-/Page_Fintrak  Core Banking/input_Log In_auth-password'

2021-11-23 15:04:00 - [MESSAGE][PASSED] - Text ****** has been set on object 'Object Repository/Login-/Page_Fintrak  Core Banking/input_Log In_auth-password'

2021-11-23 15:04:00 - [TEST_STEP][PASSED] - click(findTestObject("Object Repository/Login-/Page_Fintrak  Core Banking/button_Log In")): Object: 'Object Repository/Login-/Page_Fintrak  Core Banking/button_Log In' is clicked on

2021-11-23 15:04:01 - [MESSAGE][PASSED] - Object: 'Object Repository/Login-/Page_Fintrak  Core Banking/button_Log In' is clicked on]]></system-out>
         <system-err><![CDATA[]]></system-err>
      </testcase>
      <testcase name="Test Cases/FBN Credit360 LOS Opeartion/Credit Origination" time="85.385" classname="Test Cases/FBN Credit360 LOS Opeartion/Credit Origination" status="PASSED">
         <system-out><![CDATA[2021-11-23 15:04:01 - [TEST_CASE][PASSED] - Test Cases/FBN Credit360 LOS Opeartion/Credit Origination: Test Cases/FBN Credit360 LOS Opeartion/Credit Origination

2021-11-23 15:04:01 - [TEST_STEP][PASSED] - callTestCase(findTestCase("FBN Credit360 LOS Opeartion/Login"), [:], STOP_ON_FAILURE): Call Test Case 'Test Cases/FBN Credit360 LOS Opeartion/Login' successfully

2021-11-23 15:04:01 - [TEST_CASE][PASSED] - Test Cases/FBN Credit360 LOS Opeartion/Login: Test Cases/FBN Credit360 LOS Opeartion/Login

2021-11-23 15:04:01 - [TEST_STEP][PASSED] - openBrowser(""): Browser is opened with url: ''

2021-11-23 15:04:01 - [MESSAGE][WARNING] - A browser is already opened. Closing browser and opening a new one

2021-11-23 15:04:02 - [MESSAGE][INFO] - Starting 'Chrome' driver

2021-11-23 15:04:02 - [MESSAGE][INFO] - Action delay is set to 0 milliseconds

2021-11-23 15:04:03 - [MESSAGE][PASSED] - Browser is opened with url: ''

2021-11-23 15:04:03 - [TEST_STEP][PASSED] - navigateToUrl("https://fintrakcredit360web-fb.azurewebsites.net/#/"): Navigate to 'https://fintrakcredit360web-fb.azurewebsites.net/#/' successfully

2021-11-23 15:04:58 - [MESSAGE][PASSED] - Navigate to 'https://fintrakcredit360web-fb.azurewebsites.net/#/' successfully

2021-11-23 15:04:58 - [TEST_STEP][PASSED] - setText(findTestObject("Object Repository/Login-/Page_Fintrak  Core Banking/input_Log In_auth-name"), "SN019641"): Text 'SN019641' is set on object 'Object Repository/Login-/Page_Fintrak  Core Banking/input_Log In_auth-name'

2021-11-23 15:05:04 - [MESSAGE][PASSED] - Text 'SN019641' is set on object 'Object Repository/Login-/Page_Fintrak  Core Banking/input_Log In_auth-name'

2021-11-23 15:05:04 - [TEST_STEP][PASSED] - setEncryptedText(findTestObject("Object Repository/Login-/Page_Fintrak  Core Banking/input_Log In_auth-password"), "JltEQgaE0YE="): Text ****** has been set on object 'Object Repository/Login-/Page_Fintrak  Core Banking/input_Log In_auth-password'

2021-11-23 15:05:05 - [MESSAGE][PASSED] - Text ****** has been set on object 'Object Repository/Login-/Page_Fintrak  Core Banking/input_Log In_auth-password'

2021-11-23 15:05:05 - [TEST_STEP][PASSED] - click(findTestObject("Object Repository/Login-/Page_Fintrak  Core Banking/button_Log In")): Object: 'Object Repository/Login-/Page_Fintrak  Core Banking/button_Log In' is clicked on

2021-11-23 15:05:05 - [MESSAGE][PASSED] - Object: 'Object Repository/Login-/Page_Fintrak  Core Banking/button_Log In' is clicked on

2021-11-23 15:05:05 - [MESSAGE][PASSED] - Call Test Case 'Test Cases/FBN Credit360 LOS Opeartion/Login' successfully

2021-11-23 15:05:05 - [TEST_STEP][PASSED] - click(findTestObject("Object Repository/Credit Origination/Page_Fintrak  Core Banking/span_Credit")): Object: 'Object Repository/Credit Origination/Page_Fintrak  Core Banking/span_Credit' is clicked on

2021-11-23 15:05:26 - [MESSAGE][PASSED] - Object: 'Object Repository/Credit Origination/Page_Fintrak  Core Banking/span_Credit' is clicked on

2021-11-23 15:05:26 - [TEST_STEP][PASSED] - click(findTestObject("Object Repository/Credit Origination/Page_Fintrak  Core Banking/span_Credit Origination")): Object: 'Object Repository/Credit Origination/Page_Fintrak  Core Banking/span_Credit Origination' is clicked on

2021-11-23 15:05:26 - [MESSAGE][PASSED] - Object: 'Object Repository/Credit Origination/Page_Fintrak  Core Banking/span_Credit Origination' is clicked on]]></system-out>
         <system-err><![CDATA[]]></system-err>
      </testcase>
      <testcase name="Test Cases/FBN Credit360 LOS Opeartion/Start Credit Application" time="107.725" classname="Test Cases/FBN Credit360 LOS Opeartion/Start Credit Application" status="PASSED">
         <system-out><![CDATA[2021-11-23 15:05:26 - [TEST_CASE][PASSED] - Test Cases/FBN Credit360 LOS Opeartion/Start Credit Application: Test Cases/FBN Credit360 LOS Opeartion/Start Credit Application

2021-11-23 15:05:27 - [TEST_STEP][PASSED] - callTestCase(findTestCase("FBN Credit360 LOS Opeartion/Credit Origination"), [:], STOP_ON_FAILURE): Call Test Case 'Test Cases/FBN Credit360 LOS Opeartion/Credit Origination' successfully

2021-11-23 15:05:27 - [TEST_CASE][PASSED] - Test Cases/FBN Credit360 LOS Opeartion/Credit Origination: Test Cases/FBN Credit360 LOS Opeartion/Credit Origination

2021-11-23 15:05:27 - [TEST_STEP][PASSED] - callTestCase(findTestCase("FBN Credit360 LOS Opeartion/Login"), [:], STOP_ON_FAILURE): Call Test Case 'Test Cases/FBN Credit360 LOS Opeartion/Login' successfully

2021-11-23 15:05:27 - [TEST_CASE][PASSED] - Test Cases/FBN Credit360 LOS Opeartion/Login: Test Cases/FBN Credit360 LOS Opeartion/Login

2021-11-23 15:05:27 - [TEST_STEP][PASSED] - openBrowser(""): Browser is opened with url: ''

2021-11-23 15:05:27 - [MESSAGE][WARNING] - A browser is already opened. Closing browser and opening a new one

2021-11-23 15:05:27 - [MESSAGE][INFO] - Starting 'Chrome' driver

2021-11-23 15:05:27 - [MESSAGE][INFO] - Action delay is set to 0 milliseconds

2021-11-23 15:05:29 - [MESSAGE][PASSED] - Browser is opened with url: ''

2021-11-23 15:05:29 - [TEST_STEP][PASSED] - navigateToUrl("https://fintrakcredit360web-fb.azurewebsites.net/#/"): Navigate to 'https://fintrakcredit360web-fb.azurewebsites.net/#/' successfully

2021-11-23 15:06:13 - [MESSAGE][PASSED] - Navigate to 'https://fintrakcredit360web-fb.azurewebsites.net/#/' successfully

2021-11-23 15:06:13 - [TEST_STEP][PASSED] - setText(findTestObject("Object Repository/Login-/Page_Fintrak  Core Banking/input_Log In_auth-name"), "SN019641"): Text 'SN019641' is set on object 'Object Repository/Login-/Page_Fintrak  Core Banking/input_Log In_auth-name'

2021-11-23 15:06:18 - [MESSAGE][PASSED] - Text 'SN019641' is set on object 'Object Repository/Login-/Page_Fintrak  Core Banking/input_Log In_auth-name'

2021-11-23 15:06:18 - [TEST_STEP][PASSED] - setEncryptedText(findTestObject("Object Repository/Login-/Page_Fintrak  Core Banking/input_Log In_auth-password"), "JltEQgaE0YE="): Text ****** has been set on object 'Object Repository/Login-/Page_Fintrak  Core Banking/input_Log In_auth-password'

2021-11-23 15:06:18 - [MESSAGE][PASSED] - Text ****** has been set on object 'Object Repository/Login-/Page_Fintrak  Core Banking/input_Log In_auth-password'

2021-11-23 15:06:18 - [TEST_STEP][PASSED] - click(findTestObject("Object Repository/Login-/Page_Fintrak  Core Banking/button_Log In")): Object: 'Object Repository/Login-/Page_Fintrak  Core Banking/button_Log In' is clicked on

2021-11-23 15:06:19 - [MESSAGE][PASSED] - Object: 'Object Repository/Login-/Page_Fintrak  Core Banking/button_Log In' is clicked on

2021-11-23 15:06:19 - [MESSAGE][PASSED] - Call Test Case 'Test Cases/FBN Credit360 LOS Opeartion/Login' successfully

2021-11-23 15:06:19 - [TEST_STEP][PASSED] - click(findTestObject("Object Repository/Credit Origination/Page_Fintrak  Core Banking/span_Credit")): Object: 'Object Repository/Credit Origination/Page_Fintrak  Core Banking/span_Credit' is clicked on

2021-11-23 15:06:39 - [MESSAGE][PASSED] - Object: 'Object Repository/Credit Origination/Page_Fintrak  Core Banking/span_Credit' is clicked on

2021-11-23 15:06:39 - [TEST_STEP][PASSED] - click(findTestObject("Object Repository/Credit Origination/Page_Fintrak  Core Banking/span_Credit Origination")): Object: 'Object Repository/Credit Origination/Page_Fintrak  Core Banking/span_Credit Origination' is clicked on

2021-11-23 15:06:40 - [MESSAGE][PASSED] - Object: 'Object Repository/Credit Origination/Page_Fintrak  Core Banking/span_Credit Origination' is clicked on

2021-11-23 15:06:40 - [MESSAGE][PASSED] - Call Test Case 'Test Cases/FBN Credit360 LOS Opeartion/Credit Origination' successfully

2021-11-23 15:06:40 - [TEST_STEP][PASSED] - click(findTestObject("Object Repository/Start Credit Application/Page_Fintrak  Core Banking/a_Start Credit Application")): Object: 'Object Repository/Start Credit Application/Page_Fintrak  Core Banking/a_Start Credit Application' is clicked on

2021-11-23 15:06:40 - [MESSAGE][PASSED] - Object: 'Object Repository/Start Credit Application/Page_Fintrak  Core Banking/a_Start Credit Application' is clicked on

2021-11-23 15:06:40 - [TEST_STEP][PASSED] - selectOptionByValue(findTestObject("Object Repository/Start Credit Application/Page_Fintrak  Core Banking/select_--- Select Customer Type --- Single _fce174"), "1", true): All options with value '1' are selected in object 'Object Repository/Start Credit Application/Page_Fintrak  Core Banking/select_--- Select Customer Type --- Single _fce174'  using regular expression

2021-11-23 15:07:01 - [MESSAGE][PASSED] - All options with value '1' are selected in object 'Object Repository/Start Credit Application/Page_Fintrak  Core Banking/select_--- Select Customer Type --- Single _fce174'  using regular expression

2021-11-23 15:07:01 - [TEST_STEP][PASSED] - click(findTestObject("Object Repository/Start Credit Application/Page_Fintrak  Core Banking/button_Next")): Object: 'Object Repository/Start Credit Application/Page_Fintrak  Core Banking/button_Next' is clicked on

2021-11-23 15:07:02 - [MESSAGE][PASSED] - Object: 'Object Repository/Start Credit Application/Page_Fintrak  Core Banking/button_Next' is clicked on

2021-11-23 15:07:02 - [TEST_STEP][PASSED] - setText(findTestObject("Object Repository/Start Credit Application/Page_Fintrak  Core Banking/input_Existing - Customer already have acco_fd2ab1"), "main"): Text 'main' is set on object 'Object Repository/Start Credit Application/Page_Fintrak  Core Banking/input_Existing - Customer already have acco_fd2ab1'

2021-11-23 15:07:03 - [MESSAGE][PASSED] - Text 'main' is set on object 'Object Repository/Start Credit Application/Page_Fintrak  Core Banking/input_Existing - Customer already have acco_fd2ab1'

2021-11-23 15:07:03 - [TEST_STEP][PASSED] - waitForElementNotClickable(findTestObject("Start Credit Application/Page_Fintrak  Core Banking/div_Customer Branch_ui-radiobutton-box ui-w_9e8bc6"), 10): Object 'Object Repository/Start Credit Application/Page_Fintrak  Core Banking/div_Customer Branch_ui-radiobutton-box ui-w_9e8bc6' is not clickable after 10 second(s)

2021-11-23 15:07:14 - [MESSAGE][WARNING] - Object 'Object Repository/Start Credit Application/Page_Fintrak  Core Banking/div_Customer Branch_ui-radiobutton-box ui-w_9e8bc6' is not clickable after 10 second(s)

2021-11-23 15:07:14 - [TEST_STEP][PASSED] - click(findTestObject("Object Repository/Start Credit Application/Page_Fintrak  Core Banking/div_Customer Branch_ui-radiobutton-box ui-w_9e8bc6")): Object: 'Object Repository/Start Credit Application/Page_Fintrak  Core Banking/div_Customer Branch_ui-radiobutton-box ui-w_9e8bc6' is clicked on

2021-11-23 15:07:14 - [MESSAGE][PASSED] - Object: 'Object Repository/Start Credit Application/Page_Fintrak  Core Banking/div_Customer Branch_ui-radiobutton-box ui-w_9e8bc6' is clicked on]]></system-out>
         <system-err><![CDATA[]]></system-err>
      </testcase>
      <testcase name="Test Cases/FBN Credit360 LOS Opeartion/Update Credit Bureau" time="125.597" classname="Test Cases/FBN Credit360 LOS Opeartion/Update Credit Bureau" status="PASSED">
         <system-out><![CDATA[2021-11-23 15:07:14 - [TEST_CASE][PASSED] - Test Cases/FBN Credit360 LOS Opeartion/Update Credit Bureau: Test Cases/FBN Credit360 LOS Opeartion/Update Credit Bureau

2021-11-23 15:07:14 - [TEST_STEP][PASSED] - callTestCase(findTestCase("FBN Credit360 LOS Opeartion/Start Credit Application"), [:], STOP_ON_FAILURE): Call Test Case 'Test Cases/FBN Credit360 LOS Opeartion/Start Credit Application' successfully

2021-11-23 15:07:14 - [TEST_CASE][PASSED] - Test Cases/FBN Credit360 LOS Opeartion/Start Credit Application: Test Cases/FBN Credit360 LOS Opeartion/Start Credit Application

2021-11-23 15:07:14 - [TEST_STEP][PASSED] - callTestCase(findTestCase("FBN Credit360 LOS Opeartion/Credit Origination"), [:], STOP_ON_FAILURE): Call Test Case 'Test Cases/FBN Credit360 LOS Opeartion/Credit Origination' successfully

2021-11-23 15:07:14 - [TEST_CASE][PASSED] - Test Cases/FBN Credit360 LOS Opeartion/Credit Origination: Test Cases/FBN Credit360 LOS Opeartion/Credit Origination

2021-11-23 15:07:14 - [TEST_STEP][PASSED] - callTestCase(findTestCase("FBN Credit360 LOS Opeartion/Login"), [:], STOP_ON_FAILURE): Call Test Case 'Test Cases/FBN Credit360 LOS Opeartion/Login' successfully

2021-11-23 15:07:14 - [TEST_CASE][PASSED] - Test Cases/FBN Credit360 LOS Opeartion/Login: Test Cases/FBN Credit360 LOS Opeartion/Login

2021-11-23 15:07:14 - [TEST_STEP][PASSED] - openBrowser(""): Browser is opened with url: ''

2021-11-23 15:07:14 - [MESSAGE][WARNING] - A browser is already opened. Closing browser and opening a new one

2021-11-23 15:07:15 - [MESSAGE][INFO] - Starting 'Chrome' driver

2021-11-23 15:07:15 - [MESSAGE][INFO] - Action delay is set to 0 milliseconds

2021-11-23 15:07:17 - [MESSAGE][PASSED] - Browser is opened with url: ''

2021-11-23 15:07:17 - [TEST_STEP][PASSED] - navigateToUrl("https://fintrakcredit360web-fb.azurewebsites.net/#/"): Navigate to 'https://fintrakcredit360web-fb.azurewebsites.net/#/' successfully

2021-11-23 15:07:40 - [MESSAGE][PASSED] - Navigate to 'https://fintrakcredit360web-fb.azurewebsites.net/#/' successfully

2021-11-23 15:07:40 - [TEST_STEP][PASSED] - setText(findTestObject("Object Repository/Login-/Page_Fintrak  Core Banking/input_Log In_auth-name"), "SN019641"): Text 'SN019641' is set on object 'Object Repository/Login-/Page_Fintrak  Core Banking/input_Log In_auth-name'

2021-11-23 15:07:41 - [MESSAGE][PASSED] - Text 'SN019641' is set on object 'Object Repository/Login-/Page_Fintrak  Core Banking/input_Log In_auth-name'

2021-11-23 15:07:41 - [TEST_STEP][PASSED] - setEncryptedText(findTestObject("Object Repository/Login-/Page_Fintrak  Core Banking/input_Log In_auth-password"), "JltEQgaE0YE="): Text ****** has been set on object 'Object Repository/Login-/Page_Fintrak  Core Banking/input_Log In_auth-password'

2021-11-23 15:07:42 - [MESSAGE][PASSED] - Text ****** has been set on object 'Object Repository/Login-/Page_Fintrak  Core Banking/input_Log In_auth-password'

2021-11-23 15:07:42 - [TEST_STEP][PASSED] - click(findTestObject("Object Repository/Login-/Page_Fintrak  Core Banking/button_Log In")): Object: 'Object Repository/Login-/Page_Fintrak  Core Banking/button_Log In' is clicked on

2021-11-23 15:07:42 - [MESSAGE][PASSED] - Object: 'Object Repository/Login-/Page_Fintrak  Core Banking/button_Log In' is clicked on

2021-11-23 15:07:42 - [MESSAGE][PASSED] - Call Test Case 'Test Cases/FBN Credit360 LOS Opeartion/Login' successfully

2021-11-23 15:07:42 - [TEST_STEP][PASSED] - click(findTestObject("Object Repository/Credit Origination/Page_Fintrak  Core Banking/span_Credit")): Object: 'Object Repository/Credit Origination/Page_Fintrak  Core Banking/span_Credit' is clicked on

2021-11-23 15:07:59 - [MESSAGE][PASSED] - Object: 'Object Repository/Credit Origination/Page_Fintrak  Core Banking/span_Credit' is clicked on

2021-11-23 15:07:59 - [TEST_STEP][PASSED] - click(findTestObject("Object Repository/Credit Origination/Page_Fintrak  Core Banking/span_Credit Origination")): Object: 'Object Repository/Credit Origination/Page_Fintrak  Core Banking/span_Credit Origination' is clicked on

2021-11-23 15:08:00 - [MESSAGE][PASSED] - Object: 'Object Repository/Credit Origination/Page_Fintrak  Core Banking/span_Credit Origination' is clicked on

2021-11-23 15:08:00 - [MESSAGE][PASSED] - Call Test Case 'Test Cases/FBN Credit360 LOS Opeartion/Credit Origination' successfully

2021-11-23 15:08:00 - [TEST_STEP][PASSED] - click(findTestObject("Object Repository/Start Credit Application/Page_Fintrak  Core Banking/a_Start Credit Application")): Object: 'Object Repository/Start Credit Application/Page_Fintrak  Core Banking/a_Start Credit Application' is clicked on

2021-11-23 15:08:00 - [MESSAGE][PASSED] - Object: 'Object Repository/Start Credit Application/Page_Fintrak  Core Banking/a_Start Credit Application' is clicked on

2021-11-23 15:08:00 - [TEST_STEP][PASSED] - selectOptionByValue(findTestObject("Object Repository/Start Credit Application/Page_Fintrak  Core Banking/select_--- Select Customer Type --- Single _fce174"), "1", true): All options with value '1' are selected in object 'Object Repository/Start Credit Application/Page_Fintrak  Core Banking/select_--- Select Customer Type --- Single _fce174'  using regular expression

2021-11-23 15:08:23 - [MESSAGE][PASSED] - All options with value '1' are selected in object 'Object Repository/Start Credit Application/Page_Fintrak  Core Banking/select_--- Select Customer Type --- Single _fce174'  using regular expression

2021-11-23 15:08:23 - [TEST_STEP][PASSED] - click(findTestObject("Object Repository/Start Credit Application/Page_Fintrak  Core Banking/button_Next")): Object: 'Object Repository/Start Credit Application/Page_Fintrak  Core Banking/button_Next' is clicked on

2021-11-23 15:08:24 - [MESSAGE][PASSED] - Object: 'Object Repository/Start Credit Application/Page_Fintrak  Core Banking/button_Next' is clicked on

2021-11-23 15:08:24 - [TEST_STEP][PASSED] - setText(findTestObject("Object Repository/Start Credit Application/Page_Fintrak  Core Banking/input_Existing - Customer already have acco_fd2ab1"), "main"): Text 'main' is set on object 'Object Repository/Start Credit Application/Page_Fintrak  Core Banking/input_Existing - Customer already have acco_fd2ab1'

2021-11-23 15:08:25 - [MESSAGE][PASSED] - Text 'main' is set on object 'Object Repository/Start Credit Application/Page_Fintrak  Core Banking/input_Existing - Customer already have acco_fd2ab1'

2021-11-23 15:08:25 - [TEST_STEP][PASSED] - waitForElementNotClickable(findTestObject("Start Credit Application/Page_Fintrak  Core Banking/div_Customer Branch_ui-radiobutton-box ui-w_9e8bc6"), 10): Object 'Object Repository/Start Credit Application/Page_Fintrak  Core Banking/div_Customer Branch_ui-radiobutton-box ui-w_9e8bc6' is not clickable after 10 second(s)

2021-11-23 15:08:36 - [MESSAGE][WARNING] - Object 'Object Repository/Start Credit Application/Page_Fintrak  Core Banking/div_Customer Branch_ui-radiobutton-box ui-w_9e8bc6' is not clickable after 10 second(s)

2021-11-23 15:08:36 - [TEST_STEP][PASSED] - click(findTestObject("Object Repository/Start Credit Application/Page_Fintrak  Core Banking/div_Customer Branch_ui-radiobutton-box ui-w_9e8bc6")): Object: 'Object Repository/Start Credit Application/Page_Fintrak  Core Banking/div_Customer Branch_ui-radiobutton-box ui-w_9e8bc6' is clicked on

2021-11-23 15:08:36 - [MESSAGE][PASSED] - Object: 'Object Repository/Start Credit Application/Page_Fintrak  Core Banking/div_Customer Branch_ui-radiobutton-box ui-w_9e8bc6' is clicked on

2021-11-23 15:08:36 - [MESSAGE][PASSED] - Call Test Case 'Test Cases/FBN Credit360 LOS Opeartion/Start Credit Application' successfully

2021-11-23 15:08:36 - [TEST_STEP][PASSED] - click(findTestObject("Object Repository/Update Credit Bureau/Page_Fintrak  Core Banking/button_Upload Credit Bureau Report")): Object: 'Object Repository/Update Credit Bureau/Page_Fintrak  Core Banking/button_Upload Credit Bureau Report' is clicked on

2021-11-23 15:08:59 - [MESSAGE][PASSED] - Object: 'Object Repository/Update Credit Bureau/Page_Fintrak  Core Banking/button_Upload Credit Bureau Report' is clicked on

2021-11-23 15:08:59 - [TEST_STEP][PASSED] - click(findTestObject("Object Repository/Update Credit Bureau/Page_Fintrak  Core Banking/span_Proceed")): Object: 'Object Repository/Update Credit Bureau/Page_Fintrak  Core Banking/span_Proceed' is clicked on

2021-11-23 15:09:09 - [MESSAGE][PASSED] - Object: 'Object Repository/Update Credit Bureau/Page_Fintrak  Core Banking/span_Proceed' is clicked on

2021-11-23 15:09:09 - [TEST_STEP][PASSED] - selectOptionByValue(findTestObject("Object Repository/Update Credit Bureau/Page_Fintrak  Core Banking/select_--- Select Application Type --- CAM _b68b56"), "2", true): All options with value '2' are selected in object 'Object Repository/Update Credit Bureau/Page_Fintrak  Core Banking/select_--- Select Application Type --- CAM _b68b56'  using regular expression

2021-11-23 15:09:20 - [MESSAGE][PASSED] - All options with value '2' are selected in object 'Object Repository/Update Credit Bureau/Page_Fintrak  Core Banking/select_--- Select Application Type --- CAM _b68b56'  using regular expression]]></system-out>
         <system-err><![CDATA[]]></system-err>
      </testcase>
      <testcase name="Test Cases/FBN Credit360 LOS Opeartion/Start New Loan Application" time="107.337" classname="Test Cases/FBN Credit360 LOS Opeartion/Start New Loan Application" status="PASSED">
         <system-out><![CDATA[2021-11-23 15:10:28 - [TEST_CASE][PASSED] - Test Cases/FBN Credit360 LOS Opeartion/Start New Loan Application: Test Cases/FBN Credit360 LOS Opeartion/Start New Loan Application

2021-11-23 15:10:28 - [TEST_STEP][PASSED] - callTestCase(findTestCase("FBN Credit360 LOS Opeartion/Update Credit Bureau"), [:], STOP_ON_FAILURE): Call Test Case 'Test Cases/FBN Credit360 LOS Opeartion/Update Credit Bureau' successfully

2021-11-23 15:10:28 - [TEST_CASE][PASSED] - Test Cases/FBN Credit360 LOS Opeartion/Update Credit Bureau: Test Cases/FBN Credit360 LOS Opeartion/Update Credit Bureau

2021-11-23 15:10:28 - [TEST_STEP][PASSED] - callTestCase(findTestCase("FBN Credit360 LOS Opeartion/Start Credit Application"), [:], STOP_ON_FAILURE): Call Test Case 'Test Cases/FBN Credit360 LOS Opeartion/Start Credit Application' successfully

2021-11-23 15:10:28 - [TEST_CASE][PASSED] - Test Cases/FBN Credit360 LOS Opeartion/Start Credit Application: Test Cases/FBN Credit360 LOS Opeartion/Start Credit Application

2021-11-23 15:10:28 - [TEST_STEP][PASSED] - callTestCase(findTestCase("FBN Credit360 LOS Opeartion/Credit Origination"), [:], STOP_ON_FAILURE): Call Test Case 'Test Cases/FBN Credit360 LOS Opeartion/Credit Origination' successfully

2021-11-23 15:10:28 - [TEST_CASE][PASSED] - Test Cases/FBN Credit360 LOS Opeartion/Credit Origination: Test Cases/FBN Credit360 LOS Opeartion/Credit Origination

2021-11-23 15:10:28 - [TEST_STEP][PASSED] - callTestCase(findTestCase("FBN Credit360 LOS Opeartion/Login"), [:], STOP_ON_FAILURE): Call Test Case 'Test Cases/FBN Credit360 LOS Opeartion/Login' successfully

2021-11-23 15:10:28 - [TEST_CASE][PASSED] - Test Cases/FBN Credit360 LOS Opeartion/Login: Test Cases/FBN Credit360 LOS Opeartion/Login

2021-11-23 15:10:28 - [TEST_STEP][PASSED] - openBrowser(""): Browser is opened with url: ''

2021-11-23 15:10:28 - [MESSAGE][WARNING] - A browser is already opened. Closing browser and opening a new one

2021-11-23 15:10:29 - [MESSAGE][INFO] - Starting 'Chrome' driver

2021-11-23 15:10:29 - [MESSAGE][INFO] - Action delay is set to 0 milliseconds

2021-11-23 15:10:30 - [MESSAGE][PASSED] - Browser is opened with url: ''

2021-11-23 15:10:30 - [TEST_STEP][PASSED] - navigateToUrl("https://fintrakcredit360web-fb.azurewebsites.net/#/"): Navigate to 'https://fintrakcredit360web-fb.azurewebsites.net/#/' successfully

2021-11-23 15:10:40 - [MESSAGE][PASSED] - Navigate to 'https://fintrakcredit360web-fb.azurewebsites.net/#/' successfully

2021-11-23 15:10:40 - [TEST_STEP][PASSED] - setText(findTestObject("Object Repository/Login-/Page_Fintrak  Core Banking/input_Log In_auth-name"), "SN019641"): Text 'SN019641' is set on object 'Object Repository/Login-/Page_Fintrak  Core Banking/input_Log In_auth-name'

2021-11-23 15:10:41 - [MESSAGE][PASSED] - Text 'SN019641' is set on object 'Object Repository/Login-/Page_Fintrak  Core Banking/input_Log In_auth-name'

2021-11-23 15:10:41 - [TEST_STEP][PASSED] - setEncryptedText(findTestObject("Object Repository/Login-/Page_Fintrak  Core Banking/input_Log In_auth-password"), "JltEQgaE0YE="): Text ****** has been set on object 'Object Repository/Login-/Page_Fintrak  Core Banking/input_Log In_auth-password'

2021-11-23 15:10:42 - [MESSAGE][PASSED] - Text ****** has been set on object 'Object Repository/Login-/Page_Fintrak  Core Banking/input_Log In_auth-password'

2021-11-23 15:10:42 - [TEST_STEP][PASSED] - click(findTestObject("Object Repository/Login-/Page_Fintrak  Core Banking/button_Log In")): Object: 'Object Repository/Login-/Page_Fintrak  Core Banking/button_Log In' is clicked on

2021-11-23 15:10:42 - [MESSAGE][PASSED] - Object: 'Object Repository/Login-/Page_Fintrak  Core Banking/button_Log In' is clicked on

2021-11-23 15:10:42 - [MESSAGE][PASSED] - Call Test Case 'Test Cases/FBN Credit360 LOS Opeartion/Login' successfully

2021-11-23 15:10:42 - [TEST_STEP][PASSED] - click(findTestObject("Object Repository/Credit Origination/Page_Fintrak  Core Banking/span_Credit")): Object: 'Object Repository/Credit Origination/Page_Fintrak  Core Banking/span_Credit' is clicked on

2021-11-23 15:10:51 - [MESSAGE][PASSED] - Object: 'Object Repository/Credit Origination/Page_Fintrak  Core Banking/span_Credit' is clicked on

2021-11-23 15:10:51 - [TEST_STEP][PASSED] - click(findTestObject("Object Repository/Credit Origination/Page_Fintrak  Core Banking/span_Credit Origination")): Object: 'Object Repository/Credit Origination/Page_Fintrak  Core Banking/span_Credit Origination' is clicked on

2021-11-23 15:10:52 - [MESSAGE][PASSED] - Object: 'Object Repository/Credit Origination/Page_Fintrak  Core Banking/span_Credit Origination' is clicked on

2021-11-23 15:10:52 - [MESSAGE][PASSED] - Call Test Case 'Test Cases/FBN Credit360 LOS Opeartion/Credit Origination' successfully

2021-11-23 15:10:52 - [TEST_STEP][PASSED] - click(findTestObject("Object Repository/Start Credit Application/Page_Fintrak  Core Banking/a_Start Credit Application")): Object: 'Object Repository/Start Credit Application/Page_Fintrak  Core Banking/a_Start Credit Application' is clicked on

2021-11-23 15:10:52 - [MESSAGE][PASSED] - Object: 'Object Repository/Start Credit Application/Page_Fintrak  Core Banking/a_Start Credit Application' is clicked on

2021-11-23 15:10:52 - [TEST_STEP][PASSED] - selectOptionByValue(findTestObject("Object Repository/Start Credit Application/Page_Fintrak  Core Banking/select_--- Select Customer Type --- Single _fce174"), "1", true): All options with value '1' are selected in object 'Object Repository/Start Credit Application/Page_Fintrak  Core Banking/select_--- Select Customer Type --- Single _fce174'  using regular expression

2021-11-23 15:11:12 - [MESSAGE][PASSED] - All options with value '1' are selected in object 'Object Repository/Start Credit Application/Page_Fintrak  Core Banking/select_--- Select Customer Type --- Single _fce174'  using regular expression

2021-11-23 15:11:12 - [TEST_STEP][PASSED] - click(findTestObject("Object Repository/Start Credit Application/Page_Fintrak  Core Banking/button_Next")): Object: 'Object Repository/Start Credit Application/Page_Fintrak  Core Banking/button_Next' is clicked on

2021-11-23 15:11:12 - [MESSAGE][PASSED] - Object: 'Object Repository/Start Credit Application/Page_Fintrak  Core Banking/button_Next' is clicked on

2021-11-23 15:11:12 - [TEST_STEP][PASSED] - setText(findTestObject("Object Repository/Start Credit Application/Page_Fintrak  Core Banking/input_Existing - Customer already have acco_fd2ab1"), "main"): Text 'main' is set on object 'Object Repository/Start Credit Application/Page_Fintrak  Core Banking/input_Existing - Customer already have acco_fd2ab1'

2021-11-23 15:11:13 - [MESSAGE][PASSED] - Text 'main' is set on object 'Object Repository/Start Credit Application/Page_Fintrak  Core Banking/input_Existing - Customer already have acco_fd2ab1'

2021-11-23 15:11:13 - [TEST_STEP][PASSED] - waitForElementNotClickable(findTestObject("Start Credit Application/Page_Fintrak  Core Banking/div_Customer Branch_ui-radiobutton-box ui-w_9e8bc6"), 10): Object 'Object Repository/Start Credit Application/Page_Fintrak  Core Banking/div_Customer Branch_ui-radiobutton-box ui-w_9e8bc6' is not clickable after 10 second(s)

2021-11-23 15:11:24 - [MESSAGE][WARNING] - Object 'Object Repository/Start Credit Application/Page_Fintrak  Core Banking/div_Customer Branch_ui-radiobutton-box ui-w_9e8bc6' is not clickable after 10 second(s)

2021-11-23 15:11:24 - [TEST_STEP][PASSED] - click(findTestObject("Object Repository/Start Credit Application/Page_Fintrak  Core Banking/div_Customer Branch_ui-radiobutton-box ui-w_9e8bc6")): Object: 'Object Repository/Start Credit Application/Page_Fintrak  Core Banking/div_Customer Branch_ui-radiobutton-box ui-w_9e8bc6' is clicked on

2021-11-23 15:11:24 - [MESSAGE][PASSED] - Object: 'Object Repository/Start Credit Application/Page_Fintrak  Core Banking/div_Customer Branch_ui-radiobutton-box ui-w_9e8bc6' is clicked on

2021-11-23 15:11:24 - [MESSAGE][PASSED] - Call Test Case 'Test Cases/FBN Credit360 LOS Opeartion/Start Credit Application' successfully

2021-11-23 15:11:24 - [TEST_STEP][PASSED] - click(findTestObject("Object Repository/Update Credit Bureau/Page_Fintrak  Core Banking/button_Upload Credit Bureau Report")): Object: 'Object Repository/Update Credit Bureau/Page_Fintrak  Core Banking/button_Upload Credit Bureau Report' is clicked on

2021-11-23 15:11:38 - [MESSAGE][PASSED] - Object: 'Object Repository/Update Credit Bureau/Page_Fintrak  Core Banking/button_Upload Credit Bureau Report' is clicked on

2021-11-23 15:11:38 - [TEST_STEP][PASSED] - click(findTestObject("Object Repository/Update Credit Bureau/Page_Fintrak  Core Banking/span_Proceed")): Object: 'Object Repository/Update Credit Bureau/Page_Fintrak  Core Banking/span_Proceed' is clicked on

2021-11-23 15:11:43 - [MESSAGE][PASSED] - Object: 'Object Repository/Update Credit Bureau/Page_Fintrak  Core Banking/span_Proceed' is clicked on

2021-11-23 15:11:43 - [TEST_STEP][PASSED] - selectOptionByValue(findTestObject("Object Repository/Update Credit Bureau/Page_Fintrak  Core Banking/select_--- Select Application Type --- CAM _b68b56"), "2", true): All options with value '2' are selected in object 'Object Repository/Update Credit Bureau/Page_Fintrak  Core Banking/select_--- Select Application Type --- CAM _b68b56'  using regular expression

2021-11-23 15:11:52 - [MESSAGE][PASSED] - All options with value '2' are selected in object 'Object Repository/Update Credit Bureau/Page_Fintrak  Core Banking/select_--- Select Application Type --- CAM _b68b56'  using regular expression

2021-11-23 15:11:52 - [MESSAGE][PASSED] - Call Test Case 'Test Cases/FBN Credit360 LOS Opeartion/Update Credit Bureau' successfully

2021-11-23 15:11:52 - [TEST_STEP][PASSED] - click(findTestObject("Object Repository/Start New Loan Application/Page_Fintrak  Core Banking/button_New Loan Application")): Object: 'Object Repository/Start New Loan Application/Page_Fintrak  Core Banking/button_New Loan Application' is clicked on

2021-11-23 15:11:53 - [MESSAGE][PASSED] - Object: 'Object Repository/Start New Loan Application/Page_Fintrak  Core Banking/button_New Loan Application' is clicked on

2021-11-23 15:11:53 - [TEST_STEP][PASSED] - selectOptionByValue(findTestObject("Object Repository/Start New Loan Application/Page_Fintrak  Core Banking/select_-- Select Require Collateral --Immov_123cfd"), "3", true): All options with value '3' are selected in object 'Object Repository/Start New Loan Application/Page_Fintrak  Core Banking/select_-- Select Require Collateral --Immov_123cfd'  using regular expression

2021-11-23 15:12:08 - [MESSAGE][PASSED] - All options with value '3' are selected in object 'Object Repository/Start New Loan Application/Page_Fintrak  Core Banking/select_-- Select Require Collateral --Immov_123cfd'  using regular expression

2021-11-23 15:12:08 - [TEST_STEP][PASSED] - selectOptionByValue(findTestObject("Object Repository/Start New Loan Application/Page_Fintrak  Core Banking/select_--- Select Product Class --- Not In _42f3e7"), "5", true): All options with value '5' are selected in object 'Object Repository/Start New Loan Application/Page_Fintrak  Core Banking/select_--- Select Product Class --- Not In _42f3e7'  using regular expression

2021-11-23 15:12:09 - [MESSAGE][PASSED] - All options with value '5' are selected in object 'Object Repository/Start New Loan Application/Page_Fintrak  Core Banking/select_--- Select Product Class --- Not In _42f3e7'  using regular expression

2021-11-23 15:12:09 - [TEST_STEP][PASSED] - selectOptionByValue(findTestObject("Object Repository/Start New Loan Application/Page_Fintrak  Core Banking/select_--- Select Business Unit --- Corpora_a8e2c7"), "3", true): All options with value '3' are selected in object 'Object Repository/Start New Loan Application/Page_Fintrak  Core Banking/select_--- Select Business Unit --- Corpora_a8e2c7'  using regular expression

2021-11-23 15:12:10 - [MESSAGE][PASSED] - All options with value '3' are selected in object 'Object Repository/Start New Loan Application/Page_Fintrak  Core Banking/select_--- Select Business Unit --- Corpora_a8e2c7'  using regular expression

2021-11-23 15:12:10 - [TEST_STEP][PASSED] - selectOptionByValue(findTestObject("Object Repository/Start New Loan Application/Page_Fintrak  Core Banking/select_-- Select Region -- RPC  Recent Test_689ea9"), "9", true): All options with value '9' are selected in object 'Object Repository/Start New Loan Application/Page_Fintrak  Core Banking/select_-- Select Region -- RPC  Recent Test_689ea9'  using regular expression

2021-11-23 15:12:12 - [MESSAGE][PASSED] - All options with value '9' are selected in object 'Object Repository/Start New Loan Application/Page_Fintrak  Core Banking/select_-- Select Region -- RPC  Recent Test_689ea9'  using regular expression

2021-11-23 15:12:12 - [TEST_STEP][PASSED] - click(findTestObject("Object Repository/Start New Loan Application/Page_Fintrak  Core Banking/span_Add Desk Code")): Object: 'Object Repository/Start New Loan Application/Page_Fintrak  Core Banking/span_Add Desk Code' is clicked on

2021-11-23 15:12:12 - [MESSAGE][PASSED] - Object: 'Object Repository/Start New Loan Application/Page_Fintrak  Core Banking/span_Add Desk Code' is clicked on

2021-11-23 15:12:12 - [TEST_STEP][PASSED] - setText(findTestObject("Object Repository/Start New Loan Application/Page_Fintrak  Core Banking/input_Desk Code_misCodeField"), "36061"): Text '36061' is set on object 'Object Repository/Start New Loan Application/Page_Fintrak  Core Banking/input_Desk Code_misCodeField'

2021-11-23 15:12:13 - [MESSAGE][PASSED] - Text '36061' is set on object 'Object Repository/Start New Loan Application/Page_Fintrak  Core Banking/input_Desk Code_misCodeField'

2021-11-23 15:12:13 - [TEST_STEP][PASSED] - click(findTestObject("Object Repository/Start New Loan Application/Page_Fintrak  Core Banking/button_Search Desk Code")): Object: 'Object Repository/Start New Loan Application/Page_Fintrak  Core Banking/button_Search Desk Code' is clicked on

2021-11-23 15:12:13 - [MESSAGE][PASSED] - Object: 'Object Repository/Start New Loan Application/Page_Fintrak  Core Banking/button_Search Desk Code' is clicked on

2021-11-23 15:12:13 - [TEST_STEP][PASSED] - click(findTestObject("Object Repository/Start New Loan Application/Page_Fintrak  Core Banking/button_Add Desk Code")): Object: 'Object Repository/Start New Loan Application/Page_Fintrak  Core Banking/button_Add Desk Code' is clicked on

2021-11-23 15:12:15 - [MESSAGE][PASSED] - Object: 'Object Repository/Start New Loan Application/Page_Fintrak  Core Banking/button_Add Desk Code' is clicked on]]></system-out>
         <system-err><![CDATA[]]></system-err>
      </testcase>
      <testcase name="Test Cases/FBN Credit360 LOS Opeartion/Add Facility" time="177.417" classname="Test Cases/FBN Credit360 LOS Opeartion/Add Facility" status="PASSED">
         <system-out><![CDATA[2021-11-23 15:16:41 - [TEST_CASE][PASSED] - Test Cases/FBN Credit360 LOS Opeartion/Add Facility: Test Cases/FBN Credit360 LOS Opeartion/Add Facility

2021-11-23 15:16:41 - [TEST_STEP][PASSED] - callTestCase(findTestCase("FBN Credit360 LOS Opeartion/Start New Loan Application"), [:], STOP_ON_FAILURE): Call Test Case 'Test Cases/FBN Credit360 LOS Opeartion/Start New Loan Application' successfully

2021-11-23 15:16:41 - [TEST_CASE][PASSED] - Test Cases/FBN Credit360 LOS Opeartion/Start New Loan Application: Test Cases/FBN Credit360 LOS Opeartion/Start New Loan Application

2021-11-23 15:16:41 - [TEST_STEP][PASSED] - callTestCase(findTestCase("FBN Credit360 LOS Opeartion/Update Credit Bureau"), [:], STOP_ON_FAILURE): Call Test Case 'Test Cases/FBN Credit360 LOS Opeartion/Update Credit Bureau' successfully

2021-11-23 15:16:42 - [TEST_CASE][PASSED] - Test Cases/FBN Credit360 LOS Opeartion/Update Credit Bureau: Test Cases/FBN Credit360 LOS Opeartion/Update Credit Bureau

2021-11-23 15:16:42 - [TEST_STEP][PASSED] - callTestCase(findTestCase("FBN Credit360 LOS Opeartion/Start Credit Application"), [:], STOP_ON_FAILURE): Call Test Case 'Test Cases/FBN Credit360 LOS Opeartion/Start Credit Application' successfully

2021-11-23 15:16:42 - [TEST_CASE][PASSED] - Test Cases/FBN Credit360 LOS Opeartion/Start Credit Application: Test Cases/FBN Credit360 LOS Opeartion/Start Credit Application

2021-11-23 15:16:42 - [TEST_STEP][PASSED] - callTestCase(findTestCase("FBN Credit360 LOS Opeartion/Credit Origination"), [:], STOP_ON_FAILURE): Call Test Case 'Test Cases/FBN Credit360 LOS Opeartion/Credit Origination' successfully

2021-11-23 15:16:42 - [TEST_CASE][PASSED] - Test Cases/FBN Credit360 LOS Opeartion/Credit Origination: Test Cases/FBN Credit360 LOS Opeartion/Credit Origination

2021-11-23 15:16:42 - [TEST_STEP][PASSED] - callTestCase(findTestCase("FBN Credit360 LOS Opeartion/Login"), [:], STOP_ON_FAILURE): Call Test Case 'Test Cases/FBN Credit360 LOS Opeartion/Login' successfully

2021-11-23 15:16:42 - [TEST_CASE][PASSED] - Test Cases/FBN Credit360 LOS Opeartion/Login: Test Cases/FBN Credit360 LOS Opeartion/Login

2021-11-23 15:16:42 - [TEST_STEP][PASSED] - openBrowser(""): Browser is opened with url: ''

2021-11-23 15:16:42 - [MESSAGE][WARNING] - A browser is already opened. Closing browser and opening a new one

2021-11-23 15:16:43 - [MESSAGE][INFO] - Starting 'Chrome' driver

2021-11-23 15:16:43 - [MESSAGE][INFO] - Action delay is set to 0 milliseconds

2021-11-23 15:16:44 - [MESSAGE][PASSED] - Browser is opened with url: ''

2021-11-23 15:16:44 - [TEST_STEP][PASSED] - navigateToUrl("https://fintrakcredit360web-fb.azurewebsites.net/#/"): Navigate to 'https://fintrakcredit360web-fb.azurewebsites.net/#/' successfully

2021-11-23 15:16:50 - [MESSAGE][PASSED] - Navigate to 'https://fintrakcredit360web-fb.azurewebsites.net/#/' successfully

2021-11-23 15:16:50 - [TEST_STEP][PASSED] - setText(findTestObject("Object Repository/Login-/Page_Fintrak  Core Banking/input_Log In_auth-name"), "SN019641"): Text 'SN019641' is set on object 'Object Repository/Login-/Page_Fintrak  Core Banking/input_Log In_auth-name'

2021-11-23 15:16:52 - [MESSAGE][PASSED] - Text 'SN019641' is set on object 'Object Repository/Login-/Page_Fintrak  Core Banking/input_Log In_auth-name'

2021-11-23 15:16:52 - [TEST_STEP][PASSED] - setEncryptedText(findTestObject("Object Repository/Login-/Page_Fintrak  Core Banking/input_Log In_auth-password"), "JltEQgaE0YE="): Text ****** has been set on object 'Object Repository/Login-/Page_Fintrak  Core Banking/input_Log In_auth-password'

2021-11-23 15:16:52 - [MESSAGE][PASSED] - Text ****** has been set on object 'Object Repository/Login-/Page_Fintrak  Core Banking/input_Log In_auth-password'

2021-11-23 15:16:52 - [TEST_STEP][PASSED] - click(findTestObject("Object Repository/Login-/Page_Fintrak  Core Banking/button_Log In")): Object: 'Object Repository/Login-/Page_Fintrak  Core Banking/button_Log In' is clicked on

2021-11-23 15:16:53 - [MESSAGE][PASSED] - Object: 'Object Repository/Login-/Page_Fintrak  Core Banking/button_Log In' is clicked on

2021-11-23 15:16:53 - [MESSAGE][PASSED] - Call Test Case 'Test Cases/FBN Credit360 LOS Opeartion/Login' successfully

2021-11-23 15:16:53 - [TEST_STEP][PASSED] - click(findTestObject("Object Repository/Credit Origination/Page_Fintrak  Core Banking/span_Credit")): Object: 'Object Repository/Credit Origination/Page_Fintrak  Core Banking/span_Credit' is clicked on

2021-11-23 15:16:56 - [MESSAGE][PASSED] - Object: 'Object Repository/Credit Origination/Page_Fintrak  Core Banking/span_Credit' is clicked on

2021-11-23 15:16:56 - [TEST_STEP][PASSED] - click(findTestObject("Object Repository/Credit Origination/Page_Fintrak  Core Banking/span_Credit Origination")): Object: 'Object Repository/Credit Origination/Page_Fintrak  Core Banking/span_Credit Origination' is clicked on

2021-11-23 15:16:57 - [MESSAGE][PASSED] - Object: 'Object Repository/Credit Origination/Page_Fintrak  Core Banking/span_Credit Origination' is clicked on

2021-11-23 15:16:57 - [MESSAGE][PASSED] - Call Test Case 'Test Cases/FBN Credit360 LOS Opeartion/Credit Origination' successfully

2021-11-23 15:16:57 - [TEST_STEP][PASSED] - click(findTestObject("Object Repository/Start Credit Application/Page_Fintrak  Core Banking/a_Start Credit Application")): Object: 'Object Repository/Start Credit Application/Page_Fintrak  Core Banking/a_Start Credit Application' is clicked on

2021-11-23 15:16:57 - [MESSAGE][PASSED] - Object: 'Object Repository/Start Credit Application/Page_Fintrak  Core Banking/a_Start Credit Application' is clicked on

2021-11-23 15:16:57 - [TEST_STEP][PASSED] - selectOptionByValue(findTestObject("Object Repository/Start Credit Application/Page_Fintrak  Core Banking/select_--- Select Customer Type --- Single _fce174"), "1", true): All options with value '1' are selected in object 'Object Repository/Start Credit Application/Page_Fintrak  Core Banking/select_--- Select Customer Type --- Single _fce174'  using regular expression

2021-11-23 15:17:03 - [MESSAGE][PASSED] - All options with value '1' are selected in object 'Object Repository/Start Credit Application/Page_Fintrak  Core Banking/select_--- Select Customer Type --- Single _fce174'  using regular expression

2021-11-23 15:17:03 - [TEST_STEP][PASSED] - click(findTestObject("Object Repository/Start Credit Application/Page_Fintrak  Core Banking/button_Next")): Object: 'Object Repository/Start Credit Application/Page_Fintrak  Core Banking/button_Next' is clicked on

2021-11-23 15:17:03 - [MESSAGE][PASSED] - Object: 'Object Repository/Start Credit Application/Page_Fintrak  Core Banking/button_Next' is clicked on

2021-11-23 15:17:03 - [TEST_STEP][PASSED] - setText(findTestObject("Object Repository/Start Credit Application/Page_Fintrak  Core Banking/input_Existing - Customer already have acco_fd2ab1"), "main"): Text 'main' is set on object 'Object Repository/Start Credit Application/Page_Fintrak  Core Banking/input_Existing - Customer already have acco_fd2ab1'

2021-11-23 15:17:04 - [MESSAGE][PASSED] - Text 'main' is set on object 'Object Repository/Start Credit Application/Page_Fintrak  Core Banking/input_Existing - Customer already have acco_fd2ab1'

2021-11-23 15:17:04 - [TEST_STEP][PASSED] - waitForElementNotClickable(findTestObject("Start Credit Application/Page_Fintrak  Core Banking/div_Customer Branch_ui-radiobutton-box ui-w_9e8bc6"), 10): Object 'Object Repository/Start Credit Application/Page_Fintrak  Core Banking/div_Customer Branch_ui-radiobutton-box ui-w_9e8bc6' is not clickable after 10 second(s)

2021-11-23 15:17:15 - [MESSAGE][WARNING] - Object 'Object Repository/Start Credit Application/Page_Fintrak  Core Banking/div_Customer Branch_ui-radiobutton-box ui-w_9e8bc6' is not clickable after 10 second(s)

2021-11-23 15:17:15 - [TEST_STEP][PASSED] - click(findTestObject("Object Repository/Start Credit Application/Page_Fintrak  Core Banking/div_Customer Branch_ui-radiobutton-box ui-w_9e8bc6")): Object: 'Object Repository/Start Credit Application/Page_Fintrak  Core Banking/div_Customer Branch_ui-radiobutton-box ui-w_9e8bc6' is clicked on

2021-11-23 15:17:15 - [MESSAGE][PASSED] - Object: 'Object Repository/Start Credit Application/Page_Fintrak  Core Banking/div_Customer Branch_ui-radiobutton-box ui-w_9e8bc6' is clicked on

2021-11-23 15:17:15 - [MESSAGE][PASSED] - Call Test Case 'Test Cases/FBN Credit360 LOS Opeartion/Start Credit Application' successfully

2021-11-23 15:17:15 - [TEST_STEP][PASSED] - click(findTestObject("Object Repository/Update Credit Bureau/Page_Fintrak  Core Banking/button_Upload Credit Bureau Report")): Object: 'Object Repository/Update Credit Bureau/Page_Fintrak  Core Banking/button_Upload Credit Bureau Report' is clicked on

2021-11-23 15:17:22 - [MESSAGE][PASSED] - Object: 'Object Repository/Update Credit Bureau/Page_Fintrak  Core Banking/button_Upload Credit Bureau Report' is clicked on

2021-11-23 15:17:22 - [TEST_STEP][PASSED] - click(findTestObject("Object Repository/Update Credit Bureau/Page_Fintrak  Core Banking/span_Proceed")): Object: 'Object Repository/Update Credit Bureau/Page_Fintrak  Core Banking/span_Proceed' is clicked on

2021-11-23 15:17:25 - [MESSAGE][PASSED] - Object: 'Object Repository/Update Credit Bureau/Page_Fintrak  Core Banking/span_Proceed' is clicked on

2021-11-23 15:17:25 - [TEST_STEP][PASSED] - selectOptionByValue(findTestObject("Object Repository/Update Credit Bureau/Page_Fintrak  Core Banking/select_--- Select Application Type --- CAM _b68b56"), "2", true): All options with value '2' are selected in object 'Object Repository/Update Credit Bureau/Page_Fintrak  Core Banking/select_--- Select Application Type --- CAM _b68b56'  using regular expression

2021-11-23 15:17:32 - [MESSAGE][PASSED] - All options with value '2' are selected in object 'Object Repository/Update Credit Bureau/Page_Fintrak  Core Banking/select_--- Select Application Type --- CAM _b68b56'  using regular expression

2021-11-23 15:17:32 - [MESSAGE][PASSED] - Call Test Case 'Test Cases/FBN Credit360 LOS Opeartion/Update Credit Bureau' successfully

2021-11-23 15:17:32 - [TEST_STEP][PASSED] - click(findTestObject("Object Repository/Start New Loan Application/Page_Fintrak  Core Banking/button_New Loan Application")): Object: 'Object Repository/Start New Loan Application/Page_Fintrak  Core Banking/button_New Loan Application' is clicked on

2021-11-23 15:17:33 - [MESSAGE][PASSED] - Object: 'Object Repository/Start New Loan Application/Page_Fintrak  Core Banking/button_New Loan Application' is clicked on

2021-11-23 15:17:33 - [TEST_STEP][PASSED] - selectOptionByValue(findTestObject("Object Repository/Start New Loan Application/Page_Fintrak  Core Banking/select_-- Select Require Collateral --Immov_123cfd"), "3", true): All options with value '3' are selected in object 'Object Repository/Start New Loan Application/Page_Fintrak  Core Banking/select_-- Select Require Collateral --Immov_123cfd'  using regular expression

2021-11-23 15:17:38 - [MESSAGE][PASSED] - All options with value '3' are selected in object 'Object Repository/Start New Loan Application/Page_Fintrak  Core Banking/select_-- Select Require Collateral --Immov_123cfd'  using regular expression

2021-11-23 15:17:38 - [TEST_STEP][PASSED] - selectOptionByValue(findTestObject("Object Repository/Start New Loan Application/Page_Fintrak  Core Banking/select_--- Select Product Class --- Not In _42f3e7"), "5", true): All options with value '5' are selected in object 'Object Repository/Start New Loan Application/Page_Fintrak  Core Banking/select_--- Select Product Class --- Not In _42f3e7'  using regular expression

2021-11-23 15:17:39 - [MESSAGE][PASSED] - All options with value '5' are selected in object 'Object Repository/Start New Loan Application/Page_Fintrak  Core Banking/select_--- Select Product Class --- Not In _42f3e7'  using regular expression

2021-11-23 15:17:39 - [TEST_STEP][PASSED] - selectOptionByValue(findTestObject("Object Repository/Start New Loan Application/Page_Fintrak  Core Banking/select_--- Select Business Unit --- Corpora_a8e2c7"), "3", true): All options with value '3' are selected in object 'Object Repository/Start New Loan Application/Page_Fintrak  Core Banking/select_--- Select Business Unit --- Corpora_a8e2c7'  using regular expression

2021-11-23 15:17:40 - [MESSAGE][PASSED] - All options with value '3' are selected in object 'Object Repository/Start New Loan Application/Page_Fintrak  Core Banking/select_--- Select Business Unit --- Corpora_a8e2c7'  using regular expression

2021-11-23 15:17:40 - [TEST_STEP][PASSED] - selectOptionByValue(findTestObject("Object Repository/Start New Loan Application/Page_Fintrak  Core Banking/select_-- Select Region -- RPC  Recent Test_689ea9"), "9", true): All options with value '9' are selected in object 'Object Repository/Start New Loan Application/Page_Fintrak  Core Banking/select_-- Select Region -- RPC  Recent Test_689ea9'  using regular expression

2021-11-23 15:17:42 - [MESSAGE][PASSED] - All options with value '9' are selected in object 'Object Repository/Start New Loan Application/Page_Fintrak  Core Banking/select_-- Select Region -- RPC  Recent Test_689ea9'  using regular expression

2021-11-23 15:17:42 - [TEST_STEP][PASSED] - click(findTestObject("Object Repository/Start New Loan Application/Page_Fintrak  Core Banking/span_Add Desk Code")): Object: 'Object Repository/Start New Loan Application/Page_Fintrak  Core Banking/span_Add Desk Code' is clicked on

2021-11-23 15:17:42 - [MESSAGE][PASSED] - Object: 'Object Repository/Start New Loan Application/Page_Fintrak  Core Banking/span_Add Desk Code' is clicked on

2021-11-23 15:17:42 - [TEST_STEP][PASSED] - setText(findTestObject("Object Repository/Start New Loan Application/Page_Fintrak  Core Banking/input_Desk Code_misCodeField"), "36061"): Text '36061' is set on object 'Object Repository/Start New Loan Application/Page_Fintrak  Core Banking/input_Desk Code_misCodeField'

2021-11-23 15:17:43 - [MESSAGE][PASSED] - Text '36061' is set on object 'Object Repository/Start New Loan Application/Page_Fintrak  Core Banking/input_Desk Code_misCodeField'

2021-11-23 15:17:43 - [TEST_STEP][PASSED] - click(findTestObject("Object Repository/Start New Loan Application/Page_Fintrak  Core Banking/button_Search Desk Code")): Object: 'Object Repository/Start New Loan Application/Page_Fintrak  Core Banking/button_Search Desk Code' is clicked on

2021-11-23 15:17:44 - [MESSAGE][PASSED] - Object: 'Object Repository/Start New Loan Application/Page_Fintrak  Core Banking/button_Search Desk Code' is clicked on

2021-11-23 15:17:44 - [TEST_STEP][PASSED] - click(findTestObject("Object Repository/Start New Loan Application/Page_Fintrak  Core Banking/button_Add Desk Code")): Object: 'Object Repository/Start New Loan Application/Page_Fintrak  Core Banking/button_Add Desk Code' is clicked on

2021-11-23 15:17:45 - [MESSAGE][PASSED] - Object: 'Object Repository/Start New Loan Application/Page_Fintrak  Core Banking/button_Add Desk Code' is clicked on

2021-11-23 15:17:45 - [MESSAGE][PASSED] - Call Test Case 'Test Cases/FBN Credit360 LOS Opeartion/Start New Loan Application' successfully

2021-11-23 15:17:45 - [TEST_STEP][PASSED] - click(findTestObject("Object Repository/Add Facility/Page_Fintrak  Core Banking/span_Add Facility")): Object: 'Object Repository/Add Facility/Page_Fintrak  Core Banking/span_Add Facility' is clicked on

2021-11-23 15:17:46 - [MESSAGE][PASSED] - Object: 'Object Repository/Add Facility/Page_Fintrak  Core Banking/span_Add Facility' is clicked on

2021-11-23 15:17:46 - [TEST_STEP][PASSED] - selectOptionByValue(findTestObject("Object Repository/Add Facility/Page_Fintrak  Core Banking/select_CASH BACKED OVERDRAFT  CASH BACKED T_eccdf1"), "48", true): All options with value '48' are selected in object 'Object Repository/Add Facility/Page_Fintrak  Core Banking/select_CASH BACKED OVERDRAFT  CASH BACKED T_eccdf1'  using regular expression

2021-11-23 15:17:50 - [MESSAGE][PASSED] - All options with value '48' are selected in object 'Object Repository/Add Facility/Page_Fintrak  Core Banking/select_CASH BACKED OVERDRAFT  CASH BACKED T_eccdf1'  using regular expression

2021-11-23 15:17:50 - [TEST_STEP][PASSED] - selectOptionByValue(findTestObject("Object Repository/Add Facility/Page_Fintrak  Core Banking/select_ACTIVITIES OF EXTRATERRITORIAL ORGAN_8de441"), "1", true): All options with value '1' are selected in object 'Object Repository/Add Facility/Page_Fintrak  Core Banking/select_ACTIVITIES OF EXTRATERRITORIAL ORGAN_8de441'  using regular expression

2021-11-23 15:18:03 - [MESSAGE][PASSED] - All options with value '1' are selected in object 'Object Repository/Add Facility/Page_Fintrak  Core Banking/select_ACTIVITIES OF EXTRATERRITORIAL ORGAN_8de441'  using regular expression

2021-11-23 15:18:03 - [TEST_STEP][PASSED] - selectOptionByValue(findTestObject("Object Repository/Add Facility/Page_Fintrak  Core Banking/select_---Select Subsector--- Crop Producti_fdb3a7"), "9", true): All options with value '9' are selected in object 'Object Repository/Add Facility/Page_Fintrak  Core Banking/select_---Select Subsector--- Crop Producti_fdb3a7'  using regular expression

2021-11-23 15:18:13 - [MESSAGE][PASSED] - All options with value '9' are selected in object 'Object Repository/Add Facility/Page_Fintrak  Core Banking/select_---Select Subsector--- Crop Producti_fdb3a7'  using regular expression

2021-11-23 15:18:13 - [TEST_STEP][PASSED] - selectOptionByValue(findTestObject("Object Repository/Add Facility/Page_Fintrak  Core Banking/select_CASH BACKED TERM LOAN - EUR  CASH BA_3c57de"), "48", true): All options with value '48' are selected in object 'Object Repository/Add Facility/Page_Fintrak  Core Banking/select_CASH BACKED TERM LOAN - EUR  CASH BA_3c57de'  using regular expression

2021-11-23 15:18:15 - [MESSAGE][PASSED] - All options with value '48' are selected in object 'Object Repository/Add Facility/Page_Fintrak  Core Banking/select_CASH BACKED TERM LOAN - EUR  CASH BA_3c57de'  using regular expression

2021-11-23 15:18:15 - [TEST_STEP][PASSED] - setText(findTestObject("Object Repository/Add Facility/Page_Fintrak  Core Banking/input_Proposed Tenor_proposedTenor"), "30"): Text '30' is set on object 'Object Repository/Add Facility/Page_Fintrak  Core Banking/input_Proposed Tenor_proposedTenor'

2021-11-23 15:18:34 - [MESSAGE][PASSED] - Text '30' is set on object 'Object Repository/Add Facility/Page_Fintrak  Core Banking/input_Proposed Tenor_proposedTenor'

2021-11-23 15:18:34 - [TEST_STEP][PASSED] - selectOptionByValue(findTestObject("Object Repository/Add Facility/Page_Fintrak  Core Banking/select_31  30.99  30.98  30.97  30.96  30.9_0b66aa"), "31", true): All options with value '31' are selected in object 'Object Repository/Add Facility/Page_Fintrak  Core Banking/select_31  30.99  30.98  30.97  30.96  30.9_0b66aa'  using regular expression

2021-11-23 15:19:23 - [MESSAGE][PASSED] - All options with value '31' are selected in object 'Object Repository/Add Facility/Page_Fintrak  Core Banking/select_31  30.99  30.98  30.97  30.96  30.9_0b66aa'  using regular expression

2021-11-23 15:19:23 - [TEST_STEP][PASSED] - setText(findTestObject("Object Repository/Add Facility/Page_Fintrak  Core Banking/input_Facility Amount_proposedAmount"), "1.8m"): Text '1.8m' is set on object 'Object Repository/Add Facility/Page_Fintrak  Core Banking/input_Facility Amount_proposedAmount'

2021-11-23 15:19:23 - [MESSAGE][PASSED] - Text '1.8m' is set on object 'Object Repository/Add Facility/Page_Fintrak  Core Banking/input_Facility Amount_proposedAmount'

2021-11-23 15:19:23 - [TEST_STEP][PASSED] - click(findTestObject("Object Repository/Add Facility/Page_Fintrak  Core Banking/body_menuFINTRAK BANK PLC  KADUNA (SOUTH) B_d0ea2a")): Object: 'Object Repository/Add Facility/Page_Fintrak  Core Banking/body_menuFINTRAK BANK PLC  KADUNA (SOUTH) B_d0ea2a' is clicked on

2021-11-23 15:19:27 - [MESSAGE][PASSED] - Object: 'Object Repository/Add Facility/Page_Fintrak  Core Banking/body_menuFINTRAK BANK PLC  KADUNA (SOUTH) B_d0ea2a' is clicked on

2021-11-23 15:19:27 - [TEST_STEP][PASSED] - selectOptionByValue(findTestObject("Object Repository/Add Facility/Page_Fintrak  Core Banking/select_Select CRMS Funding SourceFS1000-Bal_8636d3"), "168", true): All options with value '168' are selected in object 'Object Repository/Add Facility/Page_Fintrak  Core Banking/select_Select CRMS Funding SourceFS1000-Bal_8636d3'  using regular expression

2021-11-23 15:19:29 - [MESSAGE][PASSED] - All options with value '168' are selected in object 'Object Repository/Add Facility/Page_Fintrak  Core Banking/select_Select CRMS Funding SourceFS1000-Bal_8636d3'  using regular expression

2021-11-23 15:19:29 - [TEST_STEP][PASSED] - click(findTestObject("Object Repository/Add Facility/Page_Fintrak  Core Banking/input_Product Price Index Rate (Optional)_p_ff577d")): Object: 'Object Repository/Add Facility/Page_Fintrak  Core Banking/input_Product Price Index Rate (Optional)_p_ff577d' is clicked on

2021-11-23 15:19:30 - [MESSAGE][PASSED] - Object: 'Object Repository/Add Facility/Page_Fintrak  Core Banking/input_Product Price Index Rate (Optional)_p_ff577d' is clicked on

2021-11-23 15:19:30 - [TEST_STEP][PASSED] - selectOptionByValue(findTestObject("Object Repository/Add Facility/Page_Fintrak  Core Banking/select_Select CRMS Repayment SourceGRS001-B_32c007"), "117", true): All options with value '117' are selected in object 'Object Repository/Add Facility/Page_Fintrak  Core Banking/select_Select CRMS Repayment SourceGRS001-B_32c007'  using regular expression

2021-11-23 15:19:31 - [MESSAGE][PASSED] - All options with value '117' are selected in object 'Object Repository/Add Facility/Page_Fintrak  Core Banking/select_Select CRMS Repayment SourceGRS001-B_32c007'  using regular expression

2021-11-23 15:19:31 - [TEST_STEP][PASSED] - setText(findTestObject("Object Repository/Add Facility/Page_Fintrak  Core Banking/textarea_Repayment Term_repaymentTerm"), "k"): Text 'k' is set on object 'Object Repository/Add Facility/Page_Fintrak  Core Banking/textarea_Repayment Term_repaymentTerm'

2021-11-23 15:19:32 - [MESSAGE][PASSED] - Text 'k' is set on object 'Object Repository/Add Facility/Page_Fintrak  Core Banking/textarea_Repayment Term_repaymentTerm'

2021-11-23 15:19:32 - [TEST_STEP][PASSED] - setText(findTestObject("Object Repository/Add Facility/Page_Fintrak  Core Banking/input_Annual Percentage Rate (APR)_apr"), "700"): Text '700' is set on object 'Object Repository/Add Facility/Page_Fintrak  Core Banking/input_Annual Percentage Rate (APR)_apr'

2021-11-23 15:19:33 - [MESSAGE][PASSED] - Text '700' is set on object 'Object Repository/Add Facility/Page_Fintrak  Core Banking/input_Annual Percentage Rate (APR)_apr'

2021-11-23 15:19:33 - [TEST_STEP][PASSED] - setText(findTestObject("Object Repository/Add Facility/Page_Fintrak  Core Banking/textarea_Facility Purpose_loanPurpose"), "k"): Text 'k' is set on object 'Object Repository/Add Facility/Page_Fintrak  Core Banking/textarea_Facility Purpose_loanPurpose'

2021-11-23 15:19:33 - [MESSAGE][PASSED] - Text 'k' is set on object 'Object Repository/Add Facility/Page_Fintrak  Core Banking/textarea_Facility Purpose_loanPurpose'

2021-11-23 15:19:33 - [TEST_STEP][PASSED] - setText(findTestObject("Object Repository/Add Facility/Page_Fintrak  Core Banking/textarea_Repayment Pattern_repaymentDate"), "k"): Text 'k' is set on object 'Object Repository/Add Facility/Page_Fintrak  Core Banking/textarea_Repayment Pattern_repaymentDate'

2021-11-23 15:19:34 - [MESSAGE][PASSED] - Text 'k' is set on object 'Object Repository/Add Facility/Page_Fintrak  Core Banking/textarea_Repayment Pattern_repaymentDate'

2021-11-23 15:19:34 - [TEST_STEP][PASSED] - selectOptionByValue(findTestObject("Object Repository/Add Facility/Page_Fintrak  Core Banking/select_Select Operating Account1000790070(S_a64068"), "5054", true): All options with value '5054' are selected in object 'Object Repository/Add Facility/Page_Fintrak  Core Banking/select_Select Operating Account1000790070(S_a64068'  using regular expression

2021-11-23 15:19:35 - [MESSAGE][PASSED] - All options with value '5054' are selected in object 'Object Repository/Add Facility/Page_Fintrak  Core Banking/select_Select Operating Account1000790070(S_a64068'  using regular expression

2021-11-23 15:19:35 - [TEST_STEP][PASSED] - selectOptionByValue(findTestObject("Object Repository/Add Facility/Page_Fintrak  Core Banking/select_Select Facility Detail TypeENHANCEME_de88f7"), "1", true): All options with value '1' are selected in object 'Object Repository/Add Facility/Page_Fintrak  Core Banking/select_Select Facility Detail TypeENHANCEME_de88f7'  using regular expression

2021-11-23 15:19:37 - [MESSAGE][PASSED] - All options with value '1' are selected in object 'Object Repository/Add Facility/Page_Fintrak  Core Banking/select_Select Facility Detail TypeENHANCEME_de88f7'  using regular expression

2021-11-23 15:19:37 - [TEST_STEP][PASSED] - selectOptionByValue(findTestObject("Object Repository/Add Facility/Page_Fintrak  Core Banking/select_--Select An Option--  On Total Appro_d77d66"), "1", true): All options with value '1' are selected in object 'Object Repository/Add Facility/Page_Fintrak  Core Banking/select_--Select An Option--  On Total Appro_d77d66'  using regular expression

2021-11-23 15:19:38 - [MESSAGE][PASSED] - All options with value '1' are selected in object 'Object Repository/Add Facility/Page_Fintrak  Core Banking/select_--Select An Option--  On Total Appro_d77d66'  using regular expression

2021-11-23 15:19:38 - [TEST_STEP][PASSED] - click(findTestObject("Object Repository/Add Facility/Page_Fintrak  Core Banking/span_Add Facility_1")): Object: 'Object Repository/Add Facility/Page_Fintrak  Core Banking/span_Add Facility_1' is clicked on

2021-11-23 15:19:38 - [MESSAGE][PASSED] - Object: 'Object Repository/Add Facility/Page_Fintrak  Core Banking/span_Add Facility_1' is clicked on

2021-11-23 15:19:38 - [TEST_STEP][PASSED] - click(findTestObject("Object Repository/Add Facility/Page_Fintrak  Core Banking/button_Yes")): Object: 'Object Repository/Add Facility/Page_Fintrak  Core Banking/button_Yes' is clicked on

2021-11-23 15:19:39 - [MESSAGE][PASSED] - Object: 'Object Repository/Add Facility/Page_Fintrak  Core Banking/button_Yes' is clicked on]]></system-out>
         <system-err><![CDATA[]]></system-err>
      </testcase>
      <testcase name="Test Cases/FBN Credit360 LOS Opeartion/Credit Application" time="17.556" classname="Test Cases/FBN Credit360 LOS Opeartion/Credit Application" status="FAILED">
         <failure type="FAILED" message="Test Cases/FBN Credit360 LOS Opeartion/Credit Application FAILED.
Reason:
com.kms.katalon.core.exception.StepFailedException: Unable to click on object 'Object Repository/Credit Application/Page_Fintrak  Core Banking/div_Amount_ui-radiobutton ui-widget'
	at com.kms.katalon.core.webui.keyword.internal.WebUIKeywordMain.stepFailed(WebUIKeywordMain.groovy:64)
	at com.kms.katalon.core.webui.keyword.internal.WebUIKeywordMain.runKeyword(WebUIKeywordMain.groovy:26)
	at com.kms.katalon.core.webui.keyword.builtin.ClickKeyword.click(ClickKeyword.groovy:75)
	at com.kms.katalon.core.webui.keyword.builtin.ClickKeyword.execute(ClickKeyword.groovy:42)
	at com.kms.katalon.core.keyword.internal.KeywordExecutor.executeKeywordForPlatform(KeywordExecutor.groovy:74)
	at com.kms.katalon.core.webui.keyword.WebUiBuiltInKeywords.click(WebUiBuiltInKeywords.groovy:620)
	at com.kms.katalon.core.webui.keyword.WebUiBuiltInKeywords$click$3.call(Unknown Source)
	at Credit Application.run(Credit Application:24)
	at com.kms.katalon.core.main.ScriptEngine.run(ScriptEngine.java:194)
	at com.kms.katalon.core.main.ScriptEngine.runScriptAsRawText(ScriptEngine.java:119)
	at com.kms.katalon.core.main.TestCaseExecutor.runScript(TestCaseExecutor.java:430)
	at com.kms.katalon.core.main.TestCaseExecutor.doExecute(TestCaseExecutor.java:421)
	at com.kms.katalon.core.main.TestCaseExecutor.processExecutionPhase(TestCaseExecutor.java:400)
	at com.kms.katalon.core.main.TestCaseExecutor.accessMainPhase(TestCaseExecutor.java:392)
	at com.kms.katalon.core.main.TestCaseExecutor.execute(TestCaseExecutor.java:273)
	at com.kms.katalon.core.main.TestCaseExecutor.execute(TestCaseExecutor.java:351)
	at com.kms.katalon.core.main.TestCaseExecutor.execute(TestCaseExecutor.java:351)
	at com.kms.katalon.core.main.TestCaseExecutor.execute(TestCaseExecutor.java:351)
	at com.kms.katalon.core.main.TestSuiteExecutor.accessTestCaseMainPhase(TestSuiteExecutor.java:202)
	at com.kms.katalon.core.main.TestSuiteExecutor.accessTestSuiteMainPhase(TestSuiteExecutor.java:164)
	at com.kms.katalon.core.main.TestSuiteExecutor.execute(TestSuiteExecutor.java:105)
	at com.kms.katalon.core.main.TestCaseMain.startTestSuite(TestCaseMain.java:185)
	at com.kms.katalon.core.main.TestCaseMain$startTestSuite$0.call(Unknown Source)
	at TempTestSuite1637676172355.run(TempTestSuite1637676172355.groovy:36)
Caused by: org.openqa.selenium.ElementClickInterceptedException: element click intercepted: Element &lt;div class=&quot;ui-paginator-bottom ui-paginator ui-widget ui-widget-header ui-unselectable-text ng-star-inserted&quot;>...&lt;/div> is not clickable at point (642, 279). Other element would receive the click: &lt;div id=&quot;page-preloader&quot; style=&quot;display: block;&quot;>...&lt;/div>
  (Session info: chrome=95.0.4638.69)
Build info: version: '3.141.59', revision: 'e82be7d358', time: '2018-11-14T08:25:53'
System info: host: 'INAOBATAN', ip: '172.20.10.3', os.name: 'Windows 10', os.arch: 'amd64', os.version: '10.0', java.version: '1.8.0_282'
Driver info: com.kms.katalon.selenium.driver.CChromeDriver
Capabilities {acceptInsecureCerts: false, browserName: chrome, browserVersion: 95.0.4638.69, chrome: {chromedriverVersion: 95.0.4638.69 (6a1600ed572fe..., userDataDir: C:\Users\INAOBA~1.OLA\AppDa...}, goog:chromeOptions: {debuggerAddress: localhost:58522}, javascriptEnabled: true, networkConnectionEnabled: false, pageLoadStrategy: normal, platform: WINDOWS, platformName: WINDOWS, proxy: Proxy(), setWindowRect: true, strictFileInteractability: false, timeouts: {implicit: 0, pageLoad: 300000, script: 30000}, unhandledPromptBehavior: dismiss and notify, webauthn:extension:credBlob: true, webauthn:extension:largeBlob: true, webauthn:virtualAuthenticators: true}
Session ID: b7c65b80c8459c7b5b1b4f6828036a96
	at org.openqa.selenium.remote.http.W3CHttpResponseCodec.createException(W3CHttpResponseCodec.java:187)
	at org.openqa.selenium.remote.http.W3CHttpResponseCodec.decode(W3CHttpResponseCodec.java:122)
	at org.openqa.selenium.remote.http.W3CHttpResponseCodec.decode(W3CHttpResponseCodec.java:49)
	at org.openqa.selenium.remote.HttpCommandExecutor.execute(HttpCommandExecutor.java:158)
	at org.openqa.selenium.remote.service.DriverCommandExecutor.execute(DriverCommandExecutor.java:83)
	at org.openqa.selenium.remote.RemoteWebDriver.execute(RemoteWebDriver.java:552)
	at com.kms.katalon.selenium.driver.CChromeDriver.execute(CChromeDriver.java:19)
	at org.openqa.selenium.remote.RemoteWebElement.execute(RemoteWebElement.java:285)
	at org.openqa.selenium.remote.RemoteWebElement.click(RemoteWebElement.java:84)
	at org.openqa.selenium.support.events.EventFiringWebDriver$EventFiringWebElement.lambda$new$0(EventFiringWebDriver.java:404)
	at com.sun.proxy.$Proxy11.click(Unknown Source)
	at org.openqa.selenium.support.events.EventFiringWebDriver$EventFiringWebElement.click(EventFiringWebDriver.java:417)
	at com.kms.katalon.core.webui.keyword.builtin.ClickKeyword$_click_closure1.doCall(ClickKeyword.groovy:68)
	at com.kms.katalon.core.webui.keyword.builtin.ClickKeyword$_click_closure1.call(ClickKeyword.groovy)
	at com.kms.katalon.core.webui.keyword.internal.WebUIKeywordMain.runKeyword(WebUIKeywordMain.groovy:20)
	... 22 more
"/>
         <system-out><![CDATA[2021-11-23 15:20:55 - [TEST_CASE][FAILED] - Test Cases/FBN Credit360 LOS Opeartion/Credit Application: Test Cases/FBN Credit360 LOS Opeartion/Credit Application FAILED.
Reason:
com.kms.katalon.core.exception.StepFailedException: Unable to click on object 'Object Repository/Credit Application/Page_Fintrak  Core Banking/div_Amount_ui-radiobutton ui-widget'
	at com.kms.katalon.core.webui.keyword.internal.WebUIKeywordMain.stepFailed(WebUIKeywordMain.groovy:64)
	at com.kms.katalon.core.webui.keyword.internal.WebUIKeywordMain.runKeyword(WebUIKeywordMain.groovy:26)
	at com.kms.katalon.core.webui.keyword.builtin.ClickKeyword.click(ClickKeyword.groovy:75)
	at com.kms.katalon.core.webui.keyword.builtin.ClickKeyword.execute(ClickKeyword.groovy:42)
	at com.kms.katalon.core.keyword.internal.KeywordExecutor.executeKeywordForPlatform(KeywordExecutor.groovy:74)
	at com.kms.katalon.core.webui.keyword.WebUiBuiltInKeywords.click(WebUiBuiltInKeywords.groovy:620)
	at com.kms.katalon.core.webui.keyword.WebUiBuiltInKeywords$click$3.call(Unknown Source)
	at Credit Application.run(Credit Application:24)
	at com.kms.katalon.core.main.ScriptEngine.run(ScriptEngine.java:194)
	at com.kms.katalon.core.main.ScriptEngine.runScriptAsRawText(ScriptEngine.java:119)
	at com.kms.katalon.core.main.TestCaseExecutor.runScript(TestCaseExecutor.java:430)
	at com.kms.katalon.core.main.TestCaseExecutor.doExecute(TestCaseExecutor.java:421)
	at com.kms.katalon.core.main.TestCaseExecutor.processExecutionPhase(TestCaseExecutor.java:400)
	at com.kms.katalon.core.main.TestCaseExecutor.accessMainPhase(TestCaseExecutor.java:392)
	at com.kms.katalon.core.main.TestCaseExecutor.execute(TestCaseExecutor.java:273)
	at com.kms.katalon.core.main.TestCaseExecutor.execute(TestCaseExecutor.java:351)
	at com.kms.katalon.core.main.TestCaseExecutor.execute(TestCaseExecutor.java:351)
	at com.kms.katalon.core.main.TestCaseExecutor.execute(TestCaseExecutor.java:351)
	at com.kms.katalon.core.main.TestSuiteExecutor.accessTestCaseMainPhase(TestSuiteExecutor.java:202)
	at com.kms.katalon.core.main.TestSuiteExecutor.accessTestSuiteMainPhase(TestSuiteExecutor.java:164)
	at com.kms.katalon.core.main.TestSuiteExecutor.execute(TestSuiteExecutor.java:105)
	at com.kms.katalon.core.main.TestCaseMain.startTestSuite(TestCaseMain.java:185)
	at com.kms.katalon.core.main.TestCaseMain$startTestSuite$0.call(Unknown Source)
	at TempTestSuite1637676172355.run(TempTestSuite1637676172355.groovy:36)
Caused by: org.openqa.selenium.ElementClickInterceptedException: element click intercepted: Element <div class="ui-paginator-bottom ui-paginator ui-widget ui-widget-header ui-unselectable-text ng-star-inserted">...</div> is not clickable at point (642, 279). Other element would receive the click: <div id="page-preloader" style="display: block;">...</div>
  (Session info: chrome=95.0.4638.69)
Build info: version: '3.141.59', revision: 'e82be7d358', time: '2018-11-14T08:25:53'
System info: host: 'INAOBATAN', ip: '172.20.10.3', os.name: 'Windows 10', os.arch: 'amd64', os.version: '10.0', java.version: '1.8.0_282'
Driver info: com.kms.katalon.selenium.driver.CChromeDriver
Capabilities {acceptInsecureCerts: false, browserName: chrome, browserVersion: 95.0.4638.69, chrome: {chromedriverVersion: 95.0.4638.69 (6a1600ed572fe..., userDataDir: C:\Users\INAOBA~1.OLA\AppDa...}, goog:chromeOptions: {debuggerAddress: localhost:58522}, javascriptEnabled: true, networkConnectionEnabled: false, pageLoadStrategy: normal, platform: WINDOWS, platformName: WINDOWS, proxy: Proxy(), setWindowRect: true, strictFileInteractability: false, timeouts: {implicit: 0, pageLoad: 300000, script: 30000}, unhandledPromptBehavior: dismiss and notify, webauthn:extension:credBlob: true, webauthn:extension:largeBlob: true, webauthn:virtualAuthenticators: true}
Session ID: b7c65b80c8459c7b5b1b4f6828036a96
	at org.openqa.selenium.remote.http.W3CHttpResponseCodec.createException(W3CHttpResponseCodec.java:187)
	at org.openqa.selenium.remote.http.W3CHttpResponseCodec.decode(W3CHttpResponseCodec.java:122)
	at org.openqa.selenium.remote.http.W3CHttpResponseCodec.decode(W3CHttpResponseCodec.java:49)
	at org.openqa.selenium.remote.HttpCommandExecutor.execute(HttpCommandExecutor.java:158)
	at org.openqa.selenium.remote.service.DriverCommandExecutor.execute(DriverCommandExecutor.java:83)
	at org.openqa.selenium.remote.RemoteWebDriver.execute(RemoteWebDriver.java:552)
	at com.kms.katalon.selenium.driver.CChromeDriver.execute(CChromeDriver.java:19)
	at org.openqa.selenium.remote.RemoteWebElement.execute(RemoteWebElement.java:285)
	at org.openqa.selenium.remote.RemoteWebElement.click(RemoteWebElement.java:84)
	at org.openqa.selenium.support.events.EventFiringWebDriver$EventFiringWebElement.lambda$new$0(EventFiringWebDriver.java:404)
	at com.sun.proxy.$Proxy11.click(Unknown Source)
	at org.openqa.selenium.support.events.EventFiringWebDriver$EventFiringWebElement.click(EventFiringWebDriver.java:417)
	at com.kms.katalon.core.webui.keyword.builtin.ClickKeyword$_click_closure1.doCall(ClickKeyword.groovy:68)
	at com.kms.katalon.core.webui.keyword.builtin.ClickKeyword$_click_closure1.call(ClickKeyword.groovy)
	at com.kms.katalon.core.webui.keyword.internal.WebUIKeywordMain.runKeyword(WebUIKeywordMain.groovy:20)
	... 22 more


2021-11-23 15:20:55 - [TEST_STEP][PASSED] - callTestCase(findTestCase("FBN Credit360 LOS Opeartion/Credit Origination"), [:], STOP_ON_FAILURE): Call Test Case 'Test Cases/FBN Credit360 LOS Opeartion/Credit Origination' successfully

2021-11-23 15:20:55 - [TEST_CASE][PASSED] - Test Cases/FBN Credit360 LOS Opeartion/Credit Origination: Test Cases/FBN Credit360 LOS Opeartion/Credit Origination

2021-11-23 15:20:55 - [TEST_STEP][PASSED] - callTestCase(findTestCase("FBN Credit360 LOS Opeartion/Login"), [:], STOP_ON_FAILURE): Call Test Case 'Test Cases/FBN Credit360 LOS Opeartion/Login' successfully

2021-11-23 15:20:55 - [TEST_CASE][PASSED] - Test Cases/FBN Credit360 LOS Opeartion/Login: Test Cases/FBN Credit360 LOS Opeartion/Login

2021-11-23 15:20:55 - [TEST_STEP][PASSED] - openBrowser(""): Browser is opened with url: ''

2021-11-23 15:20:55 - [MESSAGE][WARNING] - A browser is already opened. Closing browser and opening a new one

2021-11-23 15:20:56 - [MESSAGE][INFO] - Starting 'Chrome' driver

2021-11-23 15:20:56 - [MESSAGE][INFO] - Action delay is set to 0 milliseconds

2021-11-23 15:20:57 - [MESSAGE][PASSED] - Browser is opened with url: ''

2021-11-23 15:20:57 - [TEST_STEP][PASSED] - navigateToUrl("https://fintrakcredit360web-fb.azurewebsites.net/#/"): Navigate to 'https://fintrakcredit360web-fb.azurewebsites.net/#/' successfully

2021-11-23 15:21:02 - [MESSAGE][PASSED] - Navigate to 'https://fintrakcredit360web-fb.azurewebsites.net/#/' successfully

2021-11-23 15:21:02 - [TEST_STEP][PASSED] - setText(findTestObject("Object Repository/Login-/Page_Fintrak  Core Banking/input_Log In_auth-name"), "SN019641"): Text 'SN019641' is set on object 'Object Repository/Login-/Page_Fintrak  Core Banking/input_Log In_auth-name'

2021-11-23 15:21:04 - [MESSAGE][PASSED] - Text 'SN019641' is set on object 'Object Repository/Login-/Page_Fintrak  Core Banking/input_Log In_auth-name'

2021-11-23 15:21:04 - [TEST_STEP][PASSED] - setEncryptedText(findTestObject("Object Repository/Login-/Page_Fintrak  Core Banking/input_Log In_auth-password"), "JltEQgaE0YE="): Text ****** has been set on object 'Object Repository/Login-/Page_Fintrak  Core Banking/input_Log In_auth-password'

2021-11-23 15:21:04 - [MESSAGE][PASSED] - Text ****** has been set on object 'Object Repository/Login-/Page_Fintrak  Core Banking/input_Log In_auth-password'

2021-11-23 15:21:04 - [TEST_STEP][PASSED] - click(findTestObject("Object Repository/Login-/Page_Fintrak  Core Banking/button_Log In")): Object: 'Object Repository/Login-/Page_Fintrak  Core Banking/button_Log In' is clicked on

2021-11-23 15:21:05 - [MESSAGE][PASSED] - Object: 'Object Repository/Login-/Page_Fintrak  Core Banking/button_Log In' is clicked on

2021-11-23 15:21:05 - [MESSAGE][PASSED] - Call Test Case 'Test Cases/FBN Credit360 LOS Opeartion/Login' successfully

2021-11-23 15:21:05 - [TEST_STEP][PASSED] - click(findTestObject("Object Repository/Credit Origination/Page_Fintrak  Core Banking/span_Credit")): Object: 'Object Repository/Credit Origination/Page_Fintrak  Core Banking/span_Credit' is clicked on

2021-11-23 15:21:08 - [MESSAGE][PASSED] - Object: 'Object Repository/Credit Origination/Page_Fintrak  Core Banking/span_Credit' is clicked on

2021-11-23 15:21:08 - [TEST_STEP][PASSED] - click(findTestObject("Object Repository/Credit Origination/Page_Fintrak  Core Banking/span_Credit Origination")): Object: 'Object Repository/Credit Origination/Page_Fintrak  Core Banking/span_Credit Origination' is clicked on

2021-11-23 15:21:08 - [MESSAGE][PASSED] - Object: 'Object Repository/Credit Origination/Page_Fintrak  Core Banking/span_Credit Origination' is clicked on

2021-11-23 15:21:08 - [MESSAGE][PASSED] - Call Test Case 'Test Cases/FBN Credit360 LOS Opeartion/Credit Origination' successfully

2021-11-23 15:21:08 - [TEST_STEP][PASSED] - click(findTestObject("Object Repository/Credit Application/Page_Fintrak  Core Banking/span_Credit Applications")): Object: 'Object Repository/Credit Application/Page_Fintrak  Core Banking/span_Credit Applications' is clicked on

2021-11-23 15:21:09 - [MESSAGE][PASSED] - Object: 'Object Repository/Credit Application/Page_Fintrak  Core Banking/span_Credit Applications' is clicked on

2021-11-23 15:21:09 - [TEST_STEP][FAILED] - click(findTestObject("Object Repository/Credit Application/Page_Fintrak  Core Banking/div_Amount_ui-radiobutton ui-widget")): Unable to click on object 'Object Repository/Credit Application/Page_Fintrak  Core Banking/div_Amount_ui-radiobutton ui-widget' (Root cause: com.kms.katalon.core.exception.StepFailedException: Unable to click on object 'Object Repository/Credit Application/Page_Fintrak  Core Banking/div_Amount_ui-radiobutton ui-widget'
	at com.kms.katalon.core.webui.keyword.internal.WebUIKeywordMain.stepFailed(WebUIKeywordMain.groovy:64)
	at com.kms.katalon.core.webui.keyword.internal.WebUIKeywordMain.runKeyword(WebUIKeywordMain.groovy:26)
	at com.kms.katalon.core.webui.keyword.builtin.ClickKeyword.click(ClickKeyword.groovy:75)
	at com.kms.katalon.core.webui.keyword.builtin.ClickKeyword.execute(ClickKeyword.groovy:42)
	at com.kms.katalon.core.keyword.internal.KeywordExecutor.executeKeywordForPlatform(KeywordExecutor.groovy:74)
	at com.kms.katalon.core.webui.keyword.WebUiBuiltInKeywords.click(WebUiBuiltInKeywords.groovy:620)
	at com.kms.katalon.core.webui.keyword.WebUiBuiltInKeywords$click$3.call(Unknown Source)
	at Credit Application.run(Credit Application:24)
	at com.kms.katalon.core.main.ScriptEngine.run(ScriptEngine.java:194)
	at com.kms.katalon.core.main.ScriptEngine.runScriptAsRawText(ScriptEngine.java:119)
	at com.kms.katalon.core.main.TestCaseExecutor.runScript(TestCaseExecutor.java:430)
	at com.kms.katalon.core.main.TestCaseExecutor.doExecute(TestCaseExecutor.java:421)
	at com.kms.katalon.core.main.TestCaseExecutor.processExecutionPhase(TestCaseExecutor.java:400)
	at com.kms.katalon.core.main.TestCaseExecutor.accessMainPhase(TestCaseExecutor.java:392)
	at com.kms.katalon.core.main.TestCaseExecutor.execute(TestCaseExecutor.java:273)
	at com.kms.katalon.core.main.TestCaseExecutor.execute(TestCaseExecutor.java:351)
	at com.kms.katalon.core.main.TestCaseExecutor.execute(TestCaseExecutor.java:351)
	at com.kms.katalon.core.main.TestCaseExecutor.execute(TestCaseExecutor.java:351)
	at com.kms.katalon.core.main.TestSuiteExecutor.accessTestCaseMainPhase(TestSuiteExecutor.java:202)
	at com.kms.katalon.core.main.TestSuiteExecutor.accessTestSuiteMainPhase(TestSuiteExecutor.java:164)
	at com.kms.katalon.core.main.TestSuiteExecutor.execute(TestSuiteExecutor.java:105)
	at com.kms.katalon.core.main.TestCaseMain.startTestSuite(TestCaseMain.java:185)
	at com.kms.katalon.core.main.TestCaseMain$startTestSuite$0.call(Unknown Source)
	at TempTestSuite1637676172355.run(TempTestSuite1637676172355.groovy:36)
Caused by: org.openqa.selenium.ElementClickInterceptedException: element click intercepted: Element <div class="ui-paginator-bottom ui-paginator ui-widget ui-widget-header ui-unselectable-text ng-star-inserted">...</div> is not clickable at point (642, 279). Other element would receive the click: <div id="page-preloader" style="display: block;">...</div>
  (Session info: chrome=95.0.4638.69)
Build info: version: '3.141.59', revision: 'e82be7d358', time: '2018-11-14T08:25:53'
System info: host: 'INAOBATAN', ip: '172.20.10.3', os.name: 'Windows 10', os.arch: 'amd64', os.version: '10.0', java.version: '1.8.0_282'
Driver info: com.kms.katalon.selenium.driver.CChromeDriver
Capabilities {acceptInsecureCerts: false, browserName: chrome, browserVersion: 95.0.4638.69, chrome: {chromedriverVersion: 95.0.4638.69 (6a1600ed572fe..., userDataDir: C:\Users\INAOBA~1.OLA\AppDa...}, goog:chromeOptions: {debuggerAddress: localhost:58522}, javascriptEnabled: true, networkConnectionEnabled: false, pageLoadStrategy: normal, platform: WINDOWS, platformName: WINDOWS, proxy: Proxy(), setWindowRect: true, strictFileInteractability: false, timeouts: {implicit: 0, pageLoad: 300000, script: 30000}, unhandledPromptBehavior: dismiss and notify, webauthn:extension:credBlob: true, webauthn:extension:largeBlob: true, webauthn:virtualAuthenticators: true}
Session ID: b7c65b80c8459c7b5b1b4f6828036a96
	at org.openqa.selenium.remote.http.W3CHttpResponseCodec.createException(W3CHttpResponseCodec.java:187)
	at org.openqa.selenium.remote.http.W3CHttpResponseCodec.decode(W3CHttpResponseCodec.java:122)
	at org.openqa.selenium.remote.http.W3CHttpResponseCodec.decode(W3CHttpResponseCodec.java:49)
	at org.openqa.selenium.remote.HttpCommandExecutor.execute(HttpCommandExecutor.java:158)
	at org.openqa.selenium.remote.service.DriverCommandExecutor.execute(DriverCommandExecutor.java:83)
	at org.openqa.selenium.remote.RemoteWebDriver.execute(RemoteWebDriver.java:552)
	at com.kms.katalon.selenium.driver.CChromeDriver.execute(CChromeDriver.java:19)
	at org.openqa.selenium.remote.RemoteWebElement.execute(RemoteWebElement.java:285)
	at org.openqa.selenium.remote.RemoteWebElement.click(RemoteWebElement.java:84)
	at org.openqa.selenium.support.events.EventFiringWebDriver$EventFiringWebElement.lambda$new$0(EventFiringWebDriver.java:404)
	at com.sun.proxy.$Proxy11.click(Unknown Source)
	at org.openqa.selenium.support.events.EventFiringWebDriver$EventFiringWebElement.click(EventFiringWebDriver.java:417)
	at com.kms.katalon.core.webui.keyword.builtin.ClickKeyword$_click_closure1.doCall(ClickKeyword.groovy:68)
	at com.kms.katalon.core.webui.keyword.builtin.ClickKeyword$_click_closure1.call(ClickKeyword.groovy)
	at com.kms.katalon.core.webui.keyword.internal.WebUIKeywordMain.runKeyword(WebUIKeywordMain.groovy:20)
	at com.kms.katalon.core.webui.keyword.builtin.ClickKeyword.click(ClickKeyword.groovy:75)
	at com.kms.katalon.core.webui.keyword.builtin.ClickKeyword.execute(ClickKeyword.groovy:42)
	at com.kms.katalon.core.keyword.internal.KeywordExecutor.executeKeywordForPlatform(KeywordExecutor.groovy:74)
	at com.kms.katalon.core.webui.keyword.WebUiBuiltInKeywords.click(WebUiBuiltInKeywords.groovy:620)
	at com.kms.katalon.core.webui.keyword.WebUiBuiltInKeywords$click$3.call(Unknown Source)
	at Script1637659447309.run(Script1637659447309.groovy:24)
	... 16 more
)

2021-11-23 15:21:12 - [MESSAGE][FAILED] - Unable to click on object 'Object Repository/Credit Application/Page_Fintrak  Core Banking/div_Amount_ui-radiobutton ui-widget' (Root cause: com.kms.katalon.core.exception.StepFailedException: Unable to click on object 'Object Repository/Credit Application/Page_Fintrak  Core Banking/div_Amount_ui-radiobutton ui-widget'
	at com.kms.katalon.core.webui.keyword.internal.WebUIKeywordMain.stepFailed(WebUIKeywordMain.groovy:64)
	at com.kms.katalon.core.webui.keyword.internal.WebUIKeywordMain.runKeyword(WebUIKeywordMain.groovy:26)
	at com.kms.katalon.core.webui.keyword.builtin.ClickKeyword.click(ClickKeyword.groovy:75)
	at com.kms.katalon.core.webui.keyword.builtin.ClickKeyword.execute(ClickKeyword.groovy:42)
	at com.kms.katalon.core.keyword.internal.KeywordExecutor.executeKeywordForPlatform(KeywordExecutor.groovy:74)
	at com.kms.katalon.core.webui.keyword.WebUiBuiltInKeywords.click(WebUiBuiltInKeywords.groovy:620)
	at com.kms.katalon.core.webui.keyword.WebUiBuiltInKeywords$click$3.call(Unknown Source)
	at Credit Application.run(Credit Application:24)
	at com.kms.katalon.core.main.ScriptEngine.run(ScriptEngine.java:194)
	at com.kms.katalon.core.main.ScriptEngine.runScriptAsRawText(ScriptEngine.java:119)
	at com.kms.katalon.core.main.TestCaseExecutor.runScript(TestCaseExecutor.java:430)
	at com.kms.katalon.core.main.TestCaseExecutor.doExecute(TestCaseExecutor.java:421)
	at com.kms.katalon.core.main.TestCaseExecutor.processExecutionPhase(TestCaseExecutor.java:400)
	at com.kms.katalon.core.main.TestCaseExecutor.accessMainPhase(TestCaseExecutor.java:392)
	at com.kms.katalon.core.main.TestCaseExecutor.execute(TestCaseExecutor.java:273)
	at com.kms.katalon.core.main.TestCaseExecutor.execute(TestCaseExecutor.java:351)
	at com.kms.katalon.core.main.TestCaseExecutor.execute(TestCaseExecutor.java:351)
	at com.kms.katalon.core.main.TestCaseExecutor.execute(TestCaseExecutor.java:351)
	at com.kms.katalon.core.main.TestSuiteExecutor.accessTestCaseMainPhase(TestSuiteExecutor.java:202)
	at com.kms.katalon.core.main.TestSuiteExecutor.accessTestSuiteMainPhase(TestSuiteExecutor.java:164)
	at com.kms.katalon.core.main.TestSuiteExecutor.execute(TestSuiteExecutor.java:105)
	at com.kms.katalon.core.main.TestCaseMain.startTestSuite(TestCaseMain.java:185)
	at com.kms.katalon.core.main.TestCaseMain$startTestSuite$0.call(Unknown Source)
	at TempTestSuite1637676172355.run(TempTestSuite1637676172355.groovy:36)
Caused by: org.openqa.selenium.ElementClickInterceptedException: element click intercepted: Element <div class="ui-paginator-bottom ui-paginator ui-widget ui-widget-header ui-unselectable-text ng-star-inserted">...</div> is not clickable at point (642, 279). Other element would receive the click: <div id="page-preloader" style="display: block;">...</div>
  (Session info: chrome=95.0.4638.69)
Build info: version: '3.141.59', revision: 'e82be7d358', time: '2018-11-14T08:25:53'
System info: host: 'INAOBATAN', ip: '172.20.10.3', os.name: 'Windows 10', os.arch: 'amd64', os.version: '10.0', java.version: '1.8.0_282'
Driver info: com.kms.katalon.selenium.driver.CChromeDriver
Capabilities {acceptInsecureCerts: false, browserName: chrome, browserVersion: 95.0.4638.69, chrome: {chromedriverVersion: 95.0.4638.69 (6a1600ed572fe..., userDataDir: C:\Users\INAOBA~1.OLA\AppDa...}, goog:chromeOptions: {debuggerAddress: localhost:58522}, javascriptEnabled: true, networkConnectionEnabled: false, pageLoadStrategy: normal, platform: WINDOWS, platformName: WINDOWS, proxy: Proxy(), setWindowRect: true, strictFileInteractability: false, timeouts: {implicit: 0, pageLoad: 300000, script: 30000}, unhandledPromptBehavior: dismiss and notify, webauthn:extension:credBlob: true, webauthn:extension:largeBlob: true, webauthn:virtualAuthenticators: true}
Session ID: b7c65b80c8459c7b5b1b4f6828036a96
	at org.openqa.selenium.remote.http.W3CHttpResponseCodec.createException(W3CHttpResponseCodec.java:187)
	at org.openqa.selenium.remote.http.W3CHttpResponseCodec.decode(W3CHttpResponseCodec.java:122)
	at org.openqa.selenium.remote.http.W3CHttpResponseCodec.decode(W3CHttpResponseCodec.java:49)
	at org.openqa.selenium.remote.HttpCommandExecutor.execute(HttpCommandExecutor.java:158)
	at org.openqa.selenium.remote.service.DriverCommandExecutor.execute(DriverCommandExecutor.java:83)
	at org.openqa.selenium.remote.RemoteWebDriver.execute(RemoteWebDriver.java:552)
	at com.kms.katalon.selenium.driver.CChromeDriver.execute(CChromeDriver.java:19)
	at org.openqa.selenium.remote.RemoteWebElement.execute(RemoteWebElement.java:285)
	at org.openqa.selenium.remote.RemoteWebElement.click(RemoteWebElement.java:84)
	at org.openqa.selenium.support.events.EventFiringWebDriver$EventFiringWebElement.lambda$new$0(EventFiringWebDriver.java:404)
	at com.sun.proxy.$Proxy11.click(Unknown Source)
	at org.openqa.selenium.support.events.EventFiringWebDriver$EventFiringWebElement.click(EventFiringWebDriver.java:417)
	at com.kms.katalon.core.webui.keyword.builtin.ClickKeyword$_click_closure1.doCall(ClickKeyword.groovy:68)
	at com.kms.katalon.core.webui.keyword.builtin.ClickKeyword$_click_closure1.call(ClickKeyword.groovy)
	at com.kms.katalon.core.webui.keyword.internal.WebUIKeywordMain.runKeyword(WebUIKeywordMain.groovy:20)
	at com.kms.katalon.core.webui.keyword.builtin.ClickKeyword.click(ClickKeyword.groovy:75)
	at com.kms.katalon.core.webui.keyword.builtin.ClickKeyword.execute(ClickKeyword.groovy:42)
	at com.kms.katalon.core.keyword.internal.KeywordExecutor.executeKeywordForPlatform(KeywordExecutor.groovy:74)
	at com.kms.katalon.core.webui.keyword.WebUiBuiltInKeywords.click(WebUiBuiltInKeywords.groovy:620)
	at com.kms.katalon.core.webui.keyword.WebUiBuiltInKeywords$click$3.call(Unknown Source)
	at Script1637659447309.run(Script1637659447309.groovy:24)
	... 16 more
)
[[ATTACHMENT|C:\\Users\\inaobatan.olawale\\Katalon Studio\\My First Web UI Project\\Reports\\20211123_150252\\FBN Credit360 LOS Operation\\LOS Operation\\20211123_150252\\1637677272658.png]]]]></system-out>
         <system-err><![CDATA[2021-11-23 15:20:55 - [TEST_CASE][FAILED] - Test Cases/FBN Credit360 LOS Opeartion/Credit Application: Test Cases/FBN Credit360 LOS Opeartion/Credit Application FAILED.
Reason:
com.kms.katalon.core.exception.StepFailedException: Unable to click on object 'Object Repository/Credit Application/Page_Fintrak  Core Banking/div_Amount_ui-radiobutton ui-widget'
	at com.kms.katalon.core.webui.keyword.internal.WebUIKeywordMain.stepFailed(WebUIKeywordMain.groovy:64)
	at com.kms.katalon.core.webui.keyword.internal.WebUIKeywordMain.runKeyword(WebUIKeywordMain.groovy:26)
	at com.kms.katalon.core.webui.keyword.builtin.ClickKeyword.click(ClickKeyword.groovy:75)
	at com.kms.katalon.core.webui.keyword.builtin.ClickKeyword.execute(ClickKeyword.groovy:42)
	at com.kms.katalon.core.keyword.internal.KeywordExecutor.executeKeywordForPlatform(KeywordExecutor.groovy:74)
	at com.kms.katalon.core.webui.keyword.WebUiBuiltInKeywords.click(WebUiBuiltInKeywords.groovy:620)
	at com.kms.katalon.core.webui.keyword.WebUiBuiltInKeywords$click$3.call(Unknown Source)
	at Credit Application.run(Credit Application:24)
	at com.kms.katalon.core.main.ScriptEngine.run(ScriptEngine.java:194)
	at com.kms.katalon.core.main.ScriptEngine.runScriptAsRawText(ScriptEngine.java:119)
	at com.kms.katalon.core.main.TestCaseExecutor.runScript(TestCaseExecutor.java:430)
	at com.kms.katalon.core.main.TestCaseExecutor.doExecute(TestCaseExecutor.java:421)
	at com.kms.katalon.core.main.TestCaseExecutor.processExecutionPhase(TestCaseExecutor.java:400)
	at com.kms.katalon.core.main.TestCaseExecutor.accessMainPhase(TestCaseExecutor.java:392)
	at com.kms.katalon.core.main.TestCaseExecutor.execute(TestCaseExecutor.java:273)
	at com.kms.katalon.core.main.TestCaseExecutor.execute(TestCaseExecutor.java:351)
	at com.kms.katalon.core.main.TestCaseExecutor.execute(TestCaseExecutor.java:351)
	at com.kms.katalon.core.main.TestCaseExecutor.execute(TestCaseExecutor.java:351)
	at com.kms.katalon.core.main.TestSuiteExecutor.accessTestCaseMainPhase(TestSuiteExecutor.java:202)
	at com.kms.katalon.core.main.TestSuiteExecutor.accessTestSuiteMainPhase(TestSuiteExecutor.java:164)
	at com.kms.katalon.core.main.TestSuiteExecutor.execute(TestSuiteExecutor.java:105)
	at com.kms.katalon.core.main.TestCaseMain.startTestSuite(TestCaseMain.java:185)
	at com.kms.katalon.core.main.TestCaseMain$startTestSuite$0.call(Unknown Source)
	at TempTestSuite1637676172355.run(TempTestSuite1637676172355.groovy:36)
Caused by: org.openqa.selenium.ElementClickInterceptedException: element click intercepted: Element <div class="ui-paginator-bottom ui-paginator ui-widget ui-widget-header ui-unselectable-text ng-star-inserted">...</div> is not clickable at point (642, 279). Other element would receive the click: <div id="page-preloader" style="display: block;">...</div>
  (Session info: chrome=95.0.4638.69)
Build info: version: '3.141.59', revision: 'e82be7d358', time: '2018-11-14T08:25:53'
System info: host: 'INAOBATAN', ip: '172.20.10.3', os.name: 'Windows 10', os.arch: 'amd64', os.version: '10.0', java.version: '1.8.0_282'
Driver info: com.kms.katalon.selenium.driver.CChromeDriver
Capabilities {acceptInsecureCerts: false, browserName: chrome, browserVersion: 95.0.4638.69, chrome: {chromedriverVersion: 95.0.4638.69 (6a1600ed572fe..., userDataDir: C:\Users\INAOBA~1.OLA\AppDa...}, goog:chromeOptions: {debuggerAddress: localhost:58522}, javascriptEnabled: true, networkConnectionEnabled: false, pageLoadStrategy: normal, platform: WINDOWS, platformName: WINDOWS, proxy: Proxy(), setWindowRect: true, strictFileInteractability: false, timeouts: {implicit: 0, pageLoad: 300000, script: 30000}, unhandledPromptBehavior: dismiss and notify, webauthn:extension:credBlob: true, webauthn:extension:largeBlob: true, webauthn:virtualAuthenticators: true}
Session ID: b7c65b80c8459c7b5b1b4f6828036a96
	at org.openqa.selenium.remote.http.W3CHttpResponseCodec.createException(W3CHttpResponseCodec.java:187)
	at org.openqa.selenium.remote.http.W3CHttpResponseCodec.decode(W3CHttpResponseCodec.java:122)
	at org.openqa.selenium.remote.http.W3CHttpResponseCodec.decode(W3CHttpResponseCodec.java:49)
	at org.openqa.selenium.remote.HttpCommandExecutor.execute(HttpCommandExecutor.java:158)
	at org.openqa.selenium.remote.service.DriverCommandExecutor.execute(DriverCommandExecutor.java:83)
	at org.openqa.selenium.remote.RemoteWebDriver.execute(RemoteWebDriver.java:552)
	at com.kms.katalon.selenium.driver.CChromeDriver.execute(CChromeDriver.java:19)
	at org.openqa.selenium.remote.RemoteWebElement.execute(RemoteWebElement.java:285)
	at org.openqa.selenium.remote.RemoteWebElement.click(RemoteWebElement.java:84)
	at org.openqa.selenium.support.events.EventFiringWebDriver$EventFiringWebElement.lambda$new$0(EventFiringWebDriver.java:404)
	at com.sun.proxy.$Proxy11.click(Unknown Source)
	at org.openqa.selenium.support.events.EventFiringWebDriver$EventFiringWebElement.click(EventFiringWebDriver.java:417)
	at com.kms.katalon.core.webui.keyword.builtin.ClickKeyword$_click_closure1.doCall(ClickKeyword.groovy:68)
	at com.kms.katalon.core.webui.keyword.builtin.ClickKeyword$_click_closure1.call(ClickKeyword.groovy)
	at com.kms.katalon.core.webui.keyword.internal.WebUIKeywordMain.runKeyword(WebUIKeywordMain.groovy:20)
	... 22 more]]></system-err>
      </testcase>
      <testcase name="Test Cases/FBN Credit360 LOS Opeartion/Login As BM" time="41.578" classname="Test Cases/FBN Credit360 LOS Opeartion/Login As BM" status="FAILED">
         <failure type="FAILED" message="Test Cases/FBN Credit360 LOS Opeartion/Login As BM FAILED.
Reason:
com.kms.katalon.core.exception.StepFailedException: Unable to click on object 'Object Repository/Login As BM/Page_Fintrak  Core Banking/div_PROCESSING_ui-radiobutton-box ui-widget_a9aaef'
	at com.kms.katalon.core.webui.keyword.internal.WebUIKeywordMain.stepFailed(WebUIKeywordMain.groovy:64)
	at com.kms.katalon.core.webui.keyword.internal.WebUIKeywordMain.runKeyword(WebUIKeywordMain.groovy:26)
	at com.kms.katalon.core.webui.keyword.builtin.ClickKeyword.click(ClickKeyword.groovy:75)
	at com.kms.katalon.core.webui.keyword.builtin.ClickKeyword.execute(ClickKeyword.groovy:42)
	at com.kms.katalon.core.keyword.internal.KeywordExecutor.executeKeywordForPlatform(KeywordExecutor.groovy:74)
	at com.kms.katalon.core.webui.keyword.WebUiBuiltInKeywords.click(WebUiBuiltInKeywords.groovy:620)
	at com.kms.katalon.core.webui.keyword.WebUiBuiltInKeywords$click$3.call(Unknown Source)
	at Login As BM.run(Login As BM:39)
	at com.kms.katalon.core.main.ScriptEngine.run(ScriptEngine.java:194)
	at com.kms.katalon.core.main.ScriptEngine.runScriptAsRawText(ScriptEngine.java:119)
	at com.kms.katalon.core.main.TestCaseExecutor.runScript(TestCaseExecutor.java:430)
	at com.kms.katalon.core.main.TestCaseExecutor.doExecute(TestCaseExecutor.java:421)
	at com.kms.katalon.core.main.TestCaseExecutor.processExecutionPhase(TestCaseExecutor.java:400)
	at com.kms.katalon.core.main.TestCaseExecutor.accessMainPhase(TestCaseExecutor.java:392)
	at com.kms.katalon.core.main.TestCaseExecutor.execute(TestCaseExecutor.java:273)
	at com.kms.katalon.core.main.TestCaseExecutor.execute(TestCaseExecutor.java:351)
	at com.kms.katalon.core.main.TestCaseExecutor.execute(TestCaseExecutor.java:351)
	at com.kms.katalon.core.main.TestCaseExecutor.execute(TestCaseExecutor.java:351)
	at com.kms.katalon.core.main.TestSuiteExecutor.accessTestCaseMainPhase(TestSuiteExecutor.java:202)
	at com.kms.katalon.core.main.TestSuiteExecutor.accessTestSuiteMainPhase(TestSuiteExecutor.java:164)
	at com.kms.katalon.core.main.TestSuiteExecutor.execute(TestSuiteExecutor.java:105)
	at com.kms.katalon.core.main.TestCaseMain.startTestSuite(TestCaseMain.java:185)
	at com.kms.katalon.core.main.TestCaseMain$startTestSuite$0.call(Unknown Source)
	at TempTestSuite1637676172355.run(TempTestSuite1637676172355.groovy:36)
Caused by: org.openqa.selenium.ElementClickInterceptedException: element click intercepted: Element is not clickable at point (676, 673)
  (Session info: chrome=95.0.4638.69)
Build info: version: '3.141.59', revision: 'e82be7d358', time: '2018-11-14T08:25:53'
System info: host: 'INAOBATAN', ip: '172.20.10.3', os.name: 'Windows 10', os.arch: 'amd64', os.version: '10.0', java.version: '1.8.0_282'
Driver info: com.kms.katalon.selenium.driver.CChromeDriver
Capabilities {acceptInsecureCerts: false, browserName: chrome, browserVersion: 95.0.4638.69, chrome: {chromedriverVersion: 95.0.4638.69 (6a1600ed572fe..., userDataDir: C:\Users\INAOBA~1.OLA\AppDa...}, goog:chromeOptions: {debuggerAddress: localhost:58668}, javascriptEnabled: true, networkConnectionEnabled: false, pageLoadStrategy: normal, platform: WINDOWS, platformName: WINDOWS, proxy: Proxy(), setWindowRect: true, strictFileInteractability: false, timeouts: {implicit: 0, pageLoad: 300000, script: 30000}, unhandledPromptBehavior: dismiss and notify, webauthn:extension:credBlob: true, webauthn:extension:largeBlob: true, webauthn:virtualAuthenticators: true}
Session ID: a8b116455660d2a7dd1a323e01fad357
	at org.openqa.selenium.remote.http.W3CHttpResponseCodec.createException(W3CHttpResponseCodec.java:187)
	at org.openqa.selenium.remote.http.W3CHttpResponseCodec.decode(W3CHttpResponseCodec.java:122)
	at org.openqa.selenium.remote.http.W3CHttpResponseCodec.decode(W3CHttpResponseCodec.java:49)
	at org.openqa.selenium.remote.HttpCommandExecutor.execute(HttpCommandExecutor.java:158)
	at org.openqa.selenium.remote.service.DriverCommandExecutor.execute(DriverCommandExecutor.java:83)
	at org.openqa.selenium.remote.RemoteWebDriver.execute(RemoteWebDriver.java:552)
	at com.kms.katalon.selenium.driver.CChromeDriver.execute(CChromeDriver.java:19)
	at org.openqa.selenium.remote.RemoteWebElement.execute(RemoteWebElement.java:285)
	at org.openqa.selenium.remote.RemoteWebElement.click(RemoteWebElement.java:84)
	at org.openqa.selenium.support.events.EventFiringWebDriver$EventFiringWebElement.lambda$new$0(EventFiringWebDriver.java:404)
	at com.sun.proxy.$Proxy11.click(Unknown Source)
	at org.openqa.selenium.support.events.EventFiringWebDriver$EventFiringWebElement.click(EventFiringWebDriver.java:417)
	at com.kms.katalon.core.webui.keyword.builtin.ClickKeyword$_click_closure1.doCall(ClickKeyword.groovy:68)
	at com.kms.katalon.core.webui.keyword.builtin.ClickKeyword$_click_closure1.call(ClickKeyword.groovy)
	at com.kms.katalon.core.webui.keyword.internal.WebUIKeywordMain.runKeyword(WebUIKeywordMain.groovy:20)
	... 22 more
"/>
         <system-out><![CDATA[2021-11-23 15:22:32 - [TEST_CASE][FAILED] - Test Cases/FBN Credit360 LOS Opeartion/Login As BM: Test Cases/FBN Credit360 LOS Opeartion/Login As BM FAILED.
Reason:
com.kms.katalon.core.exception.StepFailedException: Unable to click on object 'Object Repository/Login As BM/Page_Fintrak  Core Banking/div_PROCESSING_ui-radiobutton-box ui-widget_a9aaef'
	at com.kms.katalon.core.webui.keyword.internal.WebUIKeywordMain.stepFailed(WebUIKeywordMain.groovy:64)
	at com.kms.katalon.core.webui.keyword.internal.WebUIKeywordMain.runKeyword(WebUIKeywordMain.groovy:26)
	at com.kms.katalon.core.webui.keyword.builtin.ClickKeyword.click(ClickKeyword.groovy:75)
	at com.kms.katalon.core.webui.keyword.builtin.ClickKeyword.execute(ClickKeyword.groovy:42)
	at com.kms.katalon.core.keyword.internal.KeywordExecutor.executeKeywordForPlatform(KeywordExecutor.groovy:74)
	at com.kms.katalon.core.webui.keyword.WebUiBuiltInKeywords.click(WebUiBuiltInKeywords.groovy:620)
	at com.kms.katalon.core.webui.keyword.WebUiBuiltInKeywords$click$3.call(Unknown Source)
	at Login As BM.run(Login As BM:39)
	at com.kms.katalon.core.main.ScriptEngine.run(ScriptEngine.java:194)
	at com.kms.katalon.core.main.ScriptEngine.runScriptAsRawText(ScriptEngine.java:119)
	at com.kms.katalon.core.main.TestCaseExecutor.runScript(TestCaseExecutor.java:430)
	at com.kms.katalon.core.main.TestCaseExecutor.doExecute(TestCaseExecutor.java:421)
	at com.kms.katalon.core.main.TestCaseExecutor.processExecutionPhase(TestCaseExecutor.java:400)
	at com.kms.katalon.core.main.TestCaseExecutor.accessMainPhase(TestCaseExecutor.java:392)
	at com.kms.katalon.core.main.TestCaseExecutor.execute(TestCaseExecutor.java:273)
	at com.kms.katalon.core.main.TestCaseExecutor.execute(TestCaseExecutor.java:351)
	at com.kms.katalon.core.main.TestCaseExecutor.execute(TestCaseExecutor.java:351)
	at com.kms.katalon.core.main.TestCaseExecutor.execute(TestCaseExecutor.java:351)
	at com.kms.katalon.core.main.TestSuiteExecutor.accessTestCaseMainPhase(TestSuiteExecutor.java:202)
	at com.kms.katalon.core.main.TestSuiteExecutor.accessTestSuiteMainPhase(TestSuiteExecutor.java:164)
	at com.kms.katalon.core.main.TestSuiteExecutor.execute(TestSuiteExecutor.java:105)
	at com.kms.katalon.core.main.TestCaseMain.startTestSuite(TestCaseMain.java:185)
	at com.kms.katalon.core.main.TestCaseMain$startTestSuite$0.call(Unknown Source)
	at TempTestSuite1637676172355.run(TempTestSuite1637676172355.groovy:36)
Caused by: org.openqa.selenium.ElementClickInterceptedException: element click intercepted: Element is not clickable at point (676, 673)
  (Session info: chrome=95.0.4638.69)
Build info: version: '3.141.59', revision: 'e82be7d358', time: '2018-11-14T08:25:53'
System info: host: 'INAOBATAN', ip: '172.20.10.3', os.name: 'Windows 10', os.arch: 'amd64', os.version: '10.0', java.version: '1.8.0_282'
Driver info: com.kms.katalon.selenium.driver.CChromeDriver
Capabilities {acceptInsecureCerts: false, browserName: chrome, browserVersion: 95.0.4638.69, chrome: {chromedriverVersion: 95.0.4638.69 (6a1600ed572fe..., userDataDir: C:\Users\INAOBA~1.OLA\AppDa...}, goog:chromeOptions: {debuggerAddress: localhost:58668}, javascriptEnabled: true, networkConnectionEnabled: false, pageLoadStrategy: normal, platform: WINDOWS, platformName: WINDOWS, proxy: Proxy(), setWindowRect: true, strictFileInteractability: false, timeouts: {implicit: 0, pageLoad: 300000, script: 30000}, unhandledPromptBehavior: dismiss and notify, webauthn:extension:credBlob: true, webauthn:extension:largeBlob: true, webauthn:virtualAuthenticators: true}
Session ID: a8b116455660d2a7dd1a323e01fad357
	at org.openqa.selenium.remote.http.W3CHttpResponseCodec.createException(W3CHttpResponseCodec.java:187)
	at org.openqa.selenium.remote.http.W3CHttpResponseCodec.decode(W3CHttpResponseCodec.java:122)
	at org.openqa.selenium.remote.http.W3CHttpResponseCodec.decode(W3CHttpResponseCodec.java:49)
	at org.openqa.selenium.remote.HttpCommandExecutor.execute(HttpCommandExecutor.java:158)
	at org.openqa.selenium.remote.service.DriverCommandExecutor.execute(DriverCommandExecutor.java:83)
	at org.openqa.selenium.remote.RemoteWebDriver.execute(RemoteWebDriver.java:552)
	at com.kms.katalon.selenium.driver.CChromeDriver.execute(CChromeDriver.java:19)
	at org.openqa.selenium.remote.RemoteWebElement.execute(RemoteWebElement.java:285)
	at org.openqa.selenium.remote.RemoteWebElement.click(RemoteWebElement.java:84)
	at org.openqa.selenium.support.events.EventFiringWebDriver$EventFiringWebElement.lambda$new$0(EventFiringWebDriver.java:404)
	at com.sun.proxy.$Proxy11.click(Unknown Source)
	at org.openqa.selenium.support.events.EventFiringWebDriver$EventFiringWebElement.click(EventFiringWebDriver.java:417)
	at com.kms.katalon.core.webui.keyword.builtin.ClickKeyword$_click_closure1.doCall(ClickKeyword.groovy:68)
	at com.kms.katalon.core.webui.keyword.builtin.ClickKeyword$_click_closure1.call(ClickKeyword.groovy)
	at com.kms.katalon.core.webui.keyword.internal.WebUIKeywordMain.runKeyword(WebUIKeywordMain.groovy:20)
	... 22 more


2021-11-23 15:22:32 - [TEST_STEP][PASSED] - openBrowser(""): Browser is opened with url: ''

2021-11-23 15:22:32 - [MESSAGE][WARNING] - A browser is already opened. Closing browser and opening a new one

2021-11-23 15:22:33 - [MESSAGE][INFO] - Starting 'Chrome' driver

2021-11-23 15:22:33 - [MESSAGE][INFO] - Action delay is set to 0 milliseconds

2021-11-23 15:22:34 - [MESSAGE][PASSED] - Browser is opened with url: ''

2021-11-23 15:22:34 - [TEST_STEP][PASSED] - navigateToUrl("https://fintrakcredit360web-fb.azurewebsites.net/#/"): Navigate to 'https://fintrakcredit360web-fb.azurewebsites.net/#/' successfully

2021-11-23 15:22:40 - [MESSAGE][PASSED] - Navigate to 'https://fintrakcredit360web-fb.azurewebsites.net/#/' successfully

2021-11-23 15:22:40 - [TEST_STEP][PASSED] - setText(findTestObject("Object Repository/Login As BM/Page_Fintrak  Core Banking/input_Log In_auth-name"), "SN017882"): Text 'SN017882' is set on object 'Object Repository/Login As BM/Page_Fintrak  Core Banking/input_Log In_auth-name'

2021-11-23 15:22:42 - [MESSAGE][PASSED] - Text 'SN017882' is set on object 'Object Repository/Login As BM/Page_Fintrak  Core Banking/input_Log In_auth-name'

2021-11-23 15:22:42 - [TEST_STEP][PASSED] - setEncryptedText(findTestObject("Object Repository/Login As BM/Page_Fintrak  Core Banking/input_Log In_auth-password"), "JltEQgaE0YE="): Text ****** has been set on object 'Object Repository/Login As BM/Page_Fintrak  Core Banking/input_Log In_auth-password'

2021-11-23 15:22:42 - [MESSAGE][PASSED] - Text ****** has been set on object 'Object Repository/Login As BM/Page_Fintrak  Core Banking/input_Log In_auth-password'

2021-11-23 15:22:42 - [TEST_STEP][PASSED] - click(findTestObject("Object Repository/Login As BM/Page_Fintrak  Core Banking/button_Log In")): Object: 'Object Repository/Login As BM/Page_Fintrak  Core Banking/button_Log In' is clicked on

2021-11-23 15:22:43 - [MESSAGE][PASSED] - Object: 'Object Repository/Login As BM/Page_Fintrak  Core Banking/button_Log In' is clicked on

2021-11-23 15:22:43 - [TEST_STEP][PASSED] - click(findTestObject("Object Repository/Login As BM/Page_Fintrak  Core Banking/span_Credit")): Object: 'Object Repository/Login As BM/Page_Fintrak  Core Banking/span_Credit' is clicked on

2021-11-23 15:22:49 - [MESSAGE][PASSED] - Object: 'Object Repository/Login As BM/Page_Fintrak  Core Banking/span_Credit' is clicked on

2021-11-23 15:22:49 - [TEST_STEP][PASSED] - click(findTestObject("Object Repository/Login As BM/Page_Fintrak  Core Banking/span_Credit Origination")): Object: 'Object Repository/Login As BM/Page_Fintrak  Core Banking/span_Credit Origination' is clicked on

2021-11-23 15:22:49 - [MESSAGE][PASSED] - Object: 'Object Repository/Login As BM/Page_Fintrak  Core Banking/span_Credit Origination' is clicked on

2021-11-23 15:22:49 - [TEST_STEP][PASSED] - click(findTestObject("Object Repository/Login As BM/Page_Fintrak  Core Banking/span_Credit Appraisal")): Object: 'Object Repository/Login As BM/Page_Fintrak  Core Banking/span_Credit Appraisal' is clicked on

2021-11-23 15:22:50 - [MESSAGE][PASSED] - Object: 'Object Repository/Login As BM/Page_Fintrak  Core Banking/span_Credit Appraisal' is clicked on

2021-11-23 15:22:50 - [TEST_STEP][PASSED] - click(findTestObject("Object Repository/Login As BM/Page_Fintrak  Core Banking/a_2")): Object: 'Object Repository/Login As BM/Page_Fintrak  Core Banking/a_2' is clicked on

2021-11-23 15:23:10 - [MESSAGE][PASSED] - Object: 'Object Repository/Login As BM/Page_Fintrak  Core Banking/a_2' is clicked on

2021-11-23 15:23:10 - [TEST_STEP][FAILED] - click(findTestObject("Object Repository/Login As BM/Page_Fintrak  Core Banking/div_PROCESSING_ui-radiobutton-box ui-widget_a9aaef")): Unable to click on object 'Object Repository/Login As BM/Page_Fintrak  Core Banking/div_PROCESSING_ui-radiobutton-box ui-widget_a9aaef' (Root cause: com.kms.katalon.core.exception.StepFailedException: Unable to click on object 'Object Repository/Login As BM/Page_Fintrak  Core Banking/div_PROCESSING_ui-radiobutton-box ui-widget_a9aaef'
	at com.kms.katalon.core.webui.keyword.internal.WebUIKeywordMain.stepFailed(WebUIKeywordMain.groovy:64)
	at com.kms.katalon.core.webui.keyword.internal.WebUIKeywordMain.runKeyword(WebUIKeywordMain.groovy:26)
	at com.kms.katalon.core.webui.keyword.builtin.ClickKeyword.click(ClickKeyword.groovy:75)
	at com.kms.katalon.core.webui.keyword.builtin.ClickKeyword.execute(ClickKeyword.groovy:42)
	at com.kms.katalon.core.keyword.internal.KeywordExecutor.executeKeywordForPlatform(KeywordExecutor.groovy:74)
	at com.kms.katalon.core.webui.keyword.WebUiBuiltInKeywords.click(WebUiBuiltInKeywords.groovy:620)
	at com.kms.katalon.core.webui.keyword.WebUiBuiltInKeywords$click$3.call(Unknown Source)
	at Login As BM.run(Login As BM:39)
	at com.kms.katalon.core.main.ScriptEngine.run(ScriptEngine.java:194)
	at com.kms.katalon.core.main.ScriptEngine.runScriptAsRawText(ScriptEngine.java:119)
	at com.kms.katalon.core.main.TestCaseExecutor.runScript(TestCaseExecutor.java:430)
	at com.kms.katalon.core.main.TestCaseExecutor.doExecute(TestCaseExecutor.java:421)
	at com.kms.katalon.core.main.TestCaseExecutor.processExecutionPhase(TestCaseExecutor.java:400)
	at com.kms.katalon.core.main.TestCaseExecutor.accessMainPhase(TestCaseExecutor.java:392)
	at com.kms.katalon.core.main.TestCaseExecutor.execute(TestCaseExecutor.java:273)
	at com.kms.katalon.core.main.TestCaseExecutor.execute(TestCaseExecutor.java:351)
	at com.kms.katalon.core.main.TestCaseExecutor.execute(TestCaseExecutor.java:351)
	at com.kms.katalon.core.main.TestCaseExecutor.execute(TestCaseExecutor.java:351)
	at com.kms.katalon.core.main.TestSuiteExecutor.accessTestCaseMainPhase(TestSuiteExecutor.java:202)
	at com.kms.katalon.core.main.TestSuiteExecutor.accessTestSuiteMainPhase(TestSuiteExecutor.java:164)
	at com.kms.katalon.core.main.TestSuiteExecutor.execute(TestSuiteExecutor.java:105)
	at com.kms.katalon.core.main.TestCaseMain.startTestSuite(TestCaseMain.java:185)
	at com.kms.katalon.core.main.TestCaseMain$startTestSuite$0.call(Unknown Source)
	at TempTestSuite1637676172355.run(TempTestSuite1637676172355.groovy:36)
Caused by: org.openqa.selenium.ElementClickInterceptedException: element click intercepted: Element is not clickable at point (676, 673)
  (Session info: chrome=95.0.4638.69)
Build info: version: '3.141.59', revision: 'e82be7d358', time: '2018-11-14T08:25:53'
System info: host: 'INAOBATAN', ip: '172.20.10.3', os.name: 'Windows 10', os.arch: 'amd64', os.version: '10.0', java.version: '1.8.0_282'
Driver info: com.kms.katalon.selenium.driver.CChromeDriver
Capabilities {acceptInsecureCerts: false, browserName: chrome, browserVersion: 95.0.4638.69, chrome: {chromedriverVersion: 95.0.4638.69 (6a1600ed572fe..., userDataDir: C:\Users\INAOBA~1.OLA\AppDa...}, goog:chromeOptions: {debuggerAddress: localhost:58668}, javascriptEnabled: true, networkConnectionEnabled: false, pageLoadStrategy: normal, platform: WINDOWS, platformName: WINDOWS, proxy: Proxy(), setWindowRect: true, strictFileInteractability: false, timeouts: {implicit: 0, pageLoad: 300000, script: 30000}, unhandledPromptBehavior: dismiss and notify, webauthn:extension:credBlob: true, webauthn:extension:largeBlob: true, webauthn:virtualAuthenticators: true}
Session ID: a8b116455660d2a7dd1a323e01fad357
	at org.openqa.selenium.remote.http.W3CHttpResponseCodec.createException(W3CHttpResponseCodec.java:187)
	at org.openqa.selenium.remote.http.W3CHttpResponseCodec.decode(W3CHttpResponseCodec.java:122)
	at org.openqa.selenium.remote.http.W3CHttpResponseCodec.decode(W3CHttpResponseCodec.java:49)
	at org.openqa.selenium.remote.HttpCommandExecutor.execute(HttpCommandExecutor.java:158)
	at org.openqa.selenium.remote.service.DriverCommandExecutor.execute(DriverCommandExecutor.java:83)
	at org.openqa.selenium.remote.RemoteWebDriver.execute(RemoteWebDriver.java:552)
	at com.kms.katalon.selenium.driver.CChromeDriver.execute(CChromeDriver.java:19)
	at org.openqa.selenium.remote.RemoteWebElement.execute(RemoteWebElement.java:285)
	at org.openqa.selenium.remote.RemoteWebElement.click(RemoteWebElement.java:84)
	at org.openqa.selenium.support.events.EventFiringWebDriver$EventFiringWebElement.lambda$new$0(EventFiringWebDriver.java:404)
	at com.sun.proxy.$Proxy11.click(Unknown Source)
	at org.openqa.selenium.support.events.EventFiringWebDriver$EventFiringWebElement.click(EventFiringWebDriver.java:417)
	at com.kms.katalon.core.webui.keyword.builtin.ClickKeyword$_click_closure1.doCall(ClickKeyword.groovy:68)
	at com.kms.katalon.core.webui.keyword.builtin.ClickKeyword$_click_closure1.call(ClickKeyword.groovy)
	at com.kms.katalon.core.webui.keyword.internal.WebUIKeywordMain.runKeyword(WebUIKeywordMain.groovy:20)
	at com.kms.katalon.core.webui.keyword.builtin.ClickKeyword.click(ClickKeyword.groovy:75)
	at com.kms.katalon.core.webui.keyword.builtin.ClickKeyword.execute(ClickKeyword.groovy:42)
	at com.kms.katalon.core.keyword.internal.KeywordExecutor.executeKeywordForPlatform(KeywordExecutor.groovy:74)
	at com.kms.katalon.core.webui.keyword.WebUiBuiltInKeywords.click(WebUiBuiltInKeywords.groovy:620)
	at com.kms.katalon.core.webui.keyword.WebUiBuiltInKeywords$click$3.call(Unknown Source)
	at Script1637659447341.run(Script1637659447341.groovy:39)
	... 16 more
)

2021-11-23 15:23:14 - [MESSAGE][FAILED] - Unable to click on object 'Object Repository/Login As BM/Page_Fintrak  Core Banking/div_PROCESSING_ui-radiobutton-box ui-widget_a9aaef' (Root cause: com.kms.katalon.core.exception.StepFailedException: Unable to click on object 'Object Repository/Login As BM/Page_Fintrak  Core Banking/div_PROCESSING_ui-radiobutton-box ui-widget_a9aaef'
	at com.kms.katalon.core.webui.keyword.internal.WebUIKeywordMain.stepFailed(WebUIKeywordMain.groovy:64)
	at com.kms.katalon.core.webui.keyword.internal.WebUIKeywordMain.runKeyword(WebUIKeywordMain.groovy:26)
	at com.kms.katalon.core.webui.keyword.builtin.ClickKeyword.click(ClickKeyword.groovy:75)
	at com.kms.katalon.core.webui.keyword.builtin.ClickKeyword.execute(ClickKeyword.groovy:42)
	at com.kms.katalon.core.keyword.internal.KeywordExecutor.executeKeywordForPlatform(KeywordExecutor.groovy:74)
	at com.kms.katalon.core.webui.keyword.WebUiBuiltInKeywords.click(WebUiBuiltInKeywords.groovy:620)
	at com.kms.katalon.core.webui.keyword.WebUiBuiltInKeywords$click$3.call(Unknown Source)
	at Login As BM.run(Login As BM:39)
	at com.kms.katalon.core.main.ScriptEngine.run(ScriptEngine.java:194)
	at com.kms.katalon.core.main.ScriptEngine.runScriptAsRawText(ScriptEngine.java:119)
	at com.kms.katalon.core.main.TestCaseExecutor.runScript(TestCaseExecutor.java:430)
	at com.kms.katalon.core.main.TestCaseExecutor.doExecute(TestCaseExecutor.java:421)
	at com.kms.katalon.core.main.TestCaseExecutor.processExecutionPhase(TestCaseExecutor.java:400)
	at com.kms.katalon.core.main.TestCaseExecutor.accessMainPhase(TestCaseExecutor.java:392)
	at com.kms.katalon.core.main.TestCaseExecutor.execute(TestCaseExecutor.java:273)
	at com.kms.katalon.core.main.TestCaseExecutor.execute(TestCaseExecutor.java:351)
	at com.kms.katalon.core.main.TestCaseExecutor.execute(TestCaseExecutor.java:351)
	at com.kms.katalon.core.main.TestCaseExecutor.execute(TestCaseExecutor.java:351)
	at com.kms.katalon.core.main.TestSuiteExecutor.accessTestCaseMainPhase(TestSuiteExecutor.java:202)
	at com.kms.katalon.core.main.TestSuiteExecutor.accessTestSuiteMainPhase(TestSuiteExecutor.java:164)
	at com.kms.katalon.core.main.TestSuiteExecutor.execute(TestSuiteExecutor.java:105)
	at com.kms.katalon.core.main.TestCaseMain.startTestSuite(TestCaseMain.java:185)
	at com.kms.katalon.core.main.TestCaseMain$startTestSuite$0.call(Unknown Source)
	at TempTestSuite1637676172355.run(TempTestSuite1637676172355.groovy:36)
Caused by: org.openqa.selenium.ElementClickInterceptedException: element click intercepted: Element is not clickable at point (676, 673)
  (Session info: chrome=95.0.4638.69)
Build info: version: '3.141.59', revision: 'e82be7d358', time: '2018-11-14T08:25:53'
System info: host: 'INAOBATAN', ip: '172.20.10.3', os.name: 'Windows 10', os.arch: 'amd64', os.version: '10.0', java.version: '1.8.0_282'
Driver info: com.kms.katalon.selenium.driver.CChromeDriver
Capabilities {acceptInsecureCerts: false, browserName: chrome, browserVersion: 95.0.4638.69, chrome: {chromedriverVersion: 95.0.4638.69 (6a1600ed572fe..., userDataDir: C:\Users\INAOBA~1.OLA\AppDa...}, goog:chromeOptions: {debuggerAddress: localhost:58668}, javascriptEnabled: true, networkConnectionEnabled: false, pageLoadStrategy: normal, platform: WINDOWS, platformName: WINDOWS, proxy: Proxy(), setWindowRect: true, strictFileInteractability: false, timeouts: {implicit: 0, pageLoad: 300000, script: 30000}, unhandledPromptBehavior: dismiss and notify, webauthn:extension:credBlob: true, webauthn:extension:largeBlob: true, webauthn:virtualAuthenticators: true}
Session ID: a8b116455660d2a7dd1a323e01fad357
	at org.openqa.selenium.remote.http.W3CHttpResponseCodec.createException(W3CHttpResponseCodec.java:187)
	at org.openqa.selenium.remote.http.W3CHttpResponseCodec.decode(W3CHttpResponseCodec.java:122)
	at org.openqa.selenium.remote.http.W3CHttpResponseCodec.decode(W3CHttpResponseCodec.java:49)
	at org.openqa.selenium.remote.HttpCommandExecutor.execute(HttpCommandExecutor.java:158)
	at org.openqa.selenium.remote.service.DriverCommandExecutor.execute(DriverCommandExecutor.java:83)
	at org.openqa.selenium.remote.RemoteWebDriver.execute(RemoteWebDriver.java:552)
	at com.kms.katalon.selenium.driver.CChromeDriver.execute(CChromeDriver.java:19)
	at org.openqa.selenium.remote.RemoteWebElement.execute(RemoteWebElement.java:285)
	at org.openqa.selenium.remote.RemoteWebElement.click(RemoteWebElement.java:84)
	at org.openqa.selenium.support.events.EventFiringWebDriver$EventFiringWebElement.lambda$new$0(EventFiringWebDriver.java:404)
	at com.sun.proxy.$Proxy11.click(Unknown Source)
	at org.openqa.selenium.support.events.EventFiringWebDriver$EventFiringWebElement.click(EventFiringWebDriver.java:417)
	at com.kms.katalon.core.webui.keyword.builtin.ClickKeyword$_click_closure1.doCall(ClickKeyword.groovy:68)
	at com.kms.katalon.core.webui.keyword.builtin.ClickKeyword$_click_closure1.call(ClickKeyword.groovy)
	at com.kms.katalon.core.webui.keyword.internal.WebUIKeywordMain.runKeyword(WebUIKeywordMain.groovy:20)
	at com.kms.katalon.core.webui.keyword.builtin.ClickKeyword.click(ClickKeyword.groovy:75)
	at com.kms.katalon.core.webui.keyword.builtin.ClickKeyword.execute(ClickKeyword.groovy:42)
	at com.kms.katalon.core.keyword.internal.KeywordExecutor.executeKeywordForPlatform(KeywordExecutor.groovy:74)
	at com.kms.katalon.core.webui.keyword.WebUiBuiltInKeywords.click(WebUiBuiltInKeywords.groovy:620)
	at com.kms.katalon.core.webui.keyword.WebUiBuiltInKeywords$click$3.call(Unknown Source)
	at Script1637659447341.run(Script1637659447341.groovy:39)
	... 16 more
)
[[ATTACHMENT|C:\\Users\\inaobatan.olawale\\Katalon Studio\\My First Web UI Project\\Reports\\20211123_150252\\FBN Credit360 LOS Operation\\LOS Operation\\20211123_150252\\1637677394322.png]]]]></system-out>
         <system-err><![CDATA[2021-11-23 15:22:32 - [TEST_CASE][FAILED] - Test Cases/FBN Credit360 LOS Opeartion/Login As BM: Test Cases/FBN Credit360 LOS Opeartion/Login As BM FAILED.
Reason:
com.kms.katalon.core.exception.StepFailedException: Unable to click on object 'Object Repository/Login As BM/Page_Fintrak  Core Banking/div_PROCESSING_ui-radiobutton-box ui-widget_a9aaef'
	at com.kms.katalon.core.webui.keyword.internal.WebUIKeywordMain.stepFailed(WebUIKeywordMain.groovy:64)
	at com.kms.katalon.core.webui.keyword.internal.WebUIKeywordMain.runKeyword(WebUIKeywordMain.groovy:26)
	at com.kms.katalon.core.webui.keyword.builtin.ClickKeyword.click(ClickKeyword.groovy:75)
	at com.kms.katalon.core.webui.keyword.builtin.ClickKeyword.execute(ClickKeyword.groovy:42)
	at com.kms.katalon.core.keyword.internal.KeywordExecutor.executeKeywordForPlatform(KeywordExecutor.groovy:74)
	at com.kms.katalon.core.webui.keyword.WebUiBuiltInKeywords.click(WebUiBuiltInKeywords.groovy:620)
	at com.kms.katalon.core.webui.keyword.WebUiBuiltInKeywords$click$3.call(Unknown Source)
	at Login As BM.run(Login As BM:39)
	at com.kms.katalon.core.main.ScriptEngine.run(ScriptEngine.java:194)
	at com.kms.katalon.core.main.ScriptEngine.runScriptAsRawText(ScriptEngine.java:119)
	at com.kms.katalon.core.main.TestCaseExecutor.runScript(TestCaseExecutor.java:430)
	at com.kms.katalon.core.main.TestCaseExecutor.doExecute(TestCaseExecutor.java:421)
	at com.kms.katalon.core.main.TestCaseExecutor.processExecutionPhase(TestCaseExecutor.java:400)
	at com.kms.katalon.core.main.TestCaseExecutor.accessMainPhase(TestCaseExecutor.java:392)
	at com.kms.katalon.core.main.TestCaseExecutor.execute(TestCaseExecutor.java:273)
	at com.kms.katalon.core.main.TestCaseExecutor.execute(TestCaseExecutor.java:351)
	at com.kms.katalon.core.main.TestCaseExecutor.execute(TestCaseExecutor.java:351)
	at com.kms.katalon.core.main.TestCaseExecutor.execute(TestCaseExecutor.java:351)
	at com.kms.katalon.core.main.TestSuiteExecutor.accessTestCaseMainPhase(TestSuiteExecutor.java:202)
	at com.kms.katalon.core.main.TestSuiteExecutor.accessTestSuiteMainPhase(TestSuiteExecutor.java:164)
	at com.kms.katalon.core.main.TestSuiteExecutor.execute(TestSuiteExecutor.java:105)
	at com.kms.katalon.core.main.TestCaseMain.startTestSuite(TestCaseMain.java:185)
	at com.kms.katalon.core.main.TestCaseMain$startTestSuite$0.call(Unknown Source)
	at TempTestSuite1637676172355.run(TempTestSuite1637676172355.groovy:36)
Caused by: org.openqa.selenium.ElementClickInterceptedException: element click intercepted: Element is not clickable at point (676, 673)
  (Session info: chrome=95.0.4638.69)
Build info: version: '3.141.59', revision: 'e82be7d358', time: '2018-11-14T08:25:53'
System info: host: 'INAOBATAN', ip: '172.20.10.3', os.name: 'Windows 10', os.arch: 'amd64', os.version: '10.0', java.version: '1.8.0_282'
Driver info: com.kms.katalon.selenium.driver.CChromeDriver
Capabilities {acceptInsecureCerts: false, browserName: chrome, browserVersion: 95.0.4638.69, chrome: {chromedriverVersion: 95.0.4638.69 (6a1600ed572fe..., userDataDir: C:\Users\INAOBA~1.OLA\AppDa...}, goog:chromeOptions: {debuggerAddress: localhost:58668}, javascriptEnabled: true, networkConnectionEnabled: false, pageLoadStrategy: normal, platform: WINDOWS, platformName: WINDOWS, proxy: Proxy(), setWindowRect: true, strictFileInteractability: false, timeouts: {implicit: 0, pageLoad: 300000, script: 30000}, unhandledPromptBehavior: dismiss and notify, webauthn:extension:credBlob: true, webauthn:extension:largeBlob: true, webauthn:virtualAuthenticators: true}
Session ID: a8b116455660d2a7dd1a323e01fad357
	at org.openqa.selenium.remote.http.W3CHttpResponseCodec.createException(W3CHttpResponseCodec.java:187)
	at org.openqa.selenium.remote.http.W3CHttpResponseCodec.decode(W3CHttpResponseCodec.java:122)
	at org.openqa.selenium.remote.http.W3CHttpResponseCodec.decode(W3CHttpResponseCodec.java:49)
	at org.openqa.selenium.remote.HttpCommandExecutor.execute(HttpCommandExecutor.java:158)
	at org.openqa.selenium.remote.service.DriverCommandExecutor.execute(DriverCommandExecutor.java:83)
	at org.openqa.selenium.remote.RemoteWebDriver.execute(RemoteWebDriver.java:552)
	at com.kms.katalon.selenium.driver.CChromeDriver.execute(CChromeDriver.java:19)
	at org.openqa.selenium.remote.RemoteWebElement.execute(RemoteWebElement.java:285)
	at org.openqa.selenium.remote.RemoteWebElement.click(RemoteWebElement.java:84)
	at org.openqa.selenium.support.events.EventFiringWebDriver$EventFiringWebElement.lambda$new$0(EventFiringWebDriver.java:404)
	at com.sun.proxy.$Proxy11.click(Unknown Source)
	at org.openqa.selenium.support.events.EventFiringWebDriver$EventFiringWebElement.click(EventFiringWebDriver.java:417)
	at com.kms.katalon.core.webui.keyword.builtin.ClickKeyword$_click_closure1.doCall(ClickKeyword.groovy:68)
	at com.kms.katalon.core.webui.keyword.builtin.ClickKeyword$_click_closure1.call(ClickKeyword.groovy)
	at com.kms.katalon.core.webui.keyword.internal.WebUIKeywordMain.runKeyword(WebUIKeywordMain.groovy:20)
	... 22 more]]></system-err>
      </testcase>
      <testcase name="Test Cases/FBN Credit360 LOS Opeartion/Login As BDM" time="32.232" classname="Test Cases/FBN Credit360 LOS Opeartion/Login As BDM" status="FAILED">
         <failure type="FAILED" message="Test Cases/FBN Credit360 LOS Opeartion/Login As BDM FAILED.
Reason:
com.kms.katalon.core.exception.StepFailedException: Unable to click on object 'Object Repository/Login As BDM/Page_Fintrak  Core Banking/div_PROCESSING_ui-radiobutton-box ui-widget_a9aaef'
	at com.kms.katalon.core.webui.keyword.internal.WebUIKeywordMain.stepFailed(WebUIKeywordMain.groovy:64)
	at com.kms.katalon.core.webui.keyword.internal.WebUIKeywordMain.runKeyword(WebUIKeywordMain.groovy:26)
	at com.kms.katalon.core.webui.keyword.builtin.ClickKeyword.click(ClickKeyword.groovy:75)
	at com.kms.katalon.core.webui.keyword.builtin.ClickKeyword.execute(ClickKeyword.groovy:42)
	at com.kms.katalon.core.keyword.internal.KeywordExecutor.executeKeywordForPlatform(KeywordExecutor.groovy:74)
	at com.kms.katalon.core.webui.keyword.WebUiBuiltInKeywords.click(WebUiBuiltInKeywords.groovy:620)
	at com.kms.katalon.core.webui.keyword.WebUiBuiltInKeywords$click$3.call(Unknown Source)
	at Login As BDM.run(Login As BDM:37)
	at com.kms.katalon.core.main.ScriptEngine.run(ScriptEngine.java:194)
	at com.kms.katalon.core.main.ScriptEngine.runScriptAsRawText(ScriptEngine.java:119)
	at com.kms.katalon.core.main.TestCaseExecutor.runScript(TestCaseExecutor.java:430)
	at com.kms.katalon.core.main.TestCaseExecutor.doExecute(TestCaseExecutor.java:421)
	at com.kms.katalon.core.main.TestCaseExecutor.processExecutionPhase(TestCaseExecutor.java:400)
	at com.kms.katalon.core.main.TestCaseExecutor.accessMainPhase(TestCaseExecutor.java:392)
	at com.kms.katalon.core.main.TestCaseExecutor.execute(TestCaseExecutor.java:273)
	at com.kms.katalon.core.main.TestCaseExecutor.execute(TestCaseExecutor.java:351)
	at com.kms.katalon.core.main.TestCaseExecutor.execute(TestCaseExecutor.java:351)
	at com.kms.katalon.core.main.TestCaseExecutor.execute(TestCaseExecutor.java:351)
	at com.kms.katalon.core.main.TestSuiteExecutor.accessTestCaseMainPhase(TestSuiteExecutor.java:202)
	at com.kms.katalon.core.main.TestSuiteExecutor.accessTestSuiteMainPhase(TestSuiteExecutor.java:164)
	at com.kms.katalon.core.main.TestSuiteExecutor.execute(TestSuiteExecutor.java:105)
	at com.kms.katalon.core.main.TestCaseMain.startTestSuite(TestCaseMain.java:185)
	at com.kms.katalon.core.main.TestCaseMain$startTestSuite$0.call(Unknown Source)
	at TempTestSuite1637676172355.run(TempTestSuite1637676172355.groovy:36)
Caused by: org.openqa.selenium.ElementClickInterceptedException: element click intercepted: Element is not clickable at point (668, 673)
  (Session info: chrome=95.0.4638.69)
Build info: version: '3.141.59', revision: 'e82be7d358', time: '2018-11-14T08:25:53'
System info: host: 'INAOBATAN', ip: '172.20.10.3', os.name: 'Windows 10', os.arch: 'amd64', os.version: '10.0', java.version: '1.8.0_282'
Driver info: com.kms.katalon.selenium.driver.CChromeDriver
Capabilities {acceptInsecureCerts: false, browserName: chrome, browserVersion: 95.0.4638.69, chrome: {chromedriverVersion: 95.0.4638.69 (6a1600ed572fe..., userDataDir: C:\Users\INAOBA~1.OLA\AppDa...}, goog:chromeOptions: {debuggerAddress: localhost:58846}, javascriptEnabled: true, networkConnectionEnabled: false, pageLoadStrategy: normal, platform: WINDOWS, platformName: WINDOWS, proxy: Proxy(), setWindowRect: true, strictFileInteractability: false, timeouts: {implicit: 0, pageLoad: 300000, script: 30000}, unhandledPromptBehavior: dismiss and notify, webauthn:extension:credBlob: true, webauthn:extension:largeBlob: true, webauthn:virtualAuthenticators: true}
Session ID: 18019bf05e913c79d9ec858e2373e54c
	at org.openqa.selenium.remote.http.W3CHttpResponseCodec.createException(W3CHttpResponseCodec.java:187)
	at org.openqa.selenium.remote.http.W3CHttpResponseCodec.decode(W3CHttpResponseCodec.java:122)
	at org.openqa.selenium.remote.http.W3CHttpResponseCodec.decode(W3CHttpResponseCodec.java:49)
	at org.openqa.selenium.remote.HttpCommandExecutor.execute(HttpCommandExecutor.java:158)
	at org.openqa.selenium.remote.service.DriverCommandExecutor.execute(DriverCommandExecutor.java:83)
	at org.openqa.selenium.remote.RemoteWebDriver.execute(RemoteWebDriver.java:552)
	at com.kms.katalon.selenium.driver.CChromeDriver.execute(CChromeDriver.java:19)
	at org.openqa.selenium.remote.RemoteWebElement.execute(RemoteWebElement.java:285)
	at org.openqa.selenium.remote.RemoteWebElement.click(RemoteWebElement.java:84)
	at org.openqa.selenium.support.events.EventFiringWebDriver$EventFiringWebElement.lambda$new$0(EventFiringWebDriver.java:404)
	at com.sun.proxy.$Proxy11.click(Unknown Source)
	at org.openqa.selenium.support.events.EventFiringWebDriver$EventFiringWebElement.click(EventFiringWebDriver.java:417)
	at com.kms.katalon.core.webui.keyword.builtin.ClickKeyword$_click_closure1.doCall(ClickKeyword.groovy:68)
	at com.kms.katalon.core.webui.keyword.builtin.ClickKeyword$_click_closure1.call(ClickKeyword.groovy)
	at com.kms.katalon.core.webui.keyword.internal.WebUIKeywordMain.runKeyword(WebUIKeywordMain.groovy:20)
	... 22 more
"/>
         <system-out><![CDATA[2021-11-23 15:25:12 - [TEST_CASE][FAILED] - Test Cases/FBN Credit360 LOS Opeartion/Login As BDM: Test Cases/FBN Credit360 LOS Opeartion/Login As BDM FAILED.
Reason:
com.kms.katalon.core.exception.StepFailedException: Unable to click on object 'Object Repository/Login As BDM/Page_Fintrak  Core Banking/div_PROCESSING_ui-radiobutton-box ui-widget_a9aaef'
	at com.kms.katalon.core.webui.keyword.internal.WebUIKeywordMain.stepFailed(WebUIKeywordMain.groovy:64)
	at com.kms.katalon.core.webui.keyword.internal.WebUIKeywordMain.runKeyword(WebUIKeywordMain.groovy:26)
	at com.kms.katalon.core.webui.keyword.builtin.ClickKeyword.click(ClickKeyword.groovy:75)
	at com.kms.katalon.core.webui.keyword.builtin.ClickKeyword.execute(ClickKeyword.groovy:42)
	at com.kms.katalon.core.keyword.internal.KeywordExecutor.executeKeywordForPlatform(KeywordExecutor.groovy:74)
	at com.kms.katalon.core.webui.keyword.WebUiBuiltInKeywords.click(WebUiBuiltInKeywords.groovy:620)
	at com.kms.katalon.core.webui.keyword.WebUiBuiltInKeywords$click$3.call(Unknown Source)
	at Login As BDM.run(Login As BDM:37)
	at com.kms.katalon.core.main.ScriptEngine.run(ScriptEngine.java:194)
	at com.kms.katalon.core.main.ScriptEngine.runScriptAsRawText(ScriptEngine.java:119)
	at com.kms.katalon.core.main.TestCaseExecutor.runScript(TestCaseExecutor.java:430)
	at com.kms.katalon.core.main.TestCaseExecutor.doExecute(TestCaseExecutor.java:421)
	at com.kms.katalon.core.main.TestCaseExecutor.processExecutionPhase(TestCaseExecutor.java:400)
	at com.kms.katalon.core.main.TestCaseExecutor.accessMainPhase(TestCaseExecutor.java:392)
	at com.kms.katalon.core.main.TestCaseExecutor.execute(TestCaseExecutor.java:273)
	at com.kms.katalon.core.main.TestCaseExecutor.execute(TestCaseExecutor.java:351)
	at com.kms.katalon.core.main.TestCaseExecutor.execute(TestCaseExecutor.java:351)
	at com.kms.katalon.core.main.TestCaseExecutor.execute(TestCaseExecutor.java:351)
	at com.kms.katalon.core.main.TestSuiteExecutor.accessTestCaseMainPhase(TestSuiteExecutor.java:202)
	at com.kms.katalon.core.main.TestSuiteExecutor.accessTestSuiteMainPhase(TestSuiteExecutor.java:164)
	at com.kms.katalon.core.main.TestSuiteExecutor.execute(TestSuiteExecutor.java:105)
	at com.kms.katalon.core.main.TestCaseMain.startTestSuite(TestCaseMain.java:185)
	at com.kms.katalon.core.main.TestCaseMain$startTestSuite$0.call(Unknown Source)
	at TempTestSuite1637676172355.run(TempTestSuite1637676172355.groovy:36)
Caused by: org.openqa.selenium.ElementClickInterceptedException: element click intercepted: Element is not clickable at point (668, 673)
  (Session info: chrome=95.0.4638.69)
Build info: version: '3.141.59', revision: 'e82be7d358', time: '2018-11-14T08:25:53'
System info: host: 'INAOBATAN', ip: '172.20.10.3', os.name: 'Windows 10', os.arch: 'amd64', os.version: '10.0', java.version: '1.8.0_282'
Driver info: com.kms.katalon.selenium.driver.CChromeDriver
Capabilities {acceptInsecureCerts: false, browserName: chrome, browserVersion: 95.0.4638.69, chrome: {chromedriverVersion: 95.0.4638.69 (6a1600ed572fe..., userDataDir: C:\Users\INAOBA~1.OLA\AppDa...}, goog:chromeOptions: {debuggerAddress: localhost:58846}, javascriptEnabled: true, networkConnectionEnabled: false, pageLoadStrategy: normal, platform: WINDOWS, platformName: WINDOWS, proxy: Proxy(), setWindowRect: true, strictFileInteractability: false, timeouts: {implicit: 0, pageLoad: 300000, script: 30000}, unhandledPromptBehavior: dismiss and notify, webauthn:extension:credBlob: true, webauthn:extension:largeBlob: true, webauthn:virtualAuthenticators: true}
Session ID: 18019bf05e913c79d9ec858e2373e54c
	at org.openqa.selenium.remote.http.W3CHttpResponseCodec.createException(W3CHttpResponseCodec.java:187)
	at org.openqa.selenium.remote.http.W3CHttpResponseCodec.decode(W3CHttpResponseCodec.java:122)
	at org.openqa.selenium.remote.http.W3CHttpResponseCodec.decode(W3CHttpResponseCodec.java:49)
	at org.openqa.selenium.remote.HttpCommandExecutor.execute(HttpCommandExecutor.java:158)
	at org.openqa.selenium.remote.service.DriverCommandExecutor.execute(DriverCommandExecutor.java:83)
	at org.openqa.selenium.remote.RemoteWebDriver.execute(RemoteWebDriver.java:552)
	at com.kms.katalon.selenium.driver.CChromeDriver.execute(CChromeDriver.java:19)
	at org.openqa.selenium.remote.RemoteWebElement.execute(RemoteWebElement.java:285)
	at org.openqa.selenium.remote.RemoteWebElement.click(RemoteWebElement.java:84)
	at org.openqa.selenium.support.events.EventFiringWebDriver$EventFiringWebElement.lambda$new$0(EventFiringWebDriver.java:404)
	at com.sun.proxy.$Proxy11.click(Unknown Source)
	at org.openqa.selenium.support.events.EventFiringWebDriver$EventFiringWebElement.click(EventFiringWebDriver.java:417)
	at com.kms.katalon.core.webui.keyword.builtin.ClickKeyword$_click_closure1.doCall(ClickKeyword.groovy:68)
	at com.kms.katalon.core.webui.keyword.builtin.ClickKeyword$_click_closure1.call(ClickKeyword.groovy)
	at com.kms.katalon.core.webui.keyword.internal.WebUIKeywordMain.runKeyword(WebUIKeywordMain.groovy:20)
	... 22 more


2021-11-23 15:25:12 - [TEST_STEP][PASSED] - openBrowser(""): Browser is opened with url: ''

2021-11-23 15:25:12 - [MESSAGE][WARNING] - A browser is already opened. Closing browser and opening a new one

2021-11-23 15:25:13 - [MESSAGE][INFO] - Starting 'Chrome' driver

2021-11-23 15:25:13 - [MESSAGE][INFO] - Action delay is set to 0 milliseconds

2021-11-23 15:25:14 - [MESSAGE][PASSED] - Browser is opened with url: ''

2021-11-23 15:25:14 - [TEST_STEP][PASSED] - navigateToUrl("https://fintrakcredit360web-fb.azurewebsites.net/#/"): Navigate to 'https://fintrakcredit360web-fb.azurewebsites.net/#/' successfully

2021-11-23 15:25:23 - [MESSAGE][PASSED] - Navigate to 'https://fintrakcredit360web-fb.azurewebsites.net/#/' successfully

2021-11-23 15:25:23 - [TEST_STEP][PASSED] - setText(findTestObject("Object Repository/Login As BDM/Page_Fintrak  Core Banking/input_Log In_auth-name"), "SN023165"): Text 'SN023165' is set on object 'Object Repository/Login As BDM/Page_Fintrak  Core Banking/input_Log In_auth-name'

2021-11-23 15:25:24 - [MESSAGE][PASSED] - Text 'SN023165' is set on object 'Object Repository/Login As BDM/Page_Fintrak  Core Banking/input_Log In_auth-name'

2021-11-23 15:25:24 - [TEST_STEP][PASSED] - setEncryptedText(findTestObject("Object Repository/Login As BDM/Page_Fintrak  Core Banking/input_Log In_auth-password"), "JltEQgaE0YE="): Text ****** has been set on object 'Object Repository/Login As BDM/Page_Fintrak  Core Banking/input_Log In_auth-password'

2021-11-23 15:25:25 - [MESSAGE][PASSED] - Text ****** has been set on object 'Object Repository/Login As BDM/Page_Fintrak  Core Banking/input_Log In_auth-password'

2021-11-23 15:25:25 - [TEST_STEP][PASSED] - click(findTestObject("Object Repository/Login As BDM/Page_Fintrak  Core Banking/button_Log In")): Object: 'Object Repository/Login As BDM/Page_Fintrak  Core Banking/button_Log In' is clicked on

2021-11-23 15:25:25 - [MESSAGE][PASSED] - Object: 'Object Repository/Login As BDM/Page_Fintrak  Core Banking/button_Log In' is clicked on

2021-11-23 15:25:25 - [TEST_STEP][PASSED] - click(findTestObject("Object Repository/Login As BDM/Page_Fintrak  Core Banking/span_Credit")): Object: 'Object Repository/Login As BDM/Page_Fintrak  Core Banking/span_Credit' is clicked on

2021-11-23 15:25:29 - [MESSAGE][PASSED] - Object: 'Object Repository/Login As BDM/Page_Fintrak  Core Banking/span_Credit' is clicked on

2021-11-23 15:25:29 - [TEST_STEP][PASSED] - click(findTestObject("Object Repository/Login As BDM/Page_Fintrak  Core Banking/span_Credit Origination")): Object: 'Object Repository/Login As BDM/Page_Fintrak  Core Banking/span_Credit Origination' is clicked on

2021-11-23 15:25:29 - [MESSAGE][PASSED] - Object: 'Object Repository/Login As BDM/Page_Fintrak  Core Banking/span_Credit Origination' is clicked on

2021-11-23 15:25:29 - [TEST_STEP][PASSED] - click(findTestObject("Object Repository/Login As BDM/Page_Fintrak  Core Banking/span_Credit Appraisal")): Object: 'Object Repository/Login As BDM/Page_Fintrak  Core Banking/span_Credit Appraisal' is clicked on

2021-11-23 15:25:30 - [MESSAGE][PASSED] - Object: 'Object Repository/Login As BDM/Page_Fintrak  Core Banking/span_Credit Appraisal' is clicked on

2021-11-23 15:25:30 - [TEST_STEP][FAILED] - click(findTestObject("Object Repository/Login As BDM/Page_Fintrak  Core Banking/div_PROCESSING_ui-radiobutton-box ui-widget_a9aaef")): Unable to click on object 'Object Repository/Login As BDM/Page_Fintrak  Core Banking/div_PROCESSING_ui-radiobutton-box ui-widget_a9aaef' (Root cause: com.kms.katalon.core.exception.StepFailedException: Unable to click on object 'Object Repository/Login As BDM/Page_Fintrak  Core Banking/div_PROCESSING_ui-radiobutton-box ui-widget_a9aaef'
	at com.kms.katalon.core.webui.keyword.internal.WebUIKeywordMain.stepFailed(WebUIKeywordMain.groovy:64)
	at com.kms.katalon.core.webui.keyword.internal.WebUIKeywordMain.runKeyword(WebUIKeywordMain.groovy:26)
	at com.kms.katalon.core.webui.keyword.builtin.ClickKeyword.click(ClickKeyword.groovy:75)
	at com.kms.katalon.core.webui.keyword.builtin.ClickKeyword.execute(ClickKeyword.groovy:42)
	at com.kms.katalon.core.keyword.internal.KeywordExecutor.executeKeywordForPlatform(KeywordExecutor.groovy:74)
	at com.kms.katalon.core.webui.keyword.WebUiBuiltInKeywords.click(WebUiBuiltInKeywords.groovy:620)
	at com.kms.katalon.core.webui.keyword.WebUiBuiltInKeywords$click$3.call(Unknown Source)
	at Login As BDM.run(Login As BDM:37)
	at com.kms.katalon.core.main.ScriptEngine.run(ScriptEngine.java:194)
	at com.kms.katalon.core.main.ScriptEngine.runScriptAsRawText(ScriptEngine.java:119)
	at com.kms.katalon.core.main.TestCaseExecutor.runScript(TestCaseExecutor.java:430)
	at com.kms.katalon.core.main.TestCaseExecutor.doExecute(TestCaseExecutor.java:421)
	at com.kms.katalon.core.main.TestCaseExecutor.processExecutionPhase(TestCaseExecutor.java:400)
	at com.kms.katalon.core.main.TestCaseExecutor.accessMainPhase(TestCaseExecutor.java:392)
	at com.kms.katalon.core.main.TestCaseExecutor.execute(TestCaseExecutor.java:273)
	at com.kms.katalon.core.main.TestCaseExecutor.execute(TestCaseExecutor.java:351)
	at com.kms.katalon.core.main.TestCaseExecutor.execute(TestCaseExecutor.java:351)
	at com.kms.katalon.core.main.TestCaseExecutor.execute(TestCaseExecutor.java:351)
	at com.kms.katalon.core.main.TestSuiteExecutor.accessTestCaseMainPhase(TestSuiteExecutor.java:202)
	at com.kms.katalon.core.main.TestSuiteExecutor.accessTestSuiteMainPhase(TestSuiteExecutor.java:164)
	at com.kms.katalon.core.main.TestSuiteExecutor.execute(TestSuiteExecutor.java:105)
	at com.kms.katalon.core.main.TestCaseMain.startTestSuite(TestCaseMain.java:185)
	at com.kms.katalon.core.main.TestCaseMain$startTestSuite$0.call(Unknown Source)
	at TempTestSuite1637676172355.run(TempTestSuite1637676172355.groovy:36)
Caused by: org.openqa.selenium.ElementClickInterceptedException: element click intercepted: Element is not clickable at point (668, 673)
  (Session info: chrome=95.0.4638.69)
Build info: version: '3.141.59', revision: 'e82be7d358', time: '2018-11-14T08:25:53'
System info: host: 'INAOBATAN', ip: '172.20.10.3', os.name: 'Windows 10', os.arch: 'amd64', os.version: '10.0', java.version: '1.8.0_282'
Driver info: com.kms.katalon.selenium.driver.CChromeDriver
Capabilities {acceptInsecureCerts: false, browserName: chrome, browserVersion: 95.0.4638.69, chrome: {chromedriverVersion: 95.0.4638.69 (6a1600ed572fe..., userDataDir: C:\Users\INAOBA~1.OLA\AppDa...}, goog:chromeOptions: {debuggerAddress: localhost:58846}, javascriptEnabled: true, networkConnectionEnabled: false, pageLoadStrategy: normal, platform: WINDOWS, platformName: WINDOWS, proxy: Proxy(), setWindowRect: true, strictFileInteractability: false, timeouts: {implicit: 0, pageLoad: 300000, script: 30000}, unhandledPromptBehavior: dismiss and notify, webauthn:extension:credBlob: true, webauthn:extension:largeBlob: true, webauthn:virtualAuthenticators: true}
Session ID: 18019bf05e913c79d9ec858e2373e54c
	at org.openqa.selenium.remote.http.W3CHttpResponseCodec.createException(W3CHttpResponseCodec.java:187)
	at org.openqa.selenium.remote.http.W3CHttpResponseCodec.decode(W3CHttpResponseCodec.java:122)
	at org.openqa.selenium.remote.http.W3CHttpResponseCodec.decode(W3CHttpResponseCodec.java:49)
	at org.openqa.selenium.remote.HttpCommandExecutor.execute(HttpCommandExecutor.java:158)
	at org.openqa.selenium.remote.service.DriverCommandExecutor.execute(DriverCommandExecutor.java:83)
	at org.openqa.selenium.remote.RemoteWebDriver.execute(RemoteWebDriver.java:552)
	at com.kms.katalon.selenium.driver.CChromeDriver.execute(CChromeDriver.java:19)
	at org.openqa.selenium.remote.RemoteWebElement.execute(RemoteWebElement.java:285)
	at org.openqa.selenium.remote.RemoteWebElement.click(RemoteWebElement.java:84)
	at org.openqa.selenium.support.events.EventFiringWebDriver$EventFiringWebElement.lambda$new$0(EventFiringWebDriver.java:404)
	at com.sun.proxy.$Proxy11.click(Unknown Source)
	at org.openqa.selenium.support.events.EventFiringWebDriver$EventFiringWebElement.click(EventFiringWebDriver.java:417)
	at com.kms.katalon.core.webui.keyword.builtin.ClickKeyword$_click_closure1.doCall(ClickKeyword.groovy:68)
	at com.kms.katalon.core.webui.keyword.builtin.ClickKeyword$_click_closure1.call(ClickKeyword.groovy)
	at com.kms.katalon.core.webui.keyword.internal.WebUIKeywordMain.runKeyword(WebUIKeywordMain.groovy:20)
	at com.kms.katalon.core.webui.keyword.builtin.ClickKeyword.click(ClickKeyword.groovy:75)
	at com.kms.katalon.core.webui.keyword.builtin.ClickKeyword.execute(ClickKeyword.groovy:42)
	at com.kms.katalon.core.keyword.internal.KeywordExecutor.executeKeywordForPlatform(KeywordExecutor.groovy:74)
	at com.kms.katalon.core.webui.keyword.WebUiBuiltInKeywords.click(WebUiBuiltInKeywords.groovy:620)
	at com.kms.katalon.core.webui.keyword.WebUiBuiltInKeywords$click$3.call(Unknown Source)
	at Script1637659447331.run(Script1637659447331.groovy:37)
	... 16 more
)

2021-11-23 15:25:44 - [MESSAGE][FAILED] - Unable to click on object 'Object Repository/Login As BDM/Page_Fintrak  Core Banking/div_PROCESSING_ui-radiobutton-box ui-widget_a9aaef' (Root cause: com.kms.katalon.core.exception.StepFailedException: Unable to click on object 'Object Repository/Login As BDM/Page_Fintrak  Core Banking/div_PROCESSING_ui-radiobutton-box ui-widget_a9aaef'
	at com.kms.katalon.core.webui.keyword.internal.WebUIKeywordMain.stepFailed(WebUIKeywordMain.groovy:64)
	at com.kms.katalon.core.webui.keyword.internal.WebUIKeywordMain.runKeyword(WebUIKeywordMain.groovy:26)
	at com.kms.katalon.core.webui.keyword.builtin.ClickKeyword.click(ClickKeyword.groovy:75)
	at com.kms.katalon.core.webui.keyword.builtin.ClickKeyword.execute(ClickKeyword.groovy:42)
	at com.kms.katalon.core.keyword.internal.KeywordExecutor.executeKeywordForPlatform(KeywordExecutor.groovy:74)
	at com.kms.katalon.core.webui.keyword.WebUiBuiltInKeywords.click(WebUiBuiltInKeywords.groovy:620)
	at com.kms.katalon.core.webui.keyword.WebUiBuiltInKeywords$click$3.call(Unknown Source)
	at Login As BDM.run(Login As BDM:37)
	at com.kms.katalon.core.main.ScriptEngine.run(ScriptEngine.java:194)
	at com.kms.katalon.core.main.ScriptEngine.runScriptAsRawText(ScriptEngine.java:119)
	at com.kms.katalon.core.main.TestCaseExecutor.runScript(TestCaseExecutor.java:430)
	at com.kms.katalon.core.main.TestCaseExecutor.doExecute(TestCaseExecutor.java:421)
	at com.kms.katalon.core.main.TestCaseExecutor.processExecutionPhase(TestCaseExecutor.java:400)
	at com.kms.katalon.core.main.TestCaseExecutor.accessMainPhase(TestCaseExecutor.java:392)
	at com.kms.katalon.core.main.TestCaseExecutor.execute(TestCaseExecutor.java:273)
	at com.kms.katalon.core.main.TestCaseExecutor.execute(TestCaseExecutor.java:351)
	at com.kms.katalon.core.main.TestCaseExecutor.execute(TestCaseExecutor.java:351)
	at com.kms.katalon.core.main.TestCaseExecutor.execute(TestCaseExecutor.java:351)
	at com.kms.katalon.core.main.TestSuiteExecutor.accessTestCaseMainPhase(TestSuiteExecutor.java:202)
	at com.kms.katalon.core.main.TestSuiteExecutor.accessTestSuiteMainPhase(TestSuiteExecutor.java:164)
	at com.kms.katalon.core.main.TestSuiteExecutor.execute(TestSuiteExecutor.java:105)
	at com.kms.katalon.core.main.TestCaseMain.startTestSuite(TestCaseMain.java:185)
	at com.kms.katalon.core.main.TestCaseMain$startTestSuite$0.call(Unknown Source)
	at TempTestSuite1637676172355.run(TempTestSuite1637676172355.groovy:36)
Caused by: org.openqa.selenium.ElementClickInterceptedException: element click intercepted: Element is not clickable at point (668, 673)
  (Session info: chrome=95.0.4638.69)
Build info: version: '3.141.59', revision: 'e82be7d358', time: '2018-11-14T08:25:53'
System info: host: 'INAOBATAN', ip: '172.20.10.3', os.name: 'Windows 10', os.arch: 'amd64', os.version: '10.0', java.version: '1.8.0_282'
Driver info: com.kms.katalon.selenium.driver.CChromeDriver
Capabilities {acceptInsecureCerts: false, browserName: chrome, browserVersion: 95.0.4638.69, chrome: {chromedriverVersion: 95.0.4638.69 (6a1600ed572fe..., userDataDir: C:\Users\INAOBA~1.OLA\AppDa...}, goog:chromeOptions: {debuggerAddress: localhost:58846}, javascriptEnabled: true, networkConnectionEnabled: false, pageLoadStrategy: normal, platform: WINDOWS, platformName: WINDOWS, proxy: Proxy(), setWindowRect: true, strictFileInteractability: false, timeouts: {implicit: 0, pageLoad: 300000, script: 30000}, unhandledPromptBehavior: dismiss and notify, webauthn:extension:credBlob: true, webauthn:extension:largeBlob: true, webauthn:virtualAuthenticators: true}
Session ID: 18019bf05e913c79d9ec858e2373e54c
	at org.openqa.selenium.remote.http.W3CHttpResponseCodec.createException(W3CHttpResponseCodec.java:187)
	at org.openqa.selenium.remote.http.W3CHttpResponseCodec.decode(W3CHttpResponseCodec.java:122)
	at org.openqa.selenium.remote.http.W3CHttpResponseCodec.decode(W3CHttpResponseCodec.java:49)
	at org.openqa.selenium.remote.HttpCommandExecutor.execute(HttpCommandExecutor.java:158)
	at org.openqa.selenium.remote.service.DriverCommandExecutor.execute(DriverCommandExecutor.java:83)
	at org.openqa.selenium.remote.RemoteWebDriver.execute(RemoteWebDriver.java:552)
	at com.kms.katalon.selenium.driver.CChromeDriver.execute(CChromeDriver.java:19)
	at org.openqa.selenium.remote.RemoteWebElement.execute(RemoteWebElement.java:285)
	at org.openqa.selenium.remote.RemoteWebElement.click(RemoteWebElement.java:84)
	at org.openqa.selenium.support.events.EventFiringWebDriver$EventFiringWebElement.lambda$new$0(EventFiringWebDriver.java:404)
	at com.sun.proxy.$Proxy11.click(Unknown Source)
	at org.openqa.selenium.support.events.EventFiringWebDriver$EventFiringWebElement.click(EventFiringWebDriver.java:417)
	at com.kms.katalon.core.webui.keyword.builtin.ClickKeyword$_click_closure1.doCall(ClickKeyword.groovy:68)
	at com.kms.katalon.core.webui.keyword.builtin.ClickKeyword$_click_closure1.call(ClickKeyword.groovy)
	at com.kms.katalon.core.webui.keyword.internal.WebUIKeywordMain.runKeyword(WebUIKeywordMain.groovy:20)
	at com.kms.katalon.core.webui.keyword.builtin.ClickKeyword.click(ClickKeyword.groovy:75)
	at com.kms.katalon.core.webui.keyword.builtin.ClickKeyword.execute(ClickKeyword.groovy:42)
	at com.kms.katalon.core.keyword.internal.KeywordExecutor.executeKeywordForPlatform(KeywordExecutor.groovy:74)
	at com.kms.katalon.core.webui.keyword.WebUiBuiltInKeywords.click(WebUiBuiltInKeywords.groovy:620)
	at com.kms.katalon.core.webui.keyword.WebUiBuiltInKeywords$click$3.call(Unknown Source)
	at Script1637659447331.run(Script1637659447331.groovy:37)
	... 16 more
)
[[ATTACHMENT|C:\\Users\\inaobatan.olawale\\Katalon Studio\\My First Web UI Project\\Reports\\20211123_150252\\FBN Credit360 LOS Operation\\LOS Operation\\20211123_150252\\1637677544876.png]]]]></system-out>
         <system-err><![CDATA[2021-11-23 15:25:12 - [TEST_CASE][FAILED] - Test Cases/FBN Credit360 LOS Opeartion/Login As BDM: Test Cases/FBN Credit360 LOS Opeartion/Login As BDM FAILED.
Reason:
com.kms.katalon.core.exception.StepFailedException: Unable to click on object 'Object Repository/Login As BDM/Page_Fintrak  Core Banking/div_PROCESSING_ui-radiobutton-box ui-widget_a9aaef'
	at com.kms.katalon.core.webui.keyword.internal.WebUIKeywordMain.stepFailed(WebUIKeywordMain.groovy:64)
	at com.kms.katalon.core.webui.keyword.internal.WebUIKeywordMain.runKeyword(WebUIKeywordMain.groovy:26)
	at com.kms.katalon.core.webui.keyword.builtin.ClickKeyword.click(ClickKeyword.groovy:75)
	at com.kms.katalon.core.webui.keyword.builtin.ClickKeyword.execute(ClickKeyword.groovy:42)
	at com.kms.katalon.core.keyword.internal.KeywordExecutor.executeKeywordForPlatform(KeywordExecutor.groovy:74)
	at com.kms.katalon.core.webui.keyword.WebUiBuiltInKeywords.click(WebUiBuiltInKeywords.groovy:620)
	at com.kms.katalon.core.webui.keyword.WebUiBuiltInKeywords$click$3.call(Unknown Source)
	at Login As BDM.run(Login As BDM:37)
	at com.kms.katalon.core.main.ScriptEngine.run(ScriptEngine.java:194)
	at com.kms.katalon.core.main.ScriptEngine.runScriptAsRawText(ScriptEngine.java:119)
	at com.kms.katalon.core.main.TestCaseExecutor.runScript(TestCaseExecutor.java:430)
	at com.kms.katalon.core.main.TestCaseExecutor.doExecute(TestCaseExecutor.java:421)
	at com.kms.katalon.core.main.TestCaseExecutor.processExecutionPhase(TestCaseExecutor.java:400)
	at com.kms.katalon.core.main.TestCaseExecutor.accessMainPhase(TestCaseExecutor.java:392)
	at com.kms.katalon.core.main.TestCaseExecutor.execute(TestCaseExecutor.java:273)
	at com.kms.katalon.core.main.TestCaseExecutor.execute(TestCaseExecutor.java:351)
	at com.kms.katalon.core.main.TestCaseExecutor.execute(TestCaseExecutor.java:351)
	at com.kms.katalon.core.main.TestCaseExecutor.execute(TestCaseExecutor.java:351)
	at com.kms.katalon.core.main.TestSuiteExecutor.accessTestCaseMainPhase(TestSuiteExecutor.java:202)
	at com.kms.katalon.core.main.TestSuiteExecutor.accessTestSuiteMainPhase(TestSuiteExecutor.java:164)
	at com.kms.katalon.core.main.TestSuiteExecutor.execute(TestSuiteExecutor.java:105)
	at com.kms.katalon.core.main.TestCaseMain.startTestSuite(TestCaseMain.java:185)
	at com.kms.katalon.core.main.TestCaseMain$startTestSuite$0.call(Unknown Source)
	at TempTestSuite1637676172355.run(TempTestSuite1637676172355.groovy:36)
Caused by: org.openqa.selenium.ElementClickInterceptedException: element click intercepted: Element is not clickable at point (668, 673)
  (Session info: chrome=95.0.4638.69)
Build info: version: '3.141.59', revision: 'e82be7d358', time: '2018-11-14T08:25:53'
System info: host: 'INAOBATAN', ip: '172.20.10.3', os.name: 'Windows 10', os.arch: 'amd64', os.version: '10.0', java.version: '1.8.0_282'
Driver info: com.kms.katalon.selenium.driver.CChromeDriver
Capabilities {acceptInsecureCerts: false, browserName: chrome, browserVersion: 95.0.4638.69, chrome: {chromedriverVersion: 95.0.4638.69 (6a1600ed572fe..., userDataDir: C:\Users\INAOBA~1.OLA\AppDa...}, goog:chromeOptions: {debuggerAddress: localhost:58846}, javascriptEnabled: true, networkConnectionEnabled: false, pageLoadStrategy: normal, platform: WINDOWS, platformName: WINDOWS, proxy: Proxy(), setWindowRect: true, strictFileInteractability: false, timeouts: {implicit: 0, pageLoad: 300000, script: 30000}, unhandledPromptBehavior: dismiss and notify, webauthn:extension:credBlob: true, webauthn:extension:largeBlob: true, webauthn:virtualAuthenticators: true}
Session ID: 18019bf05e913c79d9ec858e2373e54c
	at org.openqa.selenium.remote.http.W3CHttpResponseCodec.createException(W3CHttpResponseCodec.java:187)
	at org.openqa.selenium.remote.http.W3CHttpResponseCodec.decode(W3CHttpResponseCodec.java:122)
	at org.openqa.selenium.remote.http.W3CHttpResponseCodec.decode(W3CHttpResponseCodec.java:49)
	at org.openqa.selenium.remote.HttpCommandExecutor.execute(HttpCommandExecutor.java:158)
	at org.openqa.selenium.remote.service.DriverCommandExecutor.execute(DriverCommandExecutor.java:83)
	at org.openqa.selenium.remote.RemoteWebDriver.execute(RemoteWebDriver.java:552)
	at com.kms.katalon.selenium.driver.CChromeDriver.execute(CChromeDriver.java:19)
	at org.openqa.selenium.remote.RemoteWebElement.execute(RemoteWebElement.java:285)
	at org.openqa.selenium.remote.RemoteWebElement.click(RemoteWebElement.java:84)
	at org.openqa.selenium.support.events.EventFiringWebDriver$EventFiringWebElement.lambda$new$0(EventFiringWebDriver.java:404)
	at com.sun.proxy.$Proxy11.click(Unknown Source)
	at org.openqa.selenium.support.events.EventFiringWebDriver$EventFiringWebElement.click(EventFiringWebDriver.java:417)
	at com.kms.katalon.core.webui.keyword.builtin.ClickKeyword$_click_closure1.doCall(ClickKeyword.groovy:68)
	at com.kms.katalon.core.webui.keyword.builtin.ClickKeyword$_click_closure1.call(ClickKeyword.groovy)
	at com.kms.katalon.core.webui.keyword.internal.WebUIKeywordMain.runKeyword(WebUIKeywordMain.groovy:20)
	... 22 more]]></system-err>
      </testcase>
      <testcase name="Test Cases/FBN Credit360 LOS Opeartion/Login As GH" time="33.711" classname="Test Cases/FBN Credit360 LOS Opeartion/Login As GH" status="FAILED">
         <failure type="FAILED" message="Test Cases/FBN Credit360 LOS Opeartion/Login As GH FAILED.
Reason:
com.kms.katalon.core.exception.StepFailedException: Unable to click on object 'Object Repository/Login As GH/Page_Fintrak  Core Banking/div_PROCESSING_ui-radiobutton-box ui-widget_a9aaef'
	at com.kms.katalon.core.webui.keyword.internal.WebUIKeywordMain.stepFailed(WebUIKeywordMain.groovy:64)
	at com.kms.katalon.core.webui.keyword.internal.WebUIKeywordMain.runKeyword(WebUIKeywordMain.groovy:26)
	at com.kms.katalon.core.webui.keyword.builtin.ClickKeyword.click(ClickKeyword.groovy:75)
	at com.kms.katalon.core.webui.keyword.builtin.ClickKeyword.execute(ClickKeyword.groovy:42)
	at com.kms.katalon.core.keyword.internal.KeywordExecutor.executeKeywordForPlatform(KeywordExecutor.groovy:74)
	at com.kms.katalon.core.webui.keyword.WebUiBuiltInKeywords.click(WebUiBuiltInKeywords.groovy:620)
	at com.kms.katalon.core.webui.keyword.WebUiBuiltInKeywords$click$3.call(Unknown Source)
	at Login As GH.run(Login As GH:37)
	at com.kms.katalon.core.main.ScriptEngine.run(ScriptEngine.java:194)
	at com.kms.katalon.core.main.ScriptEngine.runScriptAsRawText(ScriptEngine.java:119)
	at com.kms.katalon.core.main.TestCaseExecutor.runScript(TestCaseExecutor.java:430)
	at com.kms.katalon.core.main.TestCaseExecutor.doExecute(TestCaseExecutor.java:421)
	at com.kms.katalon.core.main.TestCaseExecutor.processExecutionPhase(TestCaseExecutor.java:400)
	at com.kms.katalon.core.main.TestCaseExecutor.accessMainPhase(TestCaseExecutor.java:392)
	at com.kms.katalon.core.main.TestCaseExecutor.execute(TestCaseExecutor.java:273)
	at com.kms.katalon.core.main.TestCaseExecutor.execute(TestCaseExecutor.java:351)
	at com.kms.katalon.core.main.TestCaseExecutor.execute(TestCaseExecutor.java:351)
	at com.kms.katalon.core.main.TestCaseExecutor.execute(TestCaseExecutor.java:351)
	at com.kms.katalon.core.main.TestSuiteExecutor.accessTestCaseMainPhase(TestSuiteExecutor.java:202)
	at com.kms.katalon.core.main.TestSuiteExecutor.accessTestSuiteMainPhase(TestSuiteExecutor.java:164)
	at com.kms.katalon.core.main.TestSuiteExecutor.execute(TestSuiteExecutor.java:105)
	at com.kms.katalon.core.main.TestCaseMain.startTestSuite(TestCaseMain.java:185)
	at com.kms.katalon.core.main.TestCaseMain$startTestSuite$0.call(Unknown Source)
	at TempTestSuite1637676172355.run(TempTestSuite1637676172355.groovy:36)
Caused by: org.openqa.selenium.ElementClickInterceptedException: element click intercepted: Element is not clickable at point (668, 673)
  (Session info: chrome=95.0.4638.69)
Build info: version: '3.141.59', revision: 'e82be7d358', time: '2018-11-14T08:25:53'
System info: host: 'INAOBATAN', ip: '172.20.10.3', os.name: 'Windows 10', os.arch: 'amd64', os.version: '10.0', java.version: '1.8.0_282'
Driver info: com.kms.katalon.selenium.driver.CChromeDriver
Capabilities {acceptInsecureCerts: false, browserName: chrome, browserVersion: 95.0.4638.69, chrome: {chromedriverVersion: 95.0.4638.69 (6a1600ed572fe..., userDataDir: C:\Users\INAOBA~1.OLA\AppDa...}, goog:chromeOptions: {debuggerAddress: localhost:59011}, javascriptEnabled: true, networkConnectionEnabled: false, pageLoadStrategy: normal, platform: WINDOWS, platformName: WINDOWS, proxy: Proxy(), setWindowRect: true, strictFileInteractability: false, timeouts: {implicit: 0, pageLoad: 300000, script: 30000}, unhandledPromptBehavior: dismiss and notify, webauthn:extension:credBlob: true, webauthn:extension:largeBlob: true, webauthn:virtualAuthenticators: true}
Session ID: f041ecd52d556a107503e97c30c950fd
	at org.openqa.selenium.remote.http.W3CHttpResponseCodec.createException(W3CHttpResponseCodec.java:187)
	at org.openqa.selenium.remote.http.W3CHttpResponseCodec.decode(W3CHttpResponseCodec.java:122)
	at org.openqa.selenium.remote.http.W3CHttpResponseCodec.decode(W3CHttpResponseCodec.java:49)
	at org.openqa.selenium.remote.HttpCommandExecutor.execute(HttpCommandExecutor.java:158)
	at org.openqa.selenium.remote.service.DriverCommandExecutor.execute(DriverCommandExecutor.java:83)
	at org.openqa.selenium.remote.RemoteWebDriver.execute(RemoteWebDriver.java:552)
	at com.kms.katalon.selenium.driver.CChromeDriver.execute(CChromeDriver.java:19)
	at org.openqa.selenium.remote.RemoteWebElement.execute(RemoteWebElement.java:285)
	at org.openqa.selenium.remote.RemoteWebElement.click(RemoteWebElement.java:84)
	at org.openqa.selenium.support.events.EventFiringWebDriver$EventFiringWebElement.lambda$new$0(EventFiringWebDriver.java:404)
	at com.sun.proxy.$Proxy11.click(Unknown Source)
	at org.openqa.selenium.support.events.EventFiringWebDriver$EventFiringWebElement.click(EventFiringWebDriver.java:417)
	at com.kms.katalon.core.webui.keyword.builtin.ClickKeyword$_click_closure1.doCall(ClickKeyword.groovy:68)
	at com.kms.katalon.core.webui.keyword.builtin.ClickKeyword$_click_closure1.call(ClickKeyword.groovy)
	at com.kms.katalon.core.webui.keyword.internal.WebUIKeywordMain.runKeyword(WebUIKeywordMain.groovy:20)
	... 22 more
"/>
         <system-out><![CDATA[2021-11-23 15:27:22 - [TEST_CASE][FAILED] - Test Cases/FBN Credit360 LOS Opeartion/Login As GH: Test Cases/FBN Credit360 LOS Opeartion/Login As GH FAILED.
Reason:
com.kms.katalon.core.exception.StepFailedException: Unable to click on object 'Object Repository/Login As GH/Page_Fintrak  Core Banking/div_PROCESSING_ui-radiobutton-box ui-widget_a9aaef'
	at com.kms.katalon.core.webui.keyword.internal.WebUIKeywordMain.stepFailed(WebUIKeywordMain.groovy:64)
	at com.kms.katalon.core.webui.keyword.internal.WebUIKeywordMain.runKeyword(WebUIKeywordMain.groovy:26)
	at com.kms.katalon.core.webui.keyword.builtin.ClickKeyword.click(ClickKeyword.groovy:75)
	at com.kms.katalon.core.webui.keyword.builtin.ClickKeyword.execute(ClickKeyword.groovy:42)
	at com.kms.katalon.core.keyword.internal.KeywordExecutor.executeKeywordForPlatform(KeywordExecutor.groovy:74)
	at com.kms.katalon.core.webui.keyword.WebUiBuiltInKeywords.click(WebUiBuiltInKeywords.groovy:620)
	at com.kms.katalon.core.webui.keyword.WebUiBuiltInKeywords$click$3.call(Unknown Source)
	at Login As GH.run(Login As GH:37)
	at com.kms.katalon.core.main.ScriptEngine.run(ScriptEngine.java:194)
	at com.kms.katalon.core.main.ScriptEngine.runScriptAsRawText(ScriptEngine.java:119)
	at com.kms.katalon.core.main.TestCaseExecutor.runScript(TestCaseExecutor.java:430)
	at com.kms.katalon.core.main.TestCaseExecutor.doExecute(TestCaseExecutor.java:421)
	at com.kms.katalon.core.main.TestCaseExecutor.processExecutionPhase(TestCaseExecutor.java:400)
	at com.kms.katalon.core.main.TestCaseExecutor.accessMainPhase(TestCaseExecutor.java:392)
	at com.kms.katalon.core.main.TestCaseExecutor.execute(TestCaseExecutor.java:273)
	at com.kms.katalon.core.main.TestCaseExecutor.execute(TestCaseExecutor.java:351)
	at com.kms.katalon.core.main.TestCaseExecutor.execute(TestCaseExecutor.java:351)
	at com.kms.katalon.core.main.TestCaseExecutor.execute(TestCaseExecutor.java:351)
	at com.kms.katalon.core.main.TestSuiteExecutor.accessTestCaseMainPhase(TestSuiteExecutor.java:202)
	at com.kms.katalon.core.main.TestSuiteExecutor.accessTestSuiteMainPhase(TestSuiteExecutor.java:164)
	at com.kms.katalon.core.main.TestSuiteExecutor.execute(TestSuiteExecutor.java:105)
	at com.kms.katalon.core.main.TestCaseMain.startTestSuite(TestCaseMain.java:185)
	at com.kms.katalon.core.main.TestCaseMain$startTestSuite$0.call(Unknown Source)
	at TempTestSuite1637676172355.run(TempTestSuite1637676172355.groovy:36)
Caused by: org.openqa.selenium.ElementClickInterceptedException: element click intercepted: Element is not clickable at point (668, 673)
  (Session info: chrome=95.0.4638.69)
Build info: version: '3.141.59', revision: 'e82be7d358', time: '2018-11-14T08:25:53'
System info: host: 'INAOBATAN', ip: '172.20.10.3', os.name: 'Windows 10', os.arch: 'amd64', os.version: '10.0', java.version: '1.8.0_282'
Driver info: com.kms.katalon.selenium.driver.CChromeDriver
Capabilities {acceptInsecureCerts: false, browserName: chrome, browserVersion: 95.0.4638.69, chrome: {chromedriverVersion: 95.0.4638.69 (6a1600ed572fe..., userDataDir: C:\Users\INAOBA~1.OLA\AppDa...}, goog:chromeOptions: {debuggerAddress: localhost:59011}, javascriptEnabled: true, networkConnectionEnabled: false, pageLoadStrategy: normal, platform: WINDOWS, platformName: WINDOWS, proxy: Proxy(), setWindowRect: true, strictFileInteractability: false, timeouts: {implicit: 0, pageLoad: 300000, script: 30000}, unhandledPromptBehavior: dismiss and notify, webauthn:extension:credBlob: true, webauthn:extension:largeBlob: true, webauthn:virtualAuthenticators: true}
Session ID: f041ecd52d556a107503e97c30c950fd
	at org.openqa.selenium.remote.http.W3CHttpResponseCodec.createException(W3CHttpResponseCodec.java:187)
	at org.openqa.selenium.remote.http.W3CHttpResponseCodec.decode(W3CHttpResponseCodec.java:122)
	at org.openqa.selenium.remote.http.W3CHttpResponseCodec.decode(W3CHttpResponseCodec.java:49)
	at org.openqa.selenium.remote.HttpCommandExecutor.execute(HttpCommandExecutor.java:158)
	at org.openqa.selenium.remote.service.DriverCommandExecutor.execute(DriverCommandExecutor.java:83)
	at org.openqa.selenium.remote.RemoteWebDriver.execute(RemoteWebDriver.java:552)
	at com.kms.katalon.selenium.driver.CChromeDriver.execute(CChromeDriver.java:19)
	at org.openqa.selenium.remote.RemoteWebElement.execute(RemoteWebElement.java:285)
	at org.openqa.selenium.remote.RemoteWebElement.click(RemoteWebElement.java:84)
	at org.openqa.selenium.support.events.EventFiringWebDriver$EventFiringWebElement.lambda$new$0(EventFiringWebDriver.java:404)
	at com.sun.proxy.$Proxy11.click(Unknown Source)
	at org.openqa.selenium.support.events.EventFiringWebDriver$EventFiringWebElement.click(EventFiringWebDriver.java:417)
	at com.kms.katalon.core.webui.keyword.builtin.ClickKeyword$_click_closure1.doCall(ClickKeyword.groovy:68)
	at com.kms.katalon.core.webui.keyword.builtin.ClickKeyword$_click_closure1.call(ClickKeyword.groovy)
	at com.kms.katalon.core.webui.keyword.internal.WebUIKeywordMain.runKeyword(WebUIKeywordMain.groovy:20)
	... 22 more


2021-11-23 15:27:22 - [TEST_STEP][PASSED] - openBrowser(""): Browser is opened with url: ''

2021-11-23 15:27:22 - [MESSAGE][WARNING] - A browser is already opened. Closing browser and opening a new one

2021-11-23 15:27:22 - [MESSAGE][INFO] - Starting 'Chrome' driver

2021-11-23 15:27:22 - [MESSAGE][INFO] - Action delay is set to 0 milliseconds

2021-11-23 15:27:24 - [MESSAGE][PASSED] - Browser is opened with url: ''

2021-11-23 15:27:24 - [TEST_STEP][PASSED] - navigateToUrl("https://fintrakcredit360web-fb.azurewebsites.net/#/"): Navigate to 'https://fintrakcredit360web-fb.azurewebsites.net/#/' successfully

2021-11-23 15:27:30 - [MESSAGE][PASSED] - Navigate to 'https://fintrakcredit360web-fb.azurewebsites.net/#/' successfully

2021-11-23 15:27:30 - [TEST_STEP][PASSED] - setText(findTestObject("Object Repository/Login As GH/Page_Fintrak  Core Banking/input_Log In_auth-name"), "SN022132"): Text 'SN022132' is set on object 'Object Repository/Login As GH/Page_Fintrak  Core Banking/input_Log In_auth-name'

2021-11-23 15:27:33 - [MESSAGE][PASSED] - Text 'SN022132' is set on object 'Object Repository/Login As GH/Page_Fintrak  Core Banking/input_Log In_auth-name'

2021-11-23 15:27:33 - [TEST_STEP][PASSED] - setEncryptedText(findTestObject("Object Repository/Login As GH/Page_Fintrak  Core Banking/input_Log In_auth-password"), "JltEQgaE0YE="): Text ****** has been set on object 'Object Repository/Login As GH/Page_Fintrak  Core Banking/input_Log In_auth-password'

2021-11-23 15:27:34 - [MESSAGE][PASSED] - Text ****** has been set on object 'Object Repository/Login As GH/Page_Fintrak  Core Banking/input_Log In_auth-password'

2021-11-23 15:27:34 - [TEST_STEP][PASSED] - click(findTestObject("Object Repository/Login As GH/Page_Fintrak  Core Banking/button_Log In")): Object: 'Object Repository/Login As GH/Page_Fintrak  Core Banking/button_Log In' is clicked on

2021-11-23 15:27:34 - [MESSAGE][PASSED] - Object: 'Object Repository/Login As GH/Page_Fintrak  Core Banking/button_Log In' is clicked on

2021-11-23 15:27:34 - [TEST_STEP][PASSED] - click(findTestObject("Object Repository/Login As GH/Page_Fintrak  Core Banking/span_Credit")): Object: 'Object Repository/Login As GH/Page_Fintrak  Core Banking/span_Credit' is clicked on

2021-11-23 15:27:39 - [MESSAGE][PASSED] - Object: 'Object Repository/Login As GH/Page_Fintrak  Core Banking/span_Credit' is clicked on

2021-11-23 15:27:39 - [TEST_STEP][PASSED] - click(findTestObject("Object Repository/Login As GH/Page_Fintrak  Core Banking/span_Credit Origination")): Object: 'Object Repository/Login As GH/Page_Fintrak  Core Banking/span_Credit Origination' is clicked on

2021-11-23 15:27:39 - [MESSAGE][PASSED] - Object: 'Object Repository/Login As GH/Page_Fintrak  Core Banking/span_Credit Origination' is clicked on

2021-11-23 15:27:39 - [TEST_STEP][PASSED] - click(findTestObject("Object Repository/Login As GH/Page_Fintrak  Core Banking/span_Credit Appraisal")): Object: 'Object Repository/Login As GH/Page_Fintrak  Core Banking/span_Credit Appraisal' is clicked on

2021-11-23 15:27:40 - [MESSAGE][PASSED] - Object: 'Object Repository/Login As GH/Page_Fintrak  Core Banking/span_Credit Appraisal' is clicked on

2021-11-23 15:27:40 - [TEST_STEP][FAILED] - click(findTestObject("Object Repository/Login As GH/Page_Fintrak  Core Banking/div_PROCESSING_ui-radiobutton-box ui-widget_a9aaef")): Unable to click on object 'Object Repository/Login As GH/Page_Fintrak  Core Banking/div_PROCESSING_ui-radiobutton-box ui-widget_a9aaef' (Root cause: com.kms.katalon.core.exception.StepFailedException: Unable to click on object 'Object Repository/Login As GH/Page_Fintrak  Core Banking/div_PROCESSING_ui-radiobutton-box ui-widget_a9aaef'
	at com.kms.katalon.core.webui.keyword.internal.WebUIKeywordMain.stepFailed(WebUIKeywordMain.groovy:64)
	at com.kms.katalon.core.webui.keyword.internal.WebUIKeywordMain.runKeyword(WebUIKeywordMain.groovy:26)
	at com.kms.katalon.core.webui.keyword.builtin.ClickKeyword.click(ClickKeyword.groovy:75)
	at com.kms.katalon.core.webui.keyword.builtin.ClickKeyword.execute(ClickKeyword.groovy:42)
	at com.kms.katalon.core.keyword.internal.KeywordExecutor.executeKeywordForPlatform(KeywordExecutor.groovy:74)
	at com.kms.katalon.core.webui.keyword.WebUiBuiltInKeywords.click(WebUiBuiltInKeywords.groovy:620)
	at com.kms.katalon.core.webui.keyword.WebUiBuiltInKeywords$click$3.call(Unknown Source)
	at Login As GH.run(Login As GH:37)
	at com.kms.katalon.core.main.ScriptEngine.run(ScriptEngine.java:194)
	at com.kms.katalon.core.main.ScriptEngine.runScriptAsRawText(ScriptEngine.java:119)
	at com.kms.katalon.core.main.TestCaseExecutor.runScript(TestCaseExecutor.java:430)
	at com.kms.katalon.core.main.TestCaseExecutor.doExecute(TestCaseExecutor.java:421)
	at com.kms.katalon.core.main.TestCaseExecutor.processExecutionPhase(TestCaseExecutor.java:400)
	at com.kms.katalon.core.main.TestCaseExecutor.accessMainPhase(TestCaseExecutor.java:392)
	at com.kms.katalon.core.main.TestCaseExecutor.execute(TestCaseExecutor.java:273)
	at com.kms.katalon.core.main.TestCaseExecutor.execute(TestCaseExecutor.java:351)
	at com.kms.katalon.core.main.TestCaseExecutor.execute(TestCaseExecutor.java:351)
	at com.kms.katalon.core.main.TestCaseExecutor.execute(TestCaseExecutor.java:351)
	at com.kms.katalon.core.main.TestSuiteExecutor.accessTestCaseMainPhase(TestSuiteExecutor.java:202)
	at com.kms.katalon.core.main.TestSuiteExecutor.accessTestSuiteMainPhase(TestSuiteExecutor.java:164)
	at com.kms.katalon.core.main.TestSuiteExecutor.execute(TestSuiteExecutor.java:105)
	at com.kms.katalon.core.main.TestCaseMain.startTestSuite(TestCaseMain.java:185)
	at com.kms.katalon.core.main.TestCaseMain$startTestSuite$0.call(Unknown Source)
	at TempTestSuite1637676172355.run(TempTestSuite1637676172355.groovy:36)
Caused by: org.openqa.selenium.ElementClickInterceptedException: element click intercepted: Element is not clickable at point (668, 673)
  (Session info: chrome=95.0.4638.69)
Build info: version: '3.141.59', revision: 'e82be7d358', time: '2018-11-14T08:25:53'
System info: host: 'INAOBATAN', ip: '172.20.10.3', os.name: 'Windows 10', os.arch: 'amd64', os.version: '10.0', java.version: '1.8.0_282'
Driver info: com.kms.katalon.selenium.driver.CChromeDriver
Capabilities {acceptInsecureCerts: false, browserName: chrome, browserVersion: 95.0.4638.69, chrome: {chromedriverVersion: 95.0.4638.69 (6a1600ed572fe..., userDataDir: C:\Users\INAOBA~1.OLA\AppDa...}, goog:chromeOptions: {debuggerAddress: localhost:59011}, javascriptEnabled: true, networkConnectionEnabled: false, pageLoadStrategy: normal, platform: WINDOWS, platformName: WINDOWS, proxy: Proxy(), setWindowRect: true, strictFileInteractability: false, timeouts: {implicit: 0, pageLoad: 300000, script: 30000}, unhandledPromptBehavior: dismiss and notify, webauthn:extension:credBlob: true, webauthn:extension:largeBlob: true, webauthn:virtualAuthenticators: true}
Session ID: f041ecd52d556a107503e97c30c950fd
	at org.openqa.selenium.remote.http.W3CHttpResponseCodec.createException(W3CHttpResponseCodec.java:187)
	at org.openqa.selenium.remote.http.W3CHttpResponseCodec.decode(W3CHttpResponseCodec.java:122)
	at org.openqa.selenium.remote.http.W3CHttpResponseCodec.decode(W3CHttpResponseCodec.java:49)
	at org.openqa.selenium.remote.HttpCommandExecutor.execute(HttpCommandExecutor.java:158)
	at org.openqa.selenium.remote.service.DriverCommandExecutor.execute(DriverCommandExecutor.java:83)
	at org.openqa.selenium.remote.RemoteWebDriver.execute(RemoteWebDriver.java:552)
	at com.kms.katalon.selenium.driver.CChromeDriver.execute(CChromeDriver.java:19)
	at org.openqa.selenium.remote.RemoteWebElement.execute(RemoteWebElement.java:285)
	at org.openqa.selenium.remote.RemoteWebElement.click(RemoteWebElement.java:84)
	at org.openqa.selenium.support.events.EventFiringWebDriver$EventFiringWebElement.lambda$new$0(EventFiringWebDriver.java:404)
	at com.sun.proxy.$Proxy11.click(Unknown Source)
	at org.openqa.selenium.support.events.EventFiringWebDriver$EventFiringWebElement.click(EventFiringWebDriver.java:417)
	at com.kms.katalon.core.webui.keyword.builtin.ClickKeyword$_click_closure1.doCall(ClickKeyword.groovy:68)
	at com.kms.katalon.core.webui.keyword.builtin.ClickKeyword$_click_closure1.call(ClickKeyword.groovy)
	at com.kms.katalon.core.webui.keyword.internal.WebUIKeywordMain.runKeyword(WebUIKeywordMain.groovy:20)
	at com.kms.katalon.core.webui.keyword.builtin.ClickKeyword.click(ClickKeyword.groovy:75)
	at com.kms.katalon.core.webui.keyword.builtin.ClickKeyword.execute(ClickKeyword.groovy:42)
	at com.kms.katalon.core.keyword.internal.KeywordExecutor.executeKeywordForPlatform(KeywordExecutor.groovy:74)
	at com.kms.katalon.core.webui.keyword.WebUiBuiltInKeywords.click(WebUiBuiltInKeywords.groovy:620)
	at com.kms.katalon.core.webui.keyword.WebUiBuiltInKeywords$click$3.call(Unknown Source)
	at Script1637659447363.run(Script1637659447363.groovy:37)
	... 16 more
)

2021-11-23 15:27:55 - [MESSAGE][FAILED] - Unable to click on object 'Object Repository/Login As GH/Page_Fintrak  Core Banking/div_PROCESSING_ui-radiobutton-box ui-widget_a9aaef' (Root cause: com.kms.katalon.core.exception.StepFailedException: Unable to click on object 'Object Repository/Login As GH/Page_Fintrak  Core Banking/div_PROCESSING_ui-radiobutton-box ui-widget_a9aaef'
	at com.kms.katalon.core.webui.keyword.internal.WebUIKeywordMain.stepFailed(WebUIKeywordMain.groovy:64)
	at com.kms.katalon.core.webui.keyword.internal.WebUIKeywordMain.runKeyword(WebUIKeywordMain.groovy:26)
	at com.kms.katalon.core.webui.keyword.builtin.ClickKeyword.click(ClickKeyword.groovy:75)
	at com.kms.katalon.core.webui.keyword.builtin.ClickKeyword.execute(ClickKeyword.groovy:42)
	at com.kms.katalon.core.keyword.internal.KeywordExecutor.executeKeywordForPlatform(KeywordExecutor.groovy:74)
	at com.kms.katalon.core.webui.keyword.WebUiBuiltInKeywords.click(WebUiBuiltInKeywords.groovy:620)
	at com.kms.katalon.core.webui.keyword.WebUiBuiltInKeywords$click$3.call(Unknown Source)
	at Login As GH.run(Login As GH:37)
	at com.kms.katalon.core.main.ScriptEngine.run(ScriptEngine.java:194)
	at com.kms.katalon.core.main.ScriptEngine.runScriptAsRawText(ScriptEngine.java:119)
	at com.kms.katalon.core.main.TestCaseExecutor.runScript(TestCaseExecutor.java:430)
	at com.kms.katalon.core.main.TestCaseExecutor.doExecute(TestCaseExecutor.java:421)
	at com.kms.katalon.core.main.TestCaseExecutor.processExecutionPhase(TestCaseExecutor.java:400)
	at com.kms.katalon.core.main.TestCaseExecutor.accessMainPhase(TestCaseExecutor.java:392)
	at com.kms.katalon.core.main.TestCaseExecutor.execute(TestCaseExecutor.java:273)
	at com.kms.katalon.core.main.TestCaseExecutor.execute(TestCaseExecutor.java:351)
	at com.kms.katalon.core.main.TestCaseExecutor.execute(TestCaseExecutor.java:351)
	at com.kms.katalon.core.main.TestCaseExecutor.execute(TestCaseExecutor.java:351)
	at com.kms.katalon.core.main.TestSuiteExecutor.accessTestCaseMainPhase(TestSuiteExecutor.java:202)
	at com.kms.katalon.core.main.TestSuiteExecutor.accessTestSuiteMainPhase(TestSuiteExecutor.java:164)
	at com.kms.katalon.core.main.TestSuiteExecutor.execute(TestSuiteExecutor.java:105)
	at com.kms.katalon.core.main.TestCaseMain.startTestSuite(TestCaseMain.java:185)
	at com.kms.katalon.core.main.TestCaseMain$startTestSuite$0.call(Unknown Source)
	at TempTestSuite1637676172355.run(TempTestSuite1637676172355.groovy:36)
Caused by: org.openqa.selenium.ElementClickInterceptedException: element click intercepted: Element is not clickable at point (668, 673)
  (Session info: chrome=95.0.4638.69)
Build info: version: '3.141.59', revision: 'e82be7d358', time: '2018-11-14T08:25:53'
System info: host: 'INAOBATAN', ip: '172.20.10.3', os.name: 'Windows 10', os.arch: 'amd64', os.version: '10.0', java.version: '1.8.0_282'
Driver info: com.kms.katalon.selenium.driver.CChromeDriver
Capabilities {acceptInsecureCerts: false, browserName: chrome, browserVersion: 95.0.4638.69, chrome: {chromedriverVersion: 95.0.4638.69 (6a1600ed572fe..., userDataDir: C:\Users\INAOBA~1.OLA\AppDa...}, goog:chromeOptions: {debuggerAddress: localhost:59011}, javascriptEnabled: true, networkConnectionEnabled: false, pageLoadStrategy: normal, platform: WINDOWS, platformName: WINDOWS, proxy: Proxy(), setWindowRect: true, strictFileInteractability: false, timeouts: {implicit: 0, pageLoad: 300000, script: 30000}, unhandledPromptBehavior: dismiss and notify, webauthn:extension:credBlob: true, webauthn:extension:largeBlob: true, webauthn:virtualAuthenticators: true}
Session ID: f041ecd52d556a107503e97c30c950fd
	at org.openqa.selenium.remote.http.W3CHttpResponseCodec.createException(W3CHttpResponseCodec.java:187)
	at org.openqa.selenium.remote.http.W3CHttpResponseCodec.decode(W3CHttpResponseCodec.java:122)
	at org.openqa.selenium.remote.http.W3CHttpResponseCodec.decode(W3CHttpResponseCodec.java:49)
	at org.openqa.selenium.remote.HttpCommandExecutor.execute(HttpCommandExecutor.java:158)
	at org.openqa.selenium.remote.service.DriverCommandExecutor.execute(DriverCommandExecutor.java:83)
	at org.openqa.selenium.remote.RemoteWebDriver.execute(RemoteWebDriver.java:552)
	at com.kms.katalon.selenium.driver.CChromeDriver.execute(CChromeDriver.java:19)
	at org.openqa.selenium.remote.RemoteWebElement.execute(RemoteWebElement.java:285)
	at org.openqa.selenium.remote.RemoteWebElement.click(RemoteWebElement.java:84)
	at org.openqa.selenium.support.events.EventFiringWebDriver$EventFiringWebElement.lambda$new$0(EventFiringWebDriver.java:404)
	at com.sun.proxy.$Proxy11.click(Unknown Source)
	at org.openqa.selenium.support.events.EventFiringWebDriver$EventFiringWebElement.click(EventFiringWebDriver.java:417)
	at com.kms.katalon.core.webui.keyword.builtin.ClickKeyword$_click_closure1.doCall(ClickKeyword.groovy:68)
	at com.kms.katalon.core.webui.keyword.builtin.ClickKeyword$_click_closure1.call(ClickKeyword.groovy)
	at com.kms.katalon.core.webui.keyword.internal.WebUIKeywordMain.runKeyword(WebUIKeywordMain.groovy:20)
	at com.kms.katalon.core.webui.keyword.builtin.ClickKeyword.click(ClickKeyword.groovy:75)
	at com.kms.katalon.core.webui.keyword.builtin.ClickKeyword.execute(ClickKeyword.groovy:42)
	at com.kms.katalon.core.keyword.internal.KeywordExecutor.executeKeywordForPlatform(KeywordExecutor.groovy:74)
	at com.kms.katalon.core.webui.keyword.WebUiBuiltInKeywords.click(WebUiBuiltInKeywords.groovy:620)
	at com.kms.katalon.core.webui.keyword.WebUiBuiltInKeywords$click$3.call(Unknown Source)
	at Script1637659447363.run(Script1637659447363.groovy:37)
	... 16 more
)
[[ATTACHMENT|C:\\Users\\inaobatan.olawale\\Katalon Studio\\My First Web UI Project\\Reports\\20211123_150252\\FBN Credit360 LOS Operation\\LOS Operation\\20211123_150252\\1637677675705.png]]]]></system-out>
         <system-err><![CDATA[2021-11-23 15:27:22 - [TEST_CASE][FAILED] - Test Cases/FBN Credit360 LOS Opeartion/Login As GH: Test Cases/FBN Credit360 LOS Opeartion/Login As GH FAILED.
Reason:
com.kms.katalon.core.exception.StepFailedException: Unable to click on object 'Object Repository/Login As GH/Page_Fintrak  Core Banking/div_PROCESSING_ui-radiobutton-box ui-widget_a9aaef'
	at com.kms.katalon.core.webui.keyword.internal.WebUIKeywordMain.stepFailed(WebUIKeywordMain.groovy:64)
	at com.kms.katalon.core.webui.keyword.internal.WebUIKeywordMain.runKeyword(WebUIKeywordMain.groovy:26)
	at com.kms.katalon.core.webui.keyword.builtin.ClickKeyword.click(ClickKeyword.groovy:75)
	at com.kms.katalon.core.webui.keyword.builtin.ClickKeyword.execute(ClickKeyword.groovy:42)
	at com.kms.katalon.core.keyword.internal.KeywordExecutor.executeKeywordForPlatform(KeywordExecutor.groovy:74)
	at com.kms.katalon.core.webui.keyword.WebUiBuiltInKeywords.click(WebUiBuiltInKeywords.groovy:620)
	at com.kms.katalon.core.webui.keyword.WebUiBuiltInKeywords$click$3.call(Unknown Source)
	at Login As GH.run(Login As GH:37)
	at com.kms.katalon.core.main.ScriptEngine.run(ScriptEngine.java:194)
	at com.kms.katalon.core.main.ScriptEngine.runScriptAsRawText(ScriptEngine.java:119)
	at com.kms.katalon.core.main.TestCaseExecutor.runScript(TestCaseExecutor.java:430)
	at com.kms.katalon.core.main.TestCaseExecutor.doExecute(TestCaseExecutor.java:421)
	at com.kms.katalon.core.main.TestCaseExecutor.processExecutionPhase(TestCaseExecutor.java:400)
	at com.kms.katalon.core.main.TestCaseExecutor.accessMainPhase(TestCaseExecutor.java:392)
	at com.kms.katalon.core.main.TestCaseExecutor.execute(TestCaseExecutor.java:273)
	at com.kms.katalon.core.main.TestCaseExecutor.execute(TestCaseExecutor.java:351)
	at com.kms.katalon.core.main.TestCaseExecutor.execute(TestCaseExecutor.java:351)
	at com.kms.katalon.core.main.TestCaseExecutor.execute(TestCaseExecutor.java:351)
	at com.kms.katalon.core.main.TestSuiteExecutor.accessTestCaseMainPhase(TestSuiteExecutor.java:202)
	at com.kms.katalon.core.main.TestSuiteExecutor.accessTestSuiteMainPhase(TestSuiteExecutor.java:164)
	at com.kms.katalon.core.main.TestSuiteExecutor.execute(TestSuiteExecutor.java:105)
	at com.kms.katalon.core.main.TestCaseMain.startTestSuite(TestCaseMain.java:185)
	at com.kms.katalon.core.main.TestCaseMain$startTestSuite$0.call(Unknown Source)
	at TempTestSuite1637676172355.run(TempTestSuite1637676172355.groovy:36)
Caused by: org.openqa.selenium.ElementClickInterceptedException: element click intercepted: Element is not clickable at point (668, 673)
  (Session info: chrome=95.0.4638.69)
Build info: version: '3.141.59', revision: 'e82be7d358', time: '2018-11-14T08:25:53'
System info: host: 'INAOBATAN', ip: '172.20.10.3', os.name: 'Windows 10', os.arch: 'amd64', os.version: '10.0', java.version: '1.8.0_282'
Driver info: com.kms.katalon.selenium.driver.CChromeDriver
Capabilities {acceptInsecureCerts: false, browserName: chrome, browserVersion: 95.0.4638.69, chrome: {chromedriverVersion: 95.0.4638.69 (6a1600ed572fe..., userDataDir: C:\Users\INAOBA~1.OLA\AppDa...}, goog:chromeOptions: {debuggerAddress: localhost:59011}, javascriptEnabled: true, networkConnectionEnabled: false, pageLoadStrategy: normal, platform: WINDOWS, platformName: WINDOWS, proxy: Proxy(), setWindowRect: true, strictFileInteractability: false, timeouts: {implicit: 0, pageLoad: 300000, script: 30000}, unhandledPromptBehavior: dismiss and notify, webauthn:extension:credBlob: true, webauthn:extension:largeBlob: true, webauthn:virtualAuthenticators: true}
Session ID: f041ecd52d556a107503e97c30c950fd
	at org.openqa.selenium.remote.http.W3CHttpResponseCodec.createException(W3CHttpResponseCodec.java:187)
	at org.openqa.selenium.remote.http.W3CHttpResponseCodec.decode(W3CHttpResponseCodec.java:122)
	at org.openqa.selenium.remote.http.W3CHttpResponseCodec.decode(W3CHttpResponseCodec.java:49)
	at org.openqa.selenium.remote.HttpCommandExecutor.execute(HttpCommandExecutor.java:158)
	at org.openqa.selenium.remote.service.DriverCommandExecutor.execute(DriverCommandExecutor.java:83)
	at org.openqa.selenium.remote.RemoteWebDriver.execute(RemoteWebDriver.java:552)
	at com.kms.katalon.selenium.driver.CChromeDriver.execute(CChromeDriver.java:19)
	at org.openqa.selenium.remote.RemoteWebElement.execute(RemoteWebElement.java:285)
	at org.openqa.selenium.remote.RemoteWebElement.click(RemoteWebElement.java:84)
	at org.openqa.selenium.support.events.EventFiringWebDriver$EventFiringWebElement.lambda$new$0(EventFiringWebDriver.java:404)
	at com.sun.proxy.$Proxy11.click(Unknown Source)
	at org.openqa.selenium.support.events.EventFiringWebDriver$EventFiringWebElement.click(EventFiringWebDriver.java:417)
	at com.kms.katalon.core.webui.keyword.builtin.ClickKeyword$_click_closure1.doCall(ClickKeyword.groovy:68)
	at com.kms.katalon.core.webui.keyword.builtin.ClickKeyword$_click_closure1.call(ClickKeyword.groovy)
	at com.kms.katalon.core.webui.keyword.internal.WebUIKeywordMain.runKeyword(WebUIKeywordMain.groovy:20)
	... 22 more]]></system-err>
      </testcase>
      <testcase name="Test Cases/FBN Credit360 LOS Opeartion/Login As HOU Route" time="58.429" classname="Test Cases/FBN Credit360 LOS Opeartion/Login As HOU Route" status="PASSED">
         <system-out><![CDATA[2021-11-23 15:29:27 - [TEST_CASE][PASSED] - Test Cases/FBN Credit360 LOS Opeartion/Login As HOU Route: Test Cases/FBN Credit360 LOS Opeartion/Login As HOU Route

2021-11-23 15:29:27 - [TEST_STEP][PASSED] - openBrowser(""): Browser is opened with url: ''

2021-11-23 15:29:27 - [MESSAGE][WARNING] - A browser is already opened. Closing browser and opening a new one

2021-11-23 15:29:28 - [MESSAGE][INFO] - Starting 'Chrome' driver

2021-11-23 15:29:28 - [MESSAGE][INFO] - Action delay is set to 0 milliseconds

2021-11-23 15:29:29 - [MESSAGE][PASSED] - Browser is opened with url: ''

2021-11-23 15:29:29 - [TEST_STEP][PASSED] - navigateToUrl("https://fintrakcredit360web-fb.azurewebsites.net/#/"): Navigate to 'https://fintrakcredit360web-fb.azurewebsites.net/#/' successfully

2021-11-23 15:29:38 - [MESSAGE][PASSED] - Navigate to 'https://fintrakcredit360web-fb.azurewebsites.net/#/' successfully

2021-11-23 15:29:38 - [TEST_STEP][PASSED] - setText(findTestObject("Object Repository/Login As HOU Route/Page_Fintrak  Core Banking/input_Log In_auth-name"), "SN023387"): Text 'SN023387' is set on object 'Object Repository/Login As HOU Route/Page_Fintrak  Core Banking/input_Log In_auth-name'

2021-11-23 15:29:40 - [MESSAGE][PASSED] - Text 'SN023387' is set on object 'Object Repository/Login As HOU Route/Page_Fintrak  Core Banking/input_Log In_auth-name'

2021-11-23 15:29:40 - [TEST_STEP][PASSED] - setEncryptedText(findTestObject("Object Repository/Login As HOU Route/Page_Fintrak  Core Banking/input_Log In_auth-password"), "JltEQgaE0YE="): Text ****** has been set on object 'Object Repository/Login As HOU Route/Page_Fintrak  Core Banking/input_Log In_auth-password'

2021-11-23 15:29:40 - [MESSAGE][PASSED] - Text ****** has been set on object 'Object Repository/Login As HOU Route/Page_Fintrak  Core Banking/input_Log In_auth-password'

2021-11-23 15:29:40 - [TEST_STEP][PASSED] - click(findTestObject("Object Repository/Login As HOU Route/Page_Fintrak  Core Banking/button_Log In")): Object: 'Object Repository/Login As HOU Route/Page_Fintrak  Core Banking/button_Log In' is clicked on

2021-11-23 15:29:41 - [MESSAGE][PASSED] - Object: 'Object Repository/Login As HOU Route/Page_Fintrak  Core Banking/button_Log In' is clicked on

2021-11-23 15:29:41 - [TEST_STEP][PASSED] - click(findTestObject("Object Repository/Login As HOU Route/Page_Fintrak  Core Banking/span_Credit")): Object: 'Object Repository/Login As HOU Route/Page_Fintrak  Core Banking/span_Credit' is clicked on

2021-11-23 15:29:47 - [MESSAGE][PASSED] - Object: 'Object Repository/Login As HOU Route/Page_Fintrak  Core Banking/span_Credit' is clicked on

2021-11-23 15:29:47 - [TEST_STEP][PASSED] - click(findTestObject("Object Repository/Login As HOU Route/Page_Fintrak  Core Banking/span_Credit Origination")): Object: 'Object Repository/Login As HOU Route/Page_Fintrak  Core Banking/span_Credit Origination' is clicked on

2021-11-23 15:29:47 - [MESSAGE][PASSED] - Object: 'Object Repository/Login As HOU Route/Page_Fintrak  Core Banking/span_Credit Origination' is clicked on

2021-11-23 15:29:47 - [TEST_STEP][PASSED] - click(findTestObject("Object Repository/Login As HOU Route/Page_Fintrak  Core Banking/span_Routing")): Object: 'Object Repository/Login As HOU Route/Page_Fintrak  Core Banking/span_Routing' is clicked on

2021-11-23 15:29:48 - [MESSAGE][PASSED] - Object: 'Object Repository/Login As HOU Route/Page_Fintrak  Core Banking/span_Routing' is clicked on

2021-11-23 15:29:48 - [TEST_STEP][PASSED] - click(findTestObject("Object Repository/Login As HOU Route/Page_Fintrak  Core Banking/span_LOS Application Route")): Object: 'Object Repository/Login As HOU Route/Page_Fintrak  Core Banking/span_LOS Application Route' is clicked on

2021-11-23 15:29:48 - [MESSAGE][PASSED] - Object: 'Object Repository/Login As HOU Route/Page_Fintrak  Core Banking/span_LOS Application Route' is clicked on

2021-11-23 15:29:48 - [TEST_STEP][PASSED] - click(findTestObject("Object Repository/Login As HOU Route/Page_Fintrak  Core Banking/div_Approval Level_ui-radiobutton-box ui-wi_6d9b00")): Object: 'Object Repository/Login As HOU Route/Page_Fintrak  Core Banking/div_Approval Level_ui-radiobutton-box ui-wi_6d9b00' is clicked on

2021-11-23 15:30:05 - [MESSAGE][PASSED] - Object: 'Object Repository/Login As HOU Route/Page_Fintrak  Core Banking/div_Approval Level_ui-radiobutton-box ui-wi_6d9b00' is clicked on

2021-11-23 15:30:05 - [TEST_STEP][PASSED] - click(findTestObject("Object Repository/Login As HOU Route/Page_Fintrak  Core Banking/button_Re-route")): Object: 'Object Repository/Login As HOU Route/Page_Fintrak  Core Banking/button_Re-route' is clicked on

2021-11-23 15:30:15 - [MESSAGE][PASSED] - Object: 'Object Repository/Login As HOU Route/Page_Fintrak  Core Banking/button_Re-route' is clicked on

2021-11-23 15:30:15 - [TEST_STEP][PASSED] - setText(findTestObject("Object Repository/Login As HOU Route/Page_Fintrak  Core Banking/input__search"), "SN02444"): Text 'SN02444' is set on object 'Object Repository/Login As HOU Route/Page_Fintrak  Core Banking/input__search'

2021-11-23 15:30:15 - [MESSAGE][PASSED] - Text 'SN02444' is set on object 'Object Repository/Login As HOU Route/Page_Fintrak  Core Banking/input__search'

2021-11-23 15:30:15 - [TEST_STEP][PASSED] - click(findTestObject("Object Repository/Login As HOU Route/Page_Fintrak  Core Banking/td_SN024441")): Object: 'Object Repository/Login As HOU Route/Page_Fintrak  Core Banking/td_SN024441' is clicked on

2021-11-23 15:30:18 - [MESSAGE][PASSED] - Object: 'Object Repository/Login As HOU Route/Page_Fintrak  Core Banking/td_SN024441' is clicked on

2021-11-23 15:30:18 - [TEST_STEP][PASSED] - setText(findTestObject("Object Repository/Login As HOU Route/Page_Fintrak  Core Banking/textarea_Comment_comment"), "k"): Text 'k' is set on object 'Object Repository/Login As HOU Route/Page_Fintrak  Core Banking/textarea_Comment_comment'

2021-11-23 15:30:19 - [MESSAGE][PASSED] - Text 'k' is set on object 'Object Repository/Login As HOU Route/Page_Fintrak  Core Banking/textarea_Comment_comment'

2021-11-23 15:30:19 - [TEST_STEP][PASSED] - click(findTestObject("Object Repository/Login As HOU Route/Page_Fintrak  Core Banking/button_Send")): Object: 'Object Repository/Login As HOU Route/Page_Fintrak  Core Banking/button_Send' is clicked on

2021-11-23 15:30:19 - [MESSAGE][PASSED] - Object: 'Object Repository/Login As HOU Route/Page_Fintrak  Core Banking/button_Send' is clicked on

2021-11-23 15:30:19 - [TEST_STEP][PASSED] - click(findTestObject("Object Repository/Login As HOU Route/Page_Fintrak  Core Banking/button_OK")): Object: 'Object Repository/Login As HOU Route/Page_Fintrak  Core Banking/button_OK' is clicked on

2021-11-23 15:30:26 - [MESSAGE][PASSED] - Object: 'Object Repository/Login As HOU Route/Page_Fintrak  Core Banking/button_OK' is clicked on]]></system-out>
         <system-err><![CDATA[]]></system-err>
      </testcase>
      <testcase name="Test Cases/FBN Credit360 LOS Opeartion/Login As The Credit Analyst" time="37.357" classname="Test Cases/FBN Credit360 LOS Opeartion/Login As The Credit Analyst" status="FAILED">
         <failure type="FAILED" message="Test Cases/FBN Credit360 LOS Opeartion/Login As The Credit Analyst FAILED.
Reason:
com.kms.katalon.core.exception.StepFailedException: Unable to click on object 'Object Repository/Login As The Credit Analyst/Page_Fintrak  Core Banking/div_PROCESSING_ui-radiobutton-box ui-widget_a9aaef'
	at com.kms.katalon.core.webui.keyword.internal.WebUIKeywordMain.stepFailed(WebUIKeywordMain.groovy:64)
	at com.kms.katalon.core.webui.keyword.internal.WebUIKeywordMain.runKeyword(WebUIKeywordMain.groovy:26)
	at com.kms.katalon.core.webui.keyword.builtin.ClickKeyword.click(ClickKeyword.groovy:75)
	at com.kms.katalon.core.webui.keyword.builtin.ClickKeyword.execute(ClickKeyword.groovy:42)
	at com.kms.katalon.core.keyword.internal.KeywordExecutor.executeKeywordForPlatform(KeywordExecutor.groovy:74)
	at com.kms.katalon.core.webui.keyword.WebUiBuiltInKeywords.click(WebUiBuiltInKeywords.groovy:620)
	at com.kms.katalon.core.webui.keyword.WebUiBuiltInKeywords$click$3.call(Unknown Source)
	at Login As The Credit Analyst.run(Login As The Credit Analyst:38)
	at com.kms.katalon.core.main.ScriptEngine.run(ScriptEngine.java:194)
	at com.kms.katalon.core.main.ScriptEngine.runScriptAsRawText(ScriptEngine.java:119)
	at com.kms.katalon.core.main.TestCaseExecutor.runScript(TestCaseExecutor.java:430)
	at com.kms.katalon.core.main.TestCaseExecutor.doExecute(TestCaseExecutor.java:421)
	at com.kms.katalon.core.main.TestCaseExecutor.processExecutionPhase(TestCaseExecutor.java:400)
	at com.kms.katalon.core.main.TestCaseExecutor.accessMainPhase(TestCaseExecutor.java:392)
	at com.kms.katalon.core.main.TestCaseExecutor.execute(TestCaseExecutor.java:273)
	at com.kms.katalon.core.main.TestCaseExecutor.execute(TestCaseExecutor.java:351)
	at com.kms.katalon.core.main.TestCaseExecutor.execute(TestCaseExecutor.java:351)
	at com.kms.katalon.core.main.TestCaseExecutor.execute(TestCaseExecutor.java:351)
	at com.kms.katalon.core.main.TestSuiteExecutor.accessTestCaseMainPhase(TestSuiteExecutor.java:202)
	at com.kms.katalon.core.main.TestSuiteExecutor.accessTestSuiteMainPhase(TestSuiteExecutor.java:164)
	at com.kms.katalon.core.main.TestSuiteExecutor.execute(TestSuiteExecutor.java:105)
	at com.kms.katalon.core.main.TestCaseMain.startTestSuite(TestCaseMain.java:185)
	at com.kms.katalon.core.main.TestCaseMain$startTestSuite$0.call(Unknown Source)
	at TempTestSuite1637676172355.run(TempTestSuite1637676172355.groovy:36)
Caused by: org.openqa.selenium.ElementClickInterceptedException: element click intercepted: Element is not clickable at point (668, 673)
  (Session info: chrome=95.0.4638.69)
Build info: version: '3.141.59', revision: 'e82be7d358', time: '2018-11-14T08:25:53'
System info: host: 'INAOBATAN', ip: '172.20.10.3', os.name: 'Windows 10', os.arch: 'amd64', os.version: '10.0', java.version: '1.8.0_282'
Driver info: com.kms.katalon.selenium.driver.CChromeDriver
Capabilities {acceptInsecureCerts: false, browserName: chrome, browserVersion: 95.0.4638.69, chrome: {chromedriverVersion: 95.0.4638.69 (6a1600ed572fe..., userDataDir: C:\Users\INAOBA~1.OLA\AppDa...}, goog:chromeOptions: {debuggerAddress: localhost:59359}, javascriptEnabled: true, networkConnectionEnabled: false, pageLoadStrategy: normal, platform: WINDOWS, platformName: WINDOWS, proxy: Proxy(), setWindowRect: true, strictFileInteractability: false, timeouts: {implicit: 0, pageLoad: 300000, script: 30000}, unhandledPromptBehavior: dismiss and notify, webauthn:extension:credBlob: true, webauthn:extension:largeBlob: true, webauthn:virtualAuthenticators: true}
Session ID: afe9105662ced2da8e7c3d23ff9ba657
	at org.openqa.selenium.remote.http.W3CHttpResponseCodec.createException(W3CHttpResponseCodec.java:187)
	at org.openqa.selenium.remote.http.W3CHttpResponseCodec.decode(W3CHttpResponseCodec.java:122)
	at org.openqa.selenium.remote.http.W3CHttpResponseCodec.decode(W3CHttpResponseCodec.java:49)
	at org.openqa.selenium.remote.HttpCommandExecutor.execute(HttpCommandExecutor.java:158)
	at org.openqa.selenium.remote.service.DriverCommandExecutor.execute(DriverCommandExecutor.java:83)
	at org.openqa.selenium.remote.RemoteWebDriver.execute(RemoteWebDriver.java:552)
	at com.kms.katalon.selenium.driver.CChromeDriver.execute(CChromeDriver.java:19)
	at org.openqa.selenium.remote.RemoteWebElement.execute(RemoteWebElement.java:285)
	at org.openqa.selenium.remote.RemoteWebElement.click(RemoteWebElement.java:84)
	at org.openqa.selenium.support.events.EventFiringWebDriver$EventFiringWebElement.lambda$new$0(EventFiringWebDriver.java:404)
	at com.sun.proxy.$Proxy11.click(Unknown Source)
	at org.openqa.selenium.support.events.EventFiringWebDriver$EventFiringWebElement.click(EventFiringWebDriver.java:417)
	at com.kms.katalon.core.webui.keyword.builtin.ClickKeyword$_click_closure1.doCall(ClickKeyword.groovy:68)
	at com.kms.katalon.core.webui.keyword.builtin.ClickKeyword$_click_closure1.call(ClickKeyword.groovy)
	at com.kms.katalon.core.webui.keyword.internal.WebUIKeywordMain.runKeyword(WebUIKeywordMain.groovy:20)
	... 22 more
"/>
         <system-out><![CDATA[2021-11-23 15:33:18 - [TEST_CASE][FAILED] - Test Cases/FBN Credit360 LOS Opeartion/Login As The Credit Analyst: Test Cases/FBN Credit360 LOS Opeartion/Login As The Credit Analyst FAILED.
Reason:
com.kms.katalon.core.exception.StepFailedException: Unable to click on object 'Object Repository/Login As The Credit Analyst/Page_Fintrak  Core Banking/div_PROCESSING_ui-radiobutton-box ui-widget_a9aaef'
	at com.kms.katalon.core.webui.keyword.internal.WebUIKeywordMain.stepFailed(WebUIKeywordMain.groovy:64)
	at com.kms.katalon.core.webui.keyword.internal.WebUIKeywordMain.runKeyword(WebUIKeywordMain.groovy:26)
	at com.kms.katalon.core.webui.keyword.builtin.ClickKeyword.click(ClickKeyword.groovy:75)
	at com.kms.katalon.core.webui.keyword.builtin.ClickKeyword.execute(ClickKeyword.groovy:42)
	at com.kms.katalon.core.keyword.internal.KeywordExecutor.executeKeywordForPlatform(KeywordExecutor.groovy:74)
	at com.kms.katalon.core.webui.keyword.WebUiBuiltInKeywords.click(WebUiBuiltInKeywords.groovy:620)
	at com.kms.katalon.core.webui.keyword.WebUiBuiltInKeywords$click$3.call(Unknown Source)
	at Login As The Credit Analyst.run(Login As The Credit Analyst:38)
	at com.kms.katalon.core.main.ScriptEngine.run(ScriptEngine.java:194)
	at com.kms.katalon.core.main.ScriptEngine.runScriptAsRawText(ScriptEngine.java:119)
	at com.kms.katalon.core.main.TestCaseExecutor.runScript(TestCaseExecutor.java:430)
	at com.kms.katalon.core.main.TestCaseExecutor.doExecute(TestCaseExecutor.java:421)
	at com.kms.katalon.core.main.TestCaseExecutor.processExecutionPhase(TestCaseExecutor.java:400)
	at com.kms.katalon.core.main.TestCaseExecutor.accessMainPhase(TestCaseExecutor.java:392)
	at com.kms.katalon.core.main.TestCaseExecutor.execute(TestCaseExecutor.java:273)
	at com.kms.katalon.core.main.TestCaseExecutor.execute(TestCaseExecutor.java:351)
	at com.kms.katalon.core.main.TestCaseExecutor.execute(TestCaseExecutor.java:351)
	at com.kms.katalon.core.main.TestCaseExecutor.execute(TestCaseExecutor.java:351)
	at com.kms.katalon.core.main.TestSuiteExecutor.accessTestCaseMainPhase(TestSuiteExecutor.java:202)
	at com.kms.katalon.core.main.TestSuiteExecutor.accessTestSuiteMainPhase(TestSuiteExecutor.java:164)
	at com.kms.katalon.core.main.TestSuiteExecutor.execute(TestSuiteExecutor.java:105)
	at com.kms.katalon.core.main.TestCaseMain.startTestSuite(TestCaseMain.java:185)
	at com.kms.katalon.core.main.TestCaseMain$startTestSuite$0.call(Unknown Source)
	at TempTestSuite1637676172355.run(TempTestSuite1637676172355.groovy:36)
Caused by: org.openqa.selenium.ElementClickInterceptedException: element click intercepted: Element is not clickable at point (668, 673)
  (Session info: chrome=95.0.4638.69)
Build info: version: '3.141.59', revision: 'e82be7d358', time: '2018-11-14T08:25:53'
System info: host: 'INAOBATAN', ip: '172.20.10.3', os.name: 'Windows 10', os.arch: 'amd64', os.version: '10.0', java.version: '1.8.0_282'
Driver info: com.kms.katalon.selenium.driver.CChromeDriver
Capabilities {acceptInsecureCerts: false, browserName: chrome, browserVersion: 95.0.4638.69, chrome: {chromedriverVersion: 95.0.4638.69 (6a1600ed572fe..., userDataDir: C:\Users\INAOBA~1.OLA\AppDa...}, goog:chromeOptions: {debuggerAddress: localhost:59359}, javascriptEnabled: true, networkConnectionEnabled: false, pageLoadStrategy: normal, platform: WINDOWS, platformName: WINDOWS, proxy: Proxy(), setWindowRect: true, strictFileInteractability: false, timeouts: {implicit: 0, pageLoad: 300000, script: 30000}, unhandledPromptBehavior: dismiss and notify, webauthn:extension:credBlob: true, webauthn:extension:largeBlob: true, webauthn:virtualAuthenticators: true}
Session ID: afe9105662ced2da8e7c3d23ff9ba657
	at org.openqa.selenium.remote.http.W3CHttpResponseCodec.createException(W3CHttpResponseCodec.java:187)
	at org.openqa.selenium.remote.http.W3CHttpResponseCodec.decode(W3CHttpResponseCodec.java:122)
	at org.openqa.selenium.remote.http.W3CHttpResponseCodec.decode(W3CHttpResponseCodec.java:49)
	at org.openqa.selenium.remote.HttpCommandExecutor.execute(HttpCommandExecutor.java:158)
	at org.openqa.selenium.remote.service.DriverCommandExecutor.execute(DriverCommandExecutor.java:83)
	at org.openqa.selenium.remote.RemoteWebDriver.execute(RemoteWebDriver.java:552)
	at com.kms.katalon.selenium.driver.CChromeDriver.execute(CChromeDriver.java:19)
	at org.openqa.selenium.remote.RemoteWebElement.execute(RemoteWebElement.java:285)
	at org.openqa.selenium.remote.RemoteWebElement.click(RemoteWebElement.java:84)
	at org.openqa.selenium.support.events.EventFiringWebDriver$EventFiringWebElement.lambda$new$0(EventFiringWebDriver.java:404)
	at com.sun.proxy.$Proxy11.click(Unknown Source)
	at org.openqa.selenium.support.events.EventFiringWebDriver$EventFiringWebElement.click(EventFiringWebDriver.java:417)
	at com.kms.katalon.core.webui.keyword.builtin.ClickKeyword$_click_closure1.doCall(ClickKeyword.groovy:68)
	at com.kms.katalon.core.webui.keyword.builtin.ClickKeyword$_click_closure1.call(ClickKeyword.groovy)
	at com.kms.katalon.core.webui.keyword.internal.WebUIKeywordMain.runKeyword(WebUIKeywordMain.groovy:20)
	... 22 more


2021-11-23 15:33:18 - [TEST_STEP][PASSED] - openBrowser(""): Browser is opened with url: ''

2021-11-23 15:33:18 - [MESSAGE][WARNING] - A browser is already opened. Closing browser and opening a new one

2021-11-23 15:33:19 - [MESSAGE][INFO] - Starting 'Chrome' driver

2021-11-23 15:33:19 - [MESSAGE][INFO] - Action delay is set to 0 milliseconds

2021-11-23 15:33:20 - [MESSAGE][PASSED] - Browser is opened with url: ''

2021-11-23 15:33:20 - [TEST_STEP][PASSED] - navigateToUrl("https://fintrakcredit360web-fb.azurewebsites.net/#/"): Navigate to 'https://fintrakcredit360web-fb.azurewebsites.net/#/' successfully

2021-11-23 15:33:33 - [MESSAGE][PASSED] - Navigate to 'https://fintrakcredit360web-fb.azurewebsites.net/#/' successfully

2021-11-23 15:33:33 - [TEST_STEP][PASSED] - setText(findTestObject("Object Repository/Login As The Credit Analyst/Page_Fintrak  Core Banking/input_Log In_auth-name"), "SN024441"): Text 'SN024441' is set on object 'Object Repository/Login As The Credit Analyst/Page_Fintrak  Core Banking/input_Log In_auth-name'

2021-11-23 15:33:35 - [MESSAGE][PASSED] - Text 'SN024441' is set on object 'Object Repository/Login As The Credit Analyst/Page_Fintrak  Core Banking/input_Log In_auth-name'

2021-11-23 15:33:35 - [TEST_STEP][PASSED] - setEncryptedText(findTestObject("Object Repository/Login As The Credit Analyst/Page_Fintrak  Core Banking/input_Log In_auth-password"), "JltEQgaE0YE="): Text ****** has been set on object 'Object Repository/Login As The Credit Analyst/Page_Fintrak  Core Banking/input_Log In_auth-password'

2021-11-23 15:33:36 - [MESSAGE][PASSED] - Text ****** has been set on object 'Object Repository/Login As The Credit Analyst/Page_Fintrak  Core Banking/input_Log In_auth-password'

2021-11-23 15:33:36 - [TEST_STEP][PASSED] - click(findTestObject("Object Repository/Login As The Credit Analyst/Page_Fintrak  Core Banking/button_Log In")): Object: 'Object Repository/Login As The Credit Analyst/Page_Fintrak  Core Banking/button_Log In' is clicked on

2021-11-23 15:33:36 - [MESSAGE][PASSED] - Object: 'Object Repository/Login As The Credit Analyst/Page_Fintrak  Core Banking/button_Log In' is clicked on

2021-11-23 15:33:36 - [TEST_STEP][PASSED] - click(findTestObject("Object Repository/Login As The Credit Analyst/Page_Fintrak  Core Banking/span_Credit")): Object: 'Object Repository/Login As The Credit Analyst/Page_Fintrak  Core Banking/span_Credit' is clicked on

2021-11-23 15:33:42 - [MESSAGE][PASSED] - Object: 'Object Repository/Login As The Credit Analyst/Page_Fintrak  Core Banking/span_Credit' is clicked on

2021-11-23 15:33:42 - [TEST_STEP][PASSED] - click(findTestObject("Object Repository/Login As The Credit Analyst/Page_Fintrak  Core Banking/span_Credit Origination")): Object: 'Object Repository/Login As The Credit Analyst/Page_Fintrak  Core Banking/span_Credit Origination' is clicked on

2021-11-23 15:33:42 - [MESSAGE][PASSED] - Object: 'Object Repository/Login As The Credit Analyst/Page_Fintrak  Core Banking/span_Credit Origination' is clicked on

2021-11-23 15:33:42 - [TEST_STEP][PASSED] - click(findTestObject("Object Repository/Login As The Credit Analyst/Page_Fintrak  Core Banking/span_Credit Appraisal")): Object: 'Object Repository/Login As The Credit Analyst/Page_Fintrak  Core Banking/span_Credit Appraisal' is clicked on

2021-11-23 15:33:43 - [MESSAGE][PASSED] - Object: 'Object Repository/Login As The Credit Analyst/Page_Fintrak  Core Banking/span_Credit Appraisal' is clicked on

2021-11-23 15:33:43 - [TEST_STEP][FAILED] - click(findTestObject("Object Repository/Login As The Credit Analyst/Page_Fintrak  Core Banking/div_PROCESSING_ui-radiobutton-box ui-widget_a9aaef")): Unable to click on object 'Object Repository/Login As The Credit Analyst/Page_Fintrak  Core Banking/div_PROCESSING_ui-radiobutton-box ui-widget_a9aaef' (Root cause: com.kms.katalon.core.exception.StepFailedException: Unable to click on object 'Object Repository/Login As The Credit Analyst/Page_Fintrak  Core Banking/div_PROCESSING_ui-radiobutton-box ui-widget_a9aaef'
	at com.kms.katalon.core.webui.keyword.internal.WebUIKeywordMain.stepFailed(WebUIKeywordMain.groovy:64)
	at com.kms.katalon.core.webui.keyword.internal.WebUIKeywordMain.runKeyword(WebUIKeywordMain.groovy:26)
	at com.kms.katalon.core.webui.keyword.builtin.ClickKeyword.click(ClickKeyword.groovy:75)
	at com.kms.katalon.core.webui.keyword.builtin.ClickKeyword.execute(ClickKeyword.groovy:42)
	at com.kms.katalon.core.keyword.internal.KeywordExecutor.executeKeywordForPlatform(KeywordExecutor.groovy:74)
	at com.kms.katalon.core.webui.keyword.WebUiBuiltInKeywords.click(WebUiBuiltInKeywords.groovy:620)
	at com.kms.katalon.core.webui.keyword.WebUiBuiltInKeywords$click$3.call(Unknown Source)
	at Login As The Credit Analyst.run(Login As The Credit Analyst:38)
	at com.kms.katalon.core.main.ScriptEngine.run(ScriptEngine.java:194)
	at com.kms.katalon.core.main.ScriptEngine.runScriptAsRawText(ScriptEngine.java:119)
	at com.kms.katalon.core.main.TestCaseExecutor.runScript(TestCaseExecutor.java:430)
	at com.kms.katalon.core.main.TestCaseExecutor.doExecute(TestCaseExecutor.java:421)
	at com.kms.katalon.core.main.TestCaseExecutor.processExecutionPhase(TestCaseExecutor.java:400)
	at com.kms.katalon.core.main.TestCaseExecutor.accessMainPhase(TestCaseExecutor.java:392)
	at com.kms.katalon.core.main.TestCaseExecutor.execute(TestCaseExecutor.java:273)
	at com.kms.katalon.core.main.TestCaseExecutor.execute(TestCaseExecutor.java:351)
	at com.kms.katalon.core.main.TestCaseExecutor.execute(TestCaseExecutor.java:351)
	at com.kms.katalon.core.main.TestCaseExecutor.execute(TestCaseExecutor.java:351)
	at com.kms.katalon.core.main.TestSuiteExecutor.accessTestCaseMainPhase(TestSuiteExecutor.java:202)
	at com.kms.katalon.core.main.TestSuiteExecutor.accessTestSuiteMainPhase(TestSuiteExecutor.java:164)
	at com.kms.katalon.core.main.TestSuiteExecutor.execute(TestSuiteExecutor.java:105)
	at com.kms.katalon.core.main.TestCaseMain.startTestSuite(TestCaseMain.java:185)
	at com.kms.katalon.core.main.TestCaseMain$startTestSuite$0.call(Unknown Source)
	at TempTestSuite1637676172355.run(TempTestSuite1637676172355.groovy:36)
Caused by: org.openqa.selenium.ElementClickInterceptedException: element click intercepted: Element is not clickable at point (668, 673)
  (Session info: chrome=95.0.4638.69)
Build info: version: '3.141.59', revision: 'e82be7d358', time: '2018-11-14T08:25:53'
System info: host: 'INAOBATAN', ip: '172.20.10.3', os.name: 'Windows 10', os.arch: 'amd64', os.version: '10.0', java.version: '1.8.0_282'
Driver info: com.kms.katalon.selenium.driver.CChromeDriver
Capabilities {acceptInsecureCerts: false, browserName: chrome, browserVersion: 95.0.4638.69, chrome: {chromedriverVersion: 95.0.4638.69 (6a1600ed572fe..., userDataDir: C:\Users\INAOBA~1.OLA\AppDa...}, goog:chromeOptions: {debuggerAddress: localhost:59359}, javascriptEnabled: true, networkConnectionEnabled: false, pageLoadStrategy: normal, platform: WINDOWS, platformName: WINDOWS, proxy: Proxy(), setWindowRect: true, strictFileInteractability: false, timeouts: {implicit: 0, pageLoad: 300000, script: 30000}, unhandledPromptBehavior: dismiss and notify, webauthn:extension:credBlob: true, webauthn:extension:largeBlob: true, webauthn:virtualAuthenticators: true}
Session ID: afe9105662ced2da8e7c3d23ff9ba657
	at org.openqa.selenium.remote.http.W3CHttpResponseCodec.createException(W3CHttpResponseCodec.java:187)
	at org.openqa.selenium.remote.http.W3CHttpResponseCodec.decode(W3CHttpResponseCodec.java:122)
	at org.openqa.selenium.remote.http.W3CHttpResponseCodec.decode(W3CHttpResponseCodec.java:49)
	at org.openqa.selenium.remote.HttpCommandExecutor.execute(HttpCommandExecutor.java:158)
	at org.openqa.selenium.remote.service.DriverCommandExecutor.execute(DriverCommandExecutor.java:83)
	at org.openqa.selenium.remote.RemoteWebDriver.execute(RemoteWebDriver.java:552)
	at com.kms.katalon.selenium.driver.CChromeDriver.execute(CChromeDriver.java:19)
	at org.openqa.selenium.remote.RemoteWebElement.execute(RemoteWebElement.java:285)
	at org.openqa.selenium.remote.RemoteWebElement.click(RemoteWebElement.java:84)
	at org.openqa.selenium.support.events.EventFiringWebDriver$EventFiringWebElement.lambda$new$0(EventFiringWebDriver.java:404)
	at com.sun.proxy.$Proxy11.click(Unknown Source)
	at org.openqa.selenium.support.events.EventFiringWebDriver$EventFiringWebElement.click(EventFiringWebDriver.java:417)
	at com.kms.katalon.core.webui.keyword.builtin.ClickKeyword$_click_closure1.doCall(ClickKeyword.groovy:68)
	at com.kms.katalon.core.webui.keyword.builtin.ClickKeyword$_click_closure1.call(ClickKeyword.groovy)
	at com.kms.katalon.core.webui.keyword.internal.WebUIKeywordMain.runKeyword(WebUIKeywordMain.groovy:20)
	at com.kms.katalon.core.webui.keyword.builtin.ClickKeyword.click(ClickKeyword.groovy:75)
	at com.kms.katalon.core.webui.keyword.builtin.ClickKeyword.execute(ClickKeyword.groovy:42)
	at com.kms.katalon.core.keyword.internal.KeywordExecutor.executeKeywordForPlatform(KeywordExecutor.groovy:74)
	at com.kms.katalon.core.webui.keyword.WebUiBuiltInKeywords.click(WebUiBuiltInKeywords.groovy:620)
	at com.kms.katalon.core.webui.keyword.WebUiBuiltInKeywords$click$3.call(Unknown Source)
	at Script1637659447413.run(Script1637659447413.groovy:38)
	... 16 more
)

2021-11-23 15:33:55 - [MESSAGE][FAILED] - Unable to click on object 'Object Repository/Login As The Credit Analyst/Page_Fintrak  Core Banking/div_PROCESSING_ui-radiobutton-box ui-widget_a9aaef' (Root cause: com.kms.katalon.core.exception.StepFailedException: Unable to click on object 'Object Repository/Login As The Credit Analyst/Page_Fintrak  Core Banking/div_PROCESSING_ui-radiobutton-box ui-widget_a9aaef'
	at com.kms.katalon.core.webui.keyword.internal.WebUIKeywordMain.stepFailed(WebUIKeywordMain.groovy:64)
	at com.kms.katalon.core.webui.keyword.internal.WebUIKeywordMain.runKeyword(WebUIKeywordMain.groovy:26)
	at com.kms.katalon.core.webui.keyword.builtin.ClickKeyword.click(ClickKeyword.groovy:75)
	at com.kms.katalon.core.webui.keyword.builtin.ClickKeyword.execute(ClickKeyword.groovy:42)
	at com.kms.katalon.core.keyword.internal.KeywordExecutor.executeKeywordForPlatform(KeywordExecutor.groovy:74)
	at com.kms.katalon.core.webui.keyword.WebUiBuiltInKeywords.click(WebUiBuiltInKeywords.groovy:620)
	at com.kms.katalon.core.webui.keyword.WebUiBuiltInKeywords$click$3.call(Unknown Source)
	at Login As The Credit Analyst.run(Login As The Credit Analyst:38)
	at com.kms.katalon.core.main.ScriptEngine.run(ScriptEngine.java:194)
	at com.kms.katalon.core.main.ScriptEngine.runScriptAsRawText(ScriptEngine.java:119)
	at com.kms.katalon.core.main.TestCaseExecutor.runScript(TestCaseExecutor.java:430)
	at com.kms.katalon.core.main.TestCaseExecutor.doExecute(TestCaseExecutor.java:421)
	at com.kms.katalon.core.main.TestCaseExecutor.processExecutionPhase(TestCaseExecutor.java:400)
	at com.kms.katalon.core.main.TestCaseExecutor.accessMainPhase(TestCaseExecutor.java:392)
	at com.kms.katalon.core.main.TestCaseExecutor.execute(TestCaseExecutor.java:273)
	at com.kms.katalon.core.main.TestCaseExecutor.execute(TestCaseExecutor.java:351)
	at com.kms.katalon.core.main.TestCaseExecutor.execute(TestCaseExecutor.java:351)
	at com.kms.katalon.core.main.TestCaseExecutor.execute(TestCaseExecutor.java:351)
	at com.kms.katalon.core.main.TestSuiteExecutor.accessTestCaseMainPhase(TestSuiteExecutor.java:202)
	at com.kms.katalon.core.main.TestSuiteExecutor.accessTestSuiteMainPhase(TestSuiteExecutor.java:164)
	at com.kms.katalon.core.main.TestSuiteExecutor.execute(TestSuiteExecutor.java:105)
	at com.kms.katalon.core.main.TestCaseMain.startTestSuite(TestCaseMain.java:185)
	at com.kms.katalon.core.main.TestCaseMain$startTestSuite$0.call(Unknown Source)
	at TempTestSuite1637676172355.run(TempTestSuite1637676172355.groovy:36)
Caused by: org.openqa.selenium.ElementClickInterceptedException: element click intercepted: Element is not clickable at point (668, 673)
  (Session info: chrome=95.0.4638.69)
Build info: version: '3.141.59', revision: 'e82be7d358', time: '2018-11-14T08:25:53'
System info: host: 'INAOBATAN', ip: '172.20.10.3', os.name: 'Windows 10', os.arch: 'amd64', os.version: '10.0', java.version: '1.8.0_282'
Driver info: com.kms.katalon.selenium.driver.CChromeDriver
Capabilities {acceptInsecureCerts: false, browserName: chrome, browserVersion: 95.0.4638.69, chrome: {chromedriverVersion: 95.0.4638.69 (6a1600ed572fe..., userDataDir: C:\Users\INAOBA~1.OLA\AppDa...}, goog:chromeOptions: {debuggerAddress: localhost:59359}, javascriptEnabled: true, networkConnectionEnabled: false, pageLoadStrategy: normal, platform: WINDOWS, platformName: WINDOWS, proxy: Proxy(), setWindowRect: true, strictFileInteractability: false, timeouts: {implicit: 0, pageLoad: 300000, script: 30000}, unhandledPromptBehavior: dismiss and notify, webauthn:extension:credBlob: true, webauthn:extension:largeBlob: true, webauthn:virtualAuthenticators: true}
Session ID: afe9105662ced2da8e7c3d23ff9ba657
	at org.openqa.selenium.remote.http.W3CHttpResponseCodec.createException(W3CHttpResponseCodec.java:187)
	at org.openqa.selenium.remote.http.W3CHttpResponseCodec.decode(W3CHttpResponseCodec.java:122)
	at org.openqa.selenium.remote.http.W3CHttpResponseCodec.decode(W3CHttpResponseCodec.java:49)
	at org.openqa.selenium.remote.HttpCommandExecutor.execute(HttpCommandExecutor.java:158)
	at org.openqa.selenium.remote.service.DriverCommandExecutor.execute(DriverCommandExecutor.java:83)
	at org.openqa.selenium.remote.RemoteWebDriver.execute(RemoteWebDriver.java:552)
	at com.kms.katalon.selenium.driver.CChromeDriver.execute(CChromeDriver.java:19)
	at org.openqa.selenium.remote.RemoteWebElement.execute(RemoteWebElement.java:285)
	at org.openqa.selenium.remote.RemoteWebElement.click(RemoteWebElement.java:84)
	at org.openqa.selenium.support.events.EventFiringWebDriver$EventFiringWebElement.lambda$new$0(EventFiringWebDriver.java:404)
	at com.sun.proxy.$Proxy11.click(Unknown Source)
	at org.openqa.selenium.support.events.EventFiringWebDriver$EventFiringWebElement.click(EventFiringWebDriver.java:417)
	at com.kms.katalon.core.webui.keyword.builtin.ClickKeyword$_click_closure1.doCall(ClickKeyword.groovy:68)
	at com.kms.katalon.core.webui.keyword.builtin.ClickKeyword$_click_closure1.call(ClickKeyword.groovy)
	at com.kms.katalon.core.webui.keyword.internal.WebUIKeywordMain.runKeyword(WebUIKeywordMain.groovy:20)
	at com.kms.katalon.core.webui.keyword.builtin.ClickKeyword.click(ClickKeyword.groovy:75)
	at com.kms.katalon.core.webui.keyword.builtin.ClickKeyword.execute(ClickKeyword.groovy:42)
	at com.kms.katalon.core.keyword.internal.KeywordExecutor.executeKeywordForPlatform(KeywordExecutor.groovy:74)
	at com.kms.katalon.core.webui.keyword.WebUiBuiltInKeywords.click(WebUiBuiltInKeywords.groovy:620)
	at com.kms.katalon.core.webui.keyword.WebUiBuiltInKeywords$click$3.call(Unknown Source)
	at Script1637659447413.run(Script1637659447413.groovy:38)
	... 16 more
)
[[ATTACHMENT|C:\\Users\\inaobatan.olawale\\Katalon Studio\\My First Web UI Project\\Reports\\20211123_150252\\FBN Credit360 LOS Operation\\LOS Operation\\20211123_150252\\1637678035538.png]]]]></system-out>
         <system-err><![CDATA[2021-11-23 15:33:18 - [TEST_CASE][FAILED] - Test Cases/FBN Credit360 LOS Opeartion/Login As The Credit Analyst: Test Cases/FBN Credit360 LOS Opeartion/Login As The Credit Analyst FAILED.
Reason:
com.kms.katalon.core.exception.StepFailedException: Unable to click on object 'Object Repository/Login As The Credit Analyst/Page_Fintrak  Core Banking/div_PROCESSING_ui-radiobutton-box ui-widget_a9aaef'
	at com.kms.katalon.core.webui.keyword.internal.WebUIKeywordMain.stepFailed(WebUIKeywordMain.groovy:64)
	at com.kms.katalon.core.webui.keyword.internal.WebUIKeywordMain.runKeyword(WebUIKeywordMain.groovy:26)
	at com.kms.katalon.core.webui.keyword.builtin.ClickKeyword.click(ClickKeyword.groovy:75)
	at com.kms.katalon.core.webui.keyword.builtin.ClickKeyword.execute(ClickKeyword.groovy:42)
	at com.kms.katalon.core.keyword.internal.KeywordExecutor.executeKeywordForPlatform(KeywordExecutor.groovy:74)
	at com.kms.katalon.core.webui.keyword.WebUiBuiltInKeywords.click(WebUiBuiltInKeywords.groovy:620)
	at com.kms.katalon.core.webui.keyword.WebUiBuiltInKeywords$click$3.call(Unknown Source)
	at Login As The Credit Analyst.run(Login As The Credit Analyst:38)
	at com.kms.katalon.core.main.ScriptEngine.run(ScriptEngine.java:194)
	at com.kms.katalon.core.main.ScriptEngine.runScriptAsRawText(ScriptEngine.java:119)
	at com.kms.katalon.core.main.TestCaseExecutor.runScript(TestCaseExecutor.java:430)
	at com.kms.katalon.core.main.TestCaseExecutor.doExecute(TestCaseExecutor.java:421)
	at com.kms.katalon.core.main.TestCaseExecutor.processExecutionPhase(TestCaseExecutor.java:400)
	at com.kms.katalon.core.main.TestCaseExecutor.accessMainPhase(TestCaseExecutor.java:392)
	at com.kms.katalon.core.main.TestCaseExecutor.execute(TestCaseExecutor.java:273)
	at com.kms.katalon.core.main.TestCaseExecutor.execute(TestCaseExecutor.java:351)
	at com.kms.katalon.core.main.TestCaseExecutor.execute(TestCaseExecutor.java:351)
	at com.kms.katalon.core.main.TestCaseExecutor.execute(TestCaseExecutor.java:351)
	at com.kms.katalon.core.main.TestSuiteExecutor.accessTestCaseMainPhase(TestSuiteExecutor.java:202)
	at com.kms.katalon.core.main.TestSuiteExecutor.accessTestSuiteMainPhase(TestSuiteExecutor.java:164)
	at com.kms.katalon.core.main.TestSuiteExecutor.execute(TestSuiteExecutor.java:105)
	at com.kms.katalon.core.main.TestCaseMain.startTestSuite(TestCaseMain.java:185)
	at com.kms.katalon.core.main.TestCaseMain$startTestSuite$0.call(Unknown Source)
	at TempTestSuite1637676172355.run(TempTestSuite1637676172355.groovy:36)
Caused by: org.openqa.selenium.ElementClickInterceptedException: element click intercepted: Element is not clickable at point (668, 673)
  (Session info: chrome=95.0.4638.69)
Build info: version: '3.141.59', revision: 'e82be7d358', time: '2018-11-14T08:25:53'
System info: host: 'INAOBATAN', ip: '172.20.10.3', os.name: 'Windows 10', os.arch: 'amd64', os.version: '10.0', java.version: '1.8.0_282'
Driver info: com.kms.katalon.selenium.driver.CChromeDriver
Capabilities {acceptInsecureCerts: false, browserName: chrome, browserVersion: 95.0.4638.69, chrome: {chromedriverVersion: 95.0.4638.69 (6a1600ed572fe..., userDataDir: C:\Users\INAOBA~1.OLA\AppDa...}, goog:chromeOptions: {debuggerAddress: localhost:59359}, javascriptEnabled: true, networkConnectionEnabled: false, pageLoadStrategy: normal, platform: WINDOWS, platformName: WINDOWS, proxy: Proxy(), setWindowRect: true, strictFileInteractability: false, timeouts: {implicit: 0, pageLoad: 300000, script: 30000}, unhandledPromptBehavior: dismiss and notify, webauthn:extension:credBlob: true, webauthn:extension:largeBlob: true, webauthn:virtualAuthenticators: true}
Session ID: afe9105662ced2da8e7c3d23ff9ba657
	at org.openqa.selenium.remote.http.W3CHttpResponseCodec.createException(W3CHttpResponseCodec.java:187)
	at org.openqa.selenium.remote.http.W3CHttpResponseCodec.decode(W3CHttpResponseCodec.java:122)
	at org.openqa.selenium.remote.http.W3CHttpResponseCodec.decode(W3CHttpResponseCodec.java:49)
	at org.openqa.selenium.remote.HttpCommandExecutor.execute(HttpCommandExecutor.java:158)
	at org.openqa.selenium.remote.service.DriverCommandExecutor.execute(DriverCommandExecutor.java:83)
	at org.openqa.selenium.remote.RemoteWebDriver.execute(RemoteWebDriver.java:552)
	at com.kms.katalon.selenium.driver.CChromeDriver.execute(CChromeDriver.java:19)
	at org.openqa.selenium.remote.RemoteWebElement.execute(RemoteWebElement.java:285)
	at org.openqa.selenium.remote.RemoteWebElement.click(RemoteWebElement.java:84)
	at org.openqa.selenium.support.events.EventFiringWebDriver$EventFiringWebElement.lambda$new$0(EventFiringWebDriver.java:404)
	at com.sun.proxy.$Proxy11.click(Unknown Source)
	at org.openqa.selenium.support.events.EventFiringWebDriver$EventFiringWebElement.click(EventFiringWebDriver.java:417)
	at com.kms.katalon.core.webui.keyword.builtin.ClickKeyword$_click_closure1.doCall(ClickKeyword.groovy:68)
	at com.kms.katalon.core.webui.keyword.builtin.ClickKeyword$_click_closure1.call(ClickKeyword.groovy)
	at com.kms.katalon.core.webui.keyword.internal.WebUIKeywordMain.runKeyword(WebUIKeywordMain.groovy:20)
	... 22 more]]></system-err>
      </testcase>
      <testcase name="Test Cases/FBN Credit360 LOS Opeartion/Login As HOU" time="73.833" classname="Test Cases/FBN Credit360 LOS Opeartion/Login As HOU" status="PASSED">
         <system-out><![CDATA[2021-11-23 15:33:55 - [TEST_CASE][PASSED] - Test Cases/FBN Credit360 LOS Opeartion/Login As HOU: Test Cases/FBN Credit360 LOS Opeartion/Login As HOU

2021-11-23 15:33:55 - [TEST_STEP][PASSED] - openBrowser(""): Browser is opened with url: ''

2021-11-23 15:33:55 - [MESSAGE][WARNING] - A browser is already opened. Closing browser and opening a new one

2021-11-23 15:33:56 - [MESSAGE][INFO] - Starting 'Chrome' driver

2021-11-23 15:33:56 - [MESSAGE][INFO] - Action delay is set to 0 milliseconds

2021-11-23 15:33:57 - [MESSAGE][PASSED] - Browser is opened with url: ''

2021-11-23 15:33:57 - [TEST_STEP][PASSED] - navigateToUrl("https://fintrakcredit360web-fb.azurewebsites.net/#/"): Navigate to 'https://fintrakcredit360web-fb.azurewebsites.net/#/' successfully

2021-11-23 15:34:06 - [MESSAGE][PASSED] - Navigate to 'https://fintrakcredit360web-fb.azurewebsites.net/#/' successfully

2021-11-23 15:34:06 - [TEST_STEP][PASSED] - setText(findTestObject("Object Repository/Login As HOU/Page_Fintrak  Core Banking/input_Log In_auth-name"), "SN023387"): Text 'SN023387' is set on object 'Object Repository/Login As HOU/Page_Fintrak  Core Banking/input_Log In_auth-name'

2021-11-23 15:34:07 - [MESSAGE][PASSED] - Text 'SN023387' is set on object 'Object Repository/Login As HOU/Page_Fintrak  Core Banking/input_Log In_auth-name'

2021-11-23 15:34:07 - [TEST_STEP][PASSED] - setEncryptedText(findTestObject("Object Repository/Login As HOU/Page_Fintrak  Core Banking/input_Log In_auth-password"), "JltEQgaE0YE="): Text ****** has been set on object 'Object Repository/Login As HOU/Page_Fintrak  Core Banking/input_Log In_auth-password'

2021-11-23 15:34:07 - [MESSAGE][PASSED] - Text ****** has been set on object 'Object Repository/Login As HOU/Page_Fintrak  Core Banking/input_Log In_auth-password'

2021-11-23 15:34:07 - [TEST_STEP][PASSED] - click(findTestObject("Object Repository/Login As HOU/Page_Fintrak  Core Banking/button_Log In")): Object: 'Object Repository/Login As HOU/Page_Fintrak  Core Banking/button_Log In' is clicked on

2021-11-23 15:34:08 - [MESSAGE][PASSED] - Object: 'Object Repository/Login As HOU/Page_Fintrak  Core Banking/button_Log In' is clicked on

2021-11-23 15:34:08 - [TEST_STEP][PASSED] - click(findTestObject("Object Repository/Login As HOU/Page_Fintrak  Core Banking/span_Credit")): Object: 'Object Repository/Login As HOU/Page_Fintrak  Core Banking/span_Credit' is clicked on

2021-11-23 15:34:13 - [MESSAGE][PASSED] - Object: 'Object Repository/Login As HOU/Page_Fintrak  Core Banking/span_Credit' is clicked on

2021-11-23 15:34:13 - [TEST_STEP][PASSED] - click(findTestObject("Object Repository/Login As HOU/Page_Fintrak  Core Banking/span_Credit Origination")): Object: 'Object Repository/Login As HOU/Page_Fintrak  Core Banking/span_Credit Origination' is clicked on

2021-11-23 15:34:13 - [MESSAGE][PASSED] - Object: 'Object Repository/Login As HOU/Page_Fintrak  Core Banking/span_Credit Origination' is clicked on

2021-11-23 15:34:13 - [TEST_STEP][PASSED] - click(findTestObject("Object Repository/Login As HOU/Page_Fintrak  Core Banking/span_Credit Appraisal")): Object: 'Object Repository/Login As HOU/Page_Fintrak  Core Banking/span_Credit Appraisal' is clicked on

2021-11-23 15:34:14 - [MESSAGE][PASSED] - Object: 'Object Repository/Login As HOU/Page_Fintrak  Core Banking/span_Credit Appraisal' is clicked on

2021-11-23 15:34:14 - [TEST_STEP][PASSED] - click(findTestObject("Object Repository/Login As HOU/Page_Fintrak  Core Banking/a_PROCESSING_ui-paginator-last ui-paginator_bc1028")): Object: 'Object Repository/Login As HOU/Page_Fintrak  Core Banking/a_PROCESSING_ui-paginator-last ui-paginator_bc1028' is clicked on

2021-11-23 15:34:33 - [MESSAGE][PASSED] - Object: 'Object Repository/Login As HOU/Page_Fintrak  Core Banking/a_PROCESSING_ui-paginator-last ui-paginator_bc1028' is clicked on

2021-11-23 15:34:33 - [TEST_STEP][PASSED] - click(findTestObject("Object Repository/Login As HOU/Page_Fintrak  Core Banking/div_PROCESSING_ui-radiobutton-box ui-widget_a9aaef")): Object: 'Object Repository/Login As HOU/Page_Fintrak  Core Banking/div_PROCESSING_ui-radiobutton-box ui-widget_a9aaef' is clicked on

2021-11-23 15:34:39 - [MESSAGE][PASSED] - Object: 'Object Repository/Login As HOU/Page_Fintrak  Core Banking/div_PROCESSING_ui-radiobutton-box ui-widget_a9aaef' is clicked on

2021-11-23 15:34:39 - [TEST_STEP][PASSED] - click(findTestObject("Object Repository/Login As HOU/Page_Fintrak  Core Banking/span_Approve")): Object: 'Object Repository/Login As HOU/Page_Fintrak  Core Banking/span_Approve' is clicked on

2021-11-23 15:34:53 - [MESSAGE][PASSED] - Object: 'Object Repository/Login As HOU/Page_Fintrak  Core Banking/span_Approve' is clicked on

2021-11-23 15:34:53 - [TEST_STEP][PASSED] - setText(findTestObject("Object Repository/Login As HOU/Page_Fintrak  Core Banking/textarea_CommentRecommendation_comment"), "k"): Text 'k' is set on object 'Object Repository/Login As HOU/Page_Fintrak  Core Banking/textarea_CommentRecommendation_comment'

2021-11-23 15:34:54 - [MESSAGE][PASSED] - Text 'k' is set on object 'Object Repository/Login As HOU/Page_Fintrak  Core Banking/textarea_CommentRecommendation_comment'

2021-11-23 15:34:54 - [TEST_STEP][PASSED] - selectOptionByValue(findTestObject("Object Repository/Login As HOU/Page_Fintrak  Core Banking/select_-- Select Decision --NoYesYes with c_373052"), "2", true): All options with value '2' are selected in object 'Object Repository/Login As HOU/Page_Fintrak  Core Banking/select_-- Select Decision --NoYesYes with c_373052'  using regular expression

2021-11-23 15:34:55 - [MESSAGE][PASSED] - All options with value '2' are selected in object 'Object Repository/Login As HOU/Page_Fintrak  Core Banking/select_-- Select Decision --NoYesYes with c_373052'  using regular expression

2021-11-23 15:34:55 - [TEST_STEP][PASSED] - click(findTestObject("Object Repository/Login As HOU/Page_Fintrak  Core Banking/button_Save and Send")): Object: 'Object Repository/Login As HOU/Page_Fintrak  Core Banking/button_Save and Send' is clicked on

2021-11-23 15:34:56 - [MESSAGE][PASSED] - Object: 'Object Repository/Login As HOU/Page_Fintrak  Core Banking/button_Save and Send' is clicked on

2021-11-23 15:34:56 - [TEST_STEP][PASSED] - click(findTestObject("Object Repository/Login As HOU/Page_Fintrak  Core Banking/button_Yes")): Object: 'Object Repository/Login As HOU/Page_Fintrak  Core Banking/button_Yes' is clicked on

2021-11-23 15:34:59 - [MESSAGE][PASSED] - Object: 'Object Repository/Login As HOU/Page_Fintrak  Core Banking/button_Yes' is clicked on

2021-11-23 15:34:59 - [TEST_STEP][PASSED] - click(findTestObject("Object Repository/Login As HOU/Page_Fintrak  Core Banking/button_OK")): Object: 'Object Repository/Login As HOU/Page_Fintrak  Core Banking/button_OK' is clicked on

2021-11-23 15:35:09 - [MESSAGE][PASSED] - Object: 'Object Repository/Login As HOU/Page_Fintrak  Core Banking/button_OK' is clicked on]]></system-out>
         <system-err><![CDATA[]]></system-err>
      </testcase>
      <testcase name="Test Cases/FBN Credit360 LOS Opeartion/Login As HCAP" time="68.768" classname="Test Cases/FBN Credit360 LOS Opeartion/Login As HCAP" status="FAILED">
         <failure type="FAILED" message="Test Cases/FBN Credit360 LOS Opeartion/Login As HCAP FAILED.
Reason:
com.kms.katalon.core.exception.StepFailedException: Unable to set text 'k' of object 'Object Repository/Login As HCAP/Page_Fintrak  Core Banking/textarea_CommentRecommendation_comment'
	at com.kms.katalon.core.webui.keyword.internal.WebUIKeywordMain.stepFailed(WebUIKeywordMain.groovy:64)
	at com.kms.katalon.core.webui.keyword.internal.WebUIKeywordMain.runKeyword(WebUIKeywordMain.groovy:26)
	at com.kms.katalon.core.webui.keyword.builtin.SetTextKeyword.setText(SetTextKeyword.groovy:66)
	at com.kms.katalon.core.webui.keyword.builtin.SetTextKeyword.execute(SetTextKeyword.groovy:37)
	at com.kms.katalon.core.keyword.internal.KeywordExecutor.executeKeywordForPlatform(KeywordExecutor.groovy:74)
	at com.kms.katalon.core.webui.keyword.WebUiBuiltInKeywords.setText(WebUiBuiltInKeywords.groovy:980)
	at com.kms.katalon.core.webui.keyword.WebUiBuiltInKeywords$setText$1.call(Unknown Source)
	at Login As HCAP.run(Login As HCAP:41)
	at com.kms.katalon.core.main.ScriptEngine.run(ScriptEngine.java:194)
	at com.kms.katalon.core.main.ScriptEngine.runScriptAsRawText(ScriptEngine.java:119)
	at com.kms.katalon.core.main.TestCaseExecutor.runScript(TestCaseExecutor.java:430)
	at com.kms.katalon.core.main.TestCaseExecutor.doExecute(TestCaseExecutor.java:421)
	at com.kms.katalon.core.main.TestCaseExecutor.processExecutionPhase(TestCaseExecutor.java:400)
	at com.kms.katalon.core.main.TestCaseExecutor.accessMainPhase(TestCaseExecutor.java:392)
	at com.kms.katalon.core.main.TestCaseExecutor.execute(TestCaseExecutor.java:273)
	at com.kms.katalon.core.main.TestCaseExecutor.execute(TestCaseExecutor.java:351)
	at com.kms.katalon.core.main.TestCaseExecutor.execute(TestCaseExecutor.java:351)
	at com.kms.katalon.core.main.TestCaseExecutor.execute(TestCaseExecutor.java:351)
	at com.kms.katalon.core.main.TestSuiteExecutor.accessTestCaseMainPhase(TestSuiteExecutor.java:202)
	at com.kms.katalon.core.main.TestSuiteExecutor.accessTestSuiteMainPhase(TestSuiteExecutor.java:164)
	at com.kms.katalon.core.main.TestSuiteExecutor.execute(TestSuiteExecutor.java:105)
	at com.kms.katalon.core.main.TestCaseMain.startTestSuite(TestCaseMain.java:185)
	at com.kms.katalon.core.main.TestCaseMain$startTestSuite$0.call(Unknown Source)
	at TempTestSuite1637676172355.run(TempTestSuite1637676172355.groovy:36)
Caused by: org.openqa.selenium.ElementNotInteractableException: element not interactable
  (Session info: chrome=95.0.4638.69)
Build info: version: '3.141.59', revision: 'e82be7d358', time: '2018-11-14T08:25:53'
System info: host: 'INAOBATAN', ip: '172.20.10.3', os.name: 'Windows 10', os.arch: 'amd64', os.version: '10.0', java.version: '1.8.0_282'
Driver info: com.kms.katalon.selenium.driver.CChromeDriver
Capabilities {acceptInsecureCerts: false, browserName: chrome, browserVersion: 95.0.4638.69, chrome: {chromedriverVersion: 95.0.4638.69 (6a1600ed572fe..., userDataDir: C:\Users\INAOBA~1.OLA\AppDa...}, goog:chromeOptions: {debuggerAddress: localhost:59624}, javascriptEnabled: true, networkConnectionEnabled: false, pageLoadStrategy: normal, platform: WINDOWS, platformName: WINDOWS, proxy: Proxy(), setWindowRect: true, strictFileInteractability: false, timeouts: {implicit: 0, pageLoad: 300000, script: 30000}, unhandledPromptBehavior: dismiss and notify, webauthn:extension:credBlob: true, webauthn:extension:largeBlob: true, webauthn:virtualAuthenticators: true}
Session ID: 40212d8ca44b747aa116a331ee835f48
	at org.openqa.selenium.remote.http.W3CHttpResponseCodec.createException(W3CHttpResponseCodec.java:187)
	at org.openqa.selenium.remote.http.W3CHttpResponseCodec.decode(W3CHttpResponseCodec.java:122)
	at org.openqa.selenium.remote.http.W3CHttpResponseCodec.decode(W3CHttpResponseCodec.java:49)
	at org.openqa.selenium.remote.HttpCommandExecutor.execute(HttpCommandExecutor.java:158)
	at org.openqa.selenium.remote.service.DriverCommandExecutor.execute(DriverCommandExecutor.java:83)
	at org.openqa.selenium.remote.RemoteWebDriver.execute(RemoteWebDriver.java:552)
	at com.kms.katalon.selenium.driver.CChromeDriver.execute(CChromeDriver.java:19)
	at org.openqa.selenium.remote.RemoteWebElement.execute(RemoteWebElement.java:285)
	at org.openqa.selenium.remote.RemoteWebElement.clear(RemoteWebElement.java:124)
	at org.openqa.selenium.support.events.EventFiringWebDriver$EventFiringWebElement.lambda$new$0(EventFiringWebDriver.java:404)
	at com.sun.proxy.$Proxy11.clear(Unknown Source)
	at org.openqa.selenium.support.events.EventFiringWebDriver$EventFiringWebElement.clear(EventFiringWebDriver.java:436)
	at com.kms.katalon.core.webui.keyword.builtin.SetTextKeyword$_setText_closure1.doCall(SetTextKeyword.groovy:53)
	at com.kms.katalon.core.webui.keyword.builtin.SetTextKeyword$_setText_closure1.call(SetTextKeyword.groovy)
	at com.kms.katalon.core.webui.keyword.internal.WebUIKeywordMain.runKeyword(WebUIKeywordMain.groovy:20)
	... 22 more
"/>
         <system-out><![CDATA[2021-11-23 15:38:19 - [TEST_CASE][FAILED] - Test Cases/FBN Credit360 LOS Opeartion/Login As HCAP: Test Cases/FBN Credit360 LOS Opeartion/Login As HCAP FAILED.
Reason:
com.kms.katalon.core.exception.StepFailedException: Unable to set text 'k' of object 'Object Repository/Login As HCAP/Page_Fintrak  Core Banking/textarea_CommentRecommendation_comment'
	at com.kms.katalon.core.webui.keyword.internal.WebUIKeywordMain.stepFailed(WebUIKeywordMain.groovy:64)
	at com.kms.katalon.core.webui.keyword.internal.WebUIKeywordMain.runKeyword(WebUIKeywordMain.groovy:26)
	at com.kms.katalon.core.webui.keyword.builtin.SetTextKeyword.setText(SetTextKeyword.groovy:66)
	at com.kms.katalon.core.webui.keyword.builtin.SetTextKeyword.execute(SetTextKeyword.groovy:37)
	at com.kms.katalon.core.keyword.internal.KeywordExecutor.executeKeywordForPlatform(KeywordExecutor.groovy:74)
	at com.kms.katalon.core.webui.keyword.WebUiBuiltInKeywords.setText(WebUiBuiltInKeywords.groovy:980)
	at com.kms.katalon.core.webui.keyword.WebUiBuiltInKeywords$setText$1.call(Unknown Source)
	at Login As HCAP.run(Login As HCAP:41)
	at com.kms.katalon.core.main.ScriptEngine.run(ScriptEngine.java:194)
	at com.kms.katalon.core.main.ScriptEngine.runScriptAsRawText(ScriptEngine.java:119)
	at com.kms.katalon.core.main.TestCaseExecutor.runScript(TestCaseExecutor.java:430)
	at com.kms.katalon.core.main.TestCaseExecutor.doExecute(TestCaseExecutor.java:421)
	at com.kms.katalon.core.main.TestCaseExecutor.processExecutionPhase(TestCaseExecutor.java:400)
	at com.kms.katalon.core.main.TestCaseExecutor.accessMainPhase(TestCaseExecutor.java:392)
	at com.kms.katalon.core.main.TestCaseExecutor.execute(TestCaseExecutor.java:273)
	at com.kms.katalon.core.main.TestCaseExecutor.execute(TestCaseExecutor.java:351)
	at com.kms.katalon.core.main.TestCaseExecutor.execute(TestCaseExecutor.java:351)
	at com.kms.katalon.core.main.TestCaseExecutor.execute(TestCaseExecutor.java:351)
	at com.kms.katalon.core.main.TestSuiteExecutor.accessTestCaseMainPhase(TestSuiteExecutor.java:202)
	at com.kms.katalon.core.main.TestSuiteExecutor.accessTestSuiteMainPhase(TestSuiteExecutor.java:164)
	at com.kms.katalon.core.main.TestSuiteExecutor.execute(TestSuiteExecutor.java:105)
	at com.kms.katalon.core.main.TestCaseMain.startTestSuite(TestCaseMain.java:185)
	at com.kms.katalon.core.main.TestCaseMain$startTestSuite$0.call(Unknown Source)
	at TempTestSuite1637676172355.run(TempTestSuite1637676172355.groovy:36)
Caused by: org.openqa.selenium.ElementNotInteractableException: element not interactable
  (Session info: chrome=95.0.4638.69)
Build info: version: '3.141.59', revision: 'e82be7d358', time: '2018-11-14T08:25:53'
System info: host: 'INAOBATAN', ip: '172.20.10.3', os.name: 'Windows 10', os.arch: 'amd64', os.version: '10.0', java.version: '1.8.0_282'
Driver info: com.kms.katalon.selenium.driver.CChromeDriver
Capabilities {acceptInsecureCerts: false, browserName: chrome, browserVersion: 95.0.4638.69, chrome: {chromedriverVersion: 95.0.4638.69 (6a1600ed572fe..., userDataDir: C:\Users\INAOBA~1.OLA\AppDa...}, goog:chromeOptions: {debuggerAddress: localhost:59624}, javascriptEnabled: true, networkConnectionEnabled: false, pageLoadStrategy: normal, platform: WINDOWS, platformName: WINDOWS, proxy: Proxy(), setWindowRect: true, strictFileInteractability: false, timeouts: {implicit: 0, pageLoad: 300000, script: 30000}, unhandledPromptBehavior: dismiss and notify, webauthn:extension:credBlob: true, webauthn:extension:largeBlob: true, webauthn:virtualAuthenticators: true}
Session ID: 40212d8ca44b747aa116a331ee835f48
	at org.openqa.selenium.remote.http.W3CHttpResponseCodec.createException(W3CHttpResponseCodec.java:187)
	at org.openqa.selenium.remote.http.W3CHttpResponseCodec.decode(W3CHttpResponseCodec.java:122)
	at org.openqa.selenium.remote.http.W3CHttpResponseCodec.decode(W3CHttpResponseCodec.java:49)
	at org.openqa.selenium.remote.HttpCommandExecutor.execute(HttpCommandExecutor.java:158)
	at org.openqa.selenium.remote.service.DriverCommandExecutor.execute(DriverCommandExecutor.java:83)
	at org.openqa.selenium.remote.RemoteWebDriver.execute(RemoteWebDriver.java:552)
	at com.kms.katalon.selenium.driver.CChromeDriver.execute(CChromeDriver.java:19)
	at org.openqa.selenium.remote.RemoteWebElement.execute(RemoteWebElement.java:285)
	at org.openqa.selenium.remote.RemoteWebElement.clear(RemoteWebElement.java:124)
	at org.openqa.selenium.support.events.EventFiringWebDriver$EventFiringWebElement.lambda$new$0(EventFiringWebDriver.java:404)
	at com.sun.proxy.$Proxy11.clear(Unknown Source)
	at org.openqa.selenium.support.events.EventFiringWebDriver$EventFiringWebElement.clear(EventFiringWebDriver.java:436)
	at com.kms.katalon.core.webui.keyword.builtin.SetTextKeyword$_setText_closure1.doCall(SetTextKeyword.groovy:53)
	at com.kms.katalon.core.webui.keyword.builtin.SetTextKeyword$_setText_closure1.call(SetTextKeyword.groovy)
	at com.kms.katalon.core.webui.keyword.internal.WebUIKeywordMain.runKeyword(WebUIKeywordMain.groovy:20)
	... 22 more


2021-11-23 15:38:19 - [TEST_STEP][PASSED] - openBrowser(""): Browser is opened with url: ''

2021-11-23 15:38:19 - [MESSAGE][WARNING] - A browser is already opened. Closing browser and opening a new one

2021-11-23 15:38:20 - [MESSAGE][INFO] - Starting 'Chrome' driver

2021-11-23 15:38:20 - [MESSAGE][INFO] - Action delay is set to 0 milliseconds

2021-11-23 15:38:21 - [MESSAGE][PASSED] - Browser is opened with url: ''

2021-11-23 15:38:21 - [TEST_STEP][PASSED] - navigateToUrl("https://fintrakcredit360web-fb.azurewebsites.net/#/"): Navigate to 'https://fintrakcredit360web-fb.azurewebsites.net/#/' successfully

2021-11-23 15:38:30 - [MESSAGE][PASSED] - Navigate to 'https://fintrakcredit360web-fb.azurewebsites.net/#/' successfully

2021-11-23 15:38:30 - [TEST_STEP][PASSED] - setText(findTestObject("Object Repository/Login As HCAP/Page_Fintrak  Core Banking/input_Log In_auth-name"), "SN024382"): Text 'SN024382' is set on object 'Object Repository/Login As HCAP/Page_Fintrak  Core Banking/input_Log In_auth-name'

2021-11-23 15:38:33 - [MESSAGE][PASSED] - Text 'SN024382' is set on object 'Object Repository/Login As HCAP/Page_Fintrak  Core Banking/input_Log In_auth-name'

2021-11-23 15:38:33 - [TEST_STEP][PASSED] - setEncryptedText(findTestObject("Object Repository/Login As HCAP/Page_Fintrak  Core Banking/input_Log In_auth-password"), "JltEQgaE0YE="): Text ****** has been set on object 'Object Repository/Login As HCAP/Page_Fintrak  Core Banking/input_Log In_auth-password'

2021-11-23 15:38:33 - [MESSAGE][PASSED] - Text ****** has been set on object 'Object Repository/Login As HCAP/Page_Fintrak  Core Banking/input_Log In_auth-password'

2021-11-23 15:38:33 - [TEST_STEP][PASSED] - click(findTestObject("Object Repository/Login As HCAP/Page_Fintrak  Core Banking/button_Log In")): Object: 'Object Repository/Login As HCAP/Page_Fintrak  Core Banking/button_Log In' is clicked on

2021-11-23 15:38:34 - [MESSAGE][PASSED] - Object: 'Object Repository/Login As HCAP/Page_Fintrak  Core Banking/button_Log In' is clicked on

2021-11-23 15:38:34 - [TEST_STEP][PASSED] - click(findTestObject("Object Repository/Login As HCAP/Page_Fintrak  Core Banking/span_Credit")): Object: 'Object Repository/Login As HCAP/Page_Fintrak  Core Banking/span_Credit' is clicked on

2021-11-23 15:38:39 - [MESSAGE][PASSED] - Object: 'Object Repository/Login As HCAP/Page_Fintrak  Core Banking/span_Credit' is clicked on

2021-11-23 15:38:39 - [TEST_STEP][PASSED] - click(findTestObject("Object Repository/Login As HCAP/Page_Fintrak  Core Banking/span_Credit Origination")): Object: 'Object Repository/Login As HCAP/Page_Fintrak  Core Banking/span_Credit Origination' is clicked on

2021-11-23 15:38:39 - [MESSAGE][PASSED] - Object: 'Object Repository/Login As HCAP/Page_Fintrak  Core Banking/span_Credit Origination' is clicked on

2021-11-23 15:38:39 - [TEST_STEP][PASSED] - click(findTestObject("Object Repository/Login As HCAP/Page_Fintrak  Core Banking/span_Credit Appraisal")): Object: 'Object Repository/Login As HCAP/Page_Fintrak  Core Banking/span_Credit Appraisal' is clicked on

2021-11-23 15:38:40 - [MESSAGE][PASSED] - Object: 'Object Repository/Login As HCAP/Page_Fintrak  Core Banking/span_Credit Appraisal' is clicked on

2021-11-23 15:38:40 - [TEST_STEP][PASSED] - click(findTestObject("Object Repository/Login As HCAP/Page_Fintrak  Core Banking/div_PROCESSING_ui-radiobutton-box ui-widget_a9aaef")): Object: 'Object Repository/Login As HCAP/Page_Fintrak  Core Banking/div_PROCESSING_ui-radiobutton-box ui-widget_a9aaef' is clicked on

2021-11-23 15:39:02 - [MESSAGE][PASSED] - Object: 'Object Repository/Login As HCAP/Page_Fintrak  Core Banking/div_PROCESSING_ui-radiobutton-box ui-widget_a9aaef' is clicked on

2021-11-23 15:39:02 - [TEST_STEP][PASSED] - click(findTestObject("Object Repository/Login As HCAP/Page_Fintrak  Core Banking/span_Approve")): Object: 'Object Repository/Login As HCAP/Page_Fintrak  Core Banking/span_Approve' is clicked on

2021-11-23 15:39:28 - [MESSAGE][PASSED] - Object: 'Object Repository/Login As HCAP/Page_Fintrak  Core Banking/span_Approve' is clicked on

2021-11-23 15:39:28 - [TEST_STEP][FAILED] - setText(findTestObject("Object Repository/Login As HCAP/Page_Fintrak  Core Banking/textarea_CommentRecommendation_comment"), "k"): Unable to set text 'k' of object 'Object Repository/Login As HCAP/Page_Fintrak  Core Banking/textarea_CommentRecommendation_comment' (Root cause: com.kms.katalon.core.exception.StepFailedException: Unable to set text 'k' of object 'Object Repository/Login As HCAP/Page_Fintrak  Core Banking/textarea_CommentRecommendation_comment'
	at com.kms.katalon.core.webui.keyword.internal.WebUIKeywordMain.stepFailed(WebUIKeywordMain.groovy:64)
	at com.kms.katalon.core.webui.keyword.internal.WebUIKeywordMain.runKeyword(WebUIKeywordMain.groovy:26)
	at com.kms.katalon.core.webui.keyword.builtin.SetTextKeyword.setText(SetTextKeyword.groovy:66)
	at com.kms.katalon.core.webui.keyword.builtin.SetTextKeyword.execute(SetTextKeyword.groovy:37)
	at com.kms.katalon.core.keyword.internal.KeywordExecutor.executeKeywordForPlatform(KeywordExecutor.groovy:74)
	at com.kms.katalon.core.webui.keyword.WebUiBuiltInKeywords.setText(WebUiBuiltInKeywords.groovy:980)
	at com.kms.katalon.core.webui.keyword.WebUiBuiltInKeywords$setText$1.call(Unknown Source)
	at Login As HCAP.run(Login As HCAP:41)
	at com.kms.katalon.core.main.ScriptEngine.run(ScriptEngine.java:194)
	at com.kms.katalon.core.main.ScriptEngine.runScriptAsRawText(ScriptEngine.java:119)
	at com.kms.katalon.core.main.TestCaseExecutor.runScript(TestCaseExecutor.java:430)
	at com.kms.katalon.core.main.TestCaseExecutor.doExecute(TestCaseExecutor.java:421)
	at com.kms.katalon.core.main.TestCaseExecutor.processExecutionPhase(TestCaseExecutor.java:400)
	at com.kms.katalon.core.main.TestCaseExecutor.accessMainPhase(TestCaseExecutor.java:392)
	at com.kms.katalon.core.main.TestCaseExecutor.execute(TestCaseExecutor.java:273)
	at com.kms.katalon.core.main.TestCaseExecutor.execute(TestCaseExecutor.java:351)
	at com.kms.katalon.core.main.TestCaseExecutor.execute(TestCaseExecutor.java:351)
	at com.kms.katalon.core.main.TestCaseExecutor.execute(TestCaseExecutor.java:351)
	at com.kms.katalon.core.main.TestSuiteExecutor.accessTestCaseMainPhase(TestSuiteExecutor.java:202)
	at com.kms.katalon.core.main.TestSuiteExecutor.accessTestSuiteMainPhase(TestSuiteExecutor.java:164)
	at com.kms.katalon.core.main.TestSuiteExecutor.execute(TestSuiteExecutor.java:105)
	at com.kms.katalon.core.main.TestCaseMain.startTestSuite(TestCaseMain.java:185)
	at com.kms.katalon.core.main.TestCaseMain$startTestSuite$0.call(Unknown Source)
	at TempTestSuite1637676172355.run(TempTestSuite1637676172355.groovy:36)
Caused by: org.openqa.selenium.ElementNotInteractableException: element not interactable
  (Session info: chrome=95.0.4638.69)
Build info: version: '3.141.59', revision: 'e82be7d358', time: '2018-11-14T08:25:53'
System info: host: 'INAOBATAN', ip: '172.20.10.3', os.name: 'Windows 10', os.arch: 'amd64', os.version: '10.0', java.version: '1.8.0_282'
Driver info: com.kms.katalon.selenium.driver.CChromeDriver
Capabilities {acceptInsecureCerts: false, browserName: chrome, browserVersion: 95.0.4638.69, chrome: {chromedriverVersion: 95.0.4638.69 (6a1600ed572fe..., userDataDir: C:\Users\INAOBA~1.OLA\AppDa...}, goog:chromeOptions: {debuggerAddress: localhost:59624}, javascriptEnabled: true, networkConnectionEnabled: false, pageLoadStrategy: normal, platform: WINDOWS, platformName: WINDOWS, proxy: Proxy(), setWindowRect: true, strictFileInteractability: false, timeouts: {implicit: 0, pageLoad: 300000, script: 30000}, unhandledPromptBehavior: dismiss and notify, webauthn:extension:credBlob: true, webauthn:extension:largeBlob: true, webauthn:virtualAuthenticators: true}
Session ID: 40212d8ca44b747aa116a331ee835f48
	at org.openqa.selenium.remote.http.W3CHttpResponseCodec.createException(W3CHttpResponseCodec.java:187)
	at org.openqa.selenium.remote.http.W3CHttpResponseCodec.decode(W3CHttpResponseCodec.java:122)
	at org.openqa.selenium.remote.http.W3CHttpResponseCodec.decode(W3CHttpResponseCodec.java:49)
	at org.openqa.selenium.remote.HttpCommandExecutor.execute(HttpCommandExecutor.java:158)
	at org.openqa.selenium.remote.service.DriverCommandExecutor.execute(DriverCommandExecutor.java:83)
	at org.openqa.selenium.remote.RemoteWebDriver.execute(RemoteWebDriver.java:552)
	at com.kms.katalon.selenium.driver.CChromeDriver.execute(CChromeDriver.java:19)
	at org.openqa.selenium.remote.RemoteWebElement.execute(RemoteWebElement.java:285)
	at org.openqa.selenium.remote.RemoteWebElement.clear(RemoteWebElement.java:124)
	at org.openqa.selenium.support.events.EventFiringWebDriver$EventFiringWebElement.lambda$new$0(EventFiringWebDriver.java:404)
	at com.sun.proxy.$Proxy11.clear(Unknown Source)
	at org.openqa.selenium.support.events.EventFiringWebDriver$EventFiringWebElement.clear(EventFiringWebDriver.java:436)
	at com.kms.katalon.core.webui.keyword.builtin.SetTextKeyword$_setText_closure1.doCall(SetTextKeyword.groovy:53)
	at com.kms.katalon.core.webui.keyword.builtin.SetTextKeyword$_setText_closure1.call(SetTextKeyword.groovy)
	at com.kms.katalon.core.webui.keyword.internal.WebUIKeywordMain.runKeyword(WebUIKeywordMain.groovy:20)
	at com.kms.katalon.core.webui.keyword.builtin.SetTextKeyword.setText(SetTextKeyword.groovy:66)
	at com.kms.katalon.core.webui.keyword.builtin.SetTextKeyword.execute(SetTextKeyword.groovy:37)
	at com.kms.katalon.core.keyword.internal.KeywordExecutor.executeKeywordForPlatform(KeywordExecutor.groovy:74)
	at com.kms.katalon.core.webui.keyword.WebUiBuiltInKeywords.setText(WebUiBuiltInKeywords.groovy:980)
	at com.kms.katalon.core.webui.keyword.WebUiBuiltInKeywords$setText$1.call(Unknown Source)
	at Script1637659447373.run(Script1637659447373.groovy:41)
	... 16 more
)

2021-11-23 15:39:28 - [MESSAGE][FAILED] - Unable to set text 'k' of object 'Object Repository/Login As HCAP/Page_Fintrak  Core Banking/textarea_CommentRecommendation_comment' (Root cause: com.kms.katalon.core.exception.StepFailedException: Unable to set text 'k' of object 'Object Repository/Login As HCAP/Page_Fintrak  Core Banking/textarea_CommentRecommendation_comment'
	at com.kms.katalon.core.webui.keyword.internal.WebUIKeywordMain.stepFailed(WebUIKeywordMain.groovy:64)
	at com.kms.katalon.core.webui.keyword.internal.WebUIKeywordMain.runKeyword(WebUIKeywordMain.groovy:26)
	at com.kms.katalon.core.webui.keyword.builtin.SetTextKeyword.setText(SetTextKeyword.groovy:66)
	at com.kms.katalon.core.webui.keyword.builtin.SetTextKeyword.execute(SetTextKeyword.groovy:37)
	at com.kms.katalon.core.keyword.internal.KeywordExecutor.executeKeywordForPlatform(KeywordExecutor.groovy:74)
	at com.kms.katalon.core.webui.keyword.WebUiBuiltInKeywords.setText(WebUiBuiltInKeywords.groovy:980)
	at com.kms.katalon.core.webui.keyword.WebUiBuiltInKeywords$setText$1.call(Unknown Source)
	at Login As HCAP.run(Login As HCAP:41)
	at com.kms.katalon.core.main.ScriptEngine.run(ScriptEngine.java:194)
	at com.kms.katalon.core.main.ScriptEngine.runScriptAsRawText(ScriptEngine.java:119)
	at com.kms.katalon.core.main.TestCaseExecutor.runScript(TestCaseExecutor.java:430)
	at com.kms.katalon.core.main.TestCaseExecutor.doExecute(TestCaseExecutor.java:421)
	at com.kms.katalon.core.main.TestCaseExecutor.processExecutionPhase(TestCaseExecutor.java:400)
	at com.kms.katalon.core.main.TestCaseExecutor.accessMainPhase(TestCaseExecutor.java:392)
	at com.kms.katalon.core.main.TestCaseExecutor.execute(TestCaseExecutor.java:273)
	at com.kms.katalon.core.main.TestCaseExecutor.execute(TestCaseExecutor.java:351)
	at com.kms.katalon.core.main.TestCaseExecutor.execute(TestCaseExecutor.java:351)
	at com.kms.katalon.core.main.TestCaseExecutor.execute(TestCaseExecutor.java:351)
	at com.kms.katalon.core.main.TestSuiteExecutor.accessTestCaseMainPhase(TestSuiteExecutor.java:202)
	at com.kms.katalon.core.main.TestSuiteExecutor.accessTestSuiteMainPhase(TestSuiteExecutor.java:164)
	at com.kms.katalon.core.main.TestSuiteExecutor.execute(TestSuiteExecutor.java:105)
	at com.kms.katalon.core.main.TestCaseMain.startTestSuite(TestCaseMain.java:185)
	at com.kms.katalon.core.main.TestCaseMain$startTestSuite$0.call(Unknown Source)
	at TempTestSuite1637676172355.run(TempTestSuite1637676172355.groovy:36)
Caused by: org.openqa.selenium.ElementNotInteractableException: element not interactable
  (Session info: chrome=95.0.4638.69)
Build info: version: '3.141.59', revision: 'e82be7d358', time: '2018-11-14T08:25:53'
System info: host: 'INAOBATAN', ip: '172.20.10.3', os.name: 'Windows 10', os.arch: 'amd64', os.version: '10.0', java.version: '1.8.0_282'
Driver info: com.kms.katalon.selenium.driver.CChromeDriver
Capabilities {acceptInsecureCerts: false, browserName: chrome, browserVersion: 95.0.4638.69, chrome: {chromedriverVersion: 95.0.4638.69 (6a1600ed572fe..., userDataDir: C:\Users\INAOBA~1.OLA\AppDa...}, goog:chromeOptions: {debuggerAddress: localhost:59624}, javascriptEnabled: true, networkConnectionEnabled: false, pageLoadStrategy: normal, platform: WINDOWS, platformName: WINDOWS, proxy: Proxy(), setWindowRect: true, strictFileInteractability: false, timeouts: {implicit: 0, pageLoad: 300000, script: 30000}, unhandledPromptBehavior: dismiss and notify, webauthn:extension:credBlob: true, webauthn:extension:largeBlob: true, webauthn:virtualAuthenticators: true}
Session ID: 40212d8ca44b747aa116a331ee835f48
	at org.openqa.selenium.remote.http.W3CHttpResponseCodec.createException(W3CHttpResponseCodec.java:187)
	at org.openqa.selenium.remote.http.W3CHttpResponseCodec.decode(W3CHttpResponseCodec.java:122)
	at org.openqa.selenium.remote.http.W3CHttpResponseCodec.decode(W3CHttpResponseCodec.java:49)
	at org.openqa.selenium.remote.HttpCommandExecutor.execute(HttpCommandExecutor.java:158)
	at org.openqa.selenium.remote.service.DriverCommandExecutor.execute(DriverCommandExecutor.java:83)
	at org.openqa.selenium.remote.RemoteWebDriver.execute(RemoteWebDriver.java:552)
	at com.kms.katalon.selenium.driver.CChromeDriver.execute(CChromeDriver.java:19)
	at org.openqa.selenium.remote.RemoteWebElement.execute(RemoteWebElement.java:285)
	at org.openqa.selenium.remote.RemoteWebElement.clear(RemoteWebElement.java:124)
	at org.openqa.selenium.support.events.EventFiringWebDriver$EventFiringWebElement.lambda$new$0(EventFiringWebDriver.java:404)
	at com.sun.proxy.$Proxy11.clear(Unknown Source)
	at org.openqa.selenium.support.events.EventFiringWebDriver$EventFiringWebElement.clear(EventFiringWebDriver.java:436)
	at com.kms.katalon.core.webui.keyword.builtin.SetTextKeyword$_setText_closure1.doCall(SetTextKeyword.groovy:53)
	at com.kms.katalon.core.webui.keyword.builtin.SetTextKeyword$_setText_closure1.call(SetTextKeyword.groovy)
	at com.kms.katalon.core.webui.keyword.internal.WebUIKeywordMain.runKeyword(WebUIKeywordMain.groovy:20)
	at com.kms.katalon.core.webui.keyword.builtin.SetTextKeyword.setText(SetTextKeyword.groovy:66)
	at com.kms.katalon.core.webui.keyword.builtin.SetTextKeyword.execute(SetTextKeyword.groovy:37)
	at com.kms.katalon.core.keyword.internal.KeywordExecutor.executeKeywordForPlatform(KeywordExecutor.groovy:74)
	at com.kms.katalon.core.webui.keyword.WebUiBuiltInKeywords.setText(WebUiBuiltInKeywords.groovy:980)
	at com.kms.katalon.core.webui.keyword.WebUiBuiltInKeywords$setText$1.call(Unknown Source)
	at Script1637659447373.run(Script1637659447373.groovy:41)
	... 16 more
)
[[ATTACHMENT|C:\\Users\\inaobatan.olawale\\Katalon Studio\\My First Web UI Project\\Reports\\20211123_150252\\FBN Credit360 LOS Operation\\LOS Operation\\20211123_150252\\1637678368488.png]]]]></system-out>
         <system-err><![CDATA[2021-11-23 15:38:19 - [TEST_CASE][FAILED] - Test Cases/FBN Credit360 LOS Opeartion/Login As HCAP: Test Cases/FBN Credit360 LOS Opeartion/Login As HCAP FAILED.
Reason:
com.kms.katalon.core.exception.StepFailedException: Unable to set text 'k' of object 'Object Repository/Login As HCAP/Page_Fintrak  Core Banking/textarea_CommentRecommendation_comment'
	at com.kms.katalon.core.webui.keyword.internal.WebUIKeywordMain.stepFailed(WebUIKeywordMain.groovy:64)
	at com.kms.katalon.core.webui.keyword.internal.WebUIKeywordMain.runKeyword(WebUIKeywordMain.groovy:26)
	at com.kms.katalon.core.webui.keyword.builtin.SetTextKeyword.setText(SetTextKeyword.groovy:66)
	at com.kms.katalon.core.webui.keyword.builtin.SetTextKeyword.execute(SetTextKeyword.groovy:37)
	at com.kms.katalon.core.keyword.internal.KeywordExecutor.executeKeywordForPlatform(KeywordExecutor.groovy:74)
	at com.kms.katalon.core.webui.keyword.WebUiBuiltInKeywords.setText(WebUiBuiltInKeywords.groovy:980)
	at com.kms.katalon.core.webui.keyword.WebUiBuiltInKeywords$setText$1.call(Unknown Source)
	at Login As HCAP.run(Login As HCAP:41)
	at com.kms.katalon.core.main.ScriptEngine.run(ScriptEngine.java:194)
	at com.kms.katalon.core.main.ScriptEngine.runScriptAsRawText(ScriptEngine.java:119)
	at com.kms.katalon.core.main.TestCaseExecutor.runScript(TestCaseExecutor.java:430)
	at com.kms.katalon.core.main.TestCaseExecutor.doExecute(TestCaseExecutor.java:421)
	at com.kms.katalon.core.main.TestCaseExecutor.processExecutionPhase(TestCaseExecutor.java:400)
	at com.kms.katalon.core.main.TestCaseExecutor.accessMainPhase(TestCaseExecutor.java:392)
	at com.kms.katalon.core.main.TestCaseExecutor.execute(TestCaseExecutor.java:273)
	at com.kms.katalon.core.main.TestCaseExecutor.execute(TestCaseExecutor.java:351)
	at com.kms.katalon.core.main.TestCaseExecutor.execute(TestCaseExecutor.java:351)
	at com.kms.katalon.core.main.TestCaseExecutor.execute(TestCaseExecutor.java:351)
	at com.kms.katalon.core.main.TestSuiteExecutor.accessTestCaseMainPhase(TestSuiteExecutor.java:202)
	at com.kms.katalon.core.main.TestSuiteExecutor.accessTestSuiteMainPhase(TestSuiteExecutor.java:164)
	at com.kms.katalon.core.main.TestSuiteExecutor.execute(TestSuiteExecutor.java:105)
	at com.kms.katalon.core.main.TestCaseMain.startTestSuite(TestCaseMain.java:185)
	at com.kms.katalon.core.main.TestCaseMain$startTestSuite$0.call(Unknown Source)
	at TempTestSuite1637676172355.run(TempTestSuite1637676172355.groovy:36)
Caused by: org.openqa.selenium.ElementNotInteractableException: element not interactable
  (Session info: chrome=95.0.4638.69)
Build info: version: '3.141.59', revision: 'e82be7d358', time: '2018-11-14T08:25:53'
System info: host: 'INAOBATAN', ip: '172.20.10.3', os.name: 'Windows 10', os.arch: 'amd64', os.version: '10.0', java.version: '1.8.0_282'
Driver info: com.kms.katalon.selenium.driver.CChromeDriver
Capabilities {acceptInsecureCerts: false, browserName: chrome, browserVersion: 95.0.4638.69, chrome: {chromedriverVersion: 95.0.4638.69 (6a1600ed572fe..., userDataDir: C:\Users\INAOBA~1.OLA\AppDa...}, goog:chromeOptions: {debuggerAddress: localhost:59624}, javascriptEnabled: true, networkConnectionEnabled: false, pageLoadStrategy: normal, platform: WINDOWS, platformName: WINDOWS, proxy: Proxy(), setWindowRect: true, strictFileInteractability: false, timeouts: {implicit: 0, pageLoad: 300000, script: 30000}, unhandledPromptBehavior: dismiss and notify, webauthn:extension:credBlob: true, webauthn:extension:largeBlob: true, webauthn:virtualAuthenticators: true}
Session ID: 40212d8ca44b747aa116a331ee835f48
	at org.openqa.selenium.remote.http.W3CHttpResponseCodec.createException(W3CHttpResponseCodec.java:187)
	at org.openqa.selenium.remote.http.W3CHttpResponseCodec.decode(W3CHttpResponseCodec.java:122)
	at org.openqa.selenium.remote.http.W3CHttpResponseCodec.decode(W3CHttpResponseCodec.java:49)
	at org.openqa.selenium.remote.HttpCommandExecutor.execute(HttpCommandExecutor.java:158)
	at org.openqa.selenium.remote.service.DriverCommandExecutor.execute(DriverCommandExecutor.java:83)
	at org.openqa.selenium.remote.RemoteWebDriver.execute(RemoteWebDriver.java:552)
	at com.kms.katalon.selenium.driver.CChromeDriver.execute(CChromeDriver.java:19)
	at org.openqa.selenium.remote.RemoteWebElement.execute(RemoteWebElement.java:285)
	at org.openqa.selenium.remote.RemoteWebElement.clear(RemoteWebElement.java:124)
	at org.openqa.selenium.support.events.EventFiringWebDriver$EventFiringWebElement.lambda$new$0(EventFiringWebDriver.java:404)
	at com.sun.proxy.$Proxy11.clear(Unknown Source)
	at org.openqa.selenium.support.events.EventFiringWebDriver$EventFiringWebElement.clear(EventFiringWebDriver.java:436)
	at com.kms.katalon.core.webui.keyword.builtin.SetTextKeyword$_setText_closure1.doCall(SetTextKeyword.groovy:53)
	at com.kms.katalon.core.webui.keyword.builtin.SetTextKeyword$_setText_closure1.call(SetTextKeyword.groovy)
	at com.kms.katalon.core.webui.keyword.internal.WebUIKeywordMain.runKeyword(WebUIKeywordMain.groovy:20)
	... 22 more]]></system-err>
      </testcase>
      <testcase name="Test Cases/FBN Credit360 LOS Opeartion/Login As Line Executive" time="48.183" classname="Test Cases/FBN Credit360 LOS Opeartion/Login As Line Executive" status="FAILED">
         <failure type="FAILED" message="Test Cases/FBN Credit360 LOS Opeartion/Login As Line Executive FAILED.
Reason:
com.kms.katalon.core.exception.StepFailedException: Unable to click on object 'Object Repository/Login as Line Executive/Page_Fintrak  Core Banking/div_PROCESSING_ui-radiobutton-box ui-widget_a9aaef'
	at com.kms.katalon.core.webui.keyword.internal.WebUIKeywordMain.stepFailed(WebUIKeywordMain.groovy:64)
	at com.kms.katalon.core.webui.keyword.internal.WebUIKeywordMain.runKeyword(WebUIKeywordMain.groovy:26)
	at com.kms.katalon.core.webui.keyword.builtin.ClickKeyword.click(ClickKeyword.groovy:75)
	at com.kms.katalon.core.webui.keyword.builtin.ClickKeyword.execute(ClickKeyword.groovy:42)
	at com.kms.katalon.core.keyword.internal.KeywordExecutor.executeKeywordForPlatform(KeywordExecutor.groovy:74)
	at com.kms.katalon.core.webui.keyword.WebUiBuiltInKeywords.click(WebUiBuiltInKeywords.groovy:620)
	at com.kms.katalon.core.webui.keyword.WebUiBuiltInKeywords$click$3.call(Unknown Source)
	at Login As Line Executive.run(Login As Line Executive:38)
	at com.kms.katalon.core.main.ScriptEngine.run(ScriptEngine.java:194)
	at com.kms.katalon.core.main.ScriptEngine.runScriptAsRawText(ScriptEngine.java:119)
	at com.kms.katalon.core.main.TestCaseExecutor.runScript(TestCaseExecutor.java:430)
	at com.kms.katalon.core.main.TestCaseExecutor.doExecute(TestCaseExecutor.java:421)
	at com.kms.katalon.core.main.TestCaseExecutor.processExecutionPhase(TestCaseExecutor.java:400)
	at com.kms.katalon.core.main.TestCaseExecutor.accessMainPhase(TestCaseExecutor.java:392)
	at com.kms.katalon.core.main.TestCaseExecutor.execute(TestCaseExecutor.java:273)
	at com.kms.katalon.core.main.TestCaseExecutor.execute(TestCaseExecutor.java:351)
	at com.kms.katalon.core.main.TestCaseExecutor.execute(TestCaseExecutor.java:351)
	at com.kms.katalon.core.main.TestCaseExecutor.execute(TestCaseExecutor.java:351)
	at com.kms.katalon.core.main.TestSuiteExecutor.accessTestCaseMainPhase(TestSuiteExecutor.java:202)
	at com.kms.katalon.core.main.TestSuiteExecutor.accessTestSuiteMainPhase(TestSuiteExecutor.java:164)
	at com.kms.katalon.core.main.TestSuiteExecutor.execute(TestSuiteExecutor.java:105)
	at com.kms.katalon.core.main.TestCaseMain.startTestSuite(TestCaseMain.java:185)
	at com.kms.katalon.core.main.TestCaseMain$startTestSuite$0.call(Unknown Source)
	at TempTestSuite1637676172355.run(TempTestSuite1637676172355.groovy:36)
Caused by: org.openqa.selenium.ElementClickInterceptedException: element click intercepted: Element is not clickable at point (668, 673)
  (Session info: chrome=95.0.4638.69)
Build info: version: '3.141.59', revision: 'e82be7d358', time: '2018-11-14T08:25:53'
System info: host: 'INAOBATAN', ip: '172.20.10.3', os.name: 'Windows 10', os.arch: 'amd64', os.version: '10.0', java.version: '1.8.0_282'
Driver info: com.kms.katalon.selenium.driver.CChromeDriver
Capabilities {acceptInsecureCerts: false, browserName: chrome, browserVersion: 95.0.4638.69, chrome: {chromedriverVersion: 95.0.4638.69 (6a1600ed572fe..., userDataDir: C:\Users\INAOBA~1.OLA\AppDa...}, goog:chromeOptions: {debuggerAddress: localhost:59798}, javascriptEnabled: true, networkConnectionEnabled: false, pageLoadStrategy: normal, platform: WINDOWS, platformName: WINDOWS, proxy: Proxy(), setWindowRect: true, strictFileInteractability: false, timeouts: {implicit: 0, pageLoad: 300000, script: 30000}, unhandledPromptBehavior: dismiss and notify, webauthn:extension:credBlob: true, webauthn:extension:largeBlob: true, webauthn:virtualAuthenticators: true}
Session ID: d9b2cb6937003bad0a2d01f35f99c77f
	at org.openqa.selenium.remote.http.W3CHttpResponseCodec.createException(W3CHttpResponseCodec.java:187)
	at org.openqa.selenium.remote.http.W3CHttpResponseCodec.decode(W3CHttpResponseCodec.java:122)
	at org.openqa.selenium.remote.http.W3CHttpResponseCodec.decode(W3CHttpResponseCodec.java:49)
	at org.openqa.selenium.remote.HttpCommandExecutor.execute(HttpCommandExecutor.java:158)
	at org.openqa.selenium.remote.service.DriverCommandExecutor.execute(DriverCommandExecutor.java:83)
	at org.openqa.selenium.remote.RemoteWebDriver.execute(RemoteWebDriver.java:552)
	at com.kms.katalon.selenium.driver.CChromeDriver.execute(CChromeDriver.java:19)
	at org.openqa.selenium.remote.RemoteWebElement.execute(RemoteWebElement.java:285)
	at org.openqa.selenium.remote.RemoteWebElement.click(RemoteWebElement.java:84)
	at org.openqa.selenium.support.events.EventFiringWebDriver$EventFiringWebElement.lambda$new$0(EventFiringWebDriver.java:404)
	at com.sun.proxy.$Proxy11.click(Unknown Source)
	at org.openqa.selenium.support.events.EventFiringWebDriver$EventFiringWebElement.click(EventFiringWebDriver.java:417)
	at com.kms.katalon.core.webui.keyword.builtin.ClickKeyword$_click_closure1.doCall(ClickKeyword.groovy:68)
	at com.kms.katalon.core.webui.keyword.builtin.ClickKeyword$_click_closure1.call(ClickKeyword.groovy)
	at com.kms.katalon.core.webui.keyword.internal.WebUIKeywordMain.runKeyword(WebUIKeywordMain.groovy:20)
	... 22 more
"/>
         <system-out><![CDATA[2021-11-23 15:41:19 - [TEST_CASE][FAILED] - Test Cases/FBN Credit360 LOS Opeartion/Login As Line Executive: Test Cases/FBN Credit360 LOS Opeartion/Login As Line Executive FAILED.
Reason:
com.kms.katalon.core.exception.StepFailedException: Unable to click on object 'Object Repository/Login as Line Executive/Page_Fintrak  Core Banking/div_PROCESSING_ui-radiobutton-box ui-widget_a9aaef'
	at com.kms.katalon.core.webui.keyword.internal.WebUIKeywordMain.stepFailed(WebUIKeywordMain.groovy:64)
	at com.kms.katalon.core.webui.keyword.internal.WebUIKeywordMain.runKeyword(WebUIKeywordMain.groovy:26)
	at com.kms.katalon.core.webui.keyword.builtin.ClickKeyword.click(ClickKeyword.groovy:75)
	at com.kms.katalon.core.webui.keyword.builtin.ClickKeyword.execute(ClickKeyword.groovy:42)
	at com.kms.katalon.core.keyword.internal.KeywordExecutor.executeKeywordForPlatform(KeywordExecutor.groovy:74)
	at com.kms.katalon.core.webui.keyword.WebUiBuiltInKeywords.click(WebUiBuiltInKeywords.groovy:620)
	at com.kms.katalon.core.webui.keyword.WebUiBuiltInKeywords$click$3.call(Unknown Source)
	at Login As Line Executive.run(Login As Line Executive:38)
	at com.kms.katalon.core.main.ScriptEngine.run(ScriptEngine.java:194)
	at com.kms.katalon.core.main.ScriptEngine.runScriptAsRawText(ScriptEngine.java:119)
	at com.kms.katalon.core.main.TestCaseExecutor.runScript(TestCaseExecutor.java:430)
	at com.kms.katalon.core.main.TestCaseExecutor.doExecute(TestCaseExecutor.java:421)
	at com.kms.katalon.core.main.TestCaseExecutor.processExecutionPhase(TestCaseExecutor.java:400)
	at com.kms.katalon.core.main.TestCaseExecutor.accessMainPhase(TestCaseExecutor.java:392)
	at com.kms.katalon.core.main.TestCaseExecutor.execute(TestCaseExecutor.java:273)
	at com.kms.katalon.core.main.TestCaseExecutor.execute(TestCaseExecutor.java:351)
	at com.kms.katalon.core.main.TestCaseExecutor.execute(TestCaseExecutor.java:351)
	at com.kms.katalon.core.main.TestCaseExecutor.execute(TestCaseExecutor.java:351)
	at com.kms.katalon.core.main.TestSuiteExecutor.accessTestCaseMainPhase(TestSuiteExecutor.java:202)
	at com.kms.katalon.core.main.TestSuiteExecutor.accessTestSuiteMainPhase(TestSuiteExecutor.java:164)
	at com.kms.katalon.core.main.TestSuiteExecutor.execute(TestSuiteExecutor.java:105)
	at com.kms.katalon.core.main.TestCaseMain.startTestSuite(TestCaseMain.java:185)
	at com.kms.katalon.core.main.TestCaseMain$startTestSuite$0.call(Unknown Source)
	at TempTestSuite1637676172355.run(TempTestSuite1637676172355.groovy:36)
Caused by: org.openqa.selenium.ElementClickInterceptedException: element click intercepted: Element is not clickable at point (668, 673)
  (Session info: chrome=95.0.4638.69)
Build info: version: '3.141.59', revision: 'e82be7d358', time: '2018-11-14T08:25:53'
System info: host: 'INAOBATAN', ip: '172.20.10.3', os.name: 'Windows 10', os.arch: 'amd64', os.version: '10.0', java.version: '1.8.0_282'
Driver info: com.kms.katalon.selenium.driver.CChromeDriver
Capabilities {acceptInsecureCerts: false, browserName: chrome, browserVersion: 95.0.4638.69, chrome: {chromedriverVersion: 95.0.4638.69 (6a1600ed572fe..., userDataDir: C:\Users\INAOBA~1.OLA\AppDa...}, goog:chromeOptions: {debuggerAddress: localhost:59798}, javascriptEnabled: true, networkConnectionEnabled: false, pageLoadStrategy: normal, platform: WINDOWS, platformName: WINDOWS, proxy: Proxy(), setWindowRect: true, strictFileInteractability: false, timeouts: {implicit: 0, pageLoad: 300000, script: 30000}, unhandledPromptBehavior: dismiss and notify, webauthn:extension:credBlob: true, webauthn:extension:largeBlob: true, webauthn:virtualAuthenticators: true}
Session ID: d9b2cb6937003bad0a2d01f35f99c77f
	at org.openqa.selenium.remote.http.W3CHttpResponseCodec.createException(W3CHttpResponseCodec.java:187)
	at org.openqa.selenium.remote.http.W3CHttpResponseCodec.decode(W3CHttpResponseCodec.java:122)
	at org.openqa.selenium.remote.http.W3CHttpResponseCodec.decode(W3CHttpResponseCodec.java:49)
	at org.openqa.selenium.remote.HttpCommandExecutor.execute(HttpCommandExecutor.java:158)
	at org.openqa.selenium.remote.service.DriverCommandExecutor.execute(DriverCommandExecutor.java:83)
	at org.openqa.selenium.remote.RemoteWebDriver.execute(RemoteWebDriver.java:552)
	at com.kms.katalon.selenium.driver.CChromeDriver.execute(CChromeDriver.java:19)
	at org.openqa.selenium.remote.RemoteWebElement.execute(RemoteWebElement.java:285)
	at org.openqa.selenium.remote.RemoteWebElement.click(RemoteWebElement.java:84)
	at org.openqa.selenium.support.events.EventFiringWebDriver$EventFiringWebElement.lambda$new$0(EventFiringWebDriver.java:404)
	at com.sun.proxy.$Proxy11.click(Unknown Source)
	at org.openqa.selenium.support.events.EventFiringWebDriver$EventFiringWebElement.click(EventFiringWebDriver.java:417)
	at com.kms.katalon.core.webui.keyword.builtin.ClickKeyword$_click_closure1.doCall(ClickKeyword.groovy:68)
	at com.kms.katalon.core.webui.keyword.builtin.ClickKeyword$_click_closure1.call(ClickKeyword.groovy)
	at com.kms.katalon.core.webui.keyword.internal.WebUIKeywordMain.runKeyword(WebUIKeywordMain.groovy:20)
	... 22 more


2021-11-23 15:41:19 - [TEST_STEP][PASSED] - openBrowser(""): Browser is opened with url: ''

2021-11-23 15:41:19 - [MESSAGE][WARNING] - A browser is already opened. Closing browser and opening a new one

2021-11-23 15:41:20 - [MESSAGE][INFO] - Starting 'Chrome' driver

2021-11-23 15:41:20 - [MESSAGE][INFO] - Action delay is set to 0 milliseconds

2021-11-23 15:41:21 - [MESSAGE][PASSED] - Browser is opened with url: ''

2021-11-23 15:41:21 - [TEST_STEP][PASSED] - navigateToUrl("https://fintrakcredit360web-fb.azurewebsites.net/#/"): Navigate to 'https://fintrakcredit360web-fb.azurewebsites.net/#/' successfully

2021-11-23 15:41:32 - [MESSAGE][PASSED] - Navigate to 'https://fintrakcredit360web-fb.azurewebsites.net/#/' successfully

2021-11-23 15:41:32 - [TEST_STEP][PASSED] - setText(findTestObject("Object Repository/Login as Line Executive/Page_Fintrak  Core Banking/input_Log In_auth-name"), "SN025599"): Text 'SN025599' is set on object 'Object Repository/Login as Line Executive/Page_Fintrak  Core Banking/input_Log In_auth-name'

2021-11-23 15:41:37 - [MESSAGE][PASSED] - Text 'SN025599' is set on object 'Object Repository/Login as Line Executive/Page_Fintrak  Core Banking/input_Log In_auth-name'

2021-11-23 15:41:37 - [TEST_STEP][PASSED] - setEncryptedText(findTestObject("Object Repository/Login as Line Executive/Page_Fintrak  Core Banking/input_Log In_auth-password"), "JltEQgaE0YE="): Text ****** has been set on object 'Object Repository/Login as Line Executive/Page_Fintrak  Core Banking/input_Log In_auth-password'

2021-11-23 15:41:38 - [MESSAGE][PASSED] - Text ****** has been set on object 'Object Repository/Login as Line Executive/Page_Fintrak  Core Banking/input_Log In_auth-password'

2021-11-23 15:41:38 - [TEST_STEP][PASSED] - click(findTestObject("Object Repository/Login as Line Executive/Page_Fintrak  Core Banking/button_Log In")): Object: 'Object Repository/Login as Line Executive/Page_Fintrak  Core Banking/button_Log In' is clicked on

2021-11-23 15:41:38 - [MESSAGE][PASSED] - Object: 'Object Repository/Login as Line Executive/Page_Fintrak  Core Banking/button_Log In' is clicked on

2021-11-23 15:41:38 - [TEST_STEP][PASSED] - click(findTestObject("Object Repository/Login as Line Executive/Page_Fintrak  Core Banking/span_Credit")): Object: 'Object Repository/Login as Line Executive/Page_Fintrak  Core Banking/span_Credit' is clicked on

2021-11-23 15:41:46 - [MESSAGE][PASSED] - Object: 'Object Repository/Login as Line Executive/Page_Fintrak  Core Banking/span_Credit' is clicked on

2021-11-23 15:41:46 - [TEST_STEP][PASSED] - click(findTestObject("Object Repository/Login as Line Executive/Page_Fintrak  Core Banking/span_Credit Origination")): Object: 'Object Repository/Login as Line Executive/Page_Fintrak  Core Banking/span_Credit Origination' is clicked on

2021-11-23 15:41:46 - [MESSAGE][PASSED] - Object: 'Object Repository/Login as Line Executive/Page_Fintrak  Core Banking/span_Credit Origination' is clicked on

2021-11-23 15:41:46 - [TEST_STEP][PASSED] - click(findTestObject("Object Repository/Login as Line Executive/Page_Fintrak  Core Banking/span_Credit Appraisal")): Object: 'Object Repository/Login as Line Executive/Page_Fintrak  Core Banking/span_Credit Appraisal' is clicked on

2021-11-23 15:41:47 - [MESSAGE][PASSED] - Object: 'Object Repository/Login as Line Executive/Page_Fintrak  Core Banking/span_Credit Appraisal' is clicked on

2021-11-23 15:41:47 - [TEST_STEP][FAILED] - click(findTestObject("Object Repository/Login as Line Executive/Page_Fintrak  Core Banking/div_PROCESSING_ui-radiobutton-box ui-widget_a9aaef")): Unable to click on object 'Object Repository/Login as Line Executive/Page_Fintrak  Core Banking/div_PROCESSING_ui-radiobutton-box ui-widget_a9aaef' (Root cause: com.kms.katalon.core.exception.StepFailedException: Unable to click on object 'Object Repository/Login as Line Executive/Page_Fintrak  Core Banking/div_PROCESSING_ui-radiobutton-box ui-widget_a9aaef'
	at com.kms.katalon.core.webui.keyword.internal.WebUIKeywordMain.stepFailed(WebUIKeywordMain.groovy:64)
	at com.kms.katalon.core.webui.keyword.internal.WebUIKeywordMain.runKeyword(WebUIKeywordMain.groovy:26)
	at com.kms.katalon.core.webui.keyword.builtin.ClickKeyword.click(ClickKeyword.groovy:75)
	at com.kms.katalon.core.webui.keyword.builtin.ClickKeyword.execute(ClickKeyword.groovy:42)
	at com.kms.katalon.core.keyword.internal.KeywordExecutor.executeKeywordForPlatform(KeywordExecutor.groovy:74)
	at com.kms.katalon.core.webui.keyword.WebUiBuiltInKeywords.click(WebUiBuiltInKeywords.groovy:620)
	at com.kms.katalon.core.webui.keyword.WebUiBuiltInKeywords$click$3.call(Unknown Source)
	at Login As Line Executive.run(Login As Line Executive:38)
	at com.kms.katalon.core.main.ScriptEngine.run(ScriptEngine.java:194)
	at com.kms.katalon.core.main.ScriptEngine.runScriptAsRawText(ScriptEngine.java:119)
	at com.kms.katalon.core.main.TestCaseExecutor.runScript(TestCaseExecutor.java:430)
	at com.kms.katalon.core.main.TestCaseExecutor.doExecute(TestCaseExecutor.java:421)
	at com.kms.katalon.core.main.TestCaseExecutor.processExecutionPhase(TestCaseExecutor.java:400)
	at com.kms.katalon.core.main.TestCaseExecutor.accessMainPhase(TestCaseExecutor.java:392)
	at com.kms.katalon.core.main.TestCaseExecutor.execute(TestCaseExecutor.java:273)
	at com.kms.katalon.core.main.TestCaseExecutor.execute(TestCaseExecutor.java:351)
	at com.kms.katalon.core.main.TestCaseExecutor.execute(TestCaseExecutor.java:351)
	at com.kms.katalon.core.main.TestCaseExecutor.execute(TestCaseExecutor.java:351)
	at com.kms.katalon.core.main.TestSuiteExecutor.accessTestCaseMainPhase(TestSuiteExecutor.java:202)
	at com.kms.katalon.core.main.TestSuiteExecutor.accessTestSuiteMainPhase(TestSuiteExecutor.java:164)
	at com.kms.katalon.core.main.TestSuiteExecutor.execute(TestSuiteExecutor.java:105)
	at com.kms.katalon.core.main.TestCaseMain.startTestSuite(TestCaseMain.java:185)
	at com.kms.katalon.core.main.TestCaseMain$startTestSuite$0.call(Unknown Source)
	at TempTestSuite1637676172355.run(TempTestSuite1637676172355.groovy:36)
Caused by: org.openqa.selenium.ElementClickInterceptedException: element click intercepted: Element is not clickable at point (668, 673)
  (Session info: chrome=95.0.4638.69)
Build info: version: '3.141.59', revision: 'e82be7d358', time: '2018-11-14T08:25:53'
System info: host: 'INAOBATAN', ip: '172.20.10.3', os.name: 'Windows 10', os.arch: 'amd64', os.version: '10.0', java.version: '1.8.0_282'
Driver info: com.kms.katalon.selenium.driver.CChromeDriver
Capabilities {acceptInsecureCerts: false, browserName: chrome, browserVersion: 95.0.4638.69, chrome: {chromedriverVersion: 95.0.4638.69 (6a1600ed572fe..., userDataDir: C:\Users\INAOBA~1.OLA\AppDa...}, goog:chromeOptions: {debuggerAddress: localhost:59798}, javascriptEnabled: true, networkConnectionEnabled: false, pageLoadStrategy: normal, platform: WINDOWS, platformName: WINDOWS, proxy: Proxy(), setWindowRect: true, strictFileInteractability: false, timeouts: {implicit: 0, pageLoad: 300000, script: 30000}, unhandledPromptBehavior: dismiss and notify, webauthn:extension:credBlob: true, webauthn:extension:largeBlob: true, webauthn:virtualAuthenticators: true}
Session ID: d9b2cb6937003bad0a2d01f35f99c77f
	at org.openqa.selenium.remote.http.W3CHttpResponseCodec.createException(W3CHttpResponseCodec.java:187)
	at org.openqa.selenium.remote.http.W3CHttpResponseCodec.decode(W3CHttpResponseCodec.java:122)
	at org.openqa.selenium.remote.http.W3CHttpResponseCodec.decode(W3CHttpResponseCodec.java:49)
	at org.openqa.selenium.remote.HttpCommandExecutor.execute(HttpCommandExecutor.java:158)
	at org.openqa.selenium.remote.service.DriverCommandExecutor.execute(DriverCommandExecutor.java:83)
	at org.openqa.selenium.remote.RemoteWebDriver.execute(RemoteWebDriver.java:552)
	at com.kms.katalon.selenium.driver.CChromeDriver.execute(CChromeDriver.java:19)
	at org.openqa.selenium.remote.RemoteWebElement.execute(RemoteWebElement.java:285)
	at org.openqa.selenium.remote.RemoteWebElement.click(RemoteWebElement.java:84)
	at org.openqa.selenium.support.events.EventFiringWebDriver$EventFiringWebElement.lambda$new$0(EventFiringWebDriver.java:404)
	at com.sun.proxy.$Proxy11.click(Unknown Source)
	at org.openqa.selenium.support.events.EventFiringWebDriver$EventFiringWebElement.click(EventFiringWebDriver.java:417)
	at com.kms.katalon.core.webui.keyword.builtin.ClickKeyword$_click_closure1.doCall(ClickKeyword.groovy:68)
	at com.kms.katalon.core.webui.keyword.builtin.ClickKeyword$_click_closure1.call(ClickKeyword.groovy)
	at com.kms.katalon.core.webui.keyword.internal.WebUIKeywordMain.runKeyword(WebUIKeywordMain.groovy:20)
	at com.kms.katalon.core.webui.keyword.builtin.ClickKeyword.click(ClickKeyword.groovy:75)
	at com.kms.katalon.core.webui.keyword.builtin.ClickKeyword.execute(ClickKeyword.groovy:42)
	at com.kms.katalon.core.keyword.internal.KeywordExecutor.executeKeywordForPlatform(KeywordExecutor.groovy:74)
	at com.kms.katalon.core.webui.keyword.WebUiBuiltInKeywords.click(WebUiBuiltInKeywords.groovy:620)
	at com.kms.katalon.core.webui.keyword.WebUiBuiltInKeywords$click$3.call(Unknown Source)
	at Script1637659447394.run(Script1637659447394.groovy:38)
	... 16 more
)

2021-11-23 15:42:07 - [MESSAGE][FAILED] - Unable to click on object 'Object Repository/Login as Line Executive/Page_Fintrak  Core Banking/div_PROCESSING_ui-radiobutton-box ui-widget_a9aaef' (Root cause: com.kms.katalon.core.exception.StepFailedException: Unable to click on object 'Object Repository/Login as Line Executive/Page_Fintrak  Core Banking/div_PROCESSING_ui-radiobutton-box ui-widget_a9aaef'
	at com.kms.katalon.core.webui.keyword.internal.WebUIKeywordMain.stepFailed(WebUIKeywordMain.groovy:64)
	at com.kms.katalon.core.webui.keyword.internal.WebUIKeywordMain.runKeyword(WebUIKeywordMain.groovy:26)
	at com.kms.katalon.core.webui.keyword.builtin.ClickKeyword.click(ClickKeyword.groovy:75)
	at com.kms.katalon.core.webui.keyword.builtin.ClickKeyword.execute(ClickKeyword.groovy:42)
	at com.kms.katalon.core.keyword.internal.KeywordExecutor.executeKeywordForPlatform(KeywordExecutor.groovy:74)
	at com.kms.katalon.core.webui.keyword.WebUiBuiltInKeywords.click(WebUiBuiltInKeywords.groovy:620)
	at com.kms.katalon.core.webui.keyword.WebUiBuiltInKeywords$click$3.call(Unknown Source)
	at Login As Line Executive.run(Login As Line Executive:38)
	at com.kms.katalon.core.main.ScriptEngine.run(ScriptEngine.java:194)
	at com.kms.katalon.core.main.ScriptEngine.runScriptAsRawText(ScriptEngine.java:119)
	at com.kms.katalon.core.main.TestCaseExecutor.runScript(TestCaseExecutor.java:430)
	at com.kms.katalon.core.main.TestCaseExecutor.doExecute(TestCaseExecutor.java:421)
	at com.kms.katalon.core.main.TestCaseExecutor.processExecutionPhase(TestCaseExecutor.java:400)
	at com.kms.katalon.core.main.TestCaseExecutor.accessMainPhase(TestCaseExecutor.java:392)
	at com.kms.katalon.core.main.TestCaseExecutor.execute(TestCaseExecutor.java:273)
	at com.kms.katalon.core.main.TestCaseExecutor.execute(TestCaseExecutor.java:351)
	at com.kms.katalon.core.main.TestCaseExecutor.execute(TestCaseExecutor.java:351)
	at com.kms.katalon.core.main.TestCaseExecutor.execute(TestCaseExecutor.java:351)
	at com.kms.katalon.core.main.TestSuiteExecutor.accessTestCaseMainPhase(TestSuiteExecutor.java:202)
	at com.kms.katalon.core.main.TestSuiteExecutor.accessTestSuiteMainPhase(TestSuiteExecutor.java:164)
	at com.kms.katalon.core.main.TestSuiteExecutor.execute(TestSuiteExecutor.java:105)
	at com.kms.katalon.core.main.TestCaseMain.startTestSuite(TestCaseMain.java:185)
	at com.kms.katalon.core.main.TestCaseMain$startTestSuite$0.call(Unknown Source)
	at TempTestSuite1637676172355.run(TempTestSuite1637676172355.groovy:36)
Caused by: org.openqa.selenium.ElementClickInterceptedException: element click intercepted: Element is not clickable at point (668, 673)
  (Session info: chrome=95.0.4638.69)
Build info: version: '3.141.59', revision: 'e82be7d358', time: '2018-11-14T08:25:53'
System info: host: 'INAOBATAN', ip: '172.20.10.3', os.name: 'Windows 10', os.arch: 'amd64', os.version: '10.0', java.version: '1.8.0_282'
Driver info: com.kms.katalon.selenium.driver.CChromeDriver
Capabilities {acceptInsecureCerts: false, browserName: chrome, browserVersion: 95.0.4638.69, chrome: {chromedriverVersion: 95.0.4638.69 (6a1600ed572fe..., userDataDir: C:\Users\INAOBA~1.OLA\AppDa...}, goog:chromeOptions: {debuggerAddress: localhost:59798}, javascriptEnabled: true, networkConnectionEnabled: false, pageLoadStrategy: normal, platform: WINDOWS, platformName: WINDOWS, proxy: Proxy(), setWindowRect: true, strictFileInteractability: false, timeouts: {implicit: 0, pageLoad: 300000, script: 30000}, unhandledPromptBehavior: dismiss and notify, webauthn:extension:credBlob: true, webauthn:extension:largeBlob: true, webauthn:virtualAuthenticators: true}
Session ID: d9b2cb6937003bad0a2d01f35f99c77f
	at org.openqa.selenium.remote.http.W3CHttpResponseCodec.createException(W3CHttpResponseCodec.java:187)
	at org.openqa.selenium.remote.http.W3CHttpResponseCodec.decode(W3CHttpResponseCodec.java:122)
	at org.openqa.selenium.remote.http.W3CHttpResponseCodec.decode(W3CHttpResponseCodec.java:49)
	at org.openqa.selenium.remote.HttpCommandExecutor.execute(HttpCommandExecutor.java:158)
	at org.openqa.selenium.remote.service.DriverCommandExecutor.execute(DriverCommandExecutor.java:83)
	at org.openqa.selenium.remote.RemoteWebDriver.execute(RemoteWebDriver.java:552)
	at com.kms.katalon.selenium.driver.CChromeDriver.execute(CChromeDriver.java:19)
	at org.openqa.selenium.remote.RemoteWebElement.execute(RemoteWebElement.java:285)
	at org.openqa.selenium.remote.RemoteWebElement.click(RemoteWebElement.java:84)
	at org.openqa.selenium.support.events.EventFiringWebDriver$EventFiringWebElement.lambda$new$0(EventFiringWebDriver.java:404)
	at com.sun.proxy.$Proxy11.click(Unknown Source)
	at org.openqa.selenium.support.events.EventFiringWebDriver$EventFiringWebElement.click(EventFiringWebDriver.java:417)
	at com.kms.katalon.core.webui.keyword.builtin.ClickKeyword$_click_closure1.doCall(ClickKeyword.groovy:68)
	at com.kms.katalon.core.webui.keyword.builtin.ClickKeyword$_click_closure1.call(ClickKeyword.groovy)
	at com.kms.katalon.core.webui.keyword.internal.WebUIKeywordMain.runKeyword(WebUIKeywordMain.groovy:20)
	at com.kms.katalon.core.webui.keyword.builtin.ClickKeyword.click(ClickKeyword.groovy:75)
	at com.kms.katalon.core.webui.keyword.builtin.ClickKeyword.execute(ClickKeyword.groovy:42)
	at com.kms.katalon.core.keyword.internal.KeywordExecutor.executeKeywordForPlatform(KeywordExecutor.groovy:74)
	at com.kms.katalon.core.webui.keyword.WebUiBuiltInKeywords.click(WebUiBuiltInKeywords.groovy:620)
	at com.kms.katalon.core.webui.keyword.WebUiBuiltInKeywords$click$3.call(Unknown Source)
	at Script1637659447394.run(Script1637659447394.groovy:38)
	... 16 more
)
[[ATTACHMENT|C:\\Users\\inaobatan.olawale\\Katalon Studio\\My First Web UI Project\\Reports\\20211123_150252\\FBN Credit360 LOS Operation\\LOS Operation\\20211123_150252\\1637678527823.png]]]]></system-out>
         <system-err><![CDATA[2021-11-23 15:41:19 - [TEST_CASE][FAILED] - Test Cases/FBN Credit360 LOS Opeartion/Login As Line Executive: Test Cases/FBN Credit360 LOS Opeartion/Login As Line Executive FAILED.
Reason:
com.kms.katalon.core.exception.StepFailedException: Unable to click on object 'Object Repository/Login as Line Executive/Page_Fintrak  Core Banking/div_PROCESSING_ui-radiobutton-box ui-widget_a9aaef'
	at com.kms.katalon.core.webui.keyword.internal.WebUIKeywordMain.stepFailed(WebUIKeywordMain.groovy:64)
	at com.kms.katalon.core.webui.keyword.internal.WebUIKeywordMain.runKeyword(WebUIKeywordMain.groovy:26)
	at com.kms.katalon.core.webui.keyword.builtin.ClickKeyword.click(ClickKeyword.groovy:75)
	at com.kms.katalon.core.webui.keyword.builtin.ClickKeyword.execute(ClickKeyword.groovy:42)
	at com.kms.katalon.core.keyword.internal.KeywordExecutor.executeKeywordForPlatform(KeywordExecutor.groovy:74)
	at com.kms.katalon.core.webui.keyword.WebUiBuiltInKeywords.click(WebUiBuiltInKeywords.groovy:620)
	at com.kms.katalon.core.webui.keyword.WebUiBuiltInKeywords$click$3.call(Unknown Source)
	at Login As Line Executive.run(Login As Line Executive:38)
	at com.kms.katalon.core.main.ScriptEngine.run(ScriptEngine.java:194)
	at com.kms.katalon.core.main.ScriptEngine.runScriptAsRawText(ScriptEngine.java:119)
	at com.kms.katalon.core.main.TestCaseExecutor.runScript(TestCaseExecutor.java:430)
	at com.kms.katalon.core.main.TestCaseExecutor.doExecute(TestCaseExecutor.java:421)
	at com.kms.katalon.core.main.TestCaseExecutor.processExecutionPhase(TestCaseExecutor.java:400)
	at com.kms.katalon.core.main.TestCaseExecutor.accessMainPhase(TestCaseExecutor.java:392)
	at com.kms.katalon.core.main.TestCaseExecutor.execute(TestCaseExecutor.java:273)
	at com.kms.katalon.core.main.TestCaseExecutor.execute(TestCaseExecutor.java:351)
	at com.kms.katalon.core.main.TestCaseExecutor.execute(TestCaseExecutor.java:351)
	at com.kms.katalon.core.main.TestCaseExecutor.execute(TestCaseExecutor.java:351)
	at com.kms.katalon.core.main.TestSuiteExecutor.accessTestCaseMainPhase(TestSuiteExecutor.java:202)
	at com.kms.katalon.core.main.TestSuiteExecutor.accessTestSuiteMainPhase(TestSuiteExecutor.java:164)
	at com.kms.katalon.core.main.TestSuiteExecutor.execute(TestSuiteExecutor.java:105)
	at com.kms.katalon.core.main.TestCaseMain.startTestSuite(TestCaseMain.java:185)
	at com.kms.katalon.core.main.TestCaseMain$startTestSuite$0.call(Unknown Source)
	at TempTestSuite1637676172355.run(TempTestSuite1637676172355.groovy:36)
Caused by: org.openqa.selenium.ElementClickInterceptedException: element click intercepted: Element is not clickable at point (668, 673)
  (Session info: chrome=95.0.4638.69)
Build info: version: '3.141.59', revision: 'e82be7d358', time: '2018-11-14T08:25:53'
System info: host: 'INAOBATAN', ip: '172.20.10.3', os.name: 'Windows 10', os.arch: 'amd64', os.version: '10.0', java.version: '1.8.0_282'
Driver info: com.kms.katalon.selenium.driver.CChromeDriver
Capabilities {acceptInsecureCerts: false, browserName: chrome, browserVersion: 95.0.4638.69, chrome: {chromedriverVersion: 95.0.4638.69 (6a1600ed572fe..., userDataDir: C:\Users\INAOBA~1.OLA\AppDa...}, goog:chromeOptions: {debuggerAddress: localhost:59798}, javascriptEnabled: true, networkConnectionEnabled: false, pageLoadStrategy: normal, platform: WINDOWS, platformName: WINDOWS, proxy: Proxy(), setWindowRect: true, strictFileInteractability: false, timeouts: {implicit: 0, pageLoad: 300000, script: 30000}, unhandledPromptBehavior: dismiss and notify, webauthn:extension:credBlob: true, webauthn:extension:largeBlob: true, webauthn:virtualAuthenticators: true}
Session ID: d9b2cb6937003bad0a2d01f35f99c77f
	at org.openqa.selenium.remote.http.W3CHttpResponseCodec.createException(W3CHttpResponseCodec.java:187)
	at org.openqa.selenium.remote.http.W3CHttpResponseCodec.decode(W3CHttpResponseCodec.java:122)
	at org.openqa.selenium.remote.http.W3CHttpResponseCodec.decode(W3CHttpResponseCodec.java:49)
	at org.openqa.selenium.remote.HttpCommandExecutor.execute(HttpCommandExecutor.java:158)
	at org.openqa.selenium.remote.service.DriverCommandExecutor.execute(DriverCommandExecutor.java:83)
	at org.openqa.selenium.remote.RemoteWebDriver.execute(RemoteWebDriver.java:552)
	at com.kms.katalon.selenium.driver.CChromeDriver.execute(CChromeDriver.java:19)
	at org.openqa.selenium.remote.RemoteWebElement.execute(RemoteWebElement.java:285)
	at org.openqa.selenium.remote.RemoteWebElement.click(RemoteWebElement.java:84)
	at org.openqa.selenium.support.events.EventFiringWebDriver$EventFiringWebElement.lambda$new$0(EventFiringWebDriver.java:404)
	at com.sun.proxy.$Proxy11.click(Unknown Source)
	at org.openqa.selenium.support.events.EventFiringWebDriver$EventFiringWebElement.click(EventFiringWebDriver.java:417)
	at com.kms.katalon.core.webui.keyword.builtin.ClickKeyword$_click_closure1.doCall(ClickKeyword.groovy:68)
	at com.kms.katalon.core.webui.keyword.builtin.ClickKeyword$_click_closure1.call(ClickKeyword.groovy)
	at com.kms.katalon.core.webui.keyword.internal.WebUIKeywordMain.runKeyword(WebUIKeywordMain.groovy:20)
	... 22 more]]></system-err>
      </testcase>
      <testcase name="Test Cases/FBN Credit360 LOS Opeartion/Offer Letter Generation" time="96.82" classname="Test Cases/FBN Credit360 LOS Opeartion/Offer Letter Generation" status="FAILED">
         <failure type="FAILED" message="Test Cases/FBN Credit360 LOS Opeartion/Offer Letter Generation FAILED.
Reason:
com.kms.katalon.core.exception.StepFailedException: Unable to click on object 'Object Repository/Offer Letter Generation/Page_Fintrak  Core Banking/button_Cancel'
	at com.kms.katalon.core.webui.keyword.internal.WebUIKeywordMain.stepFailed(WebUIKeywordMain.groovy:64)
	at com.kms.katalon.core.webui.keyword.internal.WebUIKeywordMain.runKeyword(WebUIKeywordMain.groovy:26)
	at com.kms.katalon.core.webui.keyword.builtin.ClickKeyword.click(ClickKeyword.groovy:75)
	at com.kms.katalon.core.webui.keyword.builtin.ClickKeyword.execute(ClickKeyword.groovy:42)
	at com.kms.katalon.core.keyword.internal.KeywordExecutor.executeKeywordForPlatform(KeywordExecutor.groovy:74)
	at com.kms.katalon.core.webui.keyword.WebUiBuiltInKeywords.click(WebUiBuiltInKeywords.groovy:620)
	at com.kms.katalon.core.webui.keyword.WebUiBuiltInKeywords$click$3.call(Unknown Source)
	at Offer Letter Generation.run(Offer Letter Generation:53)
	at com.kms.katalon.core.main.ScriptEngine.run(ScriptEngine.java:194)
	at com.kms.katalon.core.main.ScriptEngine.runScriptAsRawText(ScriptEngine.java:119)
	at com.kms.katalon.core.main.TestCaseExecutor.runScript(TestCaseExecutor.java:430)
	at com.kms.katalon.core.main.TestCaseExecutor.doExecute(TestCaseExecutor.java:421)
	at com.kms.katalon.core.main.TestCaseExecutor.processExecutionPhase(TestCaseExecutor.java:400)
	at com.kms.katalon.core.main.TestCaseExecutor.accessMainPhase(TestCaseExecutor.java:392)
	at com.kms.katalon.core.main.TestCaseExecutor.execute(TestCaseExecutor.java:273)
	at com.kms.katalon.core.main.TestCaseExecutor.execute(TestCaseExecutor.java:351)
	at com.kms.katalon.core.main.TestCaseExecutor.execute(TestCaseExecutor.java:351)
	at com.kms.katalon.core.main.TestCaseExecutor.execute(TestCaseExecutor.java:351)
	at com.kms.katalon.core.main.TestSuiteExecutor.accessTestCaseMainPhase(TestSuiteExecutor.java:202)
	at com.kms.katalon.core.main.TestSuiteExecutor.accessTestSuiteMainPhase(TestSuiteExecutor.java:164)
	at com.kms.katalon.core.main.TestSuiteExecutor.execute(TestSuiteExecutor.java:105)
	at com.kms.katalon.core.main.TestCaseMain.startTestSuite(TestCaseMain.java:185)
	at com.kms.katalon.core.main.TestCaseMain$startTestSuite$0.call(Unknown Source)
	at TempTestSuite1637676172355.run(TempTestSuite1637676172355.groovy:36)
Caused by: org.openqa.selenium.ElementNotInteractableException: element not interactable
  (Session info: chrome=95.0.4638.69)
Build info: version: '3.141.59', revision: 'e82be7d358', time: '2018-11-14T08:25:53'
System info: host: 'INAOBATAN', ip: '172.20.10.3', os.name: 'Windows 10', os.arch: 'amd64', os.version: '10.0', java.version: '1.8.0_282'
Driver info: com.kms.katalon.selenium.driver.CChromeDriver
Capabilities {acceptInsecureCerts: false, browserName: chrome, browserVersion: 95.0.4638.69, chrome: {chromedriverVersion: 95.0.4638.69 (6a1600ed572fe..., userDataDir: C:\Users\INAOBA~1.OLA\AppDa...}, goog:chromeOptions: {debuggerAddress: localhost:60087}, javascriptEnabled: true, networkConnectionEnabled: false, pageLoadStrategy: normal, platform: WINDOWS, platformName: WINDOWS, proxy: Proxy(), setWindowRect: true, strictFileInteractability: false, timeouts: {implicit: 0, pageLoad: 300000, script: 30000}, unhandledPromptBehavior: dismiss and notify, webauthn:extension:credBlob: true, webauthn:extension:largeBlob: true, webauthn:virtualAuthenticators: true}
Session ID: 1b887526741889d256fd78325d284379
	at org.openqa.selenium.remote.http.W3CHttpResponseCodec.createException(W3CHttpResponseCodec.java:187)
	at org.openqa.selenium.remote.http.W3CHttpResponseCodec.decode(W3CHttpResponseCodec.java:122)
	at org.openqa.selenium.remote.http.W3CHttpResponseCodec.decode(W3CHttpResponseCodec.java:49)
	at org.openqa.selenium.remote.HttpCommandExecutor.execute(HttpCommandExecutor.java:158)
	at org.openqa.selenium.remote.service.DriverCommandExecutor.execute(DriverCommandExecutor.java:83)
	at org.openqa.selenium.remote.RemoteWebDriver.execute(RemoteWebDriver.java:552)
	at com.kms.katalon.selenium.driver.CChromeDriver.execute(CChromeDriver.java:19)
	at org.openqa.selenium.remote.RemoteWebElement.execute(RemoteWebElement.java:285)
	at org.openqa.selenium.remote.RemoteWebElement.click(RemoteWebElement.java:84)
	at org.openqa.selenium.support.events.EventFiringWebDriver$EventFiringWebElement.lambda$new$0(EventFiringWebDriver.java:404)
	at com.sun.proxy.$Proxy11.click(Unknown Source)
	at org.openqa.selenium.support.events.EventFiringWebDriver$EventFiringWebElement.click(EventFiringWebDriver.java:417)
	at com.kms.katalon.core.webui.keyword.builtin.ClickKeyword$_click_closure1.doCall(ClickKeyword.groovy:68)
	at com.kms.katalon.core.webui.keyword.builtin.ClickKeyword$_click_closure1.call(ClickKeyword.groovy)
	at com.kms.katalon.core.webui.keyword.internal.WebUIKeywordMain.runKeyword(WebUIKeywordMain.groovy:20)
	... 22 more
"/>
         <system-out><![CDATA[2021-11-23 15:46:45 - [TEST_CASE][FAILED] - Test Cases/FBN Credit360 LOS Opeartion/Offer Letter Generation: Test Cases/FBN Credit360 LOS Opeartion/Offer Letter Generation FAILED.
Reason:
com.kms.katalon.core.exception.StepFailedException: Unable to click on object 'Object Repository/Offer Letter Generation/Page_Fintrak  Core Banking/button_Cancel'
	at com.kms.katalon.core.webui.keyword.internal.WebUIKeywordMain.stepFailed(WebUIKeywordMain.groovy:64)
	at com.kms.katalon.core.webui.keyword.internal.WebUIKeywordMain.runKeyword(WebUIKeywordMain.groovy:26)
	at com.kms.katalon.core.webui.keyword.builtin.ClickKeyword.click(ClickKeyword.groovy:75)
	at com.kms.katalon.core.webui.keyword.builtin.ClickKeyword.execute(ClickKeyword.groovy:42)
	at com.kms.katalon.core.keyword.internal.KeywordExecutor.executeKeywordForPlatform(KeywordExecutor.groovy:74)
	at com.kms.katalon.core.webui.keyword.WebUiBuiltInKeywords.click(WebUiBuiltInKeywords.groovy:620)
	at com.kms.katalon.core.webui.keyword.WebUiBuiltInKeywords$click$3.call(Unknown Source)
	at Offer Letter Generation.run(Offer Letter Generation:53)
	at com.kms.katalon.core.main.ScriptEngine.run(ScriptEngine.java:194)
	at com.kms.katalon.core.main.ScriptEngine.runScriptAsRawText(ScriptEngine.java:119)
	at com.kms.katalon.core.main.TestCaseExecutor.runScript(TestCaseExecutor.java:430)
	at com.kms.katalon.core.main.TestCaseExecutor.doExecute(TestCaseExecutor.java:421)
	at com.kms.katalon.core.main.TestCaseExecutor.processExecutionPhase(TestCaseExecutor.java:400)
	at com.kms.katalon.core.main.TestCaseExecutor.accessMainPhase(TestCaseExecutor.java:392)
	at com.kms.katalon.core.main.TestCaseExecutor.execute(TestCaseExecutor.java:273)
	at com.kms.katalon.core.main.TestCaseExecutor.execute(TestCaseExecutor.java:351)
	at com.kms.katalon.core.main.TestCaseExecutor.execute(TestCaseExecutor.java:351)
	at com.kms.katalon.core.main.TestCaseExecutor.execute(TestCaseExecutor.java:351)
	at com.kms.katalon.core.main.TestSuiteExecutor.accessTestCaseMainPhase(TestSuiteExecutor.java:202)
	at com.kms.katalon.core.main.TestSuiteExecutor.accessTestSuiteMainPhase(TestSuiteExecutor.java:164)
	at com.kms.katalon.core.main.TestSuiteExecutor.execute(TestSuiteExecutor.java:105)
	at com.kms.katalon.core.main.TestCaseMain.startTestSuite(TestCaseMain.java:185)
	at com.kms.katalon.core.main.TestCaseMain$startTestSuite$0.call(Unknown Source)
	at TempTestSuite1637676172355.run(TempTestSuite1637676172355.groovy:36)
Caused by: org.openqa.selenium.ElementNotInteractableException: element not interactable
  (Session info: chrome=95.0.4638.69)
Build info: version: '3.141.59', revision: 'e82be7d358', time: '2018-11-14T08:25:53'
System info: host: 'INAOBATAN', ip: '172.20.10.3', os.name: 'Windows 10', os.arch: 'amd64', os.version: '10.0', java.version: '1.8.0_282'
Driver info: com.kms.katalon.selenium.driver.CChromeDriver
Capabilities {acceptInsecureCerts: false, browserName: chrome, browserVersion: 95.0.4638.69, chrome: {chromedriverVersion: 95.0.4638.69 (6a1600ed572fe..., userDataDir: C:\Users\INAOBA~1.OLA\AppDa...}, goog:chromeOptions: {debuggerAddress: localhost:60087}, javascriptEnabled: true, networkConnectionEnabled: false, pageLoadStrategy: normal, platform: WINDOWS, platformName: WINDOWS, proxy: Proxy(), setWindowRect: true, strictFileInteractability: false, timeouts: {implicit: 0, pageLoad: 300000, script: 30000}, unhandledPromptBehavior: dismiss and notify, webauthn:extension:credBlob: true, webauthn:extension:largeBlob: true, webauthn:virtualAuthenticators: true}
Session ID: 1b887526741889d256fd78325d284379
	at org.openqa.selenium.remote.http.W3CHttpResponseCodec.createException(W3CHttpResponseCodec.java:187)
	at org.openqa.selenium.remote.http.W3CHttpResponseCodec.decode(W3CHttpResponseCodec.java:122)
	at org.openqa.selenium.remote.http.W3CHttpResponseCodec.decode(W3CHttpResponseCodec.java:49)
	at org.openqa.selenium.remote.HttpCommandExecutor.execute(HttpCommandExecutor.java:158)
	at org.openqa.selenium.remote.service.DriverCommandExecutor.execute(DriverCommandExecutor.java:83)
	at org.openqa.selenium.remote.RemoteWebDriver.execute(RemoteWebDriver.java:552)
	at com.kms.katalon.selenium.driver.CChromeDriver.execute(CChromeDriver.java:19)
	at org.openqa.selenium.remote.RemoteWebElement.execute(RemoteWebElement.java:285)
	at org.openqa.selenium.remote.RemoteWebElement.click(RemoteWebElement.java:84)
	at org.openqa.selenium.support.events.EventFiringWebDriver$EventFiringWebElement.lambda$new$0(EventFiringWebDriver.java:404)
	at com.sun.proxy.$Proxy11.click(Unknown Source)
	at org.openqa.selenium.support.events.EventFiringWebDriver$EventFiringWebElement.click(EventFiringWebDriver.java:417)
	at com.kms.katalon.core.webui.keyword.builtin.ClickKeyword$_click_closure1.doCall(ClickKeyword.groovy:68)
	at com.kms.katalon.core.webui.keyword.builtin.ClickKeyword$_click_closure1.call(ClickKeyword.groovy)
	at com.kms.katalon.core.webui.keyword.internal.WebUIKeywordMain.runKeyword(WebUIKeywordMain.groovy:20)
	... 22 more


2021-11-23 15:46:45 - [TEST_STEP][PASSED] - openBrowser(""): Browser is opened with url: ''

2021-11-23 15:46:45 - [MESSAGE][WARNING] - A browser is already opened. Closing browser and opening a new one

2021-11-23 15:46:46 - [MESSAGE][INFO] - Starting 'Chrome' driver

2021-11-23 15:46:46 - [MESSAGE][INFO] - Action delay is set to 0 milliseconds

2021-11-23 15:46:47 - [MESSAGE][PASSED] - Browser is opened with url: ''

2021-11-23 15:46:47 - [TEST_STEP][PASSED] - navigateToUrl("https://fintrakcredit360web-fb.azurewebsites.net/#/"): Navigate to 'https://fintrakcredit360web-fb.azurewebsites.net/#/' successfully

2021-11-23 15:47:00 - [MESSAGE][PASSED] - Navigate to 'https://fintrakcredit360web-fb.azurewebsites.net/#/' successfully

2021-11-23 15:47:00 - [TEST_STEP][PASSED] - setText(findTestObject("Object Repository/Offer Letter Generation/Page_Fintrak  Core Banking/input_Log In_auth-name"), "SN024458"): Text 'SN024458' is set on object 'Object Repository/Offer Letter Generation/Page_Fintrak  Core Banking/input_Log In_auth-name'

2021-11-23 15:47:05 - [MESSAGE][PASSED] - Text 'SN024458' is set on object 'Object Repository/Offer Letter Generation/Page_Fintrak  Core Banking/input_Log In_auth-name'

2021-11-23 15:47:05 - [TEST_STEP][PASSED] - setEncryptedText(findTestObject("Object Repository/Offer Letter Generation/Page_Fintrak  Core Banking/input_Log In_auth-password"), "JltEQgaE0YE="): Text ****** has been set on object 'Object Repository/Offer Letter Generation/Page_Fintrak  Core Banking/input_Log In_auth-password'

2021-11-23 15:47:05 - [MESSAGE][PASSED] - Text ****** has been set on object 'Object Repository/Offer Letter Generation/Page_Fintrak  Core Banking/input_Log In_auth-password'

2021-11-23 15:47:05 - [TEST_STEP][PASSED] - click(findTestObject("Object Repository/Offer Letter Generation/Page_Fintrak  Core Banking/button_Log In")): Object: 'Object Repository/Offer Letter Generation/Page_Fintrak  Core Banking/button_Log In' is clicked on

2021-11-23 15:47:06 - [MESSAGE][PASSED] - Object: 'Object Repository/Offer Letter Generation/Page_Fintrak  Core Banking/button_Log In' is clicked on

2021-11-23 15:47:06 - [TEST_STEP][PASSED] - click(findTestObject("Object Repository/Offer Letter Generation/Page_Fintrak  Core Banking/a_account_balance_walletCreditkeyboard_arrow_down")): Object: 'Object Repository/Offer Letter Generation/Page_Fintrak  Core Banking/a_account_balance_walletCreditkeyboard_arrow_down' is clicked on

2021-11-23 15:47:12 - [MESSAGE][PASSED] - Object: 'Object Repository/Offer Letter Generation/Page_Fintrak  Core Banking/a_account_balance_walletCreditkeyboard_arrow_down' is clicked on

2021-11-23 15:47:12 - [TEST_STEP][PASSED] - click(findTestObject("Object Repository/Offer Letter Generation/Page_Fintrak  Core Banking/span_Credit Origination")): Object: 'Object Repository/Offer Letter Generation/Page_Fintrak  Core Banking/span_Credit Origination' is clicked on

2021-11-23 15:47:12 - [MESSAGE][PASSED] - Object: 'Object Repository/Offer Letter Generation/Page_Fintrak  Core Banking/span_Credit Origination' is clicked on

2021-11-23 15:47:12 - [TEST_STEP][PASSED] - click(findTestObject("Object Repository/Offer Letter Generation/Page_Fintrak  Core Banking/span_Generate Offer Letter")): Object: 'Object Repository/Offer Letter Generation/Page_Fintrak  Core Banking/span_Generate Offer Letter' is clicked on

2021-11-23 15:47:13 - [MESSAGE][PASSED] - Object: 'Object Repository/Offer Letter Generation/Page_Fintrak  Core Banking/span_Generate Offer Letter' is clicked on

2021-11-23 15:47:13 - [TEST_STEP][PASSED] - click(findTestObject("Object Repository/Offer Letter Generation/Page_Fintrak  Core Banking/a_View_ui-paginator-last ui-paginator-eleme_7bfffe")): Object: 'Object Repository/Offer Letter Generation/Page_Fintrak  Core Banking/a_View_ui-paginator-last ui-paginator-eleme_7bfffe' is clicked on

2021-11-23 15:47:29 - [MESSAGE][PASSED] - Object: 'Object Repository/Offer Letter Generation/Page_Fintrak  Core Banking/a_View_ui-paginator-last ui-paginator-eleme_7bfffe' is clicked on

2021-11-23 15:47:29 - [TEST_STEP][PASSED] - click(findTestObject("Object Repository/Offer Letter Generation/Page_Fintrak  Core Banking/a_View")): Object: 'Object Repository/Offer Letter Generation/Page_Fintrak  Core Banking/a_View' is clicked on

2021-11-23 15:48:00 - [MESSAGE][INFO] - Unable to find the element located by 'By.xpath: (//a[contains(text(),'View')])[4]'. Please recheck the objects properties to make sure the desired element is located. 

2021-11-23 15:48:00 - [MESSAGE][WARNING] - [SELF-HEALING] Failed to find element with id 'Object Repository/Offer Letter Generation/Page_Fintrak  Core Banking/a_View'. Try using Self-healing.

2021-11-23 15:48:01 - [MESSAGE][WARNING] - [SELF-HEALING] The current locator of test object 'Object Repository/Offer Letter Generation/Page_Fintrak  Core Banking/a_View' was broken. Propose an alternative one: '(.//*[normalize-space(text()) and normalize-space(.)='Offer Letter Template'])[1]/preceding::a[11]'.

2021-11-23 15:48:03 - [MESSAGE][PASSED] - Object: 'Object Repository/Offer Letter Generation/Page_Fintrak  Core Banking/a_View' is clicked on

2021-11-23 15:48:03 - [TEST_STEP][PASSED] - click(findTestObject("Object Repository/Offer Letter Generation/Page_Fintrak  Core Banking/button_Select Offer Letter Template")): Object: 'Object Repository/Offer Letter Generation/Page_Fintrak  Core Banking/button_Select Offer Letter Template' is clicked on

2021-11-23 15:48:14 - [MESSAGE][PASSED] - Object: 'Object Repository/Offer Letter Generation/Page_Fintrak  Core Banking/button_Select Offer Letter Template' is clicked on

2021-11-23 15:48:14 - [TEST_STEP][PASSED] - selectOptionByValue(findTestObject("Object Repository/Offer Letter Generation/Page_Fintrak  Core Banking/select_-- Select Template --ABRIDGED OFFER _d14531"), "221", true): All options with value '221' are selected in object 'Object Repository/Offer Letter Generation/Page_Fintrak  Core Banking/select_-- Select Template --ABRIDGED OFFER _d14531'  using regular expression

2021-11-23 15:48:16 - [MESSAGE][PASSED] - All options with value '221' are selected in object 'Object Repository/Offer Letter Generation/Page_Fintrak  Core Banking/select_-- Select Template --ABRIDGED OFFER _d14531'  using regular expression

2021-11-23 15:48:16 - [TEST_STEP][PASSED] - click(findTestObject("Object Repository/Offer Letter Generation/Page_Fintrak  Core Banking/button_Apply Template")): Object: 'Object Repository/Offer Letter Generation/Page_Fintrak  Core Banking/button_Apply Template' is clicked on

2021-11-23 15:48:16 - [MESSAGE][PASSED] - Object: 'Object Repository/Offer Letter Generation/Page_Fintrak  Core Banking/button_Apply Template' is clicked on

2021-11-23 15:48:16 - [TEST_STEP][PASSED] - click(findTestObject("Object Repository/Offer Letter Generation/Page_Fintrak  Core Banking/button_Yes")): Object: 'Object Repository/Offer Letter Generation/Page_Fintrak  Core Banking/button_Yes' is clicked on

2021-11-23 15:48:17 - [MESSAGE][PASSED] - Object: 'Object Repository/Offer Letter Generation/Page_Fintrak  Core Banking/button_Yes' is clicked on

2021-11-23 15:48:17 - [TEST_STEP][PASSED] - click(findTestObject("Object Repository/Offer Letter Generation/Page_Fintrak  Core Banking/button_OK")): Object: 'Object Repository/Offer Letter Generation/Page_Fintrak  Core Banking/button_OK' is clicked on

2021-11-23 15:48:21 - [MESSAGE][PASSED] - Object: 'Object Repository/Offer Letter Generation/Page_Fintrak  Core Banking/button_OK' is clicked on

2021-11-23 15:48:21 - [TEST_STEP][FAILED] - click(findTestObject("Object Repository/Offer Letter Generation/Page_Fintrak  Core Banking/button_Cancel")): Unable to click on object 'Object Repository/Offer Letter Generation/Page_Fintrak  Core Banking/button_Cancel' (Root cause: com.kms.katalon.core.exception.StepFailedException: Unable to click on object 'Object Repository/Offer Letter Generation/Page_Fintrak  Core Banking/button_Cancel'
	at com.kms.katalon.core.webui.keyword.internal.WebUIKeywordMain.stepFailed(WebUIKeywordMain.groovy:64)
	at com.kms.katalon.core.webui.keyword.internal.WebUIKeywordMain.runKeyword(WebUIKeywordMain.groovy:26)
	at com.kms.katalon.core.webui.keyword.builtin.ClickKeyword.click(ClickKeyword.groovy:75)
	at com.kms.katalon.core.webui.keyword.builtin.ClickKeyword.execute(ClickKeyword.groovy:42)
	at com.kms.katalon.core.keyword.internal.KeywordExecutor.executeKeywordForPlatform(KeywordExecutor.groovy:74)
	at com.kms.katalon.core.webui.keyword.WebUiBuiltInKeywords.click(WebUiBuiltInKeywords.groovy:620)
	at com.kms.katalon.core.webui.keyword.WebUiBuiltInKeywords$click$3.call(Unknown Source)
	at Offer Letter Generation.run(Offer Letter Generation:53)
	at com.kms.katalon.core.main.ScriptEngine.run(ScriptEngine.java:194)
	at com.kms.katalon.core.main.ScriptEngine.runScriptAsRawText(ScriptEngine.java:119)
	at com.kms.katalon.core.main.TestCaseExecutor.runScript(TestCaseExecutor.java:430)
	at com.kms.katalon.core.main.TestCaseExecutor.doExecute(TestCaseExecutor.java:421)
	at com.kms.katalon.core.main.TestCaseExecutor.processExecutionPhase(TestCaseExecutor.java:400)
	at com.kms.katalon.core.main.TestCaseExecutor.accessMainPhase(TestCaseExecutor.java:392)
	at com.kms.katalon.core.main.TestCaseExecutor.execute(TestCaseExecutor.java:273)
	at com.kms.katalon.core.main.TestCaseExecutor.execute(TestCaseExecutor.java:351)
	at com.kms.katalon.core.main.TestCaseExecutor.execute(TestCaseExecutor.java:351)
	at com.kms.katalon.core.main.TestCaseExecutor.execute(TestCaseExecutor.java:351)
	at com.kms.katalon.core.main.TestSuiteExecutor.accessTestCaseMainPhase(TestSuiteExecutor.java:202)
	at com.kms.katalon.core.main.TestSuiteExecutor.accessTestSuiteMainPhase(TestSuiteExecutor.java:164)
	at com.kms.katalon.core.main.TestSuiteExecutor.execute(TestSuiteExecutor.java:105)
	at com.kms.katalon.core.main.TestCaseMain.startTestSuite(TestCaseMain.java:185)
	at com.kms.katalon.core.main.TestCaseMain$startTestSuite$0.call(Unknown Source)
	at TempTestSuite1637676172355.run(TempTestSuite1637676172355.groovy:36)
Caused by: org.openqa.selenium.ElementNotInteractableException: element not interactable
  (Session info: chrome=95.0.4638.69)
Build info: version: '3.141.59', revision: 'e82be7d358', time: '2018-11-14T08:25:53'
System info: host: 'INAOBATAN', ip: '172.20.10.3', os.name: 'Windows 10', os.arch: 'amd64', os.version: '10.0', java.version: '1.8.0_282'
Driver info: com.kms.katalon.selenium.driver.CChromeDriver
Capabilities {acceptInsecureCerts: false, browserName: chrome, browserVersion: 95.0.4638.69, chrome: {chromedriverVersion: 95.0.4638.69 (6a1600ed572fe..., userDataDir: C:\Users\INAOBA~1.OLA\AppDa...}, goog:chromeOptions: {debuggerAddress: localhost:60087}, javascriptEnabled: true, networkConnectionEnabled: false, pageLoadStrategy: normal, platform: WINDOWS, platformName: WINDOWS, proxy: Proxy(), setWindowRect: true, strictFileInteractability: false, timeouts: {implicit: 0, pageLoad: 300000, script: 30000}, unhandledPromptBehavior: dismiss and notify, webauthn:extension:credBlob: true, webauthn:extension:largeBlob: true, webauthn:virtualAuthenticators: true}
Session ID: 1b887526741889d256fd78325d284379
	at org.openqa.selenium.remote.http.W3CHttpResponseCodec.createException(W3CHttpResponseCodec.java:187)
	at org.openqa.selenium.remote.http.W3CHttpResponseCodec.decode(W3CHttpResponseCodec.java:122)
	at org.openqa.selenium.remote.http.W3CHttpResponseCodec.decode(W3CHttpResponseCodec.java:49)
	at org.openqa.selenium.remote.HttpCommandExecutor.execute(HttpCommandExecutor.java:158)
	at org.openqa.selenium.remote.service.DriverCommandExecutor.execute(DriverCommandExecutor.java:83)
	at org.openqa.selenium.remote.RemoteWebDriver.execute(RemoteWebDriver.java:552)
	at com.kms.katalon.selenium.driver.CChromeDriver.execute(CChromeDriver.java:19)
	at org.openqa.selenium.remote.RemoteWebElement.execute(RemoteWebElement.java:285)
	at org.openqa.selenium.remote.RemoteWebElement.click(RemoteWebElement.java:84)
	at org.openqa.selenium.support.events.EventFiringWebDriver$EventFiringWebElement.lambda$new$0(EventFiringWebDriver.java:404)
	at com.sun.proxy.$Proxy11.click(Unknown Source)
	at org.openqa.selenium.support.events.EventFiringWebDriver$EventFiringWebElement.click(EventFiringWebDriver.java:417)
	at com.kms.katalon.core.webui.keyword.builtin.ClickKeyword$_click_closure1.doCall(ClickKeyword.groovy:68)
	at com.kms.katalon.core.webui.keyword.builtin.ClickKeyword$_click_closure1.call(ClickKeyword.groovy)
	at com.kms.katalon.core.webui.keyword.internal.WebUIKeywordMain.runKeyword(WebUIKeywordMain.groovy:20)
	at com.kms.katalon.core.webui.keyword.builtin.ClickKeyword.click(ClickKeyword.groovy:75)
	at com.kms.katalon.core.webui.keyword.builtin.ClickKeyword.execute(ClickKeyword.groovy:42)
	at com.kms.katalon.core.keyword.internal.KeywordExecutor.executeKeywordForPlatform(KeywordExecutor.groovy:74)
	at com.kms.katalon.core.webui.keyword.WebUiBuiltInKeywords.click(WebUiBuiltInKeywords.groovy:620)
	at com.kms.katalon.core.webui.keyword.WebUiBuiltInKeywords$click$3.call(Unknown Source)
	at Script1637659447428.run(Script1637659447428.groovy:53)
	... 16 more
)

2021-11-23 15:48:22 - [MESSAGE][FAILED] - Unable to click on object 'Object Repository/Offer Letter Generation/Page_Fintrak  Core Banking/button_Cancel' (Root cause: com.kms.katalon.core.exception.StepFailedException: Unable to click on object 'Object Repository/Offer Letter Generation/Page_Fintrak  Core Banking/button_Cancel'
	at com.kms.katalon.core.webui.keyword.internal.WebUIKeywordMain.stepFailed(WebUIKeywordMain.groovy:64)
	at com.kms.katalon.core.webui.keyword.internal.WebUIKeywordMain.runKeyword(WebUIKeywordMain.groovy:26)
	at com.kms.katalon.core.webui.keyword.builtin.ClickKeyword.click(ClickKeyword.groovy:75)
	at com.kms.katalon.core.webui.keyword.builtin.ClickKeyword.execute(ClickKeyword.groovy:42)
	at com.kms.katalon.core.keyword.internal.KeywordExecutor.executeKeywordForPlatform(KeywordExecutor.groovy:74)
	at com.kms.katalon.core.webui.keyword.WebUiBuiltInKeywords.click(WebUiBuiltInKeywords.groovy:620)
	at com.kms.katalon.core.webui.keyword.WebUiBuiltInKeywords$click$3.call(Unknown Source)
	at Offer Letter Generation.run(Offer Letter Generation:53)
	at com.kms.katalon.core.main.ScriptEngine.run(ScriptEngine.java:194)
	at com.kms.katalon.core.main.ScriptEngine.runScriptAsRawText(ScriptEngine.java:119)
	at com.kms.katalon.core.main.TestCaseExecutor.runScript(TestCaseExecutor.java:430)
	at com.kms.katalon.core.main.TestCaseExecutor.doExecute(TestCaseExecutor.java:421)
	at com.kms.katalon.core.main.TestCaseExecutor.processExecutionPhase(TestCaseExecutor.java:400)
	at com.kms.katalon.core.main.TestCaseExecutor.accessMainPhase(TestCaseExecutor.java:392)
	at com.kms.katalon.core.main.TestCaseExecutor.execute(TestCaseExecutor.java:273)
	at com.kms.katalon.core.main.TestCaseExecutor.execute(TestCaseExecutor.java:351)
	at com.kms.katalon.core.main.TestCaseExecutor.execute(TestCaseExecutor.java:351)
	at com.kms.katalon.core.main.TestCaseExecutor.execute(TestCaseExecutor.java:351)
	at com.kms.katalon.core.main.TestSuiteExecutor.accessTestCaseMainPhase(TestSuiteExecutor.java:202)
	at com.kms.katalon.core.main.TestSuiteExecutor.accessTestSuiteMainPhase(TestSuiteExecutor.java:164)
	at com.kms.katalon.core.main.TestSuiteExecutor.execute(TestSuiteExecutor.java:105)
	at com.kms.katalon.core.main.TestCaseMain.startTestSuite(TestCaseMain.java:185)
	at com.kms.katalon.core.main.TestCaseMain$startTestSuite$0.call(Unknown Source)
	at TempTestSuite1637676172355.run(TempTestSuite1637676172355.groovy:36)
Caused by: org.openqa.selenium.ElementNotInteractableException: element not interactable
  (Session info: chrome=95.0.4638.69)
Build info: version: '3.141.59', revision: 'e82be7d358', time: '2018-11-14T08:25:53'
System info: host: 'INAOBATAN', ip: '172.20.10.3', os.name: 'Windows 10', os.arch: 'amd64', os.version: '10.0', java.version: '1.8.0_282'
Driver info: com.kms.katalon.selenium.driver.CChromeDriver
Capabilities {acceptInsecureCerts: false, browserName: chrome, browserVersion: 95.0.4638.69, chrome: {chromedriverVersion: 95.0.4638.69 (6a1600ed572fe..., userDataDir: C:\Users\INAOBA~1.OLA\AppDa...}, goog:chromeOptions: {debuggerAddress: localhost:60087}, javascriptEnabled: true, networkConnectionEnabled: false, pageLoadStrategy: normal, platform: WINDOWS, platformName: WINDOWS, proxy: Proxy(), setWindowRect: true, strictFileInteractability: false, timeouts: {implicit: 0, pageLoad: 300000, script: 30000}, unhandledPromptBehavior: dismiss and notify, webauthn:extension:credBlob: true, webauthn:extension:largeBlob: true, webauthn:virtualAuthenticators: true}
Session ID: 1b887526741889d256fd78325d284379
	at org.openqa.selenium.remote.http.W3CHttpResponseCodec.createException(W3CHttpResponseCodec.java:187)
	at org.openqa.selenium.remote.http.W3CHttpResponseCodec.decode(W3CHttpResponseCodec.java:122)
	at org.openqa.selenium.remote.http.W3CHttpResponseCodec.decode(W3CHttpResponseCodec.java:49)
	at org.openqa.selenium.remote.HttpCommandExecutor.execute(HttpCommandExecutor.java:158)
	at org.openqa.selenium.remote.service.DriverCommandExecutor.execute(DriverCommandExecutor.java:83)
	at org.openqa.selenium.remote.RemoteWebDriver.execute(RemoteWebDriver.java:552)
	at com.kms.katalon.selenium.driver.CChromeDriver.execute(CChromeDriver.java:19)
	at org.openqa.selenium.remote.RemoteWebElement.execute(RemoteWebElement.java:285)
	at org.openqa.selenium.remote.RemoteWebElement.click(RemoteWebElement.java:84)
	at org.openqa.selenium.support.events.EventFiringWebDriver$EventFiringWebElement.lambda$new$0(EventFiringWebDriver.java:404)
	at com.sun.proxy.$Proxy11.click(Unknown Source)
	at org.openqa.selenium.support.events.EventFiringWebDriver$EventFiringWebElement.click(EventFiringWebDriver.java:417)
	at com.kms.katalon.core.webui.keyword.builtin.ClickKeyword$_click_closure1.doCall(ClickKeyword.groovy:68)
	at com.kms.katalon.core.webui.keyword.builtin.ClickKeyword$_click_closure1.call(ClickKeyword.groovy)
	at com.kms.katalon.core.webui.keyword.internal.WebUIKeywordMain.runKeyword(WebUIKeywordMain.groovy:20)
	at com.kms.katalon.core.webui.keyword.builtin.ClickKeyword.click(ClickKeyword.groovy:75)
	at com.kms.katalon.core.webui.keyword.builtin.ClickKeyword.execute(ClickKeyword.groovy:42)
	at com.kms.katalon.core.keyword.internal.KeywordExecutor.executeKeywordForPlatform(KeywordExecutor.groovy:74)
	at com.kms.katalon.core.webui.keyword.WebUiBuiltInKeywords.click(WebUiBuiltInKeywords.groovy:620)
	at com.kms.katalon.core.webui.keyword.WebUiBuiltInKeywords$click$3.call(Unknown Source)
	at Script1637659447428.run(Script1637659447428.groovy:53)
	... 16 more
)
[[ATTACHMENT|C:\\Users\\inaobatan.olawale\\Katalon Studio\\My First Web UI Project\\Reports\\20211123_150252\\FBN Credit360 LOS Operation\\LOS Operation\\20211123_150252\\1637678902500.png]]]]></system-out>
         <system-err><![CDATA[2021-11-23 15:46:45 - [TEST_CASE][FAILED] - Test Cases/FBN Credit360 LOS Opeartion/Offer Letter Generation: Test Cases/FBN Credit360 LOS Opeartion/Offer Letter Generation FAILED.
Reason:
com.kms.katalon.core.exception.StepFailedException: Unable to click on object 'Object Repository/Offer Letter Generation/Page_Fintrak  Core Banking/button_Cancel'
	at com.kms.katalon.core.webui.keyword.internal.WebUIKeywordMain.stepFailed(WebUIKeywordMain.groovy:64)
	at com.kms.katalon.core.webui.keyword.internal.WebUIKeywordMain.runKeyword(WebUIKeywordMain.groovy:26)
	at com.kms.katalon.core.webui.keyword.builtin.ClickKeyword.click(ClickKeyword.groovy:75)
	at com.kms.katalon.core.webui.keyword.builtin.ClickKeyword.execute(ClickKeyword.groovy:42)
	at com.kms.katalon.core.keyword.internal.KeywordExecutor.executeKeywordForPlatform(KeywordExecutor.groovy:74)
	at com.kms.katalon.core.webui.keyword.WebUiBuiltInKeywords.click(WebUiBuiltInKeywords.groovy:620)
	at com.kms.katalon.core.webui.keyword.WebUiBuiltInKeywords$click$3.call(Unknown Source)
	at Offer Letter Generation.run(Offer Letter Generation:53)
	at com.kms.katalon.core.main.ScriptEngine.run(ScriptEngine.java:194)
	at com.kms.katalon.core.main.ScriptEngine.runScriptAsRawText(ScriptEngine.java:119)
	at com.kms.katalon.core.main.TestCaseExecutor.runScript(TestCaseExecutor.java:430)
	at com.kms.katalon.core.main.TestCaseExecutor.doExecute(TestCaseExecutor.java:421)
	at com.kms.katalon.core.main.TestCaseExecutor.processExecutionPhase(TestCaseExecutor.java:400)
	at com.kms.katalon.core.main.TestCaseExecutor.accessMainPhase(TestCaseExecutor.java:392)
	at com.kms.katalon.core.main.TestCaseExecutor.execute(TestCaseExecutor.java:273)
	at com.kms.katalon.core.main.TestCaseExecutor.execute(TestCaseExecutor.java:351)
	at com.kms.katalon.core.main.TestCaseExecutor.execute(TestCaseExecutor.java:351)
	at com.kms.katalon.core.main.TestCaseExecutor.execute(TestCaseExecutor.java:351)
	at com.kms.katalon.core.main.TestSuiteExecutor.accessTestCaseMainPhase(TestSuiteExecutor.java:202)
	at com.kms.katalon.core.main.TestSuiteExecutor.accessTestSuiteMainPhase(TestSuiteExecutor.java:164)
	at com.kms.katalon.core.main.TestSuiteExecutor.execute(TestSuiteExecutor.java:105)
	at com.kms.katalon.core.main.TestCaseMain.startTestSuite(TestCaseMain.java:185)
	at com.kms.katalon.core.main.TestCaseMain$startTestSuite$0.call(Unknown Source)
	at TempTestSuite1637676172355.run(TempTestSuite1637676172355.groovy:36)
Caused by: org.openqa.selenium.ElementNotInteractableException: element not interactable
  (Session info: chrome=95.0.4638.69)
Build info: version: '3.141.59', revision: 'e82be7d358', time: '2018-11-14T08:25:53'
System info: host: 'INAOBATAN', ip: '172.20.10.3', os.name: 'Windows 10', os.arch: 'amd64', os.version: '10.0', java.version: '1.8.0_282'
Driver info: com.kms.katalon.selenium.driver.CChromeDriver
Capabilities {acceptInsecureCerts: false, browserName: chrome, browserVersion: 95.0.4638.69, chrome: {chromedriverVersion: 95.0.4638.69 (6a1600ed572fe..., userDataDir: C:\Users\INAOBA~1.OLA\AppDa...}, goog:chromeOptions: {debuggerAddress: localhost:60087}, javascriptEnabled: true, networkConnectionEnabled: false, pageLoadStrategy: normal, platform: WINDOWS, platformName: WINDOWS, proxy: Proxy(), setWindowRect: true, strictFileInteractability: false, timeouts: {implicit: 0, pageLoad: 300000, script: 30000}, unhandledPromptBehavior: dismiss and notify, webauthn:extension:credBlob: true, webauthn:extension:largeBlob: true, webauthn:virtualAuthenticators: true}
Session ID: 1b887526741889d256fd78325d284379
	at org.openqa.selenium.remote.http.W3CHttpResponseCodec.createException(W3CHttpResponseCodec.java:187)
	at org.openqa.selenium.remote.http.W3CHttpResponseCodec.decode(W3CHttpResponseCodec.java:122)
	at org.openqa.selenium.remote.http.W3CHttpResponseCodec.decode(W3CHttpResponseCodec.java:49)
	at org.openqa.selenium.remote.HttpCommandExecutor.execute(HttpCommandExecutor.java:158)
	at org.openqa.selenium.remote.service.DriverCommandExecutor.execute(DriverCommandExecutor.java:83)
	at org.openqa.selenium.remote.RemoteWebDriver.execute(RemoteWebDriver.java:552)
	at com.kms.katalon.selenium.driver.CChromeDriver.execute(CChromeDriver.java:19)
	at org.openqa.selenium.remote.RemoteWebElement.execute(RemoteWebElement.java:285)
	at org.openqa.selenium.remote.RemoteWebElement.click(RemoteWebElement.java:84)
	at org.openqa.selenium.support.events.EventFiringWebDriver$EventFiringWebElement.lambda$new$0(EventFiringWebDriver.java:404)
	at com.sun.proxy.$Proxy11.click(Unknown Source)
	at org.openqa.selenium.support.events.EventFiringWebDriver$EventFiringWebElement.click(EventFiringWebDriver.java:417)
	at com.kms.katalon.core.webui.keyword.builtin.ClickKeyword$_click_closure1.doCall(ClickKeyword.groovy:68)
	at com.kms.katalon.core.webui.keyword.builtin.ClickKeyword$_click_closure1.call(ClickKeyword.groovy)
	at com.kms.katalon.core.webui.keyword.internal.WebUIKeywordMain.runKeyword(WebUIKeywordMain.groovy:20)
	... 22 more]]></system-err>
      </testcase>
      <testcase name="Test Cases/FBN Credit360 LOS Opeartion/Review Offer Letter" time="85.56" classname="Test Cases/FBN Credit360 LOS Opeartion/Review Offer Letter" status="FAILED">
         <failure type="FAILED" message="Test Cases/FBN Credit360 LOS Opeartion/Review Offer Letter FAILED.
Reason:
com.kms.katalon.core.exception.StepFailedException: Unable to click on object 'Object Repository/Review Offer Letter/Page_Fintrak  Core Banking/a_View'
	at com.kms.katalon.core.webui.keyword.internal.WebUIKeywordMain.stepFailed(WebUIKeywordMain.groovy:64)
	at com.kms.katalon.core.webui.keyword.internal.WebUIKeywordMain.runKeyword(WebUIKeywordMain.groovy:26)
	at com.kms.katalon.core.webui.keyword.builtin.ClickKeyword.click(ClickKeyword.groovy:75)
	at com.kms.katalon.core.webui.keyword.builtin.ClickKeyword.execute(ClickKeyword.groovy:42)
	at com.kms.katalon.core.keyword.internal.KeywordExecutor.executeKeywordForPlatform(KeywordExecutor.groovy:74)
	at com.kms.katalon.core.webui.keyword.WebUiBuiltInKeywords.click(WebUiBuiltInKeywords.groovy:620)
	at com.kms.katalon.core.webui.keyword.WebUiBuiltInKeywords$click$3.call(Unknown Source)
	at Review Offer Letter.run(Review Offer Letter:40)
	at com.kms.katalon.core.main.ScriptEngine.run(ScriptEngine.java:194)
	at com.kms.katalon.core.main.ScriptEngine.runScriptAsRawText(ScriptEngine.java:119)
	at com.kms.katalon.core.main.TestCaseExecutor.runScript(TestCaseExecutor.java:430)
	at com.kms.katalon.core.main.TestCaseExecutor.doExecute(TestCaseExecutor.java:421)
	at com.kms.katalon.core.main.TestCaseExecutor.processExecutionPhase(TestCaseExecutor.java:400)
	at com.kms.katalon.core.main.TestCaseExecutor.accessMainPhase(TestCaseExecutor.java:392)
	at com.kms.katalon.core.main.TestCaseExecutor.execute(TestCaseExecutor.java:273)
	at com.kms.katalon.core.main.TestCaseExecutor.execute(TestCaseExecutor.java:351)
	at com.kms.katalon.core.main.TestCaseExecutor.execute(TestCaseExecutor.java:351)
	at com.kms.katalon.core.main.TestCaseExecutor.execute(TestCaseExecutor.java:351)
	at com.kms.katalon.core.main.TestSuiteExecutor.accessTestCaseMainPhase(TestSuiteExecutor.java:202)
	at com.kms.katalon.core.main.TestSuiteExecutor.accessTestSuiteMainPhase(TestSuiteExecutor.java:164)
	at com.kms.katalon.core.main.TestSuiteExecutor.execute(TestSuiteExecutor.java:105)
	at com.kms.katalon.core.main.TestCaseMain.startTestSuite(TestCaseMain.java:185)
	at com.kms.katalon.core.main.TestCaseMain$startTestSuite$0.call(Unknown Source)
	at TempTestSuite1637676172355.run(TempTestSuite1637676172355.groovy:36)
Caused by: com.kms.katalon.core.webui.exception.WebElementNotFoundException: Web element with id: 'Object Repository/Review Offer Letter/Page_Fintrak  Core Banking/a_View' located by '//a[contains(text(),'View')]' not found
	at com.kms.katalon.core.webui.common.WebUiCommonHelper.findWebElement(WebUiCommonHelper.java:1368)
	at com.kms.katalon.core.webui.keyword.internal.WebUIAbstractKeyword.findWebElement(WebUIAbstractKeyword.groovy:27)
	at com.kms.katalon.core.webui.keyword.internal.WebUIAbstractKeyword.findWebElement(WebUIAbstractKeyword.groovy:26)
	at com.kms.katalon.core.webui.keyword.builtin.ClickKeyword$_click_closure1.doCall(ClickKeyword.groovy:66)
	at com.kms.katalon.core.webui.keyword.builtin.ClickKeyword$_click_closure1.call(ClickKeyword.groovy)
	at com.kms.katalon.core.webui.keyword.internal.WebUIKeywordMain.runKeyword(WebUIKeywordMain.groovy:20)
	... 22 more
"/>
         <system-out><![CDATA[2021-11-23 15:52:49 - [TEST_CASE][FAILED] - Test Cases/FBN Credit360 LOS Opeartion/Review Offer Letter: Test Cases/FBN Credit360 LOS Opeartion/Review Offer Letter FAILED.
Reason:
com.kms.katalon.core.exception.StepFailedException: Unable to click on object 'Object Repository/Review Offer Letter/Page_Fintrak  Core Banking/a_View'
	at com.kms.katalon.core.webui.keyword.internal.WebUIKeywordMain.stepFailed(WebUIKeywordMain.groovy:64)
	at com.kms.katalon.core.webui.keyword.internal.WebUIKeywordMain.runKeyword(WebUIKeywordMain.groovy:26)
	at com.kms.katalon.core.webui.keyword.builtin.ClickKeyword.click(ClickKeyword.groovy:75)
	at com.kms.katalon.core.webui.keyword.builtin.ClickKeyword.execute(ClickKeyword.groovy:42)
	at com.kms.katalon.core.keyword.internal.KeywordExecutor.executeKeywordForPlatform(KeywordExecutor.groovy:74)
	at com.kms.katalon.core.webui.keyword.WebUiBuiltInKeywords.click(WebUiBuiltInKeywords.groovy:620)
	at com.kms.katalon.core.webui.keyword.WebUiBuiltInKeywords$click$3.call(Unknown Source)
	at Review Offer Letter.run(Review Offer Letter:40)
	at com.kms.katalon.core.main.ScriptEngine.run(ScriptEngine.java:194)
	at com.kms.katalon.core.main.ScriptEngine.runScriptAsRawText(ScriptEngine.java:119)
	at com.kms.katalon.core.main.TestCaseExecutor.runScript(TestCaseExecutor.java:430)
	at com.kms.katalon.core.main.TestCaseExecutor.doExecute(TestCaseExecutor.java:421)
	at com.kms.katalon.core.main.TestCaseExecutor.processExecutionPhase(TestCaseExecutor.java:400)
	at com.kms.katalon.core.main.TestCaseExecutor.accessMainPhase(TestCaseExecutor.java:392)
	at com.kms.katalon.core.main.TestCaseExecutor.execute(TestCaseExecutor.java:273)
	at com.kms.katalon.core.main.TestCaseExecutor.execute(TestCaseExecutor.java:351)
	at com.kms.katalon.core.main.TestCaseExecutor.execute(TestCaseExecutor.java:351)
	at com.kms.katalon.core.main.TestCaseExecutor.execute(TestCaseExecutor.java:351)
	at com.kms.katalon.core.main.TestSuiteExecutor.accessTestCaseMainPhase(TestSuiteExecutor.java:202)
	at com.kms.katalon.core.main.TestSuiteExecutor.accessTestSuiteMainPhase(TestSuiteExecutor.java:164)
	at com.kms.katalon.core.main.TestSuiteExecutor.execute(TestSuiteExecutor.java:105)
	at com.kms.katalon.core.main.TestCaseMain.startTestSuite(TestCaseMain.java:185)
	at com.kms.katalon.core.main.TestCaseMain$startTestSuite$0.call(Unknown Source)
	at TempTestSuite1637676172355.run(TempTestSuite1637676172355.groovy:36)
Caused by: com.kms.katalon.core.webui.exception.WebElementNotFoundException: Web element with id: 'Object Repository/Review Offer Letter/Page_Fintrak  Core Banking/a_View' located by '//a[contains(text(),'View')]' not found
	at com.kms.katalon.core.webui.common.WebUiCommonHelper.findWebElement(WebUiCommonHelper.java:1368)
	at com.kms.katalon.core.webui.keyword.internal.WebUIAbstractKeyword.findWebElement(WebUIAbstractKeyword.groovy:27)
	at com.kms.katalon.core.webui.keyword.internal.WebUIAbstractKeyword.findWebElement(WebUIAbstractKeyword.groovy:26)
	at com.kms.katalon.core.webui.keyword.builtin.ClickKeyword$_click_closure1.doCall(ClickKeyword.groovy:66)
	at com.kms.katalon.core.webui.keyword.builtin.ClickKeyword$_click_closure1.call(ClickKeyword.groovy)
	at com.kms.katalon.core.webui.keyword.internal.WebUIKeywordMain.runKeyword(WebUIKeywordMain.groovy:20)
	... 22 more


2021-11-23 15:52:49 - [TEST_STEP][PASSED] - openBrowser(""): Browser is opened with url: ''

2021-11-23 15:52:49 - [MESSAGE][WARNING] - A browser is already opened. Closing browser and opening a new one

2021-11-23 15:52:50 - [MESSAGE][INFO] - Starting 'Chrome' driver

2021-11-23 15:52:50 - [MESSAGE][INFO] - Action delay is set to 0 milliseconds

2021-11-23 15:52:51 - [MESSAGE][PASSED] - Browser is opened with url: ''

2021-11-23 15:52:51 - [TEST_STEP][PASSED] - navigateToUrl("https://fintrakcredit360web-fb.azurewebsites.net/#/"): Navigate to 'https://fintrakcredit360web-fb.azurewebsites.net/#/' successfully

2021-11-23 15:53:00 - [MESSAGE][PASSED] - Navigate to 'https://fintrakcredit360web-fb.azurewebsites.net/#/' successfully

2021-11-23 15:53:00 - [TEST_STEP][PASSED] - setText(findTestObject("Object Repository/Review Offer Letter/Page_Fintrak  Core Banking/input_Log In_auth-name"), "SN019641"): Text 'SN019641' is set on object 'Object Repository/Review Offer Letter/Page_Fintrak  Core Banking/input_Log In_auth-name'

2021-11-23 15:53:01 - [MESSAGE][PASSED] - Text 'SN019641' is set on object 'Object Repository/Review Offer Letter/Page_Fintrak  Core Banking/input_Log In_auth-name'

2021-11-23 15:53:01 - [TEST_STEP][PASSED] - setEncryptedText(findTestObject("Object Repository/Review Offer Letter/Page_Fintrak  Core Banking/input_Log In_auth-password"), "JltEQgaE0YE="): Text ****** has been set on object 'Object Repository/Review Offer Letter/Page_Fintrak  Core Banking/input_Log In_auth-password'

2021-11-23 15:53:02 - [MESSAGE][PASSED] - Text ****** has been set on object 'Object Repository/Review Offer Letter/Page_Fintrak  Core Banking/input_Log In_auth-password'

2021-11-23 15:53:02 - [TEST_STEP][PASSED] - click(findTestObject("Object Repository/Review Offer Letter/Page_Fintrak  Core Banking/button_Log In")): Object: 'Object Repository/Review Offer Letter/Page_Fintrak  Core Banking/button_Log In' is clicked on

2021-11-23 15:53:02 - [MESSAGE][PASSED] - Object: 'Object Repository/Review Offer Letter/Page_Fintrak  Core Banking/button_Log In' is clicked on

2021-11-23 15:53:02 - [TEST_STEP][PASSED] - click(findTestObject("Object Repository/Review Offer Letter/Page_Fintrak  Core Banking/span_Credit")): Object: 'Object Repository/Review Offer Letter/Page_Fintrak  Core Banking/span_Credit' is clicked on

2021-11-23 15:53:08 - [MESSAGE][PASSED] - Object: 'Object Repository/Review Offer Letter/Page_Fintrak  Core Banking/span_Credit' is clicked on

2021-11-23 15:53:08 - [TEST_STEP][PASSED] - click(findTestObject("Object Repository/Review Offer Letter/Page_Fintrak  Core Banking/span_Credit Origination")): Object: 'Object Repository/Review Offer Letter/Page_Fintrak  Core Banking/span_Credit Origination' is clicked on

2021-11-23 15:53:08 - [MESSAGE][PASSED] - Object: 'Object Repository/Review Offer Letter/Page_Fintrak  Core Banking/span_Credit Origination' is clicked on

2021-11-23 15:53:08 - [TEST_STEP][PASSED] - click(findTestObject("Object Repository/Review Offer Letter/Page_Fintrak  Core Banking/div_equalizerDashboardbusinessAdminkeyboard_a4980d")): Object: 'Object Repository/Review Offer Letter/Page_Fintrak  Core Banking/div_equalizerDashboardbusinessAdminkeyboard_a4980d' is clicked on

2021-11-23 15:53:09 - [MESSAGE][PASSED] - Object: 'Object Repository/Review Offer Letter/Page_Fintrak  Core Banking/div_equalizerDashboardbusinessAdminkeyboard_a4980d' is clicked on

2021-11-23 15:53:09 - [TEST_STEP][PASSED] - click(findTestObject("Object Repository/Review Offer Letter/Page_Fintrak  Core Banking/a_View_ui-paginator-last ui-paginator-eleme_7bfffe")): Object: 'Object Repository/Review Offer Letter/Page_Fintrak  Core Banking/a_View_ui-paginator-last ui-paginator-eleme_7bfffe' is clicked on

2021-11-23 15:53:40 - [MESSAGE][INFO] - Unable to find the element located by 'By.xpath: (.//*[normalize-space(text()) and normalize-space(.)='View'])[10]/following::a[9]'. Please recheck the objects properties to make sure the desired element is located. 

2021-11-23 15:53:40 - [MESSAGE][WARNING] - [SELF-HEALING] Failed to find element with id 'Object Repository/Review Offer Letter/Page_Fintrak  Core Banking/a_View_ui-paginator-last ui-paginator-eleme_7bfffe'. Try using Self-healing.

2021-11-23 15:53:40 - [MESSAGE][WARNING] - [SELF-HEALING] The current locator of test object 'Object Repository/Review Offer Letter/Page_Fintrak  Core Banking/a_View_ui-paginator-last ui-paginator-eleme_7bfffe' was broken. Propose an alternative one: '//*[@href = '#']'.

2021-11-23 15:53:40 - [MESSAGE][PASSED] - Object: 'Object Repository/Review Offer Letter/Page_Fintrak  Core Banking/a_View_ui-paginator-last ui-paginator-eleme_7bfffe' is clicked on

2021-11-23 15:53:40 - [TEST_STEP][FAILED] - click(findTestObject("Object Repository/Review Offer Letter/Page_Fintrak  Core Banking/a_View")): Unable to click on object 'Object Repository/Review Offer Letter/Page_Fintrak  Core Banking/a_View' (Root cause: com.kms.katalon.core.exception.StepFailedException: Unable to click on object 'Object Repository/Review Offer Letter/Page_Fintrak  Core Banking/a_View'
	at com.kms.katalon.core.webui.keyword.internal.WebUIKeywordMain.stepFailed(WebUIKeywordMain.groovy:64)
	at com.kms.katalon.core.webui.keyword.internal.WebUIKeywordMain.runKeyword(WebUIKeywordMain.groovy:26)
	at com.kms.katalon.core.webui.keyword.builtin.ClickKeyword.click(ClickKeyword.groovy:75)
	at com.kms.katalon.core.webui.keyword.builtin.ClickKeyword.execute(ClickKeyword.groovy:42)
	at com.kms.katalon.core.keyword.internal.KeywordExecutor.executeKeywordForPlatform(KeywordExecutor.groovy:74)
	at com.kms.katalon.core.webui.keyword.WebUiBuiltInKeywords.click(WebUiBuiltInKeywords.groovy:620)
	at com.kms.katalon.core.webui.keyword.WebUiBuiltInKeywords$click$3.call(Unknown Source)
	at Review Offer Letter.run(Review Offer Letter:40)
	at com.kms.katalon.core.main.ScriptEngine.run(ScriptEngine.java:194)
	at com.kms.katalon.core.main.ScriptEngine.runScriptAsRawText(ScriptEngine.java:119)
	at com.kms.katalon.core.main.TestCaseExecutor.runScript(TestCaseExecutor.java:430)
	at com.kms.katalon.core.main.TestCaseExecutor.doExecute(TestCaseExecutor.java:421)
	at com.kms.katalon.core.main.TestCaseExecutor.processExecutionPhase(TestCaseExecutor.java:400)
	at com.kms.katalon.core.main.TestCaseExecutor.accessMainPhase(TestCaseExecutor.java:392)
	at com.kms.katalon.core.main.TestCaseExecutor.execute(TestCaseExecutor.java:273)
	at com.kms.katalon.core.main.TestCaseExecutor.execute(TestCaseExecutor.java:351)
	at com.kms.katalon.core.main.TestCaseExecutor.execute(TestCaseExecutor.java:351)
	at com.kms.katalon.core.main.TestCaseExecutor.execute(TestCaseExecutor.java:351)
	at com.kms.katalon.core.main.TestSuiteExecutor.accessTestCaseMainPhase(TestSuiteExecutor.java:202)
	at com.kms.katalon.core.main.TestSuiteExecutor.accessTestSuiteMainPhase(TestSuiteExecutor.java:164)
	at com.kms.katalon.core.main.TestSuiteExecutor.execute(TestSuiteExecutor.java:105)
	at com.kms.katalon.core.main.TestCaseMain.startTestSuite(TestCaseMain.java:185)
	at com.kms.katalon.core.main.TestCaseMain$startTestSuite$0.call(Unknown Source)
	at TempTestSuite1637676172355.run(TempTestSuite1637676172355.groovy:36)
Caused by: com.kms.katalon.core.webui.exception.WebElementNotFoundException: Web element with id: 'Object Repository/Review Offer Letter/Page_Fintrak  Core Banking/a_View' located by '//a[contains(text(),'View')]' not found
	at com.kms.katalon.core.webui.common.WebUiCommonHelper.findWebElement(WebUiCommonHelper.java:1368)
	at com.kms.katalon.core.webui.keyword.internal.WebUIAbstractKeyword.findWebElement(WebUIAbstractKeyword.groovy:27)
	at com.kms.katalon.core.webui.keyword.internal.WebUIAbstractKeyword.findWebElement(WebUIAbstractKeyword.groovy:26)
	at com.kms.katalon.core.webui.keyword.builtin.ClickKeyword$_click_closure1.doCall(ClickKeyword.groovy:66)
	at com.kms.katalon.core.webui.keyword.builtin.ClickKeyword$_click_closure1.call(ClickKeyword.groovy)
	at com.kms.katalon.core.webui.keyword.internal.WebUIKeywordMain.runKeyword(WebUIKeywordMain.groovy:20)
	at com.kms.katalon.core.webui.keyword.builtin.ClickKeyword.click(ClickKeyword.groovy:75)
	at com.kms.katalon.core.webui.keyword.builtin.ClickKeyword.execute(ClickKeyword.groovy:42)
	at com.kms.katalon.core.keyword.internal.KeywordExecutor.executeKeywordForPlatform(KeywordExecutor.groovy:74)
	at com.kms.katalon.core.webui.keyword.WebUiBuiltInKeywords.click(WebUiBuiltInKeywords.groovy:620)
	at com.kms.katalon.core.webui.keyword.WebUiBuiltInKeywords$click$3.call(Unknown Source)
	at Script1637659447439.run(Script1637659447439.groovy:40)
	... 16 more
)

2021-11-23 15:54:11 - [MESSAGE][INFO] - Unable to find the element located by 'By.xpath: //a[contains(text(),'View')]'. Please recheck the objects properties to make sure the desired element is located. 

2021-11-23 15:54:11 - [MESSAGE][WARNING] - [SELF-HEALING] Failed to find element with id 'Object Repository/Review Offer Letter/Page_Fintrak  Core Banking/a_View'. Try using Self-healing.

2021-11-23 15:54:11 - [MESSAGE][INFO] - [SELF-HEALING] Failed Locator: '//a[contains(text(),'View')]'.

2021-11-23 15:54:12 - [MESSAGE][INFO] - [SELF-HEALING] Failed Locator: '(.//*[normalize-space(text()) and normalize-space(.)='PROCESSING'])[1]/following::a[1]'.

2021-11-23 15:54:12 - [MESSAGE][INFO] - [SELF-HEALING] Failed Locator: '(.//*[normalize-space(text()) and normalize-space(.)='Date'])[2]/following::a[1]'.

2021-11-23 15:54:12 - [MESSAGE][INFO] - [SELF-HEALING] Failed Locator: '(.//*[normalize-space(text()) and normalize-space(.)='Reference'])[3]/preceding::a[1]'.

2021-11-23 15:54:12 - [MESSAGE][INFO] - [SELF-HEALING] Failed Locator: '(.//*[normalize-space(text()) and normalize-space(.)='Type'])[3]/preceding::a[1]'.

2021-11-23 15:54:13 - [MESSAGE][INFO] - [SELF-HEALING] Failed Locator: '//*/text()[normalize-space(.)='View']/parent::*'.

2021-11-23 15:54:13 - [MESSAGE][INFO] - [SELF-HEALING] Failed Locator: '//a[contains(@href, 'javascript:void(0)')]'.

2021-11-23 15:54:13 - [MESSAGE][INFO] - [SELF-HEALING] Failed Locator: '//span[2]/div/a'.

2021-11-23 15:54:15 - [MESSAGE][INFO] - Unable to find the element located by 'By.xpath: //*[@href = 'javascript:void(0)' and (text() = 'View' or . = 'View')]'. Please recheck the objects properties to make sure the desired element is located. 

2021-11-23 15:54:15 - [MESSAGE][ERROR] - [SELF-HEALING] Cannot save screenshot to: C:\Users\inaobatan.olawale\Katalon Studio\My First Web UI Project\Reports\Self-healing, reason: unknown error: unhandled inspector error: {"code":-32000,"message":"Cannot take screenshot with 0 width."}
  (Session info: chrome=95.0.4638.69)
Build info: version: '3.141.59', revision: 'e82be7d358', time: '2018-11-14T08:25:53'
System info: host: 'INAOBATAN', ip: '172.20.10.3', os.name: 'Windows 10', os.arch: 'amd64', os.version: '10.0', java.version: '1.8.0_282'
Driver info: com.kms.katalon.selenium.driver.CChromeDriver
Capabilities {acceptInsecureCerts: false, browserName: chrome, browserVersion: 95.0.4638.69, chrome: {chromedriverVersion: 95.0.4638.69 (6a1600ed572fe..., userDataDir: C:\Users\INAOBA~1.OLA\AppDa...}, goog:chromeOptions: {debuggerAddress: localhost:60324}, javascriptEnabled: true, networkConnectionEnabled: false, pageLoadStrategy: normal, platform: WINDOWS, platformName: WINDOWS, proxy: Proxy(), setWindowRect: true, strictFileInteractability: false, timeouts: {implicit: 0, pageLoad: 300000, script: 30000}, unhandledPromptBehavior: dismiss and notify, webauthn:extension:credBlob: true, webauthn:extension:largeBlob: true, webauthn:virtualAuthenticators: true}
Session ID: d9d10813cf59f2302b9f55c02a93a88a.

2021-11-23 15:54:15 - [MESSAGE][WARNING] - [SELF-HEALING] 'other' is different type of Path

2021-11-23 15:54:15 - [MESSAGE][FAILED] - Unable to click on object 'Object Repository/Review Offer Letter/Page_Fintrak  Core Banking/a_View' (Root cause: com.kms.katalon.core.exception.StepFailedException: Unable to click on object 'Object Repository/Review Offer Letter/Page_Fintrak  Core Banking/a_View'
	at com.kms.katalon.core.webui.keyword.internal.WebUIKeywordMain.stepFailed(WebUIKeywordMain.groovy:64)
	at com.kms.katalon.core.webui.keyword.internal.WebUIKeywordMain.runKeyword(WebUIKeywordMain.groovy:26)
	at com.kms.katalon.core.webui.keyword.builtin.ClickKeyword.click(ClickKeyword.groovy:75)
	at com.kms.katalon.core.webui.keyword.builtin.ClickKeyword.execute(ClickKeyword.groovy:42)
	at com.kms.katalon.core.keyword.internal.KeywordExecutor.executeKeywordForPlatform(KeywordExecutor.groovy:74)
	at com.kms.katalon.core.webui.keyword.WebUiBuiltInKeywords.click(WebUiBuiltInKeywords.groovy:620)
	at com.kms.katalon.core.webui.keyword.WebUiBuiltInKeywords$click$3.call(Unknown Source)
	at Review Offer Letter.run(Review Offer Letter:40)
	at com.kms.katalon.core.main.ScriptEngine.run(ScriptEngine.java:194)
	at com.kms.katalon.core.main.ScriptEngine.runScriptAsRawText(ScriptEngine.java:119)
	at com.kms.katalon.core.main.TestCaseExecutor.runScript(TestCaseExecutor.java:430)
	at com.kms.katalon.core.main.TestCaseExecutor.doExecute(TestCaseExecutor.java:421)
	at com.kms.katalon.core.main.TestCaseExecutor.processExecutionPhase(TestCaseExecutor.java:400)
	at com.kms.katalon.core.main.TestCaseExecutor.accessMainPhase(TestCaseExecutor.java:392)
	at com.kms.katalon.core.main.TestCaseExecutor.execute(TestCaseExecutor.java:273)
	at com.kms.katalon.core.main.TestCaseExecutor.execute(TestCaseExecutor.java:351)
	at com.kms.katalon.core.main.TestCaseExecutor.execute(TestCaseExecutor.java:351)
	at com.kms.katalon.core.main.TestCaseExecutor.execute(TestCaseExecutor.java:351)
	at com.kms.katalon.core.main.TestSuiteExecutor.accessTestCaseMainPhase(TestSuiteExecutor.java:202)
	at com.kms.katalon.core.main.TestSuiteExecutor.accessTestSuiteMainPhase(TestSuiteExecutor.java:164)
	at com.kms.katalon.core.main.TestSuiteExecutor.execute(TestSuiteExecutor.java:105)
	at com.kms.katalon.core.main.TestCaseMain.startTestSuite(TestCaseMain.java:185)
	at com.kms.katalon.core.main.TestCaseMain$startTestSuite$0.call(Unknown Source)
	at TempTestSuite1637676172355.run(TempTestSuite1637676172355.groovy:36)
Caused by: com.kms.katalon.core.webui.exception.WebElementNotFoundException: Web element with id: 'Object Repository/Review Offer Letter/Page_Fintrak  Core Banking/a_View' located by '//a[contains(text(),'View')]' not found
	at com.kms.katalon.core.webui.common.WebUiCommonHelper.findWebElement(WebUiCommonHelper.java:1368)
	at com.kms.katalon.core.webui.keyword.internal.WebUIAbstractKeyword.findWebElement(WebUIAbstractKeyword.groovy:27)
	at com.kms.katalon.core.webui.keyword.internal.WebUIAbstractKeyword.findWebElement(WebUIAbstractKeyword.groovy:26)
	at com.kms.katalon.core.webui.keyword.builtin.ClickKeyword$_click_closure1.doCall(ClickKeyword.groovy:66)
	at com.kms.katalon.core.webui.keyword.builtin.ClickKeyword$_click_closure1.call(ClickKeyword.groovy)
	at com.kms.katalon.core.webui.keyword.internal.WebUIKeywordMain.runKeyword(WebUIKeywordMain.groovy:20)
	at com.kms.katalon.core.webui.keyword.builtin.ClickKeyword.click(ClickKeyword.groovy:75)
	at com.kms.katalon.core.webui.keyword.builtin.ClickKeyword.execute(ClickKeyword.groovy:42)
	at com.kms.katalon.core.keyword.internal.KeywordExecutor.executeKeywordForPlatform(KeywordExecutor.groovy:74)
	at com.kms.katalon.core.webui.keyword.WebUiBuiltInKeywords.click(WebUiBuiltInKeywords.groovy:620)
	at com.kms.katalon.core.webui.keyword.WebUiBuiltInKeywords$click$3.call(Unknown Source)
	at Script1637659447439.run(Script1637659447439.groovy:40)
	... 16 more
)
[[ATTACHMENT|C:\\Users\\inaobatan.olawale\\Katalon Studio\\My First Web UI Project\\Reports\\20211123_150252\\FBN Credit360 LOS Operation\\LOS Operation\\20211123_150252\\1637679255359.png]]]]></system-out>
         <system-err><![CDATA[2021-11-23 15:52:49 - [TEST_CASE][FAILED] - Test Cases/FBN Credit360 LOS Opeartion/Review Offer Letter: Test Cases/FBN Credit360 LOS Opeartion/Review Offer Letter FAILED.
Reason:
com.kms.katalon.core.exception.StepFailedException: Unable to click on object 'Object Repository/Review Offer Letter/Page_Fintrak  Core Banking/a_View'
	at com.kms.katalon.core.webui.keyword.internal.WebUIKeywordMain.stepFailed(WebUIKeywordMain.groovy:64)
	at com.kms.katalon.core.webui.keyword.internal.WebUIKeywordMain.runKeyword(WebUIKeywordMain.groovy:26)
	at com.kms.katalon.core.webui.keyword.builtin.ClickKeyword.click(ClickKeyword.groovy:75)
	at com.kms.katalon.core.webui.keyword.builtin.ClickKeyword.execute(ClickKeyword.groovy:42)
	at com.kms.katalon.core.keyword.internal.KeywordExecutor.executeKeywordForPlatform(KeywordExecutor.groovy:74)
	at com.kms.katalon.core.webui.keyword.WebUiBuiltInKeywords.click(WebUiBuiltInKeywords.groovy:620)
	at com.kms.katalon.core.webui.keyword.WebUiBuiltInKeywords$click$3.call(Unknown Source)
	at Review Offer Letter.run(Review Offer Letter:40)
	at com.kms.katalon.core.main.ScriptEngine.run(ScriptEngine.java:194)
	at com.kms.katalon.core.main.ScriptEngine.runScriptAsRawText(ScriptEngine.java:119)
	at com.kms.katalon.core.main.TestCaseExecutor.runScript(TestCaseExecutor.java:430)
	at com.kms.katalon.core.main.TestCaseExecutor.doExecute(TestCaseExecutor.java:421)
	at com.kms.katalon.core.main.TestCaseExecutor.processExecutionPhase(TestCaseExecutor.java:400)
	at com.kms.katalon.core.main.TestCaseExecutor.accessMainPhase(TestCaseExecutor.java:392)
	at com.kms.katalon.core.main.TestCaseExecutor.execute(TestCaseExecutor.java:273)
	at com.kms.katalon.core.main.TestCaseExecutor.execute(TestCaseExecutor.java:351)
	at com.kms.katalon.core.main.TestCaseExecutor.execute(TestCaseExecutor.java:351)
	at com.kms.katalon.core.main.TestCaseExecutor.execute(TestCaseExecutor.java:351)
	at com.kms.katalon.core.main.TestSuiteExecutor.accessTestCaseMainPhase(TestSuiteExecutor.java:202)
	at com.kms.katalon.core.main.TestSuiteExecutor.accessTestSuiteMainPhase(TestSuiteExecutor.java:164)
	at com.kms.katalon.core.main.TestSuiteExecutor.execute(TestSuiteExecutor.java:105)
	at com.kms.katalon.core.main.TestCaseMain.startTestSuite(TestCaseMain.java:185)
	at com.kms.katalon.core.main.TestCaseMain$startTestSuite$0.call(Unknown Source)
	at TempTestSuite1637676172355.run(TempTestSuite1637676172355.groovy:36)
Caused by: com.kms.katalon.core.webui.exception.WebElementNotFoundException: Web element with id: 'Object Repository/Review Offer Letter/Page_Fintrak  Core Banking/a_View' located by '//a[contains(text(),'View')]' not found
	at com.kms.katalon.core.webui.common.WebUiCommonHelper.findWebElement(WebUiCommonHelper.java:1368)
	at com.kms.katalon.core.webui.keyword.internal.WebUIAbstractKeyword.findWebElement(WebUIAbstractKeyword.groovy:27)
	at com.kms.katalon.core.webui.keyword.internal.WebUIAbstractKeyword.findWebElement(WebUIAbstractKeyword.groovy:26)
	at com.kms.katalon.core.webui.keyword.builtin.ClickKeyword$_click_closure1.doCall(ClickKeyword.groovy:66)
	at com.kms.katalon.core.webui.keyword.builtin.ClickKeyword$_click_closure1.call(ClickKeyword.groovy)
	at com.kms.katalon.core.webui.keyword.internal.WebUIKeywordMain.runKeyword(WebUIKeywordMain.groovy:20)
	... 22 more]]></system-err>
      </testcase>
      <testcase name="Test Cases/FBN Credit360 LOS Opeartion/Job Request" time="57.762" classname="Test Cases/FBN Credit360 LOS Opeartion/Job Request" status="FAILED">
         <failure type="FAILED" message="Test Cases/FBN Credit360 LOS Opeartion/Job Request FAILED.
Reason:
com.kms.katalon.core.exception.StepFailedException: Unable to click on object 'Object Repository/Job Request/Page_Fintrak  Core Banking/span_ui-btn_ui-button-icon-left ui-clickabl_040a0b'
	at com.kms.katalon.core.webui.keyword.internal.WebUIKeywordMain.stepFailed(WebUIKeywordMain.groovy:64)
	at com.kms.katalon.core.webui.keyword.internal.WebUIKeywordMain.runKeyword(WebUIKeywordMain.groovy:26)
	at com.kms.katalon.core.webui.keyword.builtin.ClickKeyword.click(ClickKeyword.groovy:75)
	at com.kms.katalon.core.webui.keyword.builtin.ClickKeyword.execute(ClickKeyword.groovy:42)
	at com.kms.katalon.core.keyword.internal.KeywordExecutor.executeKeywordForPlatform(KeywordExecutor.groovy:74)
	at com.kms.katalon.core.webui.keyword.WebUiBuiltInKeywords.click(WebUiBuiltInKeywords.groovy:620)
	at com.kms.katalon.core.webui.keyword.WebUiBuiltInKeywords$click$3.call(Unknown Source)
	at Job Request.run(Job Request:35)
	at com.kms.katalon.core.main.ScriptEngine.run(ScriptEngine.java:194)
	at com.kms.katalon.core.main.ScriptEngine.runScriptAsRawText(ScriptEngine.java:119)
	at com.kms.katalon.core.main.TestCaseExecutor.runScript(TestCaseExecutor.java:430)
	at com.kms.katalon.core.main.TestCaseExecutor.doExecute(TestCaseExecutor.java:421)
	at com.kms.katalon.core.main.TestCaseExecutor.processExecutionPhase(TestCaseExecutor.java:400)
	at com.kms.katalon.core.main.TestCaseExecutor.accessMainPhase(TestCaseExecutor.java:392)
	at com.kms.katalon.core.main.TestCaseExecutor.execute(TestCaseExecutor.java:273)
	at com.kms.katalon.core.main.TestCaseExecutor.execute(TestCaseExecutor.java:351)
	at com.kms.katalon.core.main.TestCaseExecutor.execute(TestCaseExecutor.java:351)
	at com.kms.katalon.core.main.TestCaseExecutor.execute(TestCaseExecutor.java:351)
	at com.kms.katalon.core.main.TestSuiteExecutor.accessTestCaseMainPhase(TestSuiteExecutor.java:202)
	at com.kms.katalon.core.main.TestSuiteExecutor.accessTestSuiteMainPhase(TestSuiteExecutor.java:164)
	at com.kms.katalon.core.main.TestSuiteExecutor.execute(TestSuiteExecutor.java:105)
	at com.kms.katalon.core.main.TestCaseMain.startTestSuite(TestCaseMain.java:185)
	at com.kms.katalon.core.main.TestCaseMain$startTestSuite$0.call(Unknown Source)
	at TempTestSuite1637676172355.run(TempTestSuite1637676172355.groovy:36)
Caused by: com.kms.katalon.core.webui.exception.WebElementNotFoundException: Web element with id: 'Object Repository/Job Request/Page_Fintrak  Core Banking/span_ui-btn_ui-button-icon-left ui-clickabl_040a0b' located by '//div[2]/p-calendar/span/button/span' not found
	at com.kms.katalon.core.webui.common.WebUiCommonHelper.findWebElement(WebUiCommonHelper.java:1368)
	at com.kms.katalon.core.webui.keyword.internal.WebUIAbstractKeyword.findWebElement(WebUIAbstractKeyword.groovy:27)
	at com.kms.katalon.core.webui.keyword.internal.WebUIAbstractKeyword.findWebElement(WebUIAbstractKeyword.groovy:26)
	at com.kms.katalon.core.webui.keyword.builtin.ClickKeyword$_click_closure1.doCall(ClickKeyword.groovy:66)
	at com.kms.katalon.core.webui.keyword.builtin.ClickKeyword$_click_closure1.call(ClickKeyword.groovy)
	at com.kms.katalon.core.webui.keyword.internal.WebUIKeywordMain.runKeyword(WebUIKeywordMain.groovy:20)
	... 22 more
"/>
         <system-out><![CDATA[2021-11-23 15:56:17 - [TEST_CASE][FAILED] - Test Cases/FBN Credit360 LOS Opeartion/Job Request: Test Cases/FBN Credit360 LOS Opeartion/Job Request FAILED.
Reason:
com.kms.katalon.core.exception.StepFailedException: Unable to click on object 'Object Repository/Job Request/Page_Fintrak  Core Banking/span_ui-btn_ui-button-icon-left ui-clickabl_040a0b'
	at com.kms.katalon.core.webui.keyword.internal.WebUIKeywordMain.stepFailed(WebUIKeywordMain.groovy:64)
	at com.kms.katalon.core.webui.keyword.internal.WebUIKeywordMain.runKeyword(WebUIKeywordMain.groovy:26)
	at com.kms.katalon.core.webui.keyword.builtin.ClickKeyword.click(ClickKeyword.groovy:75)
	at com.kms.katalon.core.webui.keyword.builtin.ClickKeyword.execute(ClickKeyword.groovy:42)
	at com.kms.katalon.core.keyword.internal.KeywordExecutor.executeKeywordForPlatform(KeywordExecutor.groovy:74)
	at com.kms.katalon.core.webui.keyword.WebUiBuiltInKeywords.click(WebUiBuiltInKeywords.groovy:620)
	at com.kms.katalon.core.webui.keyword.WebUiBuiltInKeywords$click$3.call(Unknown Source)
	at Job Request.run(Job Request:35)
	at com.kms.katalon.core.main.ScriptEngine.run(ScriptEngine.java:194)
	at com.kms.katalon.core.main.ScriptEngine.runScriptAsRawText(ScriptEngine.java:119)
	at com.kms.katalon.core.main.TestCaseExecutor.runScript(TestCaseExecutor.java:430)
	at com.kms.katalon.core.main.TestCaseExecutor.doExecute(TestCaseExecutor.java:421)
	at com.kms.katalon.core.main.TestCaseExecutor.processExecutionPhase(TestCaseExecutor.java:400)
	at com.kms.katalon.core.main.TestCaseExecutor.accessMainPhase(TestCaseExecutor.java:392)
	at com.kms.katalon.core.main.TestCaseExecutor.execute(TestCaseExecutor.java:273)
	at com.kms.katalon.core.main.TestCaseExecutor.execute(TestCaseExecutor.java:351)
	at com.kms.katalon.core.main.TestCaseExecutor.execute(TestCaseExecutor.java:351)
	at com.kms.katalon.core.main.TestCaseExecutor.execute(TestCaseExecutor.java:351)
	at com.kms.katalon.core.main.TestSuiteExecutor.accessTestCaseMainPhase(TestSuiteExecutor.java:202)
	at com.kms.katalon.core.main.TestSuiteExecutor.accessTestSuiteMainPhase(TestSuiteExecutor.java:164)
	at com.kms.katalon.core.main.TestSuiteExecutor.execute(TestSuiteExecutor.java:105)
	at com.kms.katalon.core.main.TestCaseMain.startTestSuite(TestCaseMain.java:185)
	at com.kms.katalon.core.main.TestCaseMain$startTestSuite$0.call(Unknown Source)
	at TempTestSuite1637676172355.run(TempTestSuite1637676172355.groovy:36)
Caused by: com.kms.katalon.core.webui.exception.WebElementNotFoundException: Web element with id: 'Object Repository/Job Request/Page_Fintrak  Core Banking/span_ui-btn_ui-button-icon-left ui-clickabl_040a0b' located by '//div[2]/p-calendar/span/button/span' not found
	at com.kms.katalon.core.webui.common.WebUiCommonHelper.findWebElement(WebUiCommonHelper.java:1368)
	at com.kms.katalon.core.webui.keyword.internal.WebUIAbstractKeyword.findWebElement(WebUIAbstractKeyword.groovy:27)
	at com.kms.katalon.core.webui.keyword.internal.WebUIAbstractKeyword.findWebElement(WebUIAbstractKeyword.groovy:26)
	at com.kms.katalon.core.webui.keyword.builtin.ClickKeyword$_click_closure1.doCall(ClickKeyword.groovy:66)
	at com.kms.katalon.core.webui.keyword.builtin.ClickKeyword$_click_closure1.call(ClickKeyword.groovy)
	at com.kms.katalon.core.webui.keyword.internal.WebUIKeywordMain.runKeyword(WebUIKeywordMain.groovy:20)
	... 22 more


2021-11-23 15:56:17 - [TEST_STEP][PASSED] - openBrowser(""): Browser is opened with url: ''

2021-11-23 15:56:17 - [MESSAGE][WARNING] - A browser is already opened. Closing browser and opening a new one

2021-11-23 15:56:18 - [MESSAGE][INFO] - Starting 'Chrome' driver

2021-11-23 15:56:18 - [MESSAGE][INFO] - Action delay is set to 0 milliseconds

2021-11-23 15:56:19 - [MESSAGE][PASSED] - Browser is opened with url: ''

2021-11-23 15:56:19 - [TEST_STEP][PASSED] - navigateToUrl("https://fintrakcredit360web-fb.azurewebsites.net/#/"): Navigate to 'https://fintrakcredit360web-fb.azurewebsites.net/#/' successfully

2021-11-23 15:56:29 - [MESSAGE][PASSED] - Navigate to 'https://fintrakcredit360web-fb.azurewebsites.net/#/' successfully

2021-11-23 15:56:29 - [TEST_STEP][PASSED] - setText(findTestObject("Object Repository/Job Request/Page_Fintrak  Core Banking/input_Log In_auth-name"), "TN091176"): Text 'TN091176' is set on object 'Object Repository/Job Request/Page_Fintrak  Core Banking/input_Log In_auth-name'

2021-11-23 15:56:31 - [MESSAGE][PASSED] - Text 'TN091176' is set on object 'Object Repository/Job Request/Page_Fintrak  Core Banking/input_Log In_auth-name'

2021-11-23 15:56:31 - [TEST_STEP][PASSED] - setEncryptedText(findTestObject("Object Repository/Job Request/Page_Fintrak  Core Banking/input_Log In_auth-password"), "JltEQgaE0YE="): Text ****** has been set on object 'Object Repository/Job Request/Page_Fintrak  Core Banking/input_Log In_auth-password'

2021-11-23 15:56:31 - [MESSAGE][PASSED] - Text ****** has been set on object 'Object Repository/Job Request/Page_Fintrak  Core Banking/input_Log In_auth-password'

2021-11-23 15:56:31 - [TEST_STEP][PASSED] - click(findTestObject("Object Repository/Job Request/Page_Fintrak  Core Banking/button_Log In")): Object: 'Object Repository/Job Request/Page_Fintrak  Core Banking/button_Log In' is clicked on

2021-11-23 15:56:32 - [MESSAGE][PASSED] - Object: 'Object Repository/Job Request/Page_Fintrak  Core Banking/button_Log In' is clicked on

2021-11-23 15:56:32 - [TEST_STEP][PASSED] - click(findTestObject("Object Repository/Job Request/Page_Fintrak  Core Banking/span_Job Request")): Object: 'Object Repository/Job Request/Page_Fintrak  Core Banking/span_Job Request' is clicked on

2021-11-23 15:56:40 - [MESSAGE][PASSED] - Object: 'Object Repository/Job Request/Page_Fintrak  Core Banking/span_Job Request' is clicked on

2021-11-23 15:56:40 - [TEST_STEP][PASSED] - click(findTestObject("Object Repository/Job Request/Page_Fintrak  Core Banking/span_Job Request Status")): Object: 'Object Repository/Job Request/Page_Fintrak  Core Banking/span_Job Request Status' is clicked on

2021-11-23 15:56:40 - [MESSAGE][PASSED] - Object: 'Object Repository/Job Request/Page_Fintrak  Core Banking/span_Job Request Status' is clicked on

2021-11-23 15:56:40 - [TEST_STEP][FAILED] - click(findTestObject("Object Repository/Job Request/Page_Fintrak  Core Banking/span_ui-btn_ui-button-icon-left ui-clickabl_040a0b")): Unable to click on object 'Object Repository/Job Request/Page_Fintrak  Core Banking/span_ui-btn_ui-button-icon-left ui-clickabl_040a0b' (Root cause: com.kms.katalon.core.exception.StepFailedException: Unable to click on object 'Object Repository/Job Request/Page_Fintrak  Core Banking/span_ui-btn_ui-button-icon-left ui-clickabl_040a0b'
	at com.kms.katalon.core.webui.keyword.internal.WebUIKeywordMain.stepFailed(WebUIKeywordMain.groovy:64)
	at com.kms.katalon.core.webui.keyword.internal.WebUIKeywordMain.runKeyword(WebUIKeywordMain.groovy:26)
	at com.kms.katalon.core.webui.keyword.builtin.ClickKeyword.click(ClickKeyword.groovy:75)
	at com.kms.katalon.core.webui.keyword.builtin.ClickKeyword.execute(ClickKeyword.groovy:42)
	at com.kms.katalon.core.keyword.internal.KeywordExecutor.executeKeywordForPlatform(KeywordExecutor.groovy:74)
	at com.kms.katalon.core.webui.keyword.WebUiBuiltInKeywords.click(WebUiBuiltInKeywords.groovy:620)
	at com.kms.katalon.core.webui.keyword.WebUiBuiltInKeywords$click$3.call(Unknown Source)
	at Job Request.run(Job Request:35)
	at com.kms.katalon.core.main.ScriptEngine.run(ScriptEngine.java:194)
	at com.kms.katalon.core.main.ScriptEngine.runScriptAsRawText(ScriptEngine.java:119)
	at com.kms.katalon.core.main.TestCaseExecutor.runScript(TestCaseExecutor.java:430)
	at com.kms.katalon.core.main.TestCaseExecutor.doExecute(TestCaseExecutor.java:421)
	at com.kms.katalon.core.main.TestCaseExecutor.processExecutionPhase(TestCaseExecutor.java:400)
	at com.kms.katalon.core.main.TestCaseExecutor.accessMainPhase(TestCaseExecutor.java:392)
	at com.kms.katalon.core.main.TestCaseExecutor.execute(TestCaseExecutor.java:273)
	at com.kms.katalon.core.main.TestCaseExecutor.execute(TestCaseExecutor.java:351)
	at com.kms.katalon.core.main.TestCaseExecutor.execute(TestCaseExecutor.java:351)
	at com.kms.katalon.core.main.TestCaseExecutor.execute(TestCaseExecutor.java:351)
	at com.kms.katalon.core.main.TestSuiteExecutor.accessTestCaseMainPhase(TestSuiteExecutor.java:202)
	at com.kms.katalon.core.main.TestSuiteExecutor.accessTestSuiteMainPhase(TestSuiteExecutor.java:164)
	at com.kms.katalon.core.main.TestSuiteExecutor.execute(TestSuiteExecutor.java:105)
	at com.kms.katalon.core.main.TestCaseMain.startTestSuite(TestCaseMain.java:185)
	at com.kms.katalon.core.main.TestCaseMain$startTestSuite$0.call(Unknown Source)
	at TempTestSuite1637676172355.run(TempTestSuite1637676172355.groovy:36)
Caused by: com.kms.katalon.core.webui.exception.WebElementNotFoundException: Web element with id: 'Object Repository/Job Request/Page_Fintrak  Core Banking/span_ui-btn_ui-button-icon-left ui-clickabl_040a0b' located by '//div[2]/p-calendar/span/button/span' not found
	at com.kms.katalon.core.webui.common.WebUiCommonHelper.findWebElement(WebUiCommonHelper.java:1368)
	at com.kms.katalon.core.webui.keyword.internal.WebUIAbstractKeyword.findWebElement(WebUIAbstractKeyword.groovy:27)
	at com.kms.katalon.core.webui.keyword.internal.WebUIAbstractKeyword.findWebElement(WebUIAbstractKeyword.groovy:26)
	at com.kms.katalon.core.webui.keyword.builtin.ClickKeyword$_click_closure1.doCall(ClickKeyword.groovy:66)
	at com.kms.katalon.core.webui.keyword.builtin.ClickKeyword$_click_closure1.call(ClickKeyword.groovy)
	at com.kms.katalon.core.webui.keyword.internal.WebUIKeywordMain.runKeyword(WebUIKeywordMain.groovy:20)
	at com.kms.katalon.core.webui.keyword.builtin.ClickKeyword.click(ClickKeyword.groovy:75)
	at com.kms.katalon.core.webui.keyword.builtin.ClickKeyword.execute(ClickKeyword.groovy:42)
	at com.kms.katalon.core.keyword.internal.KeywordExecutor.executeKeywordForPlatform(KeywordExecutor.groovy:74)
	at com.kms.katalon.core.webui.keyword.WebUiBuiltInKeywords.click(WebUiBuiltInKeywords.groovy:620)
	at com.kms.katalon.core.webui.keyword.WebUiBuiltInKeywords$click$3.call(Unknown Source)
	at Script1637659447325.run(Script1637659447325.groovy:35)
	... 16 more
)

2021-11-23 15:57:12 - [MESSAGE][INFO] - Unable to find the element located by 'By.xpath: //div[2]/p-calendar/span/button/span'. Please recheck the objects properties to make sure the desired element is located. 

2021-11-23 15:57:12 - [MESSAGE][WARNING] - [SELF-HEALING] Failed to find element with id 'Object Repository/Job Request/Page_Fintrak  Core Banking/span_ui-btn_ui-button-icon-left ui-clickabl_040a0b'. Try using Self-healing.

2021-11-23 15:57:12 - [MESSAGE][INFO] - [SELF-HEALING] Failed Locator: '//div[2]/p-calendar/span/button/span'.

2021-11-23 15:57:12 - [MESSAGE][INFO] - [SELF-HEALING] Failed Locator: '//div[2]/p-calendar/span/button/span'.

2021-11-23 15:57:12 - [MESSAGE][INFO] - [SELF-HEALING] Failed Locator: '//div[2]/p-calendar/span/button/span'.

2021-11-23 15:57:13 - [MESSAGE][INFO] - [SELF-HEALING] Failed Locator: '//div[2]/p-calendar/span/button/span'.

2021-11-23 15:57:14 - [MESSAGE][INFO] - Unable to find the element located by 'By.xpath: /html[@class="eventlistener localstorage sessionstorage queryselector eventlistener localstorage sessionstorage queryselector"]/body[1]/app-root[@class="ng-tns-c0-0"]/app-main[@class="ng-star-inserted"]/div[@class="layout-wrapper"]/div[@class="layout-container menu-layout-static"]/div[@class="layout-main"]/ng-component[@class="ng-star-inserted"]/div[@class="ui-g"]/div[@class="ui-g-12 no-padding"]/div[@class="panel panel-default"]/div[2]/div[@class="row"]/div[@class="col-md-4"]/p-calendar[@class="ng-tns-c7-22 ng-untouched ng-pristine ng-valid ui-inputwrapper-filled"]/span[@class="ng-tns-c7-22 ui-calendar ui-calendar-w-btn"]/button[@class="ui-datepicker-trigger ui-calendar-button ng-tns-c7-22 ui-button ui-widget ui-state-default ui-corner-all ui-button-icon-only ng-star-inserted"]/span[@class="ui-button-icon-left ui-clickable fa fa-fw fa-calendar"]'. Please recheck the objects properties to make sure the desired element is located. 

2021-11-23 15:57:15 - [MESSAGE][INFO] - Unable to find the element located by 'By.cssSelector: button.ui-datepicker-trigger.ui-calendar-button.ng-tns-c7-22.ui-button.ui-widget.ui-state-default.ui-corner-all.ui-button-icon-only.ng-star-inserted > span.ui-button-icon-left.ui-clickable.fa.fa-fw.fa-calendar'. Please recheck the objects properties to make sure the desired element is located. 

2021-11-23 15:57:15 - [MESSAGE][FAILED] - Unable to click on object 'Object Repository/Job Request/Page_Fintrak  Core Banking/span_ui-btn_ui-button-icon-left ui-clickabl_040a0b' (Root cause: com.kms.katalon.core.exception.StepFailedException: Unable to click on object 'Object Repository/Job Request/Page_Fintrak  Core Banking/span_ui-btn_ui-button-icon-left ui-clickabl_040a0b'
	at com.kms.katalon.core.webui.keyword.internal.WebUIKeywordMain.stepFailed(WebUIKeywordMain.groovy:64)
	at com.kms.katalon.core.webui.keyword.internal.WebUIKeywordMain.runKeyword(WebUIKeywordMain.groovy:26)
	at com.kms.katalon.core.webui.keyword.builtin.ClickKeyword.click(ClickKeyword.groovy:75)
	at com.kms.katalon.core.webui.keyword.builtin.ClickKeyword.execute(ClickKeyword.groovy:42)
	at com.kms.katalon.core.keyword.internal.KeywordExecutor.executeKeywordForPlatform(KeywordExecutor.groovy:74)
	at com.kms.katalon.core.webui.keyword.WebUiBuiltInKeywords.click(WebUiBuiltInKeywords.groovy:620)
	at com.kms.katalon.core.webui.keyword.WebUiBuiltInKeywords$click$3.call(Unknown Source)
	at Job Request.run(Job Request:35)
	at com.kms.katalon.core.main.ScriptEngine.run(ScriptEngine.java:194)
	at com.kms.katalon.core.main.ScriptEngine.runScriptAsRawText(ScriptEngine.java:119)
	at com.kms.katalon.core.main.TestCaseExecutor.runScript(TestCaseExecutor.java:430)
	at com.kms.katalon.core.main.TestCaseExecutor.doExecute(TestCaseExecutor.java:421)
	at com.kms.katalon.core.main.TestCaseExecutor.processExecutionPhase(TestCaseExecutor.java:400)
	at com.kms.katalon.core.main.TestCaseExecutor.accessMainPhase(TestCaseExecutor.java:392)
	at com.kms.katalon.core.main.TestCaseExecutor.execute(TestCaseExecutor.java:273)
	at com.kms.katalon.core.main.TestCaseExecutor.execute(TestCaseExecutor.java:351)
	at com.kms.katalon.core.main.TestCaseExecutor.execute(TestCaseExecutor.java:351)
	at com.kms.katalon.core.main.TestCaseExecutor.execute(TestCaseExecutor.java:351)
	at com.kms.katalon.core.main.TestSuiteExecutor.accessTestCaseMainPhase(TestSuiteExecutor.java:202)
	at com.kms.katalon.core.main.TestSuiteExecutor.accessTestSuiteMainPhase(TestSuiteExecutor.java:164)
	at com.kms.katalon.core.main.TestSuiteExecutor.execute(TestSuiteExecutor.java:105)
	at com.kms.katalon.core.main.TestCaseMain.startTestSuite(TestCaseMain.java:185)
	at com.kms.katalon.core.main.TestCaseMain$startTestSuite$0.call(Unknown Source)
	at TempTestSuite1637676172355.run(TempTestSuite1637676172355.groovy:36)
Caused by: com.kms.katalon.core.webui.exception.WebElementNotFoundException: Web element with id: 'Object Repository/Job Request/Page_Fintrak  Core Banking/span_ui-btn_ui-button-icon-left ui-clickabl_040a0b' located by '//div[2]/p-calendar/span/button/span' not found
	at com.kms.katalon.core.webui.common.WebUiCommonHelper.findWebElement(WebUiCommonHelper.java:1368)
	at com.kms.katalon.core.webui.keyword.internal.WebUIAbstractKeyword.findWebElement(WebUIAbstractKeyword.groovy:27)
	at com.kms.katalon.core.webui.keyword.internal.WebUIAbstractKeyword.findWebElement(WebUIAbstractKeyword.groovy:26)
	at com.kms.katalon.core.webui.keyword.builtin.ClickKeyword$_click_closure1.doCall(ClickKeyword.groovy:66)
	at com.kms.katalon.core.webui.keyword.builtin.ClickKeyword$_click_closure1.call(ClickKeyword.groovy)
	at com.kms.katalon.core.webui.keyword.internal.WebUIKeywordMain.runKeyword(WebUIKeywordMain.groovy:20)
	at com.kms.katalon.core.webui.keyword.builtin.ClickKeyword.click(ClickKeyword.groovy:75)
	at com.kms.katalon.core.webui.keyword.builtin.ClickKeyword.execute(ClickKeyword.groovy:42)
	at com.kms.katalon.core.keyword.internal.KeywordExecutor.executeKeywordForPlatform(KeywordExecutor.groovy:74)
	at com.kms.katalon.core.webui.keyword.WebUiBuiltInKeywords.click(WebUiBuiltInKeywords.groovy:620)
	at com.kms.katalon.core.webui.keyword.WebUiBuiltInKeywords$click$3.call(Unknown Source)
	at Script1637659447325.run(Script1637659447325.groovy:35)
	... 16 more
)
[[ATTACHMENT|C:\\Users\\inaobatan.olawale\\Katalon Studio\\My First Web UI Project\\Reports\\20211123_150252\\FBN Credit360 LOS Operation\\LOS Operation\\20211123_150252\\1637679435503.png]]]]></system-out>
         <system-err><![CDATA[2021-11-23 15:56:17 - [TEST_CASE][FAILED] - Test Cases/FBN Credit360 LOS Opeartion/Job Request: Test Cases/FBN Credit360 LOS Opeartion/Job Request FAILED.
Reason:
com.kms.katalon.core.exception.StepFailedException: Unable to click on object 'Object Repository/Job Request/Page_Fintrak  Core Banking/span_ui-btn_ui-button-icon-left ui-clickabl_040a0b'
	at com.kms.katalon.core.webui.keyword.internal.WebUIKeywordMain.stepFailed(WebUIKeywordMain.groovy:64)
	at com.kms.katalon.core.webui.keyword.internal.WebUIKeywordMain.runKeyword(WebUIKeywordMain.groovy:26)
	at com.kms.katalon.core.webui.keyword.builtin.ClickKeyword.click(ClickKeyword.groovy:75)
	at com.kms.katalon.core.webui.keyword.builtin.ClickKeyword.execute(ClickKeyword.groovy:42)
	at com.kms.katalon.core.keyword.internal.KeywordExecutor.executeKeywordForPlatform(KeywordExecutor.groovy:74)
	at com.kms.katalon.core.webui.keyword.WebUiBuiltInKeywords.click(WebUiBuiltInKeywords.groovy:620)
	at com.kms.katalon.core.webui.keyword.WebUiBuiltInKeywords$click$3.call(Unknown Source)
	at Job Request.run(Job Request:35)
	at com.kms.katalon.core.main.ScriptEngine.run(ScriptEngine.java:194)
	at com.kms.katalon.core.main.ScriptEngine.runScriptAsRawText(ScriptEngine.java:119)
	at com.kms.katalon.core.main.TestCaseExecutor.runScript(TestCaseExecutor.java:430)
	at com.kms.katalon.core.main.TestCaseExecutor.doExecute(TestCaseExecutor.java:421)
	at com.kms.katalon.core.main.TestCaseExecutor.processExecutionPhase(TestCaseExecutor.java:400)
	at com.kms.katalon.core.main.TestCaseExecutor.accessMainPhase(TestCaseExecutor.java:392)
	at com.kms.katalon.core.main.TestCaseExecutor.execute(TestCaseExecutor.java:273)
	at com.kms.katalon.core.main.TestCaseExecutor.execute(TestCaseExecutor.java:351)
	at com.kms.katalon.core.main.TestCaseExecutor.execute(TestCaseExecutor.java:351)
	at com.kms.katalon.core.main.TestCaseExecutor.execute(TestCaseExecutor.java:351)
	at com.kms.katalon.core.main.TestSuiteExecutor.accessTestCaseMainPhase(TestSuiteExecutor.java:202)
	at com.kms.katalon.core.main.TestSuiteExecutor.accessTestSuiteMainPhase(TestSuiteExecutor.java:164)
	at com.kms.katalon.core.main.TestSuiteExecutor.execute(TestSuiteExecutor.java:105)
	at com.kms.katalon.core.main.TestCaseMain.startTestSuite(TestCaseMain.java:185)
	at com.kms.katalon.core.main.TestCaseMain$startTestSuite$0.call(Unknown Source)
	at TempTestSuite1637676172355.run(TempTestSuite1637676172355.groovy:36)
Caused by: com.kms.katalon.core.webui.exception.WebElementNotFoundException: Web element with id: 'Object Repository/Job Request/Page_Fintrak  Core Banking/span_ui-btn_ui-button-icon-left ui-clickabl_040a0b' located by '//div[2]/p-calendar/span/button/span' not found
	at com.kms.katalon.core.webui.common.WebUiCommonHelper.findWebElement(WebUiCommonHelper.java:1368)
	at com.kms.katalon.core.webui.keyword.internal.WebUIAbstractKeyword.findWebElement(WebUIAbstractKeyword.groovy:27)
	at com.kms.katalon.core.webui.keyword.internal.WebUIAbstractKeyword.findWebElement(WebUIAbstractKeyword.groovy:26)
	at com.kms.katalon.core.webui.keyword.builtin.ClickKeyword$_click_closure1.doCall(ClickKeyword.groovy:66)
	at com.kms.katalon.core.webui.keyword.builtin.ClickKeyword$_click_closure1.call(ClickKeyword.groovy)
	at com.kms.katalon.core.webui.keyword.internal.WebUIKeywordMain.runKeyword(WebUIKeywordMain.groovy:20)
	... 22 more]]></system-err>
      </testcase>
      <testcase name="Test Cases/FBN Credit360 LOS Opeartion/Availment Route" time="28.312" classname="Test Cases/FBN Credit360 LOS Opeartion/Availment Route" status="FAILED">
         <failure type="FAILED" message="Test Cases/FBN Credit360 LOS Opeartion/Availment Route FAILED.
Reason:
com.kms.katalon.core.exception.StepFailedException: Unable to click on object 'Object Repository/Availment Route/Page_Fintrak  Core Banking/div_Status_ui-radiobutton-box ui-widget ui-_5ff151'
	at com.kms.katalon.core.webui.keyword.internal.WebUIKeywordMain.stepFailed(WebUIKeywordMain.groovy:64)
	at com.kms.katalon.core.webui.keyword.internal.WebUIKeywordMain.runKeyword(WebUIKeywordMain.groovy:26)
	at com.kms.katalon.core.webui.keyword.builtin.ClickKeyword.click(ClickKeyword.groovy:75)
	at com.kms.katalon.core.webui.keyword.builtin.ClickKeyword.execute(ClickKeyword.groovy:42)
	at com.kms.katalon.core.keyword.internal.KeywordExecutor.executeKeywordForPlatform(KeywordExecutor.groovy:74)
	at com.kms.katalon.core.webui.keyword.WebUiBuiltInKeywords.click(WebUiBuiltInKeywords.groovy:620)
	at com.kms.katalon.core.webui.keyword.WebUiBuiltInKeywords$click$3.call(Unknown Source)
	at Availment Route.run(Availment Route:39)
	at com.kms.katalon.core.main.ScriptEngine.run(ScriptEngine.java:194)
	at com.kms.katalon.core.main.ScriptEngine.runScriptAsRawText(ScriptEngine.java:119)
	at com.kms.katalon.core.main.TestCaseExecutor.runScript(TestCaseExecutor.java:430)
	at com.kms.katalon.core.main.TestCaseExecutor.doExecute(TestCaseExecutor.java:421)
	at com.kms.katalon.core.main.TestCaseExecutor.processExecutionPhase(TestCaseExecutor.java:400)
	at com.kms.katalon.core.main.TestCaseExecutor.accessMainPhase(TestCaseExecutor.java:392)
	at com.kms.katalon.core.main.TestCaseExecutor.execute(TestCaseExecutor.java:273)
	at com.kms.katalon.core.main.TestCaseExecutor.execute(TestCaseExecutor.java:351)
	at com.kms.katalon.core.main.TestCaseExecutor.execute(TestCaseExecutor.java:351)
	at com.kms.katalon.core.main.TestCaseExecutor.execute(TestCaseExecutor.java:351)
	at com.kms.katalon.core.main.TestSuiteExecutor.accessTestCaseMainPhase(TestSuiteExecutor.java:202)
	at com.kms.katalon.core.main.TestSuiteExecutor.accessTestSuiteMainPhase(TestSuiteExecutor.java:164)
	at com.kms.katalon.core.main.TestSuiteExecutor.execute(TestSuiteExecutor.java:105)
	at com.kms.katalon.core.main.TestCaseMain.startTestSuite(TestCaseMain.java:185)
	at com.kms.katalon.core.main.TestCaseMain$startTestSuite$0.call(Unknown Source)
	at TempTestSuite1637676172355.run(TempTestSuite1637676172355.groovy:36)
Caused by: org.openqa.selenium.ElementClickInterceptedException: element click intercepted: Element &lt;div class=&quot;panel-footer&quot;>...&lt;/div> is not clickable at point (643, 298). Other element would receive the click: &lt;div id=&quot;page-preloader&quot; style=&quot;display: block;&quot;>...&lt;/div>
  (Session info: chrome=95.0.4638.69)
Build info: version: '3.141.59', revision: 'e82be7d358', time: '2018-11-14T08:25:53'
System info: host: 'INAOBATAN', ip: '172.20.10.3', os.name: 'Windows 10', os.arch: 'amd64', os.version: '10.0', java.version: '1.8.0_282'
Driver info: com.kms.katalon.selenium.driver.CChromeDriver
Capabilities {acceptInsecureCerts: false, browserName: chrome, browserVersion: 95.0.4638.69, chrome: {chromedriverVersion: 95.0.4638.69 (6a1600ed572fe..., userDataDir: C:\Users\INAOBA~1.OLA\AppDa...}, goog:chromeOptions: {debuggerAddress: localhost:60592}, javascriptEnabled: true, networkConnectionEnabled: false, pageLoadStrategy: normal, platform: WINDOWS, platformName: WINDOWS, proxy: Proxy(), setWindowRect: true, strictFileInteractability: false, timeouts: {implicit: 0, pageLoad: 300000, script: 30000}, unhandledPromptBehavior: dismiss and notify, webauthn:extension:credBlob: true, webauthn:extension:largeBlob: true, webauthn:virtualAuthenticators: true}
Session ID: 60237b043cc3cdf559f10651075188b0
	at org.openqa.selenium.remote.http.W3CHttpResponseCodec.createException(W3CHttpResponseCodec.java:187)
	at org.openqa.selenium.remote.http.W3CHttpResponseCodec.decode(W3CHttpResponseCodec.java:122)
	at org.openqa.selenium.remote.http.W3CHttpResponseCodec.decode(W3CHttpResponseCodec.java:49)
	at org.openqa.selenium.remote.HttpCommandExecutor.execute(HttpCommandExecutor.java:158)
	at org.openqa.selenium.remote.service.DriverCommandExecutor.execute(DriverCommandExecutor.java:83)
	at org.openqa.selenium.remote.RemoteWebDriver.execute(RemoteWebDriver.java:552)
	at com.kms.katalon.selenium.driver.CChromeDriver.execute(CChromeDriver.java:19)
	at org.openqa.selenium.remote.RemoteWebElement.execute(RemoteWebElement.java:285)
	at org.openqa.selenium.remote.RemoteWebElement.click(RemoteWebElement.java:84)
	at org.openqa.selenium.support.events.EventFiringWebDriver$EventFiringWebElement.lambda$new$0(EventFiringWebDriver.java:404)
	at com.sun.proxy.$Proxy11.click(Unknown Source)
	at org.openqa.selenium.support.events.EventFiringWebDriver$EventFiringWebElement.click(EventFiringWebDriver.java:417)
	at com.kms.katalon.core.webui.keyword.builtin.ClickKeyword$_click_closure1.doCall(ClickKeyword.groovy:68)
	at com.kms.katalon.core.webui.keyword.builtin.ClickKeyword$_click_closure1.call(ClickKeyword.groovy)
	at com.kms.katalon.core.webui.keyword.internal.WebUIKeywordMain.runKeyword(WebUIKeywordMain.groovy:20)
	... 22 more
"/>
         <system-out><![CDATA[2021-11-23 15:58:28 - [TEST_CASE][FAILED] - Test Cases/FBN Credit360 LOS Opeartion/Availment Route: Test Cases/FBN Credit360 LOS Opeartion/Availment Route FAILED.
Reason:
com.kms.katalon.core.exception.StepFailedException: Unable to click on object 'Object Repository/Availment Route/Page_Fintrak  Core Banking/div_Status_ui-radiobutton-box ui-widget ui-_5ff151'
	at com.kms.katalon.core.webui.keyword.internal.WebUIKeywordMain.stepFailed(WebUIKeywordMain.groovy:64)
	at com.kms.katalon.core.webui.keyword.internal.WebUIKeywordMain.runKeyword(WebUIKeywordMain.groovy:26)
	at com.kms.katalon.core.webui.keyword.builtin.ClickKeyword.click(ClickKeyword.groovy:75)
	at com.kms.katalon.core.webui.keyword.builtin.ClickKeyword.execute(ClickKeyword.groovy:42)
	at com.kms.katalon.core.keyword.internal.KeywordExecutor.executeKeywordForPlatform(KeywordExecutor.groovy:74)
	at com.kms.katalon.core.webui.keyword.WebUiBuiltInKeywords.click(WebUiBuiltInKeywords.groovy:620)
	at com.kms.katalon.core.webui.keyword.WebUiBuiltInKeywords$click$3.call(Unknown Source)
	at Availment Route.run(Availment Route:39)
	at com.kms.katalon.core.main.ScriptEngine.run(ScriptEngine.java:194)
	at com.kms.katalon.core.main.ScriptEngine.runScriptAsRawText(ScriptEngine.java:119)
	at com.kms.katalon.core.main.TestCaseExecutor.runScript(TestCaseExecutor.java:430)
	at com.kms.katalon.core.main.TestCaseExecutor.doExecute(TestCaseExecutor.java:421)
	at com.kms.katalon.core.main.TestCaseExecutor.processExecutionPhase(TestCaseExecutor.java:400)
	at com.kms.katalon.core.main.TestCaseExecutor.accessMainPhase(TestCaseExecutor.java:392)
	at com.kms.katalon.core.main.TestCaseExecutor.execute(TestCaseExecutor.java:273)
	at com.kms.katalon.core.main.TestCaseExecutor.execute(TestCaseExecutor.java:351)
	at com.kms.katalon.core.main.TestCaseExecutor.execute(TestCaseExecutor.java:351)
	at com.kms.katalon.core.main.TestCaseExecutor.execute(TestCaseExecutor.java:351)
	at com.kms.katalon.core.main.TestSuiteExecutor.accessTestCaseMainPhase(TestSuiteExecutor.java:202)
	at com.kms.katalon.core.main.TestSuiteExecutor.accessTestSuiteMainPhase(TestSuiteExecutor.java:164)
	at com.kms.katalon.core.main.TestSuiteExecutor.execute(TestSuiteExecutor.java:105)
	at com.kms.katalon.core.main.TestCaseMain.startTestSuite(TestCaseMain.java:185)
	at com.kms.katalon.core.main.TestCaseMain$startTestSuite$0.call(Unknown Source)
	at TempTestSuite1637676172355.run(TempTestSuite1637676172355.groovy:36)
Caused by: org.openqa.selenium.ElementClickInterceptedException: element click intercepted: Element <div class="panel-footer">...</div> is not clickable at point (643, 298). Other element would receive the click: <div id="page-preloader" style="display: block;">...</div>
  (Session info: chrome=95.0.4638.69)
Build info: version: '3.141.59', revision: 'e82be7d358', time: '2018-11-14T08:25:53'
System info: host: 'INAOBATAN', ip: '172.20.10.3', os.name: 'Windows 10', os.arch: 'amd64', os.version: '10.0', java.version: '1.8.0_282'
Driver info: com.kms.katalon.selenium.driver.CChromeDriver
Capabilities {acceptInsecureCerts: false, browserName: chrome, browserVersion: 95.0.4638.69, chrome: {chromedriverVersion: 95.0.4638.69 (6a1600ed572fe..., userDataDir: C:\Users\INAOBA~1.OLA\AppDa...}, goog:chromeOptions: {debuggerAddress: localhost:60592}, javascriptEnabled: true, networkConnectionEnabled: false, pageLoadStrategy: normal, platform: WINDOWS, platformName: WINDOWS, proxy: Proxy(), setWindowRect: true, strictFileInteractability: false, timeouts: {implicit: 0, pageLoad: 300000, script: 30000}, unhandledPromptBehavior: dismiss and notify, webauthn:extension:credBlob: true, webauthn:extension:largeBlob: true, webauthn:virtualAuthenticators: true}
Session ID: 60237b043cc3cdf559f10651075188b0
	at org.openqa.selenium.remote.http.W3CHttpResponseCodec.createException(W3CHttpResponseCodec.java:187)
	at org.openqa.selenium.remote.http.W3CHttpResponseCodec.decode(W3CHttpResponseCodec.java:122)
	at org.openqa.selenium.remote.http.W3CHttpResponseCodec.decode(W3CHttpResponseCodec.java:49)
	at org.openqa.selenium.remote.HttpCommandExecutor.execute(HttpCommandExecutor.java:158)
	at org.openqa.selenium.remote.service.DriverCommandExecutor.execute(DriverCommandExecutor.java:83)
	at org.openqa.selenium.remote.RemoteWebDriver.execute(RemoteWebDriver.java:552)
	at com.kms.katalon.selenium.driver.CChromeDriver.execute(CChromeDriver.java:19)
	at org.openqa.selenium.remote.RemoteWebElement.execute(RemoteWebElement.java:285)
	at org.openqa.selenium.remote.RemoteWebElement.click(RemoteWebElement.java:84)
	at org.openqa.selenium.support.events.EventFiringWebDriver$EventFiringWebElement.lambda$new$0(EventFiringWebDriver.java:404)
	at com.sun.proxy.$Proxy11.click(Unknown Source)
	at org.openqa.selenium.support.events.EventFiringWebDriver$EventFiringWebElement.click(EventFiringWebDriver.java:417)
	at com.kms.katalon.core.webui.keyword.builtin.ClickKeyword$_click_closure1.doCall(ClickKeyword.groovy:68)
	at com.kms.katalon.core.webui.keyword.builtin.ClickKeyword$_click_closure1.call(ClickKeyword.groovy)
	at com.kms.katalon.core.webui.keyword.internal.WebUIKeywordMain.runKeyword(WebUIKeywordMain.groovy:20)
	... 22 more


2021-11-23 15:58:28 - [TEST_STEP][PASSED] - openBrowser(""): Browser is opened with url: ''

2021-11-23 15:58:28 - [MESSAGE][WARNING] - A browser is already opened. Closing browser and opening a new one

2021-11-23 15:58:29 - [MESSAGE][INFO] - Starting 'Chrome' driver

2021-11-23 15:58:29 - [MESSAGE][INFO] - Action delay is set to 0 milliseconds

2021-11-23 15:58:30 - [MESSAGE][PASSED] - Browser is opened with url: ''

2021-11-23 15:58:30 - [TEST_STEP][PASSED] - navigateToUrl("https://fintrakcredit360web-fb.azurewebsites.net/#/"): Navigate to 'https://fintrakcredit360web-fb.azurewebsites.net/#/' successfully

2021-11-23 15:58:39 - [MESSAGE][PASSED] - Navigate to 'https://fintrakcredit360web-fb.azurewebsites.net/#/' successfully

2021-11-23 15:58:39 - [TEST_STEP][PASSED] - setText(findTestObject("Object Repository/Availment Route/Page_Fintrak  Core Banking/input_Log In_auth-name"), "SN021557"): Text 'SN021557' is set on object 'Object Repository/Availment Route/Page_Fintrak  Core Banking/input_Log In_auth-name'

2021-11-23 15:58:41 - [MESSAGE][PASSED] - Text 'SN021557' is set on object 'Object Repository/Availment Route/Page_Fintrak  Core Banking/input_Log In_auth-name'

2021-11-23 15:58:41 - [TEST_STEP][PASSED] - setEncryptedText(findTestObject("Object Repository/Availment Route/Page_Fintrak  Core Banking/input_Log In_auth-password"), "JltEQgaE0YE="): Text ****** has been set on object 'Object Repository/Availment Route/Page_Fintrak  Core Banking/input_Log In_auth-password'

2021-11-23 15:58:41 - [MESSAGE][PASSED] - Text ****** has been set on object 'Object Repository/Availment Route/Page_Fintrak  Core Banking/input_Log In_auth-password'

2021-11-23 15:58:41 - [TEST_STEP][PASSED] - click(findTestObject("Object Repository/Availment Route/Page_Fintrak  Core Banking/button_Log In")): Object: 'Object Repository/Availment Route/Page_Fintrak  Core Banking/button_Log In' is clicked on

2021-11-23 15:58:42 - [MESSAGE][PASSED] - Object: 'Object Repository/Availment Route/Page_Fintrak  Core Banking/button_Log In' is clicked on

2021-11-23 15:58:42 - [TEST_STEP][PASSED] - click(findTestObject("Object Repository/Availment Route/Page_Fintrak  Core Banking/span_Credit")): Object: 'Object Repository/Availment Route/Page_Fintrak  Core Banking/span_Credit' is clicked on

2021-11-23 15:58:47 - [MESSAGE][PASSED] - Object: 'Object Repository/Availment Route/Page_Fintrak  Core Banking/span_Credit' is clicked on

2021-11-23 15:58:47 - [TEST_STEP][PASSED] - click(findTestObject("Object Repository/Availment Route/Page_Fintrak  Core Banking/span_Credit Origination")): Object: 'Object Repository/Availment Route/Page_Fintrak  Core Banking/span_Credit Origination' is clicked on

2021-11-23 15:58:48 - [MESSAGE][PASSED] - Object: 'Object Repository/Availment Route/Page_Fintrak  Core Banking/span_Credit Origination' is clicked on

2021-11-23 15:58:48 - [TEST_STEP][PASSED] - click(findTestObject("Object Repository/Availment Route/Page_Fintrak  Core Banking/span_Routing")): Object: 'Object Repository/Availment Route/Page_Fintrak  Core Banking/span_Routing' is clicked on

2021-11-23 15:58:48 - [MESSAGE][PASSED] - Object: 'Object Repository/Availment Route/Page_Fintrak  Core Banking/span_Routing' is clicked on

2021-11-23 15:58:48 - [TEST_STEP][PASSED] - click(findTestObject("Object Repository/Availment Route/Page_Fintrak  Core Banking/span_Availment Route")): Object: 'Object Repository/Availment Route/Page_Fintrak  Core Banking/span_Availment Route' is clicked on

2021-11-23 15:58:49 - [MESSAGE][PASSED] - Object: 'Object Repository/Availment Route/Page_Fintrak  Core Banking/span_Availment Route' is clicked on

2021-11-23 15:58:49 - [TEST_STEP][FAILED] - click(findTestObject("Object Repository/Availment Route/Page_Fintrak  Core Banking/div_Status_ui-radiobutton-box ui-widget ui-_5ff151")): Unable to click on object 'Object Repository/Availment Route/Page_Fintrak  Core Banking/div_Status_ui-radiobutton-box ui-widget ui-_5ff151' (Root cause: com.kms.katalon.core.exception.StepFailedException: Unable to click on object 'Object Repository/Availment Route/Page_Fintrak  Core Banking/div_Status_ui-radiobutton-box ui-widget ui-_5ff151'
	at com.kms.katalon.core.webui.keyword.internal.WebUIKeywordMain.stepFailed(WebUIKeywordMain.groovy:64)
	at com.kms.katalon.core.webui.keyword.internal.WebUIKeywordMain.runKeyword(WebUIKeywordMain.groovy:26)
	at com.kms.katalon.core.webui.keyword.builtin.ClickKeyword.click(ClickKeyword.groovy:75)
	at com.kms.katalon.core.webui.keyword.builtin.ClickKeyword.execute(ClickKeyword.groovy:42)
	at com.kms.katalon.core.keyword.internal.KeywordExecutor.executeKeywordForPlatform(KeywordExecutor.groovy:74)
	at com.kms.katalon.core.webui.keyword.WebUiBuiltInKeywords.click(WebUiBuiltInKeywords.groovy:620)
	at com.kms.katalon.core.webui.keyword.WebUiBuiltInKeywords$click$3.call(Unknown Source)
	at Availment Route.run(Availment Route:39)
	at com.kms.katalon.core.main.ScriptEngine.run(ScriptEngine.java:194)
	at com.kms.katalon.core.main.ScriptEngine.runScriptAsRawText(ScriptEngine.java:119)
	at com.kms.katalon.core.main.TestCaseExecutor.runScript(TestCaseExecutor.java:430)
	at com.kms.katalon.core.main.TestCaseExecutor.doExecute(TestCaseExecutor.java:421)
	at com.kms.katalon.core.main.TestCaseExecutor.processExecutionPhase(TestCaseExecutor.java:400)
	at com.kms.katalon.core.main.TestCaseExecutor.accessMainPhase(TestCaseExecutor.java:392)
	at com.kms.katalon.core.main.TestCaseExecutor.execute(TestCaseExecutor.java:273)
	at com.kms.katalon.core.main.TestCaseExecutor.execute(TestCaseExecutor.java:351)
	at com.kms.katalon.core.main.TestCaseExecutor.execute(TestCaseExecutor.java:351)
	at com.kms.katalon.core.main.TestCaseExecutor.execute(TestCaseExecutor.java:351)
	at com.kms.katalon.core.main.TestSuiteExecutor.accessTestCaseMainPhase(TestSuiteExecutor.java:202)
	at com.kms.katalon.core.main.TestSuiteExecutor.accessTestSuiteMainPhase(TestSuiteExecutor.java:164)
	at com.kms.katalon.core.main.TestSuiteExecutor.execute(TestSuiteExecutor.java:105)
	at com.kms.katalon.core.main.TestCaseMain.startTestSuite(TestCaseMain.java:185)
	at com.kms.katalon.core.main.TestCaseMain$startTestSuite$0.call(Unknown Source)
	at TempTestSuite1637676172355.run(TempTestSuite1637676172355.groovy:36)
Caused by: org.openqa.selenium.ElementClickInterceptedException: element click intercepted: Element <div class="panel-footer">...</div> is not clickable at point (643, 298). Other element would receive the click: <div id="page-preloader" style="display: block;">...</div>
  (Session info: chrome=95.0.4638.69)
Build info: version: '3.141.59', revision: 'e82be7d358', time: '2018-11-14T08:25:53'
System info: host: 'INAOBATAN', ip: '172.20.10.3', os.name: 'Windows 10', os.arch: 'amd64', os.version: '10.0', java.version: '1.8.0_282'
Driver info: com.kms.katalon.selenium.driver.CChromeDriver
Capabilities {acceptInsecureCerts: false, browserName: chrome, browserVersion: 95.0.4638.69, chrome: {chromedriverVersion: 95.0.4638.69 (6a1600ed572fe..., userDataDir: C:\Users\INAOBA~1.OLA\AppDa...}, goog:chromeOptions: {debuggerAddress: localhost:60592}, javascriptEnabled: true, networkConnectionEnabled: false, pageLoadStrategy: normal, platform: WINDOWS, platformName: WINDOWS, proxy: Proxy(), setWindowRect: true, strictFileInteractability: false, timeouts: {implicit: 0, pageLoad: 300000, script: 30000}, unhandledPromptBehavior: dismiss and notify, webauthn:extension:credBlob: true, webauthn:extension:largeBlob: true, webauthn:virtualAuthenticators: true}
Session ID: 60237b043cc3cdf559f10651075188b0
	at org.openqa.selenium.remote.http.W3CHttpResponseCodec.createException(W3CHttpResponseCodec.java:187)
	at org.openqa.selenium.remote.http.W3CHttpResponseCodec.decode(W3CHttpResponseCodec.java:122)
	at org.openqa.selenium.remote.http.W3CHttpResponseCodec.decode(W3CHttpResponseCodec.java:49)
	at org.openqa.selenium.remote.HttpCommandExecutor.execute(HttpCommandExecutor.java:158)
	at org.openqa.selenium.remote.service.DriverCommandExecutor.execute(DriverCommandExecutor.java:83)
	at org.openqa.selenium.remote.RemoteWebDriver.execute(RemoteWebDriver.java:552)
	at com.kms.katalon.selenium.driver.CChromeDriver.execute(CChromeDriver.java:19)
	at org.openqa.selenium.remote.RemoteWebElement.execute(RemoteWebElement.java:285)
	at org.openqa.selenium.remote.RemoteWebElement.click(RemoteWebElement.java:84)
	at org.openqa.selenium.support.events.EventFiringWebDriver$EventFiringWebElement.lambda$new$0(EventFiringWebDriver.java:404)
	at com.sun.proxy.$Proxy11.click(Unknown Source)
	at org.openqa.selenium.support.events.EventFiringWebDriver$EventFiringWebElement.click(EventFiringWebDriver.java:417)
	at com.kms.katalon.core.webui.keyword.builtin.ClickKeyword$_click_closure1.doCall(ClickKeyword.groovy:68)
	at com.kms.katalon.core.webui.keyword.builtin.ClickKeyword$_click_closure1.call(ClickKeyword.groovy)
	at com.kms.katalon.core.webui.keyword.internal.WebUIKeywordMain.runKeyword(WebUIKeywordMain.groovy:20)
	at com.kms.katalon.core.webui.keyword.builtin.ClickKeyword.click(ClickKeyword.groovy:75)
	at com.kms.katalon.core.webui.keyword.builtin.ClickKeyword.execute(ClickKeyword.groovy:42)
	at com.kms.katalon.core.keyword.internal.KeywordExecutor.executeKeywordForPlatform(KeywordExecutor.groovy:74)
	at com.kms.katalon.core.webui.keyword.WebUiBuiltInKeywords.click(WebUiBuiltInKeywords.groovy:620)
	at com.kms.katalon.core.webui.keyword.WebUiBuiltInKeywords$click$3.call(Unknown Source)
	at Script1637659447282.run(Script1637659447282.groovy:39)
	... 16 more
)

2021-11-23 15:58:56 - [MESSAGE][FAILED] - Unable to click on object 'Object Repository/Availment Route/Page_Fintrak  Core Banking/div_Status_ui-radiobutton-box ui-widget ui-_5ff151' (Root cause: com.kms.katalon.core.exception.StepFailedException: Unable to click on object 'Object Repository/Availment Route/Page_Fintrak  Core Banking/div_Status_ui-radiobutton-box ui-widget ui-_5ff151'
	at com.kms.katalon.core.webui.keyword.internal.WebUIKeywordMain.stepFailed(WebUIKeywordMain.groovy:64)
	at com.kms.katalon.core.webui.keyword.internal.WebUIKeywordMain.runKeyword(WebUIKeywordMain.groovy:26)
	at com.kms.katalon.core.webui.keyword.builtin.ClickKeyword.click(ClickKeyword.groovy:75)
	at com.kms.katalon.core.webui.keyword.builtin.ClickKeyword.execute(ClickKeyword.groovy:42)
	at com.kms.katalon.core.keyword.internal.KeywordExecutor.executeKeywordForPlatform(KeywordExecutor.groovy:74)
	at com.kms.katalon.core.webui.keyword.WebUiBuiltInKeywords.click(WebUiBuiltInKeywords.groovy:620)
	at com.kms.katalon.core.webui.keyword.WebUiBuiltInKeywords$click$3.call(Unknown Source)
	at Availment Route.run(Availment Route:39)
	at com.kms.katalon.core.main.ScriptEngine.run(ScriptEngine.java:194)
	at com.kms.katalon.core.main.ScriptEngine.runScriptAsRawText(ScriptEngine.java:119)
	at com.kms.katalon.core.main.TestCaseExecutor.runScript(TestCaseExecutor.java:430)
	at com.kms.katalon.core.main.TestCaseExecutor.doExecute(TestCaseExecutor.java:421)
	at com.kms.katalon.core.main.TestCaseExecutor.processExecutionPhase(TestCaseExecutor.java:400)
	at com.kms.katalon.core.main.TestCaseExecutor.accessMainPhase(TestCaseExecutor.java:392)
	at com.kms.katalon.core.main.TestCaseExecutor.execute(TestCaseExecutor.java:273)
	at com.kms.katalon.core.main.TestCaseExecutor.execute(TestCaseExecutor.java:351)
	at com.kms.katalon.core.main.TestCaseExecutor.execute(TestCaseExecutor.java:351)
	at com.kms.katalon.core.main.TestCaseExecutor.execute(TestCaseExecutor.java:351)
	at com.kms.katalon.core.main.TestSuiteExecutor.accessTestCaseMainPhase(TestSuiteExecutor.java:202)
	at com.kms.katalon.core.main.TestSuiteExecutor.accessTestSuiteMainPhase(TestSuiteExecutor.java:164)
	at com.kms.katalon.core.main.TestSuiteExecutor.execute(TestSuiteExecutor.java:105)
	at com.kms.katalon.core.main.TestCaseMain.startTestSuite(TestCaseMain.java:185)
	at com.kms.katalon.core.main.TestCaseMain$startTestSuite$0.call(Unknown Source)
	at TempTestSuite1637676172355.run(TempTestSuite1637676172355.groovy:36)
Caused by: org.openqa.selenium.ElementClickInterceptedException: element click intercepted: Element <div class="panel-footer">...</div> is not clickable at point (643, 298). Other element would receive the click: <div id="page-preloader" style="display: block;">...</div>
  (Session info: chrome=95.0.4638.69)
Build info: version: '3.141.59', revision: 'e82be7d358', time: '2018-11-14T08:25:53'
System info: host: 'INAOBATAN', ip: '172.20.10.3', os.name: 'Windows 10', os.arch: 'amd64', os.version: '10.0', java.version: '1.8.0_282'
Driver info: com.kms.katalon.selenium.driver.CChromeDriver
Capabilities {acceptInsecureCerts: false, browserName: chrome, browserVersion: 95.0.4638.69, chrome: {chromedriverVersion: 95.0.4638.69 (6a1600ed572fe..., userDataDir: C:\Users\INAOBA~1.OLA\AppDa...}, goog:chromeOptions: {debuggerAddress: localhost:60592}, javascriptEnabled: true, networkConnectionEnabled: false, pageLoadStrategy: normal, platform: WINDOWS, platformName: WINDOWS, proxy: Proxy(), setWindowRect: true, strictFileInteractability: false, timeouts: {implicit: 0, pageLoad: 300000, script: 30000}, unhandledPromptBehavior: dismiss and notify, webauthn:extension:credBlob: true, webauthn:extension:largeBlob: true, webauthn:virtualAuthenticators: true}
Session ID: 60237b043cc3cdf559f10651075188b0
	at org.openqa.selenium.remote.http.W3CHttpResponseCodec.createException(W3CHttpResponseCodec.java:187)
	at org.openqa.selenium.remote.http.W3CHttpResponseCodec.decode(W3CHttpResponseCodec.java:122)
	at org.openqa.selenium.remote.http.W3CHttpResponseCodec.decode(W3CHttpResponseCodec.java:49)
	at org.openqa.selenium.remote.HttpCommandExecutor.execute(HttpCommandExecutor.java:158)
	at org.openqa.selenium.remote.service.DriverCommandExecutor.execute(DriverCommandExecutor.java:83)
	at org.openqa.selenium.remote.RemoteWebDriver.execute(RemoteWebDriver.java:552)
	at com.kms.katalon.selenium.driver.CChromeDriver.execute(CChromeDriver.java:19)
	at org.openqa.selenium.remote.RemoteWebElement.execute(RemoteWebElement.java:285)
	at org.openqa.selenium.remote.RemoteWebElement.click(RemoteWebElement.java:84)
	at org.openqa.selenium.support.events.EventFiringWebDriver$EventFiringWebElement.lambda$new$0(EventFiringWebDriver.java:404)
	at com.sun.proxy.$Proxy11.click(Unknown Source)
	at org.openqa.selenium.support.events.EventFiringWebDriver$EventFiringWebElement.click(EventFiringWebDriver.java:417)
	at com.kms.katalon.core.webui.keyword.builtin.ClickKeyword$_click_closure1.doCall(ClickKeyword.groovy:68)
	at com.kms.katalon.core.webui.keyword.builtin.ClickKeyword$_click_closure1.call(ClickKeyword.groovy)
	at com.kms.katalon.core.webui.keyword.internal.WebUIKeywordMain.runKeyword(WebUIKeywordMain.groovy:20)
	at com.kms.katalon.core.webui.keyword.builtin.ClickKeyword.click(ClickKeyword.groovy:75)
	at com.kms.katalon.core.webui.keyword.builtin.ClickKeyword.execute(ClickKeyword.groovy:42)
	at com.kms.katalon.core.keyword.internal.KeywordExecutor.executeKeywordForPlatform(KeywordExecutor.groovy:74)
	at com.kms.katalon.core.webui.keyword.WebUiBuiltInKeywords.click(WebUiBuiltInKeywords.groovy:620)
	at com.kms.katalon.core.webui.keyword.WebUiBuiltInKeywords$click$3.call(Unknown Source)
	at Script1637659447282.run(Script1637659447282.groovy:39)
	... 16 more
)
[[ATTACHMENT|C:\\Users\\inaobatan.olawale\\Katalon Studio\\My First Web UI Project\\Reports\\20211123_150252\\FBN Credit360 LOS Operation\\LOS Operation\\20211123_150252\\1637679536510.png]]]]></system-out>
         <system-err><![CDATA[2021-11-23 15:58:28 - [TEST_CASE][FAILED] - Test Cases/FBN Credit360 LOS Opeartion/Availment Route: Test Cases/FBN Credit360 LOS Opeartion/Availment Route FAILED.
Reason:
com.kms.katalon.core.exception.StepFailedException: Unable to click on object 'Object Repository/Availment Route/Page_Fintrak  Core Banking/div_Status_ui-radiobutton-box ui-widget ui-_5ff151'
	at com.kms.katalon.core.webui.keyword.internal.WebUIKeywordMain.stepFailed(WebUIKeywordMain.groovy:64)
	at com.kms.katalon.core.webui.keyword.internal.WebUIKeywordMain.runKeyword(WebUIKeywordMain.groovy:26)
	at com.kms.katalon.core.webui.keyword.builtin.ClickKeyword.click(ClickKeyword.groovy:75)
	at com.kms.katalon.core.webui.keyword.builtin.ClickKeyword.execute(ClickKeyword.groovy:42)
	at com.kms.katalon.core.keyword.internal.KeywordExecutor.executeKeywordForPlatform(KeywordExecutor.groovy:74)
	at com.kms.katalon.core.webui.keyword.WebUiBuiltInKeywords.click(WebUiBuiltInKeywords.groovy:620)
	at com.kms.katalon.core.webui.keyword.WebUiBuiltInKeywords$click$3.call(Unknown Source)
	at Availment Route.run(Availment Route:39)
	at com.kms.katalon.core.main.ScriptEngine.run(ScriptEngine.java:194)
	at com.kms.katalon.core.main.ScriptEngine.runScriptAsRawText(ScriptEngine.java:119)
	at com.kms.katalon.core.main.TestCaseExecutor.runScript(TestCaseExecutor.java:430)
	at com.kms.katalon.core.main.TestCaseExecutor.doExecute(TestCaseExecutor.java:421)
	at com.kms.katalon.core.main.TestCaseExecutor.processExecutionPhase(TestCaseExecutor.java:400)
	at com.kms.katalon.core.main.TestCaseExecutor.accessMainPhase(TestCaseExecutor.java:392)
	at com.kms.katalon.core.main.TestCaseExecutor.execute(TestCaseExecutor.java:273)
	at com.kms.katalon.core.main.TestCaseExecutor.execute(TestCaseExecutor.java:351)
	at com.kms.katalon.core.main.TestCaseExecutor.execute(TestCaseExecutor.java:351)
	at com.kms.katalon.core.main.TestCaseExecutor.execute(TestCaseExecutor.java:351)
	at com.kms.katalon.core.main.TestSuiteExecutor.accessTestCaseMainPhase(TestSuiteExecutor.java:202)
	at com.kms.katalon.core.main.TestSuiteExecutor.accessTestSuiteMainPhase(TestSuiteExecutor.java:164)
	at com.kms.katalon.core.main.TestSuiteExecutor.execute(TestSuiteExecutor.java:105)
	at com.kms.katalon.core.main.TestCaseMain.startTestSuite(TestCaseMain.java:185)
	at com.kms.katalon.core.main.TestCaseMain$startTestSuite$0.call(Unknown Source)
	at TempTestSuite1637676172355.run(TempTestSuite1637676172355.groovy:36)
Caused by: org.openqa.selenium.ElementClickInterceptedException: element click intercepted: Element <div class="panel-footer">...</div> is not clickable at point (643, 298). Other element would receive the click: <div id="page-preloader" style="display: block;">...</div>
  (Session info: chrome=95.0.4638.69)
Build info: version: '3.141.59', revision: 'e82be7d358', time: '2018-11-14T08:25:53'
System info: host: 'INAOBATAN', ip: '172.20.10.3', os.name: 'Windows 10', os.arch: 'amd64', os.version: '10.0', java.version: '1.8.0_282'
Driver info: com.kms.katalon.selenium.driver.CChromeDriver
Capabilities {acceptInsecureCerts: false, browserName: chrome, browserVersion: 95.0.4638.69, chrome: {chromedriverVersion: 95.0.4638.69 (6a1600ed572fe..., userDataDir: C:\Users\INAOBA~1.OLA\AppDa...}, goog:chromeOptions: {debuggerAddress: localhost:60592}, javascriptEnabled: true, networkConnectionEnabled: false, pageLoadStrategy: normal, platform: WINDOWS, platformName: WINDOWS, proxy: Proxy(), setWindowRect: true, strictFileInteractability: false, timeouts: {implicit: 0, pageLoad: 300000, script: 30000}, unhandledPromptBehavior: dismiss and notify, webauthn:extension:credBlob: true, webauthn:extension:largeBlob: true, webauthn:virtualAuthenticators: true}
Session ID: 60237b043cc3cdf559f10651075188b0
	at org.openqa.selenium.remote.http.W3CHttpResponseCodec.createException(W3CHttpResponseCodec.java:187)
	at org.openqa.selenium.remote.http.W3CHttpResponseCodec.decode(W3CHttpResponseCodec.java:122)
	at org.openqa.selenium.remote.http.W3CHttpResponseCodec.decode(W3CHttpResponseCodec.java:49)
	at org.openqa.selenium.remote.HttpCommandExecutor.execute(HttpCommandExecutor.java:158)
	at org.openqa.selenium.remote.service.DriverCommandExecutor.execute(DriverCommandExecutor.java:83)
	at org.openqa.selenium.remote.RemoteWebDriver.execute(RemoteWebDriver.java:552)
	at com.kms.katalon.selenium.driver.CChromeDriver.execute(CChromeDriver.java:19)
	at org.openqa.selenium.remote.RemoteWebElement.execute(RemoteWebElement.java:285)
	at org.openqa.selenium.remote.RemoteWebElement.click(RemoteWebElement.java:84)
	at org.openqa.selenium.support.events.EventFiringWebDriver$EventFiringWebElement.lambda$new$0(EventFiringWebDriver.java:404)
	at com.sun.proxy.$Proxy11.click(Unknown Source)
	at org.openqa.selenium.support.events.EventFiringWebDriver$EventFiringWebElement.click(EventFiringWebDriver.java:417)
	at com.kms.katalon.core.webui.keyword.builtin.ClickKeyword$_click_closure1.doCall(ClickKeyword.groovy:68)
	at com.kms.katalon.core.webui.keyword.builtin.ClickKeyword$_click_closure1.call(ClickKeyword.groovy)
	at com.kms.katalon.core.webui.keyword.internal.WebUIKeywordMain.runKeyword(WebUIKeywordMain.groovy:20)
	... 22 more]]></system-err>
      </testcase>
      <testcase name="Test Cases/FBN Credit360 LOS Opeartion/Login As DASPAN" time="89.951" classname="Test Cases/FBN Credit360 LOS Opeartion/Login As DASPAN" status="FAILED">
         <failure type="FAILED" message="Test Cases/FBN Credit360 LOS Opeartion/Login As DASPAN FAILED.
Reason:
com.kms.katalon.core.exception.StepFailedException: Unable to select option by value '23017' of object 'Object Repository/Login As DASPAN/Page_Fintrak  Core Banking/select_-- Select Facility --1800000 - CASH _d74700'  using regular expression
	at com.kms.katalon.core.webui.keyword.internal.WebUIKeywordMain.stepFailed(WebUIKeywordMain.groovy:64)
	at com.kms.katalon.core.webui.keyword.internal.WebUIKeywordMain.runKeyword(WebUIKeywordMain.groovy:26)
	at com.kms.katalon.core.webui.keyword.builtin.SelectOptionByValueKeyword.selectOptionByValue(SelectOptionByValueKeyword.groovy:99)
	at com.kms.katalon.core.webui.keyword.builtin.SelectOptionByValueKeyword.execute(SelectOptionByValueKeyword.groovy:71)
	at com.kms.katalon.core.keyword.internal.KeywordExecutor.executeKeywordForPlatform(KeywordExecutor.groovy:74)
	at com.kms.katalon.core.webui.keyword.WebUiBuiltInKeywords.selectOptionByValue(WebUiBuiltInKeywords.groovy:1168)
	at com.kms.katalon.core.webui.keyword.WebUiBuiltInKeywords$selectOptionByValue$4.call(Unknown Source)
	at Login As DASPAN.run(Login As DASPAN:65)
	at com.kms.katalon.core.main.ScriptEngine.run(ScriptEngine.java:194)
	at com.kms.katalon.core.main.ScriptEngine.runScriptAsRawText(ScriptEngine.java:119)
	at com.kms.katalon.core.main.TestCaseExecutor.runScript(TestCaseExecutor.java:430)
	at com.kms.katalon.core.main.TestCaseExecutor.doExecute(TestCaseExecutor.java:421)
	at com.kms.katalon.core.main.TestCaseExecutor.processExecutionPhase(TestCaseExecutor.java:400)
	at com.kms.katalon.core.main.TestCaseExecutor.accessMainPhase(TestCaseExecutor.java:392)
	at com.kms.katalon.core.main.TestCaseExecutor.execute(TestCaseExecutor.java:273)
	at com.kms.katalon.core.main.TestCaseExecutor.execute(TestCaseExecutor.java:351)
	at com.kms.katalon.core.main.TestCaseExecutor.execute(TestCaseExecutor.java:351)
	at com.kms.katalon.core.main.TestCaseExecutor.execute(TestCaseExecutor.java:351)
	at com.kms.katalon.core.main.TestSuiteExecutor.accessTestCaseMainPhase(TestSuiteExecutor.java:202)
	at com.kms.katalon.core.main.TestSuiteExecutor.accessTestSuiteMainPhase(TestSuiteExecutor.java:164)
	at com.kms.katalon.core.main.TestSuiteExecutor.execute(TestSuiteExecutor.java:105)
	at com.kms.katalon.core.main.TestCaseMain.startTestSuite(TestCaseMain.java:185)
	at com.kms.katalon.core.main.TestCaseMain$startTestSuite$0.call(Unknown Source)
	at TempTestSuite1637676172355.run(TempTestSuite1637676172355.groovy:36)
Caused by: com.kms.katalon.core.exception.StepFailedException: No option matched.
	at com.kms.katalon.core.keyword.internal.KeywordMain.stepFailed(KeywordMain.groovy:50)
	at com.kms.katalon.core.keyword.internal.KeywordMain.stepFailed(KeywordMain.groovy)
	at com.kms.katalon.core.keyword.internal.KeywordMain.stepFailed(KeywordMain.groovy:23)
	at com.kms.katalon.core.webui.keyword.builtin.SelectOptionByValueKeyword$_selectOptionByValue_closure1.doCall(SelectOptionByValueKeyword.groovy:92)
	at com.kms.katalon.core.webui.keyword.builtin.SelectOptionByValueKeyword$_selectOptionByValue_closure1.call(SelectOptionByValueKeyword.groovy)
	at com.kms.katalon.core.webui.keyword.internal.WebUIKeywordMain.runKeyword(WebUIKeywordMain.groovy:20)
	... 22 more
"/>
         <system-out><![CDATA[2021-11-23 16:03:57 - [TEST_CASE][FAILED] - Test Cases/FBN Credit360 LOS Opeartion/Login As DASPAN: Test Cases/FBN Credit360 LOS Opeartion/Login As DASPAN FAILED.
Reason:
com.kms.katalon.core.exception.StepFailedException: Unable to select option by value '23017' of object 'Object Repository/Login As DASPAN/Page_Fintrak  Core Banking/select_-- Select Facility --1800000 - CASH _d74700'  using regular expression
	at com.kms.katalon.core.webui.keyword.internal.WebUIKeywordMain.stepFailed(WebUIKeywordMain.groovy:64)
	at com.kms.katalon.core.webui.keyword.internal.WebUIKeywordMain.runKeyword(WebUIKeywordMain.groovy:26)
	at com.kms.katalon.core.webui.keyword.builtin.SelectOptionByValueKeyword.selectOptionByValue(SelectOptionByValueKeyword.groovy:99)
	at com.kms.katalon.core.webui.keyword.builtin.SelectOptionByValueKeyword.execute(SelectOptionByValueKeyword.groovy:71)
	at com.kms.katalon.core.keyword.internal.KeywordExecutor.executeKeywordForPlatform(KeywordExecutor.groovy:74)
	at com.kms.katalon.core.webui.keyword.WebUiBuiltInKeywords.selectOptionByValue(WebUiBuiltInKeywords.groovy:1168)
	at com.kms.katalon.core.webui.keyword.WebUiBuiltInKeywords$selectOptionByValue$4.call(Unknown Source)
	at Login As DASPAN.run(Login As DASPAN:65)
	at com.kms.katalon.core.main.ScriptEngine.run(ScriptEngine.java:194)
	at com.kms.katalon.core.main.ScriptEngine.runScriptAsRawText(ScriptEngine.java:119)
	at com.kms.katalon.core.main.TestCaseExecutor.runScript(TestCaseExecutor.java:430)
	at com.kms.katalon.core.main.TestCaseExecutor.doExecute(TestCaseExecutor.java:421)
	at com.kms.katalon.core.main.TestCaseExecutor.processExecutionPhase(TestCaseExecutor.java:400)
	at com.kms.katalon.core.main.TestCaseExecutor.accessMainPhase(TestCaseExecutor.java:392)
	at com.kms.katalon.core.main.TestCaseExecutor.execute(TestCaseExecutor.java:273)
	at com.kms.katalon.core.main.TestCaseExecutor.execute(TestCaseExecutor.java:351)
	at com.kms.katalon.core.main.TestCaseExecutor.execute(TestCaseExecutor.java:351)
	at com.kms.katalon.core.main.TestCaseExecutor.execute(TestCaseExecutor.java:351)
	at com.kms.katalon.core.main.TestSuiteExecutor.accessTestCaseMainPhase(TestSuiteExecutor.java:202)
	at com.kms.katalon.core.main.TestSuiteExecutor.accessTestSuiteMainPhase(TestSuiteExecutor.java:164)
	at com.kms.katalon.core.main.TestSuiteExecutor.execute(TestSuiteExecutor.java:105)
	at com.kms.katalon.core.main.TestCaseMain.startTestSuite(TestCaseMain.java:185)
	at com.kms.katalon.core.main.TestCaseMain$startTestSuite$0.call(Unknown Source)
	at TempTestSuite1637676172355.run(TempTestSuite1637676172355.groovy:36)
Caused by: com.kms.katalon.core.exception.StepFailedException: No option matched.
	at com.kms.katalon.core.keyword.internal.KeywordMain.stepFailed(KeywordMain.groovy:50)
	at com.kms.katalon.core.keyword.internal.KeywordMain.stepFailed(KeywordMain.groovy)
	at com.kms.katalon.core.keyword.internal.KeywordMain.stepFailed(KeywordMain.groovy:23)
	at com.kms.katalon.core.webui.keyword.builtin.SelectOptionByValueKeyword$_selectOptionByValue_closure1.doCall(SelectOptionByValueKeyword.groovy:92)
	at com.kms.katalon.core.webui.keyword.builtin.SelectOptionByValueKeyword$_selectOptionByValue_closure1.call(SelectOptionByValueKeyword.groovy)
	at com.kms.katalon.core.webui.keyword.internal.WebUIKeywordMain.runKeyword(WebUIKeywordMain.groovy:20)
	... 22 more


2021-11-23 16:03:57 - [TEST_STEP][PASSED] - openBrowser(""): Browser is opened with url: ''

2021-11-23 16:03:57 - [MESSAGE][WARNING] - A browser is already opened. Closing browser and opening a new one

2021-11-23 16:03:57 - [MESSAGE][INFO] - Starting 'Chrome' driver

2021-11-23 16:03:57 - [MESSAGE][INFO] - Action delay is set to 0 milliseconds

2021-11-23 16:03:59 - [MESSAGE][PASSED] - Browser is opened with url: ''

2021-11-23 16:03:59 - [TEST_STEP][PASSED] - navigateToUrl("https://fintrakcredit360web-fb.azurewebsites.net/#/"): Navigate to 'https://fintrakcredit360web-fb.azurewebsites.net/#/' successfully

2021-11-23 16:04:05 - [MESSAGE][PASSED] - Navigate to 'https://fintrakcredit360web-fb.azurewebsites.net/#/' successfully

2021-11-23 16:04:05 - [TEST_STEP][PASSED] - setText(findTestObject("Object Repository/Login As DASPAN/Page_Fintrak  Core Banking/input_Log In_auth-name"), "SN023919"): Text 'SN023919' is set on object 'Object Repository/Login As DASPAN/Page_Fintrak  Core Banking/input_Log In_auth-name'

2021-11-23 16:04:06 - [MESSAGE][PASSED] - Text 'SN023919' is set on object 'Object Repository/Login As DASPAN/Page_Fintrak  Core Banking/input_Log In_auth-name'

2021-11-23 16:04:06 - [TEST_STEP][PASSED] - setEncryptedText(findTestObject("Object Repository/Login As DASPAN/Page_Fintrak  Core Banking/input_Log In_auth-password"), "JltEQgaE0YE="): Text ****** has been set on object 'Object Repository/Login As DASPAN/Page_Fintrak  Core Banking/input_Log In_auth-password'

2021-11-23 16:04:07 - [MESSAGE][PASSED] - Text ****** has been set on object 'Object Repository/Login As DASPAN/Page_Fintrak  Core Banking/input_Log In_auth-password'

2021-11-23 16:04:07 - [TEST_STEP][PASSED] - click(findTestObject("Object Repository/Login As DASPAN/Page_Fintrak  Core Banking/button_Log In")): Object: 'Object Repository/Login As DASPAN/Page_Fintrak  Core Banking/button_Log In' is clicked on

2021-11-23 16:04:07 - [MESSAGE][PASSED] - Object: 'Object Repository/Login As DASPAN/Page_Fintrak  Core Banking/button_Log In' is clicked on

2021-11-23 16:04:07 - [TEST_STEP][PASSED] - click(findTestObject("Object Repository/Login As DASPAN/Page_Fintrak  Core Banking/span_Credit")): Object: 'Object Repository/Login As DASPAN/Page_Fintrak  Core Banking/span_Credit' is clicked on

2021-11-23 16:04:11 - [MESSAGE][PASSED] - Object: 'Object Repository/Login As DASPAN/Page_Fintrak  Core Banking/span_Credit' is clicked on

2021-11-23 16:04:11 - [TEST_STEP][PASSED] - click(findTestObject("Object Repository/Login As DASPAN/Page_Fintrak  Core Banking/span_Credit Origination")): Object: 'Object Repository/Login As DASPAN/Page_Fintrak  Core Banking/span_Credit Origination' is clicked on

2021-11-23 16:04:12 - [MESSAGE][PASSED] - Object: 'Object Repository/Login As DASPAN/Page_Fintrak  Core Banking/span_Credit Origination' is clicked on

2021-11-23 16:04:12 - [TEST_STEP][PASSED] - click(findTestObject("Object Repository/Login As DASPAN/Page_Fintrak  Core Banking/span_Availment")): Object: 'Object Repository/Login As DASPAN/Page_Fintrak  Core Banking/span_Availment' is clicked on

2021-11-23 16:04:12 - [MESSAGE][PASSED] - Object: 'Object Repository/Login As DASPAN/Page_Fintrak  Core Banking/span_Availment' is clicked on

2021-11-23 16:04:12 - [TEST_STEP][PASSED] - click(findTestObject("Object Repository/Login As DASPAN/Page_Fintrak  Core Banking/a_View Details")): Object: 'Object Repository/Login As DASPAN/Page_Fintrak  Core Banking/a_View Details' is clicked on

2021-11-23 16:04:21 - [MESSAGE][PASSED] - Object: 'Object Repository/Login As DASPAN/Page_Fintrak  Core Banking/a_View Details' is clicked on

2021-11-23 16:04:21 - [TEST_STEP][PASSED] - click(findTestObject("Object Repository/Login As DASPAN/Page_Fintrak  Core Banking/span_Checklists  Collateral")): Object: 'Object Repository/Login As DASPAN/Page_Fintrak  Core Banking/span_Checklists  Collateral' is clicked on

2021-11-23 16:04:32 - [MESSAGE][PASSED] - Object: 'Object Repository/Login As DASPAN/Page_Fintrak  Core Banking/span_Checklists  Collateral' is clicked on

2021-11-23 16:04:32 - [TEST_STEP][PASSED] - click(findTestObject("Object Repository/Login As DASPAN/Page_Fintrak  Core Banking/a_Use")): Object: 'Object Repository/Login As DASPAN/Page_Fintrak  Core Banking/a_Use' is clicked on

2021-11-23 16:05:03 - [MESSAGE][INFO] - Unable to find the element located by 'By.xpath: //a[contains(text(),'Use')]'. Please recheck the objects properties to make sure the desired element is located. 

2021-11-23 16:05:03 - [MESSAGE][WARNING] - [SELF-HEALING] Failed to find element with id 'Object Repository/Login As DASPAN/Page_Fintrak  Core Banking/a_Use'. Try using Self-healing.

2021-11-23 16:05:04 - [MESSAGE][WARNING] - [SELF-HEALING] The current locator of test object 'Object Repository/Login As DASPAN/Page_Fintrak  Core Banking/a_Use' was broken. Propose an alternative one: '(.//*[normalize-space(text()) and normalize-space(.)='Available Security'])[2]/following::a[1]'.

2021-11-23 16:05:04 - [MESSAGE][PASSED] - Object: 'Object Repository/Login As DASPAN/Page_Fintrak  Core Banking/a_Use' is clicked on

2021-11-23 16:05:04 - [TEST_STEP][PASSED] - click(findTestObject("Object Repository/Login As DASPAN/Page_Fintrak  Core Banking/button_Checklist")): Object: 'Object Repository/Login As DASPAN/Page_Fintrak  Core Banking/button_Checklist' is clicked on

2021-11-23 16:05:04 - [MESSAGE][PASSED] - Object: 'Object Repository/Login As DASPAN/Page_Fintrak  Core Banking/button_Checklist' is clicked on

2021-11-23 16:05:04 - [TEST_STEP][PASSED] - click(findTestObject("Object Repository/Login As DASPAN/Page_Fintrak  Core Banking/a_Regulatory Checklist")): Object: 'Object Repository/Login As DASPAN/Page_Fintrak  Core Banking/a_Regulatory Checklist' is clicked on

2021-11-23 16:05:05 - [MESSAGE][PASSED] - Object: 'Object Repository/Login As DASPAN/Page_Fintrak  Core Banking/a_Regulatory Checklist' is clicked on

2021-11-23 16:05:05 - [TEST_STEP][PASSED] - click(findTestObject("Object Repository/Login As DASPAN/Page_Fintrak  Core Banking/input_Yes_0")): Object: 'Object Repository/Login As DASPAN/Page_Fintrak  Core Banking/input_Yes_0' is clicked on

2021-11-23 16:05:07 - [MESSAGE][PASSED] - Object: 'Object Repository/Login As DASPAN/Page_Fintrak  Core Banking/input_Yes_0' is clicked on

2021-11-23 16:05:07 - [TEST_STEP][PASSED] - click(findTestObject("Object Repository/Login As DASPAN/Page_Fintrak  Core Banking/input_Yes_1")): Object: 'Object Repository/Login As DASPAN/Page_Fintrak  Core Banking/input_Yes_1' is clicked on

2021-11-23 16:05:07 - [MESSAGE][PASSED] - Object: 'Object Repository/Login As DASPAN/Page_Fintrak  Core Banking/input_Yes_1' is clicked on

2021-11-23 16:05:07 - [TEST_STEP][PASSED] - click(findTestObject("Object Repository/Login As DASPAN/Page_Fintrak  Core Banking/input_Yes_2")): Object: 'Object Repository/Login As DASPAN/Page_Fintrak  Core Banking/input_Yes_2' is clicked on

2021-11-23 16:05:08 - [MESSAGE][PASSED] - Object: 'Object Repository/Login As DASPAN/Page_Fintrak  Core Banking/input_Yes_2' is clicked on

2021-11-23 16:05:08 - [TEST_STEP][PASSED] - click(findTestObject("Object Repository/Login As DASPAN/Page_Fintrak  Core Banking/button_Save")): Object: 'Object Repository/Login As DASPAN/Page_Fintrak  Core Banking/button_Save' is clicked on

2021-11-23 16:05:08 - [MESSAGE][PASSED] - Object: 'Object Repository/Login As DASPAN/Page_Fintrak  Core Banking/button_Save' is clicked on

2021-11-23 16:05:08 - [TEST_STEP][PASSED] - click(findTestObject("Object Repository/Login As DASPAN/Page_Fintrak  Core Banking/button_Checklist")): Object: 'Object Repository/Login As DASPAN/Page_Fintrak  Core Banking/button_Checklist' is clicked on

2021-11-23 16:05:10 - [MESSAGE][PASSED] - Object: 'Object Repository/Login As DASPAN/Page_Fintrak  Core Banking/button_Checklist' is clicked on

2021-11-23 16:05:10 - [TEST_STEP][PASSED] - click(findTestObject("Object Repository/Login As DASPAN/Page_Fintrak  Core Banking/a_Pre-lending call grid")): Object: 'Object Repository/Login As DASPAN/Page_Fintrak  Core Banking/a_Pre-lending call grid' is clicked on

2021-11-23 16:05:10 - [MESSAGE][PASSED] - Object: 'Object Repository/Login As DASPAN/Page_Fintrak  Core Banking/a_Pre-lending call grid' is clicked on

2021-11-23 16:05:10 - [TEST_STEP][PASSED] - click(findTestObject("Object Repository/Login As DASPAN/Page_Fintrak  Core Banking/button_Done")): Object: 'Object Repository/Login As DASPAN/Page_Fintrak  Core Banking/button_Done' is clicked on

2021-11-23 16:05:13 - [MESSAGE][PASSED] - Object: 'Object Repository/Login As DASPAN/Page_Fintrak  Core Banking/button_Done' is clicked on

2021-11-23 16:05:13 - [TEST_STEP][PASSED] - click(findTestObject("Object Repository/Login As DASPAN/Page_Fintrak  Core Banking/button_Checklist")): Object: 'Object Repository/Login As DASPAN/Page_Fintrak  Core Banking/button_Checklist' is clicked on

2021-11-23 16:05:14 - [MESSAGE][PASSED] - Object: 'Object Repository/Login As DASPAN/Page_Fintrak  Core Banking/button_Checklist' is clicked on

2021-11-23 16:05:14 - [TEST_STEP][PASSED] - click(findTestObject("Object Repository/Login As DASPAN/Page_Fintrak  Core Banking/a_Loan Eligibility Checklist")): Object: 'Object Repository/Login As DASPAN/Page_Fintrak  Core Banking/a_Loan Eligibility Checklist' is clicked on

2021-11-23 16:05:14 - [MESSAGE][PASSED] - Object: 'Object Repository/Login As DASPAN/Page_Fintrak  Core Banking/a_Loan Eligibility Checklist' is clicked on

2021-11-23 16:05:14 - [TEST_STEP][FAILED] - selectOptionByValue(findTestObject("Object Repository/Login As DASPAN/Page_Fintrak  Core Banking/select_-- Select Facility --1800000 - CASH _d74700"), "23017", true): Unable to select option by value '23017' of object 'Object Repository/Login As DASPAN/Page_Fintrak  Core Banking/select_-- Select Facility --1800000 - CASH _d74700'  using regular expression (Root cause: com.kms.katalon.core.exception.StepFailedException: Unable to select option by value '23017' of object 'Object Repository/Login As DASPAN/Page_Fintrak  Core Banking/select_-- Select Facility --1800000 - CASH _d74700'  using regular expression
	at com.kms.katalon.core.webui.keyword.internal.WebUIKeywordMain.stepFailed(WebUIKeywordMain.groovy:64)
	at com.kms.katalon.core.webui.keyword.internal.WebUIKeywordMain.runKeyword(WebUIKeywordMain.groovy:26)
	at com.kms.katalon.core.webui.keyword.builtin.SelectOptionByValueKeyword.selectOptionByValue(SelectOptionByValueKeyword.groovy:99)
	at com.kms.katalon.core.webui.keyword.builtin.SelectOptionByValueKeyword.execute(SelectOptionByValueKeyword.groovy:71)
	at com.kms.katalon.core.keyword.internal.KeywordExecutor.executeKeywordForPlatform(KeywordExecutor.groovy:74)
	at com.kms.katalon.core.webui.keyword.WebUiBuiltInKeywords.selectOptionByValue(WebUiBuiltInKeywords.groovy:1168)
	at com.kms.katalon.core.webui.keyword.WebUiBuiltInKeywords$selectOptionByValue$4.call(Unknown Source)
	at Login As DASPAN.run(Login As DASPAN:65)
	at com.kms.katalon.core.main.ScriptEngine.run(ScriptEngine.java:194)
	at com.kms.katalon.core.main.ScriptEngine.runScriptAsRawText(ScriptEngine.java:119)
	at com.kms.katalon.core.main.TestCaseExecutor.runScript(TestCaseExecutor.java:430)
	at com.kms.katalon.core.main.TestCaseExecutor.doExecute(TestCaseExecutor.java:421)
	at com.kms.katalon.core.main.TestCaseExecutor.processExecutionPhase(TestCaseExecutor.java:400)
	at com.kms.katalon.core.main.TestCaseExecutor.accessMainPhase(TestCaseExecutor.java:392)
	at com.kms.katalon.core.main.TestCaseExecutor.execute(TestCaseExecutor.java:273)
	at com.kms.katalon.core.main.TestCaseExecutor.execute(TestCaseExecutor.java:351)
	at com.kms.katalon.core.main.TestCaseExecutor.execute(TestCaseExecutor.java:351)
	at com.kms.katalon.core.main.TestCaseExecutor.execute(TestCaseExecutor.java:351)
	at com.kms.katalon.core.main.TestSuiteExecutor.accessTestCaseMainPhase(TestSuiteExecutor.java:202)
	at com.kms.katalon.core.main.TestSuiteExecutor.accessTestSuiteMainPhase(TestSuiteExecutor.java:164)
	at com.kms.katalon.core.main.TestSuiteExecutor.execute(TestSuiteExecutor.java:105)
	at com.kms.katalon.core.main.TestCaseMain.startTestSuite(TestCaseMain.java:185)
	at com.kms.katalon.core.main.TestCaseMain$startTestSuite$0.call(Unknown Source)
	at TempTestSuite1637676172355.run(TempTestSuite1637676172355.groovy:36)
Caused by: com.kms.katalon.core.exception.StepFailedException: No option matched.
	at com.kms.katalon.core.keyword.internal.KeywordMain.stepFailed(KeywordMain.groovy:50)
	at com.kms.katalon.core.keyword.internal.KeywordMain.stepFailed(KeywordMain.groovy)
	at com.kms.katalon.core.keyword.internal.KeywordMain.stepFailed(KeywordMain.groovy:23)
	at com.kms.katalon.core.webui.keyword.builtin.SelectOptionByValueKeyword$_selectOptionByValue_closure1.doCall(SelectOptionByValueKeyword.groovy:92)
	at com.kms.katalon.core.webui.keyword.builtin.SelectOptionByValueKeyword$_selectOptionByValue_closure1.call(SelectOptionByValueKeyword.groovy)
	at com.kms.katalon.core.webui.keyword.internal.WebUIKeywordMain.runKeyword(WebUIKeywordMain.groovy:20)
	at com.kms.katalon.core.webui.keyword.builtin.SelectOptionByValueKeyword.selectOptionByValue(SelectOptionByValueKeyword.groovy:99)
	at com.kms.katalon.core.webui.keyword.builtin.SelectOptionByValueKeyword.execute(SelectOptionByValueKeyword.groovy:71)
	at com.kms.katalon.core.keyword.internal.KeywordExecutor.executeKeywordForPlatform(KeywordExecutor.groovy:74)
	at com.kms.katalon.core.webui.keyword.WebUiBuiltInKeywords.selectOptionByValue(WebUiBuiltInKeywords.groovy:1168)
	at com.kms.katalon.core.webui.keyword.WebUiBuiltInKeywords$selectOptionByValue$4.call(Unknown Source)
	at Script1637659447358.run(Script1637659447358.groovy:65)
	... 16 more
)

2021-11-23 16:05:27 - [MESSAGE][FAILED] - No option matched.

2021-11-23 16:05:27 - [MESSAGE][FAILED] - Unable to select option by value '23017' of object 'Object Repository/Login As DASPAN/Page_Fintrak  Core Banking/select_-- Select Facility --1800000 - CASH _d74700'  using regular expression (Root cause: com.kms.katalon.core.exception.StepFailedException: Unable to select option by value '23017' of object 'Object Repository/Login As DASPAN/Page_Fintrak  Core Banking/select_-- Select Facility --1800000 - CASH _d74700'  using regular expression
	at com.kms.katalon.core.webui.keyword.internal.WebUIKeywordMain.stepFailed(WebUIKeywordMain.groovy:64)
	at com.kms.katalon.core.webui.keyword.internal.WebUIKeywordMain.runKeyword(WebUIKeywordMain.groovy:26)
	at com.kms.katalon.core.webui.keyword.builtin.SelectOptionByValueKeyword.selectOptionByValue(SelectOptionByValueKeyword.groovy:99)
	at com.kms.katalon.core.webui.keyword.builtin.SelectOptionByValueKeyword.execute(SelectOptionByValueKeyword.groovy:71)
	at com.kms.katalon.core.keyword.internal.KeywordExecutor.executeKeywordForPlatform(KeywordExecutor.groovy:74)
	at com.kms.katalon.core.webui.keyword.WebUiBuiltInKeywords.selectOptionByValue(WebUiBuiltInKeywords.groovy:1168)
	at com.kms.katalon.core.webui.keyword.WebUiBuiltInKeywords$selectOptionByValue$4.call(Unknown Source)
	at Login As DASPAN.run(Login As DASPAN:65)
	at com.kms.katalon.core.main.ScriptEngine.run(ScriptEngine.java:194)
	at com.kms.katalon.core.main.ScriptEngine.runScriptAsRawText(ScriptEngine.java:119)
	at com.kms.katalon.core.main.TestCaseExecutor.runScript(TestCaseExecutor.java:430)
	at com.kms.katalon.core.main.TestCaseExecutor.doExecute(TestCaseExecutor.java:421)
	at com.kms.katalon.core.main.TestCaseExecutor.processExecutionPhase(TestCaseExecutor.java:400)
	at com.kms.katalon.core.main.TestCaseExecutor.accessMainPhase(TestCaseExecutor.java:392)
	at com.kms.katalon.core.main.TestCaseExecutor.execute(TestCaseExecutor.java:273)
	at com.kms.katalon.core.main.TestCaseExecutor.execute(TestCaseExecutor.java:351)
	at com.kms.katalon.core.main.TestCaseExecutor.execute(TestCaseExecutor.java:351)
	at com.kms.katalon.core.main.TestCaseExecutor.execute(TestCaseExecutor.java:351)
	at com.kms.katalon.core.main.TestSuiteExecutor.accessTestCaseMainPhase(TestSuiteExecutor.java:202)
	at com.kms.katalon.core.main.TestSuiteExecutor.accessTestSuiteMainPhase(TestSuiteExecutor.java:164)
	at com.kms.katalon.core.main.TestSuiteExecutor.execute(TestSuiteExecutor.java:105)
	at com.kms.katalon.core.main.TestCaseMain.startTestSuite(TestCaseMain.java:185)
	at com.kms.katalon.core.main.TestCaseMain$startTestSuite$0.call(Unknown Source)
	at TempTestSuite1637676172355.run(TempTestSuite1637676172355.groovy:36)
Caused by: com.kms.katalon.core.exception.StepFailedException: No option matched.
	at com.kms.katalon.core.keyword.internal.KeywordMain.stepFailed(KeywordMain.groovy:50)
	at com.kms.katalon.core.keyword.internal.KeywordMain.stepFailed(KeywordMain.groovy)
	at com.kms.katalon.core.keyword.internal.KeywordMain.stepFailed(KeywordMain.groovy:23)
	at com.kms.katalon.core.webui.keyword.builtin.SelectOptionByValueKeyword$_selectOptionByValue_closure1.doCall(SelectOptionByValueKeyword.groovy:92)
	at com.kms.katalon.core.webui.keyword.builtin.SelectOptionByValueKeyword$_selectOptionByValue_closure1.call(SelectOptionByValueKeyword.groovy)
	at com.kms.katalon.core.webui.keyword.internal.WebUIKeywordMain.runKeyword(WebUIKeywordMain.groovy:20)
	at com.kms.katalon.core.webui.keyword.builtin.SelectOptionByValueKeyword.selectOptionByValue(SelectOptionByValueKeyword.groovy:99)
	at com.kms.katalon.core.webui.keyword.builtin.SelectOptionByValueKeyword.execute(SelectOptionByValueKeyword.groovy:71)
	at com.kms.katalon.core.keyword.internal.KeywordExecutor.executeKeywordForPlatform(KeywordExecutor.groovy:74)
	at com.kms.katalon.core.webui.keyword.WebUiBuiltInKeywords.selectOptionByValue(WebUiBuiltInKeywords.groovy:1168)
	at com.kms.katalon.core.webui.keyword.WebUiBuiltInKeywords$selectOptionByValue$4.call(Unknown Source)
	at Script1637659447358.run(Script1637659447358.groovy:65)
	... 16 more
)
[[ATTACHMENT|C:\\Users\\inaobatan.olawale\\Katalon Studio\\My First Web UI Project\\Reports\\20211123_150252\\FBN Credit360 LOS Operation\\LOS Operation\\20211123_150252\\1637679927011.png]]]]></system-out>
         <system-err><![CDATA[2021-11-23 16:03:57 - [TEST_CASE][FAILED] - Test Cases/FBN Credit360 LOS Opeartion/Login As DASPAN: Test Cases/FBN Credit360 LOS Opeartion/Login As DASPAN FAILED.
Reason:
com.kms.katalon.core.exception.StepFailedException: Unable to select option by value '23017' of object 'Object Repository/Login As DASPAN/Page_Fintrak  Core Banking/select_-- Select Facility --1800000 - CASH _d74700'  using regular expression
	at com.kms.katalon.core.webui.keyword.internal.WebUIKeywordMain.stepFailed(WebUIKeywordMain.groovy:64)
	at com.kms.katalon.core.webui.keyword.internal.WebUIKeywordMain.runKeyword(WebUIKeywordMain.groovy:26)
	at com.kms.katalon.core.webui.keyword.builtin.SelectOptionByValueKeyword.selectOptionByValue(SelectOptionByValueKeyword.groovy:99)
	at com.kms.katalon.core.webui.keyword.builtin.SelectOptionByValueKeyword.execute(SelectOptionByValueKeyword.groovy:71)
	at com.kms.katalon.core.keyword.internal.KeywordExecutor.executeKeywordForPlatform(KeywordExecutor.groovy:74)
	at com.kms.katalon.core.webui.keyword.WebUiBuiltInKeywords.selectOptionByValue(WebUiBuiltInKeywords.groovy:1168)
	at com.kms.katalon.core.webui.keyword.WebUiBuiltInKeywords$selectOptionByValue$4.call(Unknown Source)
	at Login As DASPAN.run(Login As DASPAN:65)
	at com.kms.katalon.core.main.ScriptEngine.run(ScriptEngine.java:194)
	at com.kms.katalon.core.main.ScriptEngine.runScriptAsRawText(ScriptEngine.java:119)
	at com.kms.katalon.core.main.TestCaseExecutor.runScript(TestCaseExecutor.java:430)
	at com.kms.katalon.core.main.TestCaseExecutor.doExecute(TestCaseExecutor.java:421)
	at com.kms.katalon.core.main.TestCaseExecutor.processExecutionPhase(TestCaseExecutor.java:400)
	at com.kms.katalon.core.main.TestCaseExecutor.accessMainPhase(TestCaseExecutor.java:392)
	at com.kms.katalon.core.main.TestCaseExecutor.execute(TestCaseExecutor.java:273)
	at com.kms.katalon.core.main.TestCaseExecutor.execute(TestCaseExecutor.java:351)
	at com.kms.katalon.core.main.TestCaseExecutor.execute(TestCaseExecutor.java:351)
	at com.kms.katalon.core.main.TestCaseExecutor.execute(TestCaseExecutor.java:351)
	at com.kms.katalon.core.main.TestSuiteExecutor.accessTestCaseMainPhase(TestSuiteExecutor.java:202)
	at com.kms.katalon.core.main.TestSuiteExecutor.accessTestSuiteMainPhase(TestSuiteExecutor.java:164)
	at com.kms.katalon.core.main.TestSuiteExecutor.execute(TestSuiteExecutor.java:105)
	at com.kms.katalon.core.main.TestCaseMain.startTestSuite(TestCaseMain.java:185)
	at com.kms.katalon.core.main.TestCaseMain$startTestSuite$0.call(Unknown Source)
	at TempTestSuite1637676172355.run(TempTestSuite1637676172355.groovy:36)
Caused by: com.kms.katalon.core.exception.StepFailedException: No option matched.
	at com.kms.katalon.core.keyword.internal.KeywordMain.stepFailed(KeywordMain.groovy:50)
	at com.kms.katalon.core.keyword.internal.KeywordMain.stepFailed(KeywordMain.groovy)
	at com.kms.katalon.core.keyword.internal.KeywordMain.stepFailed(KeywordMain.groovy:23)
	at com.kms.katalon.core.webui.keyword.builtin.SelectOptionByValueKeyword$_selectOptionByValue_closure1.doCall(SelectOptionByValueKeyword.groovy:92)
	at com.kms.katalon.core.webui.keyword.builtin.SelectOptionByValueKeyword$_selectOptionByValue_closure1.call(SelectOptionByValueKeyword.groovy)
	at com.kms.katalon.core.webui.keyword.internal.WebUIKeywordMain.runKeyword(WebUIKeywordMain.groovy:20)
	... 22 more]]></system-err>
      </testcase>
      <testcase name="Test Cases/FBN Credit360 LOS Opeartion/Booking" time="19.572" classname="Test Cases/FBN Credit360 LOS Opeartion/Booking" status="FAILED">
         <failure type="FAILED" message="Test Cases/FBN Credit360 LOS Opeartion/Booking FAILED.
Reason:
com.kms.katalon.core.exception.StepFailedException: Unable to click on object 'Object Repository/Booking/Page_Fintrak  Core Banking/div_Job request Report_nano-slider'
	at com.kms.katalon.core.webui.keyword.internal.WebUIKeywordMain.stepFailed(WebUIKeywordMain.groovy:64)
	at com.kms.katalon.core.webui.keyword.internal.WebUIKeywordMain.runKeyword(WebUIKeywordMain.groovy:26)
	at com.kms.katalon.core.webui.keyword.builtin.ClickKeyword.click(ClickKeyword.groovy:75)
	at com.kms.katalon.core.webui.keyword.builtin.ClickKeyword.execute(ClickKeyword.groovy:42)
	at com.kms.katalon.core.keyword.internal.KeywordExecutor.executeKeywordForPlatform(KeywordExecutor.groovy:74)
	at com.kms.katalon.core.webui.keyword.WebUiBuiltInKeywords.click(WebUiBuiltInKeywords.groovy:620)
	at com.kms.katalon.core.webui.keyword.WebUiBuiltInKeywords$click$3.call(Unknown Source)
	at Booking.run(Booking:35)
	at com.kms.katalon.core.main.ScriptEngine.run(ScriptEngine.java:194)
	at com.kms.katalon.core.main.ScriptEngine.runScriptAsRawText(ScriptEngine.java:119)
	at com.kms.katalon.core.main.TestCaseExecutor.runScript(TestCaseExecutor.java:430)
	at com.kms.katalon.core.main.TestCaseExecutor.doExecute(TestCaseExecutor.java:421)
	at com.kms.katalon.core.main.TestCaseExecutor.processExecutionPhase(TestCaseExecutor.java:400)
	at com.kms.katalon.core.main.TestCaseExecutor.accessMainPhase(TestCaseExecutor.java:392)
	at com.kms.katalon.core.main.TestCaseExecutor.execute(TestCaseExecutor.java:273)
	at com.kms.katalon.core.main.TestCaseExecutor.execute(TestCaseExecutor.java:351)
	at com.kms.katalon.core.main.TestCaseExecutor.execute(TestCaseExecutor.java:351)
	at com.kms.katalon.core.main.TestCaseExecutor.execute(TestCaseExecutor.java:351)
	at com.kms.katalon.core.main.TestSuiteExecutor.accessTestCaseMainPhase(TestSuiteExecutor.java:202)
	at com.kms.katalon.core.main.TestSuiteExecutor.accessTestSuiteMainPhase(TestSuiteExecutor.java:164)
	at com.kms.katalon.core.main.TestSuiteExecutor.execute(TestSuiteExecutor.java:105)
	at com.kms.katalon.core.main.TestCaseMain.startTestSuite(TestCaseMain.java:185)
	at com.kms.katalon.core.main.TestCaseMain$startTestSuite$0.call(Unknown Source)
	at TempTestSuite1637676172355.run(TempTestSuite1637676172355.groovy:36)
Caused by: org.openqa.selenium.ElementNotInteractableException: element not interactable
  (Session info: chrome=95.0.4638.69)
Build info: version: '3.141.59', revision: 'e82be7d358', time: '2018-11-14T08:25:53'
System info: host: 'INAOBATAN', ip: '172.20.10.3', os.name: 'Windows 10', os.arch: 'amd64', os.version: '10.0', java.version: '1.8.0_282'
Driver info: com.kms.katalon.selenium.driver.CChromeDriver
Capabilities {acceptInsecureCerts: false, browserName: chrome, browserVersion: 95.0.4638.69, chrome: {chromedriverVersion: 95.0.4638.69 (6a1600ed572fe..., userDataDir: C:\Users\INAOBA~1.OLA\AppDa...}, goog:chromeOptions: {debuggerAddress: localhost:60876}, javascriptEnabled: true, networkConnectionEnabled: false, pageLoadStrategy: normal, platform: WINDOWS, platformName: WINDOWS, proxy: Proxy(), setWindowRect: true, strictFileInteractability: false, timeouts: {implicit: 0, pageLoad: 300000, script: 30000}, unhandledPromptBehavior: dismiss and notify, webauthn:extension:credBlob: true, webauthn:extension:largeBlob: true, webauthn:virtualAuthenticators: true}
Session ID: d36791bea1c104695adb66411254774a
	at org.openqa.selenium.remote.http.W3CHttpResponseCodec.createException(W3CHttpResponseCodec.java:187)
	at org.openqa.selenium.remote.http.W3CHttpResponseCodec.decode(W3CHttpResponseCodec.java:122)
	at org.openqa.selenium.remote.http.W3CHttpResponseCodec.decode(W3CHttpResponseCodec.java:49)
	at org.openqa.selenium.remote.HttpCommandExecutor.execute(HttpCommandExecutor.java:158)
	at org.openqa.selenium.remote.service.DriverCommandExecutor.execute(DriverCommandExecutor.java:83)
	at org.openqa.selenium.remote.RemoteWebDriver.execute(RemoteWebDriver.java:552)
	at com.kms.katalon.selenium.driver.CChromeDriver.execute(CChromeDriver.java:19)
	at org.openqa.selenium.remote.RemoteWebElement.execute(RemoteWebElement.java:285)
	at org.openqa.selenium.remote.RemoteWebElement.click(RemoteWebElement.java:84)
	at org.openqa.selenium.support.events.EventFiringWebDriver$EventFiringWebElement.lambda$new$0(EventFiringWebDriver.java:404)
	at com.sun.proxy.$Proxy11.click(Unknown Source)
	at org.openqa.selenium.support.events.EventFiringWebDriver$EventFiringWebElement.click(EventFiringWebDriver.java:417)
	at com.kms.katalon.core.webui.keyword.builtin.ClickKeyword$_click_closure1.doCall(ClickKeyword.groovy:68)
	at com.kms.katalon.core.webui.keyword.builtin.ClickKeyword$_click_closure1.call(ClickKeyword.groovy)
	at com.kms.katalon.core.webui.keyword.internal.WebUIKeywordMain.runKeyword(WebUIKeywordMain.groovy:20)
	... 22 more
"/>
         <system-out><![CDATA[2021-11-23 16:06:18 - [TEST_CASE][FAILED] - Test Cases/FBN Credit360 LOS Opeartion/Booking: Test Cases/FBN Credit360 LOS Opeartion/Booking FAILED.
Reason:
com.kms.katalon.core.exception.StepFailedException: Unable to click on object 'Object Repository/Booking/Page_Fintrak  Core Banking/div_Job request Report_nano-slider'
	at com.kms.katalon.core.webui.keyword.internal.WebUIKeywordMain.stepFailed(WebUIKeywordMain.groovy:64)
	at com.kms.katalon.core.webui.keyword.internal.WebUIKeywordMain.runKeyword(WebUIKeywordMain.groovy:26)
	at com.kms.katalon.core.webui.keyword.builtin.ClickKeyword.click(ClickKeyword.groovy:75)
	at com.kms.katalon.core.webui.keyword.builtin.ClickKeyword.execute(ClickKeyword.groovy:42)
	at com.kms.katalon.core.keyword.internal.KeywordExecutor.executeKeywordForPlatform(KeywordExecutor.groovy:74)
	at com.kms.katalon.core.webui.keyword.WebUiBuiltInKeywords.click(WebUiBuiltInKeywords.groovy:620)
	at com.kms.katalon.core.webui.keyword.WebUiBuiltInKeywords$click$3.call(Unknown Source)
	at Booking.run(Booking:35)
	at com.kms.katalon.core.main.ScriptEngine.run(ScriptEngine.java:194)
	at com.kms.katalon.core.main.ScriptEngine.runScriptAsRawText(ScriptEngine.java:119)
	at com.kms.katalon.core.main.TestCaseExecutor.runScript(TestCaseExecutor.java:430)
	at com.kms.katalon.core.main.TestCaseExecutor.doExecute(TestCaseExecutor.java:421)
	at com.kms.katalon.core.main.TestCaseExecutor.processExecutionPhase(TestCaseExecutor.java:400)
	at com.kms.katalon.core.main.TestCaseExecutor.accessMainPhase(TestCaseExecutor.java:392)
	at com.kms.katalon.core.main.TestCaseExecutor.execute(TestCaseExecutor.java:273)
	at com.kms.katalon.core.main.TestCaseExecutor.execute(TestCaseExecutor.java:351)
	at com.kms.katalon.core.main.TestCaseExecutor.execute(TestCaseExecutor.java:351)
	at com.kms.katalon.core.main.TestCaseExecutor.execute(TestCaseExecutor.java:351)
	at com.kms.katalon.core.main.TestSuiteExecutor.accessTestCaseMainPhase(TestSuiteExecutor.java:202)
	at com.kms.katalon.core.main.TestSuiteExecutor.accessTestSuiteMainPhase(TestSuiteExecutor.java:164)
	at com.kms.katalon.core.main.TestSuiteExecutor.execute(TestSuiteExecutor.java:105)
	at com.kms.katalon.core.main.TestCaseMain.startTestSuite(TestCaseMain.java:185)
	at com.kms.katalon.core.main.TestCaseMain$startTestSuite$0.call(Unknown Source)
	at TempTestSuite1637676172355.run(TempTestSuite1637676172355.groovy:36)
Caused by: org.openqa.selenium.ElementNotInteractableException: element not interactable
  (Session info: chrome=95.0.4638.69)
Build info: version: '3.141.59', revision: 'e82be7d358', time: '2018-11-14T08:25:53'
System info: host: 'INAOBATAN', ip: '172.20.10.3', os.name: 'Windows 10', os.arch: 'amd64', os.version: '10.0', java.version: '1.8.0_282'
Driver info: com.kms.katalon.selenium.driver.CChromeDriver
Capabilities {acceptInsecureCerts: false, browserName: chrome, browserVersion: 95.0.4638.69, chrome: {chromedriverVersion: 95.0.4638.69 (6a1600ed572fe..., userDataDir: C:\Users\INAOBA~1.OLA\AppDa...}, goog:chromeOptions: {debuggerAddress: localhost:60876}, javascriptEnabled: true, networkConnectionEnabled: false, pageLoadStrategy: normal, platform: WINDOWS, platformName: WINDOWS, proxy: Proxy(), setWindowRect: true, strictFileInteractability: false, timeouts: {implicit: 0, pageLoad: 300000, script: 30000}, unhandledPromptBehavior: dismiss and notify, webauthn:extension:credBlob: true, webauthn:extension:largeBlob: true, webauthn:virtualAuthenticators: true}
Session ID: d36791bea1c104695adb66411254774a
	at org.openqa.selenium.remote.http.W3CHttpResponseCodec.createException(W3CHttpResponseCodec.java:187)
	at org.openqa.selenium.remote.http.W3CHttpResponseCodec.decode(W3CHttpResponseCodec.java:122)
	at org.openqa.selenium.remote.http.W3CHttpResponseCodec.decode(W3CHttpResponseCodec.java:49)
	at org.openqa.selenium.remote.HttpCommandExecutor.execute(HttpCommandExecutor.java:158)
	at org.openqa.selenium.remote.service.DriverCommandExecutor.execute(DriverCommandExecutor.java:83)
	at org.openqa.selenium.remote.RemoteWebDriver.execute(RemoteWebDriver.java:552)
	at com.kms.katalon.selenium.driver.CChromeDriver.execute(CChromeDriver.java:19)
	at org.openqa.selenium.remote.RemoteWebElement.execute(RemoteWebElement.java:285)
	at org.openqa.selenium.remote.RemoteWebElement.click(RemoteWebElement.java:84)
	at org.openqa.selenium.support.events.EventFiringWebDriver$EventFiringWebElement.lambda$new$0(EventFiringWebDriver.java:404)
	at com.sun.proxy.$Proxy11.click(Unknown Source)
	at org.openqa.selenium.support.events.EventFiringWebDriver$EventFiringWebElement.click(EventFiringWebDriver.java:417)
	at com.kms.katalon.core.webui.keyword.builtin.ClickKeyword$_click_closure1.doCall(ClickKeyword.groovy:68)
	at com.kms.katalon.core.webui.keyword.builtin.ClickKeyword$_click_closure1.call(ClickKeyword.groovy)
	at com.kms.katalon.core.webui.keyword.internal.WebUIKeywordMain.runKeyword(WebUIKeywordMain.groovy:20)
	... 22 more


2021-11-23 16:06:18 - [TEST_STEP][PASSED] - openBrowser(""): Browser is opened with url: ''

2021-11-23 16:06:18 - [MESSAGE][WARNING] - A browser is already opened. Closing browser and opening a new one

2021-11-23 16:06:19 - [MESSAGE][INFO] - Starting 'Chrome' driver

2021-11-23 16:06:19 - [MESSAGE][INFO] - Action delay is set to 0 milliseconds

2021-11-23 16:06:20 - [MESSAGE][PASSED] - Browser is opened with url: ''

2021-11-23 16:06:20 - [TEST_STEP][PASSED] - navigateToUrl("https://fintrakcredit360web-fb.azurewebsites.net/#/"): Navigate to 'https://fintrakcredit360web-fb.azurewebsites.net/#/' successfully

2021-11-23 16:06:29 - [MESSAGE][PASSED] - Navigate to 'https://fintrakcredit360web-fb.azurewebsites.net/#/' successfully

2021-11-23 16:06:29 - [TEST_STEP][PASSED] - setText(findTestObject("Object Repository/Booking/Page_Fintrak  Core Banking/input_Log In_auth-name"), "SN019641"): Text 'SN019641' is set on object 'Object Repository/Booking/Page_Fintrak  Core Banking/input_Log In_auth-name'

2021-11-23 16:06:31 - [MESSAGE][PASSED] - Text 'SN019641' is set on object 'Object Repository/Booking/Page_Fintrak  Core Banking/input_Log In_auth-name'

2021-11-23 16:06:31 - [TEST_STEP][PASSED] - setEncryptedText(findTestObject("Object Repository/Booking/Page_Fintrak  Core Banking/input_Log In_auth-password"), "JltEQgaE0YE="): Text ****** has been set on object 'Object Repository/Booking/Page_Fintrak  Core Banking/input_Log In_auth-password'

2021-11-23 16:06:31 - [MESSAGE][PASSED] - Text ****** has been set on object 'Object Repository/Booking/Page_Fintrak  Core Banking/input_Log In_auth-password'

2021-11-23 16:06:31 - [TEST_STEP][PASSED] - click(findTestObject("Object Repository/Booking/Page_Fintrak  Core Banking/button_Log In")): Object: 'Object Repository/Booking/Page_Fintrak  Core Banking/button_Log In' is clicked on

2021-11-23 16:06:31 - [MESSAGE][PASSED] - Object: 'Object Repository/Booking/Page_Fintrak  Core Banking/button_Log In' is clicked on

2021-11-23 16:06:31 - [TEST_STEP][PASSED] - click(findTestObject("Object Repository/Booking/Page_Fintrak  Core Banking/span_Credit")): Object: 'Object Repository/Booking/Page_Fintrak  Core Banking/span_Credit' is clicked on

2021-11-23 16:06:37 - [MESSAGE][PASSED] - Object: 'Object Repository/Booking/Page_Fintrak  Core Banking/span_Credit' is clicked on

2021-11-23 16:06:37 - [TEST_STEP][PASSED] - click(findTestObject("Object Repository/Booking/Page_Fintrak  Core Banking/span_Credit Origination")): Object: 'Object Repository/Booking/Page_Fintrak  Core Banking/span_Credit Origination' is clicked on

2021-11-23 16:06:37 - [MESSAGE][PASSED] - Object: 'Object Repository/Booking/Page_Fintrak  Core Banking/span_Credit Origination' is clicked on

2021-11-23 16:06:37 - [TEST_STEP][FAILED] - click(findTestObject("Object Repository/Booking/Page_Fintrak  Core Banking/div_Job request Report_nano-slider")): Unable to click on object 'Object Repository/Booking/Page_Fintrak  Core Banking/div_Job request Report_nano-slider' (Root cause: com.kms.katalon.core.exception.StepFailedException: Unable to click on object 'Object Repository/Booking/Page_Fintrak  Core Banking/div_Job request Report_nano-slider'
	at com.kms.katalon.core.webui.keyword.internal.WebUIKeywordMain.stepFailed(WebUIKeywordMain.groovy:64)
	at com.kms.katalon.core.webui.keyword.internal.WebUIKeywordMain.runKeyword(WebUIKeywordMain.groovy:26)
	at com.kms.katalon.core.webui.keyword.builtin.ClickKeyword.click(ClickKeyword.groovy:75)
	at com.kms.katalon.core.webui.keyword.builtin.ClickKeyword.execute(ClickKeyword.groovy:42)
	at com.kms.katalon.core.keyword.internal.KeywordExecutor.executeKeywordForPlatform(KeywordExecutor.groovy:74)
	at com.kms.katalon.core.webui.keyword.WebUiBuiltInKeywords.click(WebUiBuiltInKeywords.groovy:620)
	at com.kms.katalon.core.webui.keyword.WebUiBuiltInKeywords$click$3.call(Unknown Source)
	at Booking.run(Booking:35)
	at com.kms.katalon.core.main.ScriptEngine.run(ScriptEngine.java:194)
	at com.kms.katalon.core.main.ScriptEngine.runScriptAsRawText(ScriptEngine.java:119)
	at com.kms.katalon.core.main.TestCaseExecutor.runScript(TestCaseExecutor.java:430)
	at com.kms.katalon.core.main.TestCaseExecutor.doExecute(TestCaseExecutor.java:421)
	at com.kms.katalon.core.main.TestCaseExecutor.processExecutionPhase(TestCaseExecutor.java:400)
	at com.kms.katalon.core.main.TestCaseExecutor.accessMainPhase(TestCaseExecutor.java:392)
	at com.kms.katalon.core.main.TestCaseExecutor.execute(TestCaseExecutor.java:273)
	at com.kms.katalon.core.main.TestCaseExecutor.execute(TestCaseExecutor.java:351)
	at com.kms.katalon.core.main.TestCaseExecutor.execute(TestCaseExecutor.java:351)
	at com.kms.katalon.core.main.TestCaseExecutor.execute(TestCaseExecutor.java:351)
	at com.kms.katalon.core.main.TestSuiteExecutor.accessTestCaseMainPhase(TestSuiteExecutor.java:202)
	at com.kms.katalon.core.main.TestSuiteExecutor.accessTestSuiteMainPhase(TestSuiteExecutor.java:164)
	at com.kms.katalon.core.main.TestSuiteExecutor.execute(TestSuiteExecutor.java:105)
	at com.kms.katalon.core.main.TestCaseMain.startTestSuite(TestCaseMain.java:185)
	at com.kms.katalon.core.main.TestCaseMain$startTestSuite$0.call(Unknown Source)
	at TempTestSuite1637676172355.run(TempTestSuite1637676172355.groovy:36)
Caused by: org.openqa.selenium.ElementNotInteractableException: element not interactable
  (Session info: chrome=95.0.4638.69)
Build info: version: '3.141.59', revision: 'e82be7d358', time: '2018-11-14T08:25:53'
System info: host: 'INAOBATAN', ip: '172.20.10.3', os.name: 'Windows 10', os.arch: 'amd64', os.version: '10.0', java.version: '1.8.0_282'
Driver info: com.kms.katalon.selenium.driver.CChromeDriver
Capabilities {acceptInsecureCerts: false, browserName: chrome, browserVersion: 95.0.4638.69, chrome: {chromedriverVersion: 95.0.4638.69 (6a1600ed572fe..., userDataDir: C:\Users\INAOBA~1.OLA\AppDa...}, goog:chromeOptions: {debuggerAddress: localhost:60876}, javascriptEnabled: true, networkConnectionEnabled: false, pageLoadStrategy: normal, platform: WINDOWS, platformName: WINDOWS, proxy: Proxy(), setWindowRect: true, strictFileInteractability: false, timeouts: {implicit: 0, pageLoad: 300000, script: 30000}, unhandledPromptBehavior: dismiss and notify, webauthn:extension:credBlob: true, webauthn:extension:largeBlob: true, webauthn:virtualAuthenticators: true}
Session ID: d36791bea1c104695adb66411254774a
	at org.openqa.selenium.remote.http.W3CHttpResponseCodec.createException(W3CHttpResponseCodec.java:187)
	at org.openqa.selenium.remote.http.W3CHttpResponseCodec.decode(W3CHttpResponseCodec.java:122)
	at org.openqa.selenium.remote.http.W3CHttpResponseCodec.decode(W3CHttpResponseCodec.java:49)
	at org.openqa.selenium.remote.HttpCommandExecutor.execute(HttpCommandExecutor.java:158)
	at org.openqa.selenium.remote.service.DriverCommandExecutor.execute(DriverCommandExecutor.java:83)
	at org.openqa.selenium.remote.RemoteWebDriver.execute(RemoteWebDriver.java:552)
	at com.kms.katalon.selenium.driver.CChromeDriver.execute(CChromeDriver.java:19)
	at org.openqa.selenium.remote.RemoteWebElement.execute(RemoteWebElement.java:285)
	at org.openqa.selenium.remote.RemoteWebElement.click(RemoteWebElement.java:84)
	at org.openqa.selenium.support.events.EventFiringWebDriver$EventFiringWebElement.lambda$new$0(EventFiringWebDriver.java:404)
	at com.sun.proxy.$Proxy11.click(Unknown Source)
	at org.openqa.selenium.support.events.EventFiringWebDriver$EventFiringWebElement.click(EventFiringWebDriver.java:417)
	at com.kms.katalon.core.webui.keyword.builtin.ClickKeyword$_click_closure1.doCall(ClickKeyword.groovy:68)
	at com.kms.katalon.core.webui.keyword.builtin.ClickKeyword$_click_closure1.call(ClickKeyword.groovy)
	at com.kms.katalon.core.webui.keyword.internal.WebUIKeywordMain.runKeyword(WebUIKeywordMain.groovy:20)
	at com.kms.katalon.core.webui.keyword.builtin.ClickKeyword.click(ClickKeyword.groovy:75)
	at com.kms.katalon.core.webui.keyword.builtin.ClickKeyword.execute(ClickKeyword.groovy:42)
	at com.kms.katalon.core.keyword.internal.KeywordExecutor.executeKeywordForPlatform(KeywordExecutor.groovy:74)
	at com.kms.katalon.core.webui.keyword.WebUiBuiltInKeywords.click(WebUiBuiltInKeywords.groovy:620)
	at com.kms.katalon.core.webui.keyword.WebUiBuiltInKeywords$click$3.call(Unknown Source)
	at Script1637659447299.run(Script1637659447299.groovy:35)
	... 16 more
)

2021-11-23 16:06:38 - [MESSAGE][FAILED] - Unable to click on object 'Object Repository/Booking/Page_Fintrak  Core Banking/div_Job request Report_nano-slider' (Root cause: com.kms.katalon.core.exception.StepFailedException: Unable to click on object 'Object Repository/Booking/Page_Fintrak  Core Banking/div_Job request Report_nano-slider'
	at com.kms.katalon.core.webui.keyword.internal.WebUIKeywordMain.stepFailed(WebUIKeywordMain.groovy:64)
	at com.kms.katalon.core.webui.keyword.internal.WebUIKeywordMain.runKeyword(WebUIKeywordMain.groovy:26)
	at com.kms.katalon.core.webui.keyword.builtin.ClickKeyword.click(ClickKeyword.groovy:75)
	at com.kms.katalon.core.webui.keyword.builtin.ClickKeyword.execute(ClickKeyword.groovy:42)
	at com.kms.katalon.core.keyword.internal.KeywordExecutor.executeKeywordForPlatform(KeywordExecutor.groovy:74)
	at com.kms.katalon.core.webui.keyword.WebUiBuiltInKeywords.click(WebUiBuiltInKeywords.groovy:620)
	at com.kms.katalon.core.webui.keyword.WebUiBuiltInKeywords$click$3.call(Unknown Source)
	at Booking.run(Booking:35)
	at com.kms.katalon.core.main.ScriptEngine.run(ScriptEngine.java:194)
	at com.kms.katalon.core.main.ScriptEngine.runScriptAsRawText(ScriptEngine.java:119)
	at com.kms.katalon.core.main.TestCaseExecutor.runScript(TestCaseExecutor.java:430)
	at com.kms.katalon.core.main.TestCaseExecutor.doExecute(TestCaseExecutor.java:421)
	at com.kms.katalon.core.main.TestCaseExecutor.processExecutionPhase(TestCaseExecutor.java:400)
	at com.kms.katalon.core.main.TestCaseExecutor.accessMainPhase(TestCaseExecutor.java:392)
	at com.kms.katalon.core.main.TestCaseExecutor.execute(TestCaseExecutor.java:273)
	at com.kms.katalon.core.main.TestCaseExecutor.execute(TestCaseExecutor.java:351)
	at com.kms.katalon.core.main.TestCaseExecutor.execute(TestCaseExecutor.java:351)
	at com.kms.katalon.core.main.TestCaseExecutor.execute(TestCaseExecutor.java:351)
	at com.kms.katalon.core.main.TestSuiteExecutor.accessTestCaseMainPhase(TestSuiteExecutor.java:202)
	at com.kms.katalon.core.main.TestSuiteExecutor.accessTestSuiteMainPhase(TestSuiteExecutor.java:164)
	at com.kms.katalon.core.main.TestSuiteExecutor.execute(TestSuiteExecutor.java:105)
	at com.kms.katalon.core.main.TestCaseMain.startTestSuite(TestCaseMain.java:185)
	at com.kms.katalon.core.main.TestCaseMain$startTestSuite$0.call(Unknown Source)
	at TempTestSuite1637676172355.run(TempTestSuite1637676172355.groovy:36)
Caused by: org.openqa.selenium.ElementNotInteractableException: element not interactable
  (Session info: chrome=95.0.4638.69)
Build info: version: '3.141.59', revision: 'e82be7d358', time: '2018-11-14T08:25:53'
System info: host: 'INAOBATAN', ip: '172.20.10.3', os.name: 'Windows 10', os.arch: 'amd64', os.version: '10.0', java.version: '1.8.0_282'
Driver info: com.kms.katalon.selenium.driver.CChromeDriver
Capabilities {acceptInsecureCerts: false, browserName: chrome, browserVersion: 95.0.4638.69, chrome: {chromedriverVersion: 95.0.4638.69 (6a1600ed572fe..., userDataDir: C:\Users\INAOBA~1.OLA\AppDa...}, goog:chromeOptions: {debuggerAddress: localhost:60876}, javascriptEnabled: true, networkConnectionEnabled: false, pageLoadStrategy: normal, platform: WINDOWS, platformName: WINDOWS, proxy: Proxy(), setWindowRect: true, strictFileInteractability: false, timeouts: {implicit: 0, pageLoad: 300000, script: 30000}, unhandledPromptBehavior: dismiss and notify, webauthn:extension:credBlob: true, webauthn:extension:largeBlob: true, webauthn:virtualAuthenticators: true}
Session ID: d36791bea1c104695adb66411254774a
	at org.openqa.selenium.remote.http.W3CHttpResponseCodec.createException(W3CHttpResponseCodec.java:187)
	at org.openqa.selenium.remote.http.W3CHttpResponseCodec.decode(W3CHttpResponseCodec.java:122)
	at org.openqa.selenium.remote.http.W3CHttpResponseCodec.decode(W3CHttpResponseCodec.java:49)
	at org.openqa.selenium.remote.HttpCommandExecutor.execute(HttpCommandExecutor.java:158)
	at org.openqa.selenium.remote.service.DriverCommandExecutor.execute(DriverCommandExecutor.java:83)
	at org.openqa.selenium.remote.RemoteWebDriver.execute(RemoteWebDriver.java:552)
	at com.kms.katalon.selenium.driver.CChromeDriver.execute(CChromeDriver.java:19)
	at org.openqa.selenium.remote.RemoteWebElement.execute(RemoteWebElement.java:285)
	at org.openqa.selenium.remote.RemoteWebElement.click(RemoteWebElement.java:84)
	at org.openqa.selenium.support.events.EventFiringWebDriver$EventFiringWebElement.lambda$new$0(EventFiringWebDriver.java:404)
	at com.sun.proxy.$Proxy11.click(Unknown Source)
	at org.openqa.selenium.support.events.EventFiringWebDriver$EventFiringWebElement.click(EventFiringWebDriver.java:417)
	at com.kms.katalon.core.webui.keyword.builtin.ClickKeyword$_click_closure1.doCall(ClickKeyword.groovy:68)
	at com.kms.katalon.core.webui.keyword.builtin.ClickKeyword$_click_closure1.call(ClickKeyword.groovy)
	at com.kms.katalon.core.webui.keyword.internal.WebUIKeywordMain.runKeyword(WebUIKeywordMain.groovy:20)
	at com.kms.katalon.core.webui.keyword.builtin.ClickKeyword.click(ClickKeyword.groovy:75)
	at com.kms.katalon.core.webui.keyword.builtin.ClickKeyword.execute(ClickKeyword.groovy:42)
	at com.kms.katalon.core.keyword.internal.KeywordExecutor.executeKeywordForPlatform(KeywordExecutor.groovy:74)
	at com.kms.katalon.core.webui.keyword.WebUiBuiltInKeywords.click(WebUiBuiltInKeywords.groovy:620)
	at com.kms.katalon.core.webui.keyword.WebUiBuiltInKeywords$click$3.call(Unknown Source)
	at Script1637659447299.run(Script1637659447299.groovy:35)
	... 16 more
)
[[ATTACHMENT|C:\\Users\\inaobatan.olawale\\Katalon Studio\\My First Web UI Project\\Reports\\20211123_150252\\FBN Credit360 LOS Operation\\LOS Operation\\20211123_150252\\1637679997966.png]]]]></system-out>
         <system-err><![CDATA[2021-11-23 16:06:18 - [TEST_CASE][FAILED] - Test Cases/FBN Credit360 LOS Opeartion/Booking: Test Cases/FBN Credit360 LOS Opeartion/Booking FAILED.
Reason:
com.kms.katalon.core.exception.StepFailedException: Unable to click on object 'Object Repository/Booking/Page_Fintrak  Core Banking/div_Job request Report_nano-slider'
	at com.kms.katalon.core.webui.keyword.internal.WebUIKeywordMain.stepFailed(WebUIKeywordMain.groovy:64)
	at com.kms.katalon.core.webui.keyword.internal.WebUIKeywordMain.runKeyword(WebUIKeywordMain.groovy:26)
	at com.kms.katalon.core.webui.keyword.builtin.ClickKeyword.click(ClickKeyword.groovy:75)
	at com.kms.katalon.core.webui.keyword.builtin.ClickKeyword.execute(ClickKeyword.groovy:42)
	at com.kms.katalon.core.keyword.internal.KeywordExecutor.executeKeywordForPlatform(KeywordExecutor.groovy:74)
	at com.kms.katalon.core.webui.keyword.WebUiBuiltInKeywords.click(WebUiBuiltInKeywords.groovy:620)
	at com.kms.katalon.core.webui.keyword.WebUiBuiltInKeywords$click$3.call(Unknown Source)
	at Booking.run(Booking:35)
	at com.kms.katalon.core.main.ScriptEngine.run(ScriptEngine.java:194)
	at com.kms.katalon.core.main.ScriptEngine.runScriptAsRawText(ScriptEngine.java:119)
	at com.kms.katalon.core.main.TestCaseExecutor.runScript(TestCaseExecutor.java:430)
	at com.kms.katalon.core.main.TestCaseExecutor.doExecute(TestCaseExecutor.java:421)
	at com.kms.katalon.core.main.TestCaseExecutor.processExecutionPhase(TestCaseExecutor.java:400)
	at com.kms.katalon.core.main.TestCaseExecutor.accessMainPhase(TestCaseExecutor.java:392)
	at com.kms.katalon.core.main.TestCaseExecutor.execute(TestCaseExecutor.java:273)
	at com.kms.katalon.core.main.TestCaseExecutor.execute(TestCaseExecutor.java:351)
	at com.kms.katalon.core.main.TestCaseExecutor.execute(TestCaseExecutor.java:351)
	at com.kms.katalon.core.main.TestCaseExecutor.execute(TestCaseExecutor.java:351)
	at com.kms.katalon.core.main.TestSuiteExecutor.accessTestCaseMainPhase(TestSuiteExecutor.java:202)
	at com.kms.katalon.core.main.TestSuiteExecutor.accessTestSuiteMainPhase(TestSuiteExecutor.java:164)
	at com.kms.katalon.core.main.TestSuiteExecutor.execute(TestSuiteExecutor.java:105)
	at com.kms.katalon.core.main.TestCaseMain.startTestSuite(TestCaseMain.java:185)
	at com.kms.katalon.core.main.TestCaseMain$startTestSuite$0.call(Unknown Source)
	at TempTestSuite1637676172355.run(TempTestSuite1637676172355.groovy:36)
Caused by: org.openqa.selenium.ElementNotInteractableException: element not interactable
  (Session info: chrome=95.0.4638.69)
Build info: version: '3.141.59', revision: 'e82be7d358', time: '2018-11-14T08:25:53'
System info: host: 'INAOBATAN', ip: '172.20.10.3', os.name: 'Windows 10', os.arch: 'amd64', os.version: '10.0', java.version: '1.8.0_282'
Driver info: com.kms.katalon.selenium.driver.CChromeDriver
Capabilities {acceptInsecureCerts: false, browserName: chrome, browserVersion: 95.0.4638.69, chrome: {chromedriverVersion: 95.0.4638.69 (6a1600ed572fe..., userDataDir: C:\Users\INAOBA~1.OLA\AppDa...}, goog:chromeOptions: {debuggerAddress: localhost:60876}, javascriptEnabled: true, networkConnectionEnabled: false, pageLoadStrategy: normal, platform: WINDOWS, platformName: WINDOWS, proxy: Proxy(), setWindowRect: true, strictFileInteractability: false, timeouts: {implicit: 0, pageLoad: 300000, script: 30000}, unhandledPromptBehavior: dismiss and notify, webauthn:extension:credBlob: true, webauthn:extension:largeBlob: true, webauthn:virtualAuthenticators: true}
Session ID: d36791bea1c104695adb66411254774a
	at org.openqa.selenium.remote.http.W3CHttpResponseCodec.createException(W3CHttpResponseCodec.java:187)
	at org.openqa.selenium.remote.http.W3CHttpResponseCodec.decode(W3CHttpResponseCodec.java:122)
	at org.openqa.selenium.remote.http.W3CHttpResponseCodec.decode(W3CHttpResponseCodec.java:49)
	at org.openqa.selenium.remote.HttpCommandExecutor.execute(HttpCommandExecutor.java:158)
	at org.openqa.selenium.remote.service.DriverCommandExecutor.execute(DriverCommandExecutor.java:83)
	at org.openqa.selenium.remote.RemoteWebDriver.execute(RemoteWebDriver.java:552)
	at com.kms.katalon.selenium.driver.CChromeDriver.execute(CChromeDriver.java:19)
	at org.openqa.selenium.remote.RemoteWebElement.execute(RemoteWebElement.java:285)
	at org.openqa.selenium.remote.RemoteWebElement.click(RemoteWebElement.java:84)
	at org.openqa.selenium.support.events.EventFiringWebDriver$EventFiringWebElement.lambda$new$0(EventFiringWebDriver.java:404)
	at com.sun.proxy.$Proxy11.click(Unknown Source)
	at org.openqa.selenium.support.events.EventFiringWebDriver$EventFiringWebElement.click(EventFiringWebDriver.java:417)
	at com.kms.katalon.core.webui.keyword.builtin.ClickKeyword$_click_closure1.doCall(ClickKeyword.groovy:68)
	at com.kms.katalon.core.webui.keyword.builtin.ClickKeyword$_click_closure1.call(ClickKeyword.groovy)
	at com.kms.katalon.core.webui.keyword.internal.WebUIKeywordMain.runKeyword(WebUIKeywordMain.groovy:20)
	... 22 more]]></system-err>
      </testcase>
      <testcase name="Test Cases/FBN Credit360 LOS Opeartion/BM Login For Booking" time="85.791" classname="Test Cases/FBN Credit360 LOS Opeartion/BM Login For Booking" status="PASSED">
         <system-out><![CDATA[2021-11-23 16:06:38 - [TEST_CASE][PASSED] - Test Cases/FBN Credit360 LOS Opeartion/BM Login For Booking: Test Cases/FBN Credit360 LOS Opeartion/BM Login For Booking

2021-11-23 16:06:38 - [TEST_STEP][PASSED] - openBrowser(""): Browser is opened with url: ''

2021-11-23 16:06:38 - [MESSAGE][WARNING] - A browser is already opened. Closing browser and opening a new one

2021-11-23 16:06:39 - [MESSAGE][INFO] - Starting 'Chrome' driver

2021-11-23 16:06:39 - [MESSAGE][INFO] - Action delay is set to 0 milliseconds

2021-11-23 16:06:40 - [MESSAGE][PASSED] - Browser is opened with url: ''

2021-11-23 16:06:40 - [TEST_STEP][PASSED] - navigateToUrl("https://fintrakcredit360web-fb.azurewebsites.net/#/"): Navigate to 'https://fintrakcredit360web-fb.azurewebsites.net/#/' successfully

2021-11-23 16:06:46 - [MESSAGE][PASSED] - Navigate to 'https://fintrakcredit360web-fb.azurewebsites.net/#/' successfully

2021-11-23 16:06:46 - [TEST_STEP][PASSED] - setText(findTestObject("Object Repository/BM Login For Booking/Page_Fintrak  Core Banking/input_Log In_auth-name"), "SN017882"): Text 'SN017882' is set on object 'Object Repository/BM Login For Booking/Page_Fintrak  Core Banking/input_Log In_auth-name'

2021-11-23 16:06:47 - [MESSAGE][PASSED] - Text 'SN017882' is set on object 'Object Repository/BM Login For Booking/Page_Fintrak  Core Banking/input_Log In_auth-name'

2021-11-23 16:06:47 - [TEST_STEP][PASSED] - setEncryptedText(findTestObject("Object Repository/BM Login For Booking/Page_Fintrak  Core Banking/input_Log In_auth-password"), "JltEQgaE0YE="): Text ****** has been set on object 'Object Repository/BM Login For Booking/Page_Fintrak  Core Banking/input_Log In_auth-password'

2021-11-23 16:06:48 - [MESSAGE][PASSED] - Text ****** has been set on object 'Object Repository/BM Login For Booking/Page_Fintrak  Core Banking/input_Log In_auth-password'

2021-11-23 16:06:48 - [TEST_STEP][PASSED] - click(findTestObject("Object Repository/BM Login For Booking/Page_Fintrak  Core Banking/button_Log In")): Object: 'Object Repository/BM Login For Booking/Page_Fintrak  Core Banking/button_Log In' is clicked on

2021-11-23 16:06:48 - [MESSAGE][PASSED] - Object: 'Object Repository/BM Login For Booking/Page_Fintrak  Core Banking/button_Log In' is clicked on

2021-11-23 16:06:48 - [TEST_STEP][PASSED] - click(findTestObject("Object Repository/BM Login For Booking/Page_Fintrak  Core Banking/span_Approvals")): Object: 'Object Repository/BM Login For Booking/Page_Fintrak  Core Banking/span_Approvals' is clicked on

2021-11-23 16:06:56 - [MESSAGE][PASSED] - Object: 'Object Repository/BM Login For Booking/Page_Fintrak  Core Banking/span_Approvals' is clicked on

2021-11-23 16:06:56 - [TEST_STEP][PASSED] - click(findTestObject("Object Repository/BM Login For Booking/Page_Fintrak  Core Banking/span_Credit")): Object: 'Object Repository/BM Login For Booking/Page_Fintrak  Core Banking/span_Credit' is clicked on

2021-11-23 16:06:56 - [MESSAGE][PASSED] - Object: 'Object Repository/BM Login For Booking/Page_Fintrak  Core Banking/span_Credit' is clicked on

2021-11-23 16:06:56 - [TEST_STEP][PASSED] - click(findTestObject("Object Repository/BM Login For Booking/Page_Fintrak  Core Banking/span_Tranche Booking")): Object: 'Object Repository/BM Login For Booking/Page_Fintrak  Core Banking/span_Tranche Booking' is clicked on

2021-11-23 16:06:57 - [MESSAGE][PASSED] - Object: 'Object Repository/BM Login For Booking/Page_Fintrak  Core Banking/span_Tranche Booking' is clicked on

2021-11-23 16:06:57 - [TEST_STEP][PASSED] - click(findTestObject("Object Repository/BM Login For Booking/Page_Fintrak  Core Banking/div_Tenor_ui-radiobutton-box ui-widget ui-r_e08dde")): Object: 'Object Repository/BM Login For Booking/Page_Fintrak  Core Banking/div_Tenor_ui-radiobutton-box ui-widget ui-r_e08dde' is clicked on

2021-11-23 16:07:15 - [MESSAGE][PASSED] - Object: 'Object Repository/BM Login For Booking/Page_Fintrak  Core Banking/div_Tenor_ui-radiobutton-box ui-widget ui-r_e08dde' is clicked on

2021-11-23 16:07:15 - [TEST_STEP][PASSED] - setText(findTestObject("Object Repository/BM Login For Booking/Page_Fintrak  Core Banking/textarea_Comment_comment"), "k"): Text 'k' is set on object 'Object Repository/BM Login For Booking/Page_Fintrak  Core Banking/textarea_Comment_comment'

2021-11-23 16:07:44 - [MESSAGE][PASSED] - Text 'k' is set on object 'Object Repository/BM Login For Booking/Page_Fintrak  Core Banking/textarea_Comment_comment'

2021-11-23 16:07:44 - [TEST_STEP][PASSED] - selectOptionByValue(findTestObject("Object Repository/BM Login For Booking/Page_Fintrak  Core Banking/select_--- Select Approval Status ---Approv_84b2d4"), "2", true): All options with value '2' are selected in object 'Object Repository/BM Login For Booking/Page_Fintrak  Core Banking/select_--- Select Approval Status ---Approv_84b2d4'  using regular expression

2021-11-23 16:07:45 - [MESSAGE][PASSED] - All options with value '2' are selected in object 'Object Repository/BM Login For Booking/Page_Fintrak  Core Banking/select_--- Select Approval Status ---Approv_84b2d4'  using regular expression

2021-11-23 16:07:45 - [TEST_STEP][PASSED] - click(findTestObject("Object Repository/BM Login For Booking/Page_Fintrak  Core Banking/button_Submit")): Object: 'Object Repository/BM Login For Booking/Page_Fintrak  Core Banking/button_Submit' is clicked on

2021-11-23 16:07:45 - [MESSAGE][PASSED] - Object: 'Object Repository/BM Login For Booking/Page_Fintrak  Core Banking/button_Submit' is clicked on

2021-11-23 16:07:45 - [TEST_STEP][PASSED] - click(findTestObject("Object Repository/BM Login For Booking/Page_Fintrak  Core Banking/button_Yes")): Object: 'Object Repository/BM Login For Booking/Page_Fintrak  Core Banking/button_Yes' is clicked on

2021-11-23 16:07:46 - [MESSAGE][PASSED] - Object: 'Object Repository/BM Login For Booking/Page_Fintrak  Core Banking/button_Yes' is clicked on

2021-11-23 16:07:46 - [TEST_STEP][PASSED] - click(findTestObject("Object Repository/BM Login For Booking/Page_Fintrak  Core Banking/button_OK")): Object: 'Object Repository/BM Login For Booking/Page_Fintrak  Core Banking/button_OK' is clicked on

2021-11-23 16:08:03 - [MESSAGE][PASSED] - Object: 'Object Repository/BM Login For Booking/Page_Fintrak  Core Banking/button_OK' is clicked on]]></system-out>
         <system-err><![CDATA[]]></system-err>
      </testcase>
      <testcase name="Test Cases/FBN Credit360 LOS Opeartion/Login As CRMS" time="26.302" classname="Test Cases/FBN Credit360 LOS Opeartion/Login As CRMS" status="FAILED">
         <failure type="FAILED" message="Test Cases/FBN Credit360 LOS Opeartion/Login As CRMS FAILED.
Reason:
com.kms.katalon.core.exception.StepFailedException: Unable to click on object 'Object Repository/Login As CRMS/Page_Fintrak  Core Banking/span_Capture CRMS Code'
	at com.kms.katalon.core.webui.keyword.internal.WebUIKeywordMain.stepFailed(WebUIKeywordMain.groovy:64)
	at com.kms.katalon.core.webui.keyword.internal.WebUIKeywordMain.runKeyword(WebUIKeywordMain.groovy:26)
	at com.kms.katalon.core.webui.keyword.builtin.ClickKeyword.click(ClickKeyword.groovy:75)
	at com.kms.katalon.core.webui.keyword.builtin.ClickKeyword.execute(ClickKeyword.groovy:42)
	at com.kms.katalon.core.keyword.internal.KeywordExecutor.executeKeywordForPlatform(KeywordExecutor.groovy:74)
	at com.kms.katalon.core.webui.keyword.WebUiBuiltInKeywords.click(WebUiBuiltInKeywords.groovy:620)
	at com.kms.katalon.core.webui.keyword.WebUiBuiltInKeywords$click$3.call(Unknown Source)
	at Login As CRMS.run(Login As CRMS:39)
	at com.kms.katalon.core.main.ScriptEngine.run(ScriptEngine.java:194)
	at com.kms.katalon.core.main.ScriptEngine.runScriptAsRawText(ScriptEngine.java:119)
	at com.kms.katalon.core.main.TestCaseExecutor.runScript(TestCaseExecutor.java:430)
	at com.kms.katalon.core.main.TestCaseExecutor.doExecute(TestCaseExecutor.java:421)
	at com.kms.katalon.core.main.TestCaseExecutor.processExecutionPhase(TestCaseExecutor.java:400)
	at com.kms.katalon.core.main.TestCaseExecutor.accessMainPhase(TestCaseExecutor.java:392)
	at com.kms.katalon.core.main.TestCaseExecutor.execute(TestCaseExecutor.java:273)
	at com.kms.katalon.core.main.TestCaseExecutor.execute(TestCaseExecutor.java:351)
	at com.kms.katalon.core.main.TestCaseExecutor.execute(TestCaseExecutor.java:351)
	at com.kms.katalon.core.main.TestCaseExecutor.execute(TestCaseExecutor.java:351)
	at com.kms.katalon.core.main.TestSuiteExecutor.accessTestCaseMainPhase(TestSuiteExecutor.java:202)
	at com.kms.katalon.core.main.TestSuiteExecutor.accessTestSuiteMainPhase(TestSuiteExecutor.java:164)
	at com.kms.katalon.core.main.TestSuiteExecutor.execute(TestSuiteExecutor.java:105)
	at com.kms.katalon.core.main.TestCaseMain.startTestSuite(TestCaseMain.java:185)
	at com.kms.katalon.core.main.TestCaseMain$startTestSuite$0.call(Unknown Source)
	at TempTestSuite1637676172355.run(TempTestSuite1637676172355.groovy:36)
Caused by: org.openqa.selenium.ElementNotInteractableException: element not interactable
  (Session info: chrome=95.0.4638.69)
Build info: version: '3.141.59', revision: 'e82be7d358', time: '2018-11-14T08:25:53'
System info: host: 'INAOBATAN', ip: '172.20.10.3', os.name: 'Windows 10', os.arch: 'amd64', os.version: '10.0', java.version: '1.8.0_282'
Driver info: com.kms.katalon.selenium.driver.CChromeDriver
Capabilities {acceptInsecureCerts: false, browserName: chrome, browserVersion: 95.0.4638.69, chrome: {chromedriverVersion: 95.0.4638.69 (6a1600ed572fe..., userDataDir: C:\Users\INAOBA~1.OLA\AppDa...}, goog:chromeOptions: {debuggerAddress: localhost:61019}, javascriptEnabled: true, networkConnectionEnabled: false, pageLoadStrategy: normal, platform: WINDOWS, platformName: WINDOWS, proxy: Proxy(), setWindowRect: true, strictFileInteractability: false, timeouts: {implicit: 0, pageLoad: 300000, script: 30000}, unhandledPromptBehavior: dismiss and notify, webauthn:extension:credBlob: true, webauthn:extension:largeBlob: true, webauthn:virtualAuthenticators: true}
Session ID: 8f3021c4e481ee605a54b0aa70eab284
	at org.openqa.selenium.remote.http.W3CHttpResponseCodec.createException(W3CHttpResponseCodec.java:187)
	at org.openqa.selenium.remote.http.W3CHttpResponseCodec.decode(W3CHttpResponseCodec.java:122)
	at org.openqa.selenium.remote.http.W3CHttpResponseCodec.decode(W3CHttpResponseCodec.java:49)
	at org.openqa.selenium.remote.HttpCommandExecutor.execute(HttpCommandExecutor.java:158)
	at org.openqa.selenium.remote.service.DriverCommandExecutor.execute(DriverCommandExecutor.java:83)
	at org.openqa.selenium.remote.RemoteWebDriver.execute(RemoteWebDriver.java:552)
	at com.kms.katalon.selenium.driver.CChromeDriver.execute(CChromeDriver.java:19)
	at org.openqa.selenium.remote.RemoteWebElement.execute(RemoteWebElement.java:285)
	at org.openqa.selenium.remote.RemoteWebElement.click(RemoteWebElement.java:84)
	at org.openqa.selenium.support.events.EventFiringWebDriver$EventFiringWebElement.lambda$new$0(EventFiringWebDriver.java:404)
	at com.sun.proxy.$Proxy11.click(Unknown Source)
	at org.openqa.selenium.support.events.EventFiringWebDriver$EventFiringWebElement.click(EventFiringWebDriver.java:417)
	at com.kms.katalon.core.webui.keyword.builtin.ClickKeyword$_click_closure1.doCall(ClickKeyword.groovy:68)
	at com.kms.katalon.core.webui.keyword.builtin.ClickKeyword$_click_closure1.call(ClickKeyword.groovy)
	at com.kms.katalon.core.webui.keyword.internal.WebUIKeywordMain.runKeyword(WebUIKeywordMain.groovy:20)
	... 22 more
"/>
         <system-out><![CDATA[2021-11-23 16:09:16 - [TEST_CASE][FAILED] - Test Cases/FBN Credit360 LOS Opeartion/Login As CRMS: Test Cases/FBN Credit360 LOS Opeartion/Login As CRMS FAILED.
Reason:
com.kms.katalon.core.exception.StepFailedException: Unable to click on object 'Object Repository/Login As CRMS/Page_Fintrak  Core Banking/span_Capture CRMS Code'
	at com.kms.katalon.core.webui.keyword.internal.WebUIKeywordMain.stepFailed(WebUIKeywordMain.groovy:64)
	at com.kms.katalon.core.webui.keyword.internal.WebUIKeywordMain.runKeyword(WebUIKeywordMain.groovy:26)
	at com.kms.katalon.core.webui.keyword.builtin.ClickKeyword.click(ClickKeyword.groovy:75)
	at com.kms.katalon.core.webui.keyword.builtin.ClickKeyword.execute(ClickKeyword.groovy:42)
	at com.kms.katalon.core.keyword.internal.KeywordExecutor.executeKeywordForPlatform(KeywordExecutor.groovy:74)
	at com.kms.katalon.core.webui.keyword.WebUiBuiltInKeywords.click(WebUiBuiltInKeywords.groovy:620)
	at com.kms.katalon.core.webui.keyword.WebUiBuiltInKeywords$click$3.call(Unknown Source)
	at Login As CRMS.run(Login As CRMS:39)
	at com.kms.katalon.core.main.ScriptEngine.run(ScriptEngine.java:194)
	at com.kms.katalon.core.main.ScriptEngine.runScriptAsRawText(ScriptEngine.java:119)
	at com.kms.katalon.core.main.TestCaseExecutor.runScript(TestCaseExecutor.java:430)
	at com.kms.katalon.core.main.TestCaseExecutor.doExecute(TestCaseExecutor.java:421)
	at com.kms.katalon.core.main.TestCaseExecutor.processExecutionPhase(TestCaseExecutor.java:400)
	at com.kms.katalon.core.main.TestCaseExecutor.accessMainPhase(TestCaseExecutor.java:392)
	at com.kms.katalon.core.main.TestCaseExecutor.execute(TestCaseExecutor.java:273)
	at com.kms.katalon.core.main.TestCaseExecutor.execute(TestCaseExecutor.java:351)
	at com.kms.katalon.core.main.TestCaseExecutor.execute(TestCaseExecutor.java:351)
	at com.kms.katalon.core.main.TestCaseExecutor.execute(TestCaseExecutor.java:351)
	at com.kms.katalon.core.main.TestSuiteExecutor.accessTestCaseMainPhase(TestSuiteExecutor.java:202)
	at com.kms.katalon.core.main.TestSuiteExecutor.accessTestSuiteMainPhase(TestSuiteExecutor.java:164)
	at com.kms.katalon.core.main.TestSuiteExecutor.execute(TestSuiteExecutor.java:105)
	at com.kms.katalon.core.main.TestCaseMain.startTestSuite(TestCaseMain.java:185)
	at com.kms.katalon.core.main.TestCaseMain$startTestSuite$0.call(Unknown Source)
	at TempTestSuite1637676172355.run(TempTestSuite1637676172355.groovy:36)
Caused by: org.openqa.selenium.ElementNotInteractableException: element not interactable
  (Session info: chrome=95.0.4638.69)
Build info: version: '3.141.59', revision: 'e82be7d358', time: '2018-11-14T08:25:53'
System info: host: 'INAOBATAN', ip: '172.20.10.3', os.name: 'Windows 10', os.arch: 'amd64', os.version: '10.0', java.version: '1.8.0_282'
Driver info: com.kms.katalon.selenium.driver.CChromeDriver
Capabilities {acceptInsecureCerts: false, browserName: chrome, browserVersion: 95.0.4638.69, chrome: {chromedriverVersion: 95.0.4638.69 (6a1600ed572fe..., userDataDir: C:\Users\INAOBA~1.OLA\AppDa...}, goog:chromeOptions: {debuggerAddress: localhost:61019}, javascriptEnabled: true, networkConnectionEnabled: false, pageLoadStrategy: normal, platform: WINDOWS, platformName: WINDOWS, proxy: Proxy(), setWindowRect: true, strictFileInteractability: false, timeouts: {implicit: 0, pageLoad: 300000, script: 30000}, unhandledPromptBehavior: dismiss and notify, webauthn:extension:credBlob: true, webauthn:extension:largeBlob: true, webauthn:virtualAuthenticators: true}
Session ID: 8f3021c4e481ee605a54b0aa70eab284
	at org.openqa.selenium.remote.http.W3CHttpResponseCodec.createException(W3CHttpResponseCodec.java:187)
	at org.openqa.selenium.remote.http.W3CHttpResponseCodec.decode(W3CHttpResponseCodec.java:122)
	at org.openqa.selenium.remote.http.W3CHttpResponseCodec.decode(W3CHttpResponseCodec.java:49)
	at org.openqa.selenium.remote.HttpCommandExecutor.execute(HttpCommandExecutor.java:158)
	at org.openqa.selenium.remote.service.DriverCommandExecutor.execute(DriverCommandExecutor.java:83)
	at org.openqa.selenium.remote.RemoteWebDriver.execute(RemoteWebDriver.java:552)
	at com.kms.katalon.selenium.driver.CChromeDriver.execute(CChromeDriver.java:19)
	at org.openqa.selenium.remote.RemoteWebElement.execute(RemoteWebElement.java:285)
	at org.openqa.selenium.remote.RemoteWebElement.click(RemoteWebElement.java:84)
	at org.openqa.selenium.support.events.EventFiringWebDriver$EventFiringWebElement.lambda$new$0(EventFiringWebDriver.java:404)
	at com.sun.proxy.$Proxy11.click(Unknown Source)
	at org.openqa.selenium.support.events.EventFiringWebDriver$EventFiringWebElement.click(EventFiringWebDriver.java:417)
	at com.kms.katalon.core.webui.keyword.builtin.ClickKeyword$_click_closure1.doCall(ClickKeyword.groovy:68)
	at com.kms.katalon.core.webui.keyword.builtin.ClickKeyword$_click_closure1.call(ClickKeyword.groovy)
	at com.kms.katalon.core.webui.keyword.internal.WebUIKeywordMain.runKeyword(WebUIKeywordMain.groovy:20)
	... 22 more


2021-11-23 16:09:16 - [TEST_STEP][PASSED] - openBrowser(""): Browser is opened with url: ''

2021-11-23 16:09:16 - [MESSAGE][WARNING] - A browser is already opened. Closing browser and opening a new one

2021-11-23 16:09:16 - [MESSAGE][INFO] - Starting 'Chrome' driver

2021-11-23 16:09:16 - [MESSAGE][INFO] - Action delay is set to 0 milliseconds

2021-11-23 16:09:17 - [MESSAGE][PASSED] - Browser is opened with url: ''

2021-11-23 16:09:17 - [TEST_STEP][PASSED] - navigateToUrl("https://fintrakcredit360web-fb.azurewebsites.net/#/"): Navigate to 'https://fintrakcredit360web-fb.azurewebsites.net/#/' successfully

2021-11-23 16:09:24 - [MESSAGE][PASSED] - Navigate to 'https://fintrakcredit360web-fb.azurewebsites.net/#/' successfully

2021-11-23 16:09:24 - [TEST_STEP][PASSED] - setText(findTestObject("Object Repository/Login As CRMS/Page_Fintrak  Core Banking/input_Log In_auth-name"), "sn026155"): Text 'sn026155' is set on object 'Object Repository/Login As CRMS/Page_Fintrak  Core Banking/input_Log In_auth-name'

2021-11-23 16:09:26 - [MESSAGE][PASSED] - Text 'sn026155' is set on object 'Object Repository/Login As CRMS/Page_Fintrak  Core Banking/input_Log In_auth-name'

2021-11-23 16:09:26 - [TEST_STEP][PASSED] - setEncryptedText(findTestObject("Object Repository/Login As CRMS/Page_Fintrak  Core Banking/input_Log In_auth-password"), "JltEQgaE0YE="): Text ****** has been set on object 'Object Repository/Login As CRMS/Page_Fintrak  Core Banking/input_Log In_auth-password'

2021-11-23 16:09:26 - [MESSAGE][PASSED] - Text ****** has been set on object 'Object Repository/Login As CRMS/Page_Fintrak  Core Banking/input_Log In_auth-password'

2021-11-23 16:09:26 - [TEST_STEP][PASSED] - click(findTestObject("Object Repository/Login As CRMS/Page_Fintrak  Core Banking/button_Log In")): Object: 'Object Repository/Login As CRMS/Page_Fintrak  Core Banking/button_Log In' is clicked on

2021-11-23 16:09:27 - [MESSAGE][PASSED] - Object: 'Object Repository/Login As CRMS/Page_Fintrak  Core Banking/button_Log In' is clicked on

2021-11-23 16:09:27 - [TEST_STEP][PASSED] - click(findTestObject("Object Repository/Login As CRMS/Page_Fintrak  Core Banking/span_Credit")): Object: 'Object Repository/Login As CRMS/Page_Fintrak  Core Banking/span_Credit' is clicked on

2021-11-23 16:09:30 - [MESSAGE][PASSED] - Object: 'Object Repository/Login As CRMS/Page_Fintrak  Core Banking/span_Credit' is clicked on

2021-11-23 16:09:30 - [TEST_STEP][PASSED] - click(findTestObject("Object Repository/Login As CRMS/Page_Fintrak  Core Banking/span_Credit Origination")): Object: 'Object Repository/Login As CRMS/Page_Fintrak  Core Banking/span_Credit Origination' is clicked on

2021-11-23 16:09:30 - [MESSAGE][PASSED] - Object: 'Object Repository/Login As CRMS/Page_Fintrak  Core Banking/span_Credit Origination' is clicked on

2021-11-23 16:09:30 - [TEST_STEP][PASSED] - click(findTestObject("Object Repository/Login As CRMS/Page_Fintrak  Core Banking/span_Capture CRMS Code")): Object: 'Object Repository/Login As CRMS/Page_Fintrak  Core Banking/span_Capture CRMS Code' is clicked on

2021-11-23 16:09:31 - [MESSAGE][PASSED] - Object: 'Object Repository/Login As CRMS/Page_Fintrak  Core Banking/span_Capture CRMS Code' is clicked on

2021-11-23 16:09:31 - [TEST_STEP][PASSED] - click(findTestObject("Object Repository/Login As CRMS/Page_Fintrak  Core Banking/div_Status_ui-radiobutton-box ui-widget ui-_5ff151")): Object: 'Object Repository/Login As CRMS/Page_Fintrak  Core Banking/div_Status_ui-radiobutton-box ui-widget ui-_5ff151' is clicked on

2021-11-23 16:09:34 - [MESSAGE][PASSED] - Object: 'Object Repository/Login As CRMS/Page_Fintrak  Core Banking/div_Status_ui-radiobutton-box ui-widget ui-_5ff151' is clicked on

2021-11-23 16:09:34 - [TEST_STEP][FAILED] - click(findTestObject("Object Repository/Login As CRMS/Page_Fintrak  Core Banking/span_Capture CRMS Code")): Unable to click on object 'Object Repository/Login As CRMS/Page_Fintrak  Core Banking/span_Capture CRMS Code' (Root cause: com.kms.katalon.core.exception.StepFailedException: Unable to click on object 'Object Repository/Login As CRMS/Page_Fintrak  Core Banking/span_Capture CRMS Code'
	at com.kms.katalon.core.webui.keyword.internal.WebUIKeywordMain.stepFailed(WebUIKeywordMain.groovy:64)
	at com.kms.katalon.core.webui.keyword.internal.WebUIKeywordMain.runKeyword(WebUIKeywordMain.groovy:26)
	at com.kms.katalon.core.webui.keyword.builtin.ClickKeyword.click(ClickKeyword.groovy:75)
	at com.kms.katalon.core.webui.keyword.builtin.ClickKeyword.execute(ClickKeyword.groovy:42)
	at com.kms.katalon.core.keyword.internal.KeywordExecutor.executeKeywordForPlatform(KeywordExecutor.groovy:74)
	at com.kms.katalon.core.webui.keyword.WebUiBuiltInKeywords.click(WebUiBuiltInKeywords.groovy:620)
	at com.kms.katalon.core.webui.keyword.WebUiBuiltInKeywords$click$3.call(Unknown Source)
	at Login As CRMS.run(Login As CRMS:39)
	at com.kms.katalon.core.main.ScriptEngine.run(ScriptEngine.java:194)
	at com.kms.katalon.core.main.ScriptEngine.runScriptAsRawText(ScriptEngine.java:119)
	at com.kms.katalon.core.main.TestCaseExecutor.runScript(TestCaseExecutor.java:430)
	at com.kms.katalon.core.main.TestCaseExecutor.doExecute(TestCaseExecutor.java:421)
	at com.kms.katalon.core.main.TestCaseExecutor.processExecutionPhase(TestCaseExecutor.java:400)
	at com.kms.katalon.core.main.TestCaseExecutor.accessMainPhase(TestCaseExecutor.java:392)
	at com.kms.katalon.core.main.TestCaseExecutor.execute(TestCaseExecutor.java:273)
	at com.kms.katalon.core.main.TestCaseExecutor.execute(TestCaseExecutor.java:351)
	at com.kms.katalon.core.main.TestCaseExecutor.execute(TestCaseExecutor.java:351)
	at com.kms.katalon.core.main.TestCaseExecutor.execute(TestCaseExecutor.java:351)
	at com.kms.katalon.core.main.TestSuiteExecutor.accessTestCaseMainPhase(TestSuiteExecutor.java:202)
	at com.kms.katalon.core.main.TestSuiteExecutor.accessTestSuiteMainPhase(TestSuiteExecutor.java:164)
	at com.kms.katalon.core.main.TestSuiteExecutor.execute(TestSuiteExecutor.java:105)
	at com.kms.katalon.core.main.TestCaseMain.startTestSuite(TestCaseMain.java:185)
	at com.kms.katalon.core.main.TestCaseMain$startTestSuite$0.call(Unknown Source)
	at TempTestSuite1637676172355.run(TempTestSuite1637676172355.groovy:36)
Caused by: org.openqa.selenium.ElementNotInteractableException: element not interactable
  (Session info: chrome=95.0.4638.69)
Build info: version: '3.141.59', revision: 'e82be7d358', time: '2018-11-14T08:25:53'
System info: host: 'INAOBATAN', ip: '172.20.10.3', os.name: 'Windows 10', os.arch: 'amd64', os.version: '10.0', java.version: '1.8.0_282'
Driver info: com.kms.katalon.selenium.driver.CChromeDriver
Capabilities {acceptInsecureCerts: false, browserName: chrome, browserVersion: 95.0.4638.69, chrome: {chromedriverVersion: 95.0.4638.69 (6a1600ed572fe..., userDataDir: C:\Users\INAOBA~1.OLA\AppDa...}, goog:chromeOptions: {debuggerAddress: localhost:61019}, javascriptEnabled: true, networkConnectionEnabled: false, pageLoadStrategy: normal, platform: WINDOWS, platformName: WINDOWS, proxy: Proxy(), setWindowRect: true, strictFileInteractability: false, timeouts: {implicit: 0, pageLoad: 300000, script: 30000}, unhandledPromptBehavior: dismiss and notify, webauthn:extension:credBlob: true, webauthn:extension:largeBlob: true, webauthn:virtualAuthenticators: true}
Session ID: 8f3021c4e481ee605a54b0aa70eab284
	at org.openqa.selenium.remote.http.W3CHttpResponseCodec.createException(W3CHttpResponseCodec.java:187)
	at org.openqa.selenium.remote.http.W3CHttpResponseCodec.decode(W3CHttpResponseCodec.java:122)
	at org.openqa.selenium.remote.http.W3CHttpResponseCodec.decode(W3CHttpResponseCodec.java:49)
	at org.openqa.selenium.remote.HttpCommandExecutor.execute(HttpCommandExecutor.java:158)
	at org.openqa.selenium.remote.service.DriverCommandExecutor.execute(DriverCommandExecutor.java:83)
	at org.openqa.selenium.remote.RemoteWebDriver.execute(RemoteWebDriver.java:552)
	at com.kms.katalon.selenium.driver.CChromeDriver.execute(CChromeDriver.java:19)
	at org.openqa.selenium.remote.RemoteWebElement.execute(RemoteWebElement.java:285)
	at org.openqa.selenium.remote.RemoteWebElement.click(RemoteWebElement.java:84)
	at org.openqa.selenium.support.events.EventFiringWebDriver$EventFiringWebElement.lambda$new$0(EventFiringWebDriver.java:404)
	at com.sun.proxy.$Proxy11.click(Unknown Source)
	at org.openqa.selenium.support.events.EventFiringWebDriver$EventFiringWebElement.click(EventFiringWebDriver.java:417)
	at com.kms.katalon.core.webui.keyword.builtin.ClickKeyword$_click_closure1.doCall(ClickKeyword.groovy:68)
	at com.kms.katalon.core.webui.keyword.builtin.ClickKeyword$_click_closure1.call(ClickKeyword.groovy)
	at com.kms.katalon.core.webui.keyword.internal.WebUIKeywordMain.runKeyword(WebUIKeywordMain.groovy:20)
	at com.kms.katalon.core.webui.keyword.builtin.ClickKeyword.click(ClickKeyword.groovy:75)
	at com.kms.katalon.core.webui.keyword.builtin.ClickKeyword.execute(ClickKeyword.groovy:42)
	at com.kms.katalon.core.keyword.internal.KeywordExecutor.executeKeywordForPlatform(KeywordExecutor.groovy:74)
	at com.kms.katalon.core.webui.keyword.WebUiBuiltInKeywords.click(WebUiBuiltInKeywords.groovy:620)
	at com.kms.katalon.core.webui.keyword.WebUiBuiltInKeywords$click$3.call(Unknown Source)
	at Script1637659447348.run(Script1637659447348.groovy:39)
	... 16 more
)

2021-11-23 16:09:42 - [MESSAGE][FAILED] - Unable to click on object 'Object Repository/Login As CRMS/Page_Fintrak  Core Banking/span_Capture CRMS Code' (Root cause: com.kms.katalon.core.exception.StepFailedException: Unable to click on object 'Object Repository/Login As CRMS/Page_Fintrak  Core Banking/span_Capture CRMS Code'
	at com.kms.katalon.core.webui.keyword.internal.WebUIKeywordMain.stepFailed(WebUIKeywordMain.groovy:64)
	at com.kms.katalon.core.webui.keyword.internal.WebUIKeywordMain.runKeyword(WebUIKeywordMain.groovy:26)
	at com.kms.katalon.core.webui.keyword.builtin.ClickKeyword.click(ClickKeyword.groovy:75)
	at com.kms.katalon.core.webui.keyword.builtin.ClickKeyword.execute(ClickKeyword.groovy:42)
	at com.kms.katalon.core.keyword.internal.KeywordExecutor.executeKeywordForPlatform(KeywordExecutor.groovy:74)
	at com.kms.katalon.core.webui.keyword.WebUiBuiltInKeywords.click(WebUiBuiltInKeywords.groovy:620)
	at com.kms.katalon.core.webui.keyword.WebUiBuiltInKeywords$click$3.call(Unknown Source)
	at Login As CRMS.run(Login As CRMS:39)
	at com.kms.katalon.core.main.ScriptEngine.run(ScriptEngine.java:194)
	at com.kms.katalon.core.main.ScriptEngine.runScriptAsRawText(ScriptEngine.java:119)
	at com.kms.katalon.core.main.TestCaseExecutor.runScript(TestCaseExecutor.java:430)
	at com.kms.katalon.core.main.TestCaseExecutor.doExecute(TestCaseExecutor.java:421)
	at com.kms.katalon.core.main.TestCaseExecutor.processExecutionPhase(TestCaseExecutor.java:400)
	at com.kms.katalon.core.main.TestCaseExecutor.accessMainPhase(TestCaseExecutor.java:392)
	at com.kms.katalon.core.main.TestCaseExecutor.execute(TestCaseExecutor.java:273)
	at com.kms.katalon.core.main.TestCaseExecutor.execute(TestCaseExecutor.java:351)
	at com.kms.katalon.core.main.TestCaseExecutor.execute(TestCaseExecutor.java:351)
	at com.kms.katalon.core.main.TestCaseExecutor.execute(TestCaseExecutor.java:351)
	at com.kms.katalon.core.main.TestSuiteExecutor.accessTestCaseMainPhase(TestSuiteExecutor.java:202)
	at com.kms.katalon.core.main.TestSuiteExecutor.accessTestSuiteMainPhase(TestSuiteExecutor.java:164)
	at com.kms.katalon.core.main.TestSuiteExecutor.execute(TestSuiteExecutor.java:105)
	at com.kms.katalon.core.main.TestCaseMain.startTestSuite(TestCaseMain.java:185)
	at com.kms.katalon.core.main.TestCaseMain$startTestSuite$0.call(Unknown Source)
	at TempTestSuite1637676172355.run(TempTestSuite1637676172355.groovy:36)
Caused by: org.openqa.selenium.ElementNotInteractableException: element not interactable
  (Session info: chrome=95.0.4638.69)
Build info: version: '3.141.59', revision: 'e82be7d358', time: '2018-11-14T08:25:53'
System info: host: 'INAOBATAN', ip: '172.20.10.3', os.name: 'Windows 10', os.arch: 'amd64', os.version: '10.0', java.version: '1.8.0_282'
Driver info: com.kms.katalon.selenium.driver.CChromeDriver
Capabilities {acceptInsecureCerts: false, browserName: chrome, browserVersion: 95.0.4638.69, chrome: {chromedriverVersion: 95.0.4638.69 (6a1600ed572fe..., userDataDir: C:\Users\INAOBA~1.OLA\AppDa...}, goog:chromeOptions: {debuggerAddress: localhost:61019}, javascriptEnabled: true, networkConnectionEnabled: false, pageLoadStrategy: normal, platform: WINDOWS, platformName: WINDOWS, proxy: Proxy(), setWindowRect: true, strictFileInteractability: false, timeouts: {implicit: 0, pageLoad: 300000, script: 30000}, unhandledPromptBehavior: dismiss and notify, webauthn:extension:credBlob: true, webauthn:extension:largeBlob: true, webauthn:virtualAuthenticators: true}
Session ID: 8f3021c4e481ee605a54b0aa70eab284
	at org.openqa.selenium.remote.http.W3CHttpResponseCodec.createException(W3CHttpResponseCodec.java:187)
	at org.openqa.selenium.remote.http.W3CHttpResponseCodec.decode(W3CHttpResponseCodec.java:122)
	at org.openqa.selenium.remote.http.W3CHttpResponseCodec.decode(W3CHttpResponseCodec.java:49)
	at org.openqa.selenium.remote.HttpCommandExecutor.execute(HttpCommandExecutor.java:158)
	at org.openqa.selenium.remote.service.DriverCommandExecutor.execute(DriverCommandExecutor.java:83)
	at org.openqa.selenium.remote.RemoteWebDriver.execute(RemoteWebDriver.java:552)
	at com.kms.katalon.selenium.driver.CChromeDriver.execute(CChromeDriver.java:19)
	at org.openqa.selenium.remote.RemoteWebElement.execute(RemoteWebElement.java:285)
	at org.openqa.selenium.remote.RemoteWebElement.click(RemoteWebElement.java:84)
	at org.openqa.selenium.support.events.EventFiringWebDriver$EventFiringWebElement.lambda$new$0(EventFiringWebDriver.java:404)
	at com.sun.proxy.$Proxy11.click(Unknown Source)
	at org.openqa.selenium.support.events.EventFiringWebDriver$EventFiringWebElement.click(EventFiringWebDriver.java:417)
	at com.kms.katalon.core.webui.keyword.builtin.ClickKeyword$_click_closure1.doCall(ClickKeyword.groovy:68)
	at com.kms.katalon.core.webui.keyword.builtin.ClickKeyword$_click_closure1.call(ClickKeyword.groovy)
	at com.kms.katalon.core.webui.keyword.internal.WebUIKeywordMain.runKeyword(WebUIKeywordMain.groovy:20)
	at com.kms.katalon.core.webui.keyword.builtin.ClickKeyword.click(ClickKeyword.groovy:75)
	at com.kms.katalon.core.webui.keyword.builtin.ClickKeyword.execute(ClickKeyword.groovy:42)
	at com.kms.katalon.core.keyword.internal.KeywordExecutor.executeKeywordForPlatform(KeywordExecutor.groovy:74)
	at com.kms.katalon.core.webui.keyword.WebUiBuiltInKeywords.click(WebUiBuiltInKeywords.groovy:620)
	at com.kms.katalon.core.webui.keyword.WebUiBuiltInKeywords$click$3.call(Unknown Source)
	at Script1637659447348.run(Script1637659447348.groovy:39)
	... 16 more
)
[[ATTACHMENT|C:\\Users\\inaobatan.olawale\\Katalon Studio\\My First Web UI Project\\Reports\\20211123_150252\\FBN Credit360 LOS Operation\\LOS Operation\\20211123_150252\\1637680182248.png]]]]></system-out>
         <system-err><![CDATA[2021-11-23 16:09:16 - [TEST_CASE][FAILED] - Test Cases/FBN Credit360 LOS Opeartion/Login As CRMS: Test Cases/FBN Credit360 LOS Opeartion/Login As CRMS FAILED.
Reason:
com.kms.katalon.core.exception.StepFailedException: Unable to click on object 'Object Repository/Login As CRMS/Page_Fintrak  Core Banking/span_Capture CRMS Code'
	at com.kms.katalon.core.webui.keyword.internal.WebUIKeywordMain.stepFailed(WebUIKeywordMain.groovy:64)
	at com.kms.katalon.core.webui.keyword.internal.WebUIKeywordMain.runKeyword(WebUIKeywordMain.groovy:26)
	at com.kms.katalon.core.webui.keyword.builtin.ClickKeyword.click(ClickKeyword.groovy:75)
	at com.kms.katalon.core.webui.keyword.builtin.ClickKeyword.execute(ClickKeyword.groovy:42)
	at com.kms.katalon.core.keyword.internal.KeywordExecutor.executeKeywordForPlatform(KeywordExecutor.groovy:74)
	at com.kms.katalon.core.webui.keyword.WebUiBuiltInKeywords.click(WebUiBuiltInKeywords.groovy:620)
	at com.kms.katalon.core.webui.keyword.WebUiBuiltInKeywords$click$3.call(Unknown Source)
	at Login As CRMS.run(Login As CRMS:39)
	at com.kms.katalon.core.main.ScriptEngine.run(ScriptEngine.java:194)
	at com.kms.katalon.core.main.ScriptEngine.runScriptAsRawText(ScriptEngine.java:119)
	at com.kms.katalon.core.main.TestCaseExecutor.runScript(TestCaseExecutor.java:430)
	at com.kms.katalon.core.main.TestCaseExecutor.doExecute(TestCaseExecutor.java:421)
	at com.kms.katalon.core.main.TestCaseExecutor.processExecutionPhase(TestCaseExecutor.java:400)
	at com.kms.katalon.core.main.TestCaseExecutor.accessMainPhase(TestCaseExecutor.java:392)
	at com.kms.katalon.core.main.TestCaseExecutor.execute(TestCaseExecutor.java:273)
	at com.kms.katalon.core.main.TestCaseExecutor.execute(TestCaseExecutor.java:351)
	at com.kms.katalon.core.main.TestCaseExecutor.execute(TestCaseExecutor.java:351)
	at com.kms.katalon.core.main.TestCaseExecutor.execute(TestCaseExecutor.java:351)
	at com.kms.katalon.core.main.TestSuiteExecutor.accessTestCaseMainPhase(TestSuiteExecutor.java:202)
	at com.kms.katalon.core.main.TestSuiteExecutor.accessTestSuiteMainPhase(TestSuiteExecutor.java:164)
	at com.kms.katalon.core.main.TestSuiteExecutor.execute(TestSuiteExecutor.java:105)
	at com.kms.katalon.core.main.TestCaseMain.startTestSuite(TestCaseMain.java:185)
	at com.kms.katalon.core.main.TestCaseMain$startTestSuite$0.call(Unknown Source)
	at TempTestSuite1637676172355.run(TempTestSuite1637676172355.groovy:36)
Caused by: org.openqa.selenium.ElementNotInteractableException: element not interactable
  (Session info: chrome=95.0.4638.69)
Build info: version: '3.141.59', revision: 'e82be7d358', time: '2018-11-14T08:25:53'
System info: host: 'INAOBATAN', ip: '172.20.10.3', os.name: 'Windows 10', os.arch: 'amd64', os.version: '10.0', java.version: '1.8.0_282'
Driver info: com.kms.katalon.selenium.driver.CChromeDriver
Capabilities {acceptInsecureCerts: false, browserName: chrome, browserVersion: 95.0.4638.69, chrome: {chromedriverVersion: 95.0.4638.69 (6a1600ed572fe..., userDataDir: C:\Users\INAOBA~1.OLA\AppDa...}, goog:chromeOptions: {debuggerAddress: localhost:61019}, javascriptEnabled: true, networkConnectionEnabled: false, pageLoadStrategy: normal, platform: WINDOWS, platformName: WINDOWS, proxy: Proxy(), setWindowRect: true, strictFileInteractability: false, timeouts: {implicit: 0, pageLoad: 300000, script: 30000}, unhandledPromptBehavior: dismiss and notify, webauthn:extension:credBlob: true, webauthn:extension:largeBlob: true, webauthn:virtualAuthenticators: true}
Session ID: 8f3021c4e481ee605a54b0aa70eab284
	at org.openqa.selenium.remote.http.W3CHttpResponseCodec.createException(W3CHttpResponseCodec.java:187)
	at org.openqa.selenium.remote.http.W3CHttpResponseCodec.decode(W3CHttpResponseCodec.java:122)
	at org.openqa.selenium.remote.http.W3CHttpResponseCodec.decode(W3CHttpResponseCodec.java:49)
	at org.openqa.selenium.remote.HttpCommandExecutor.execute(HttpCommandExecutor.java:158)
	at org.openqa.selenium.remote.service.DriverCommandExecutor.execute(DriverCommandExecutor.java:83)
	at org.openqa.selenium.remote.RemoteWebDriver.execute(RemoteWebDriver.java:552)
	at com.kms.katalon.selenium.driver.CChromeDriver.execute(CChromeDriver.java:19)
	at org.openqa.selenium.remote.RemoteWebElement.execute(RemoteWebElement.java:285)
	at org.openqa.selenium.remote.RemoteWebElement.click(RemoteWebElement.java:84)
	at org.openqa.selenium.support.events.EventFiringWebDriver$EventFiringWebElement.lambda$new$0(EventFiringWebDriver.java:404)
	at com.sun.proxy.$Proxy11.click(Unknown Source)
	at org.openqa.selenium.support.events.EventFiringWebDriver$EventFiringWebElement.click(EventFiringWebDriver.java:417)
	at com.kms.katalon.core.webui.keyword.builtin.ClickKeyword$_click_closure1.doCall(ClickKeyword.groovy:68)
	at com.kms.katalon.core.webui.keyword.builtin.ClickKeyword$_click_closure1.call(ClickKeyword.groovy)
	at com.kms.katalon.core.webui.keyword.internal.WebUIKeywordMain.runKeyword(WebUIKeywordMain.groovy:20)
	... 22 more]]></system-err>
      </testcase>
      <testcase name="Test Cases/FBN Credit360 LOS Opeartion/Operation Re-Route" time="15.607" classname="Test Cases/FBN Credit360 LOS Opeartion/Operation Re-Route" status="FAILED">
         <failure type="FAILED" message="Test Cases/FBN Credit360 LOS Opeartion/Operation Re-Route FAILED.
Reason:
com.kms.katalon.core.exception.StepFailedException: Unable to click on object 'Object Repository/Operation Re-Route/Page_Fintrak  Core Banking/button_Display Route'
	at com.kms.katalon.core.webui.keyword.internal.WebUIKeywordMain.stepFailed(WebUIKeywordMain.groovy:64)
	at com.kms.katalon.core.webui.keyword.internal.WebUIKeywordMain.runKeyword(WebUIKeywordMain.groovy:26)
	at com.kms.katalon.core.webui.keyword.builtin.ClickKeyword.click(ClickKeyword.groovy:75)
	at com.kms.katalon.core.webui.keyword.builtin.ClickKeyword.execute(ClickKeyword.groovy:42)
	at com.kms.katalon.core.keyword.internal.KeywordExecutor.executeKeywordForPlatform(KeywordExecutor.groovy:74)
	at com.kms.katalon.core.webui.keyword.WebUiBuiltInKeywords.click(WebUiBuiltInKeywords.groovy:620)
	at com.kms.katalon.core.webui.keyword.WebUiBuiltInKeywords$click$3.call(Unknown Source)
	at Operation Re-Route.run(Operation Re-Route:38)
	at com.kms.katalon.core.main.ScriptEngine.run(ScriptEngine.java:194)
	at com.kms.katalon.core.main.ScriptEngine.runScriptAsRawText(ScriptEngine.java:119)
	at com.kms.katalon.core.main.TestCaseExecutor.runScript(TestCaseExecutor.java:430)
	at com.kms.katalon.core.main.TestCaseExecutor.doExecute(TestCaseExecutor.java:421)
	at com.kms.katalon.core.main.TestCaseExecutor.processExecutionPhase(TestCaseExecutor.java:400)
	at com.kms.katalon.core.main.TestCaseExecutor.accessMainPhase(TestCaseExecutor.java:392)
	at com.kms.katalon.core.main.TestCaseExecutor.execute(TestCaseExecutor.java:273)
	at com.kms.katalon.core.main.TestCaseExecutor.execute(TestCaseExecutor.java:351)
	at com.kms.katalon.core.main.TestCaseExecutor.execute(TestCaseExecutor.java:351)
	at com.kms.katalon.core.main.TestCaseExecutor.execute(TestCaseExecutor.java:351)
	at com.kms.katalon.core.main.TestSuiteExecutor.accessTestCaseMainPhase(TestSuiteExecutor.java:202)
	at com.kms.katalon.core.main.TestSuiteExecutor.accessTestSuiteMainPhase(TestSuiteExecutor.java:164)
	at com.kms.katalon.core.main.TestSuiteExecutor.execute(TestSuiteExecutor.java:105)
	at com.kms.katalon.core.main.TestCaseMain.startTestSuite(TestCaseMain.java:185)
	at com.kms.katalon.core.main.TestCaseMain$startTestSuite$0.call(Unknown Source)
	at TempTestSuite1637676172355.run(TempTestSuite1637676172355.groovy:36)
Caused by: org.openqa.selenium.ElementClickInterceptedException: element click intercepted: Element &lt;button class=&quot;pull-right ui-button ui-widget ui-state-default ui-corner-all ui-button-text-only&quot; label=&quot;Filter&quot; pbutton=&quot;&quot; type=&quot;button&quot;>...&lt;/button> is not clickable at point (969, 102). Other element would receive the click: &lt;div id=&quot;page-preloader&quot; style=&quot;display:block&quot; class=&quot;ng-tns-c0-0 ng-star-inserted&quot;>...&lt;/div>
  (Session info: chrome=95.0.4638.69)
Build info: version: '3.141.59', revision: 'e82be7d358', time: '2018-11-14T08:25:53'
System info: host: 'INAOBATAN', ip: '172.20.10.3', os.name: 'Windows 10', os.arch: 'amd64', os.version: '10.0', java.version: '1.8.0_282'
Driver info: com.kms.katalon.selenium.driver.CChromeDriver
Capabilities {acceptInsecureCerts: false, browserName: chrome, browserVersion: 95.0.4638.69, chrome: {chromedriverVersion: 95.0.4638.69 (6a1600ed572fe..., userDataDir: C:\Users\INAOBA~1.OLA\AppDa...}, goog:chromeOptions: {debuggerAddress: localhost:61118}, javascriptEnabled: true, networkConnectionEnabled: false, pageLoadStrategy: normal, platform: WINDOWS, platformName: WINDOWS, proxy: Proxy(), setWindowRect: true, strictFileInteractability: false, timeouts: {implicit: 0, pageLoad: 300000, script: 30000}, unhandledPromptBehavior: dismiss and notify, webauthn:extension:credBlob: true, webauthn:extension:largeBlob: true, webauthn:virtualAuthenticators: true}
Session ID: 4aa9d16b1ad097c728f51850878d4d06
	at org.openqa.selenium.remote.http.W3CHttpResponseCodec.createException(W3CHttpResponseCodec.java:187)
	at org.openqa.selenium.remote.http.W3CHttpResponseCodec.decode(W3CHttpResponseCodec.java:122)
	at org.openqa.selenium.remote.http.W3CHttpResponseCodec.decode(W3CHttpResponseCodec.java:49)
	at org.openqa.selenium.remote.HttpCommandExecutor.execute(HttpCommandExecutor.java:158)
	at org.openqa.selenium.remote.service.DriverCommandExecutor.execute(DriverCommandExecutor.java:83)
	at org.openqa.selenium.remote.RemoteWebDriver.execute(RemoteWebDriver.java:552)
	at com.kms.katalon.selenium.driver.CChromeDriver.execute(CChromeDriver.java:19)
	at org.openqa.selenium.remote.RemoteWebElement.execute(RemoteWebElement.java:285)
	at org.openqa.selenium.remote.RemoteWebElement.click(RemoteWebElement.java:84)
	at org.openqa.selenium.support.events.EventFiringWebDriver$EventFiringWebElement.lambda$new$0(EventFiringWebDriver.java:404)
	at com.sun.proxy.$Proxy11.click(Unknown Source)
	at org.openqa.selenium.support.events.EventFiringWebDriver$EventFiringWebElement.click(EventFiringWebDriver.java:417)
	at com.kms.katalon.core.webui.keyword.builtin.ClickKeyword$_click_closure1.doCall(ClickKeyword.groovy:68)
	at com.kms.katalon.core.webui.keyword.builtin.ClickKeyword$_click_closure1.call(ClickKeyword.groovy)
	at com.kms.katalon.core.webui.keyword.internal.WebUIKeywordMain.runKeyword(WebUIKeywordMain.groovy:20)
	... 22 more
"/>
         <system-out><![CDATA[2021-11-23 16:10:33 - [TEST_CASE][FAILED] - Test Cases/FBN Credit360 LOS Opeartion/Operation Re-Route: Test Cases/FBN Credit360 LOS Opeartion/Operation Re-Route FAILED.
Reason:
com.kms.katalon.core.exception.StepFailedException: Unable to click on object 'Object Repository/Operation Re-Route/Page_Fintrak  Core Banking/button_Display Route'
	at com.kms.katalon.core.webui.keyword.internal.WebUIKeywordMain.stepFailed(WebUIKeywordMain.groovy:64)
	at com.kms.katalon.core.webui.keyword.internal.WebUIKeywordMain.runKeyword(WebUIKeywordMain.groovy:26)
	at com.kms.katalon.core.webui.keyword.builtin.ClickKeyword.click(ClickKeyword.groovy:75)
	at com.kms.katalon.core.webui.keyword.builtin.ClickKeyword.execute(ClickKeyword.groovy:42)
	at com.kms.katalon.core.keyword.internal.KeywordExecutor.executeKeywordForPlatform(KeywordExecutor.groovy:74)
	at com.kms.katalon.core.webui.keyword.WebUiBuiltInKeywords.click(WebUiBuiltInKeywords.groovy:620)
	at com.kms.katalon.core.webui.keyword.WebUiBuiltInKeywords$click$3.call(Unknown Source)
	at Operation Re-Route.run(Operation Re-Route:38)
	at com.kms.katalon.core.main.ScriptEngine.run(ScriptEngine.java:194)
	at com.kms.katalon.core.main.ScriptEngine.runScriptAsRawText(ScriptEngine.java:119)
	at com.kms.katalon.core.main.TestCaseExecutor.runScript(TestCaseExecutor.java:430)
	at com.kms.katalon.core.main.TestCaseExecutor.doExecute(TestCaseExecutor.java:421)
	at com.kms.katalon.core.main.TestCaseExecutor.processExecutionPhase(TestCaseExecutor.java:400)
	at com.kms.katalon.core.main.TestCaseExecutor.accessMainPhase(TestCaseExecutor.java:392)
	at com.kms.katalon.core.main.TestCaseExecutor.execute(TestCaseExecutor.java:273)
	at com.kms.katalon.core.main.TestCaseExecutor.execute(TestCaseExecutor.java:351)
	at com.kms.katalon.core.main.TestCaseExecutor.execute(TestCaseExecutor.java:351)
	at com.kms.katalon.core.main.TestCaseExecutor.execute(TestCaseExecutor.java:351)
	at com.kms.katalon.core.main.TestSuiteExecutor.accessTestCaseMainPhase(TestSuiteExecutor.java:202)
	at com.kms.katalon.core.main.TestSuiteExecutor.accessTestSuiteMainPhase(TestSuiteExecutor.java:164)
	at com.kms.katalon.core.main.TestSuiteExecutor.execute(TestSuiteExecutor.java:105)
	at com.kms.katalon.core.main.TestCaseMain.startTestSuite(TestCaseMain.java:185)
	at com.kms.katalon.core.main.TestCaseMain$startTestSuite$0.call(Unknown Source)
	at TempTestSuite1637676172355.run(TempTestSuite1637676172355.groovy:36)
Caused by: org.openqa.selenium.ElementClickInterceptedException: element click intercepted: Element <button class="pull-right ui-button ui-widget ui-state-default ui-corner-all ui-button-text-only" label="Filter" pbutton="" type="button">...</button> is not clickable at point (969, 102). Other element would receive the click: <div id="page-preloader" style="display:block" class="ng-tns-c0-0 ng-star-inserted">...</div>
  (Session info: chrome=95.0.4638.69)
Build info: version: '3.141.59', revision: 'e82be7d358', time: '2018-11-14T08:25:53'
System info: host: 'INAOBATAN', ip: '172.20.10.3', os.name: 'Windows 10', os.arch: 'amd64', os.version: '10.0', java.version: '1.8.0_282'
Driver info: com.kms.katalon.selenium.driver.CChromeDriver
Capabilities {acceptInsecureCerts: false, browserName: chrome, browserVersion: 95.0.4638.69, chrome: {chromedriverVersion: 95.0.4638.69 (6a1600ed572fe..., userDataDir: C:\Users\INAOBA~1.OLA\AppDa...}, goog:chromeOptions: {debuggerAddress: localhost:61118}, javascriptEnabled: true, networkConnectionEnabled: false, pageLoadStrategy: normal, platform: WINDOWS, platformName: WINDOWS, proxy: Proxy(), setWindowRect: true, strictFileInteractability: false, timeouts: {implicit: 0, pageLoad: 300000, script: 30000}, unhandledPromptBehavior: dismiss and notify, webauthn:extension:credBlob: true, webauthn:extension:largeBlob: true, webauthn:virtualAuthenticators: true}
Session ID: 4aa9d16b1ad097c728f51850878d4d06
	at org.openqa.selenium.remote.http.W3CHttpResponseCodec.createException(W3CHttpResponseCodec.java:187)
	at org.openqa.selenium.remote.http.W3CHttpResponseCodec.decode(W3CHttpResponseCodec.java:122)
	at org.openqa.selenium.remote.http.W3CHttpResponseCodec.decode(W3CHttpResponseCodec.java:49)
	at org.openqa.selenium.remote.HttpCommandExecutor.execute(HttpCommandExecutor.java:158)
	at org.openqa.selenium.remote.service.DriverCommandExecutor.execute(DriverCommandExecutor.java:83)
	at org.openqa.selenium.remote.RemoteWebDriver.execute(RemoteWebDriver.java:552)
	at com.kms.katalon.selenium.driver.CChromeDriver.execute(CChromeDriver.java:19)
	at org.openqa.selenium.remote.RemoteWebElement.execute(RemoteWebElement.java:285)
	at org.openqa.selenium.remote.RemoteWebElement.click(RemoteWebElement.java:84)
	at org.openqa.selenium.support.events.EventFiringWebDriver$EventFiringWebElement.lambda$new$0(EventFiringWebDriver.java:404)
	at com.sun.proxy.$Proxy11.click(Unknown Source)
	at org.openqa.selenium.support.events.EventFiringWebDriver$EventFiringWebElement.click(EventFiringWebDriver.java:417)
	at com.kms.katalon.core.webui.keyword.builtin.ClickKeyword$_click_closure1.doCall(ClickKeyword.groovy:68)
	at com.kms.katalon.core.webui.keyword.builtin.ClickKeyword$_click_closure1.call(ClickKeyword.groovy)
	at com.kms.katalon.core.webui.keyword.internal.WebUIKeywordMain.runKeyword(WebUIKeywordMain.groovy:20)
	... 22 more


2021-11-23 16:10:33 - [TEST_STEP][PASSED] - openBrowser(""): Browser is opened with url: ''

2021-11-23 16:10:33 - [MESSAGE][WARNING] - A browser is already opened. Closing browser and opening a new one

2021-11-23 16:10:34 - [MESSAGE][INFO] - Starting 'Chrome' driver

2021-11-23 16:10:34 - [MESSAGE][INFO] - Action delay is set to 0 milliseconds

2021-11-23 16:10:35 - [MESSAGE][PASSED] - Browser is opened with url: ''

2021-11-23 16:10:35 - [TEST_STEP][PASSED] - navigateToUrl("https://fintrakcredit360web-fb.azurewebsites.net/#/"): Navigate to 'https://fintrakcredit360web-fb.azurewebsites.net/#/' successfully

2021-11-23 16:10:41 - [MESSAGE][PASSED] - Navigate to 'https://fintrakcredit360web-fb.azurewebsites.net/#/' successfully

2021-11-23 16:10:41 - [TEST_STEP][PASSED] - setText(findTestObject("Object Repository/Operation Re-Route/Page_Fintrak  Core Banking/input_Log In_auth-name"), "sn013884"): Text 'sn013884' is set on object 'Object Repository/Operation Re-Route/Page_Fintrak  Core Banking/input_Log In_auth-name'

2021-11-23 16:10:42 - [MESSAGE][PASSED] - Text 'sn013884' is set on object 'Object Repository/Operation Re-Route/Page_Fintrak  Core Banking/input_Log In_auth-name'

2021-11-23 16:10:42 - [TEST_STEP][PASSED] - setEncryptedText(findTestObject("Object Repository/Operation Re-Route/Page_Fintrak  Core Banking/input_Log In_auth-password"), "JltEQgaE0YE="): Text ****** has been set on object 'Object Repository/Operation Re-Route/Page_Fintrak  Core Banking/input_Log In_auth-password'

2021-11-23 16:10:42 - [MESSAGE][PASSED] - Text ****** has been set on object 'Object Repository/Operation Re-Route/Page_Fintrak  Core Banking/input_Log In_auth-password'

2021-11-23 16:10:42 - [TEST_STEP][PASSED] - click(findTestObject("Object Repository/Operation Re-Route/Page_Fintrak  Core Banking/button_Log In")): Object: 'Object Repository/Operation Re-Route/Page_Fintrak  Core Banking/button_Log In' is clicked on

2021-11-23 16:10:43 - [MESSAGE][PASSED] - Object: 'Object Repository/Operation Re-Route/Page_Fintrak  Core Banking/button_Log In' is clicked on

2021-11-23 16:10:43 - [TEST_STEP][PASSED] - click(findTestObject("Object Repository/Operation Re-Route/Page_Fintrak  Core Banking/span_Credit")): Object: 'Object Repository/Operation Re-Route/Page_Fintrak  Core Banking/span_Credit' is clicked on

2021-11-23 16:10:46 - [MESSAGE][PASSED] - Object: 'Object Repository/Operation Re-Route/Page_Fintrak  Core Banking/span_Credit' is clicked on

2021-11-23 16:10:46 - [TEST_STEP][PASSED] - click(findTestObject("Object Repository/Operation Re-Route/Page_Fintrak  Core Banking/span_Credit Origination")): Object: 'Object Repository/Operation Re-Route/Page_Fintrak  Core Banking/span_Credit Origination' is clicked on

2021-11-23 16:10:47 - [MESSAGE][PASSED] - Object: 'Object Repository/Operation Re-Route/Page_Fintrak  Core Banking/span_Credit Origination' is clicked on

2021-11-23 16:10:47 - [TEST_STEP][PASSED] - click(findTestObject("Object Repository/Operation Re-Route/Page_Fintrak  Core Banking/span_Booking")): Object: 'Object Repository/Operation Re-Route/Page_Fintrak  Core Banking/span_Booking' is clicked on

2021-11-23 16:10:47 - [MESSAGE][PASSED] - Object: 'Object Repository/Operation Re-Route/Page_Fintrak  Core Banking/span_Booking' is clicked on

2021-11-23 16:10:47 - [TEST_STEP][FAILED] - click(findTestObject("Object Repository/Operation Re-Route/Page_Fintrak  Core Banking/button_Display Route")): Unable to click on object 'Object Repository/Operation Re-Route/Page_Fintrak  Core Banking/button_Display Route' (Root cause: com.kms.katalon.core.exception.StepFailedException: Unable to click on object 'Object Repository/Operation Re-Route/Page_Fintrak  Core Banking/button_Display Route'
	at com.kms.katalon.core.webui.keyword.internal.WebUIKeywordMain.stepFailed(WebUIKeywordMain.groovy:64)
	at com.kms.katalon.core.webui.keyword.internal.WebUIKeywordMain.runKeyword(WebUIKeywordMain.groovy:26)
	at com.kms.katalon.core.webui.keyword.builtin.ClickKeyword.click(ClickKeyword.groovy:75)
	at com.kms.katalon.core.webui.keyword.builtin.ClickKeyword.execute(ClickKeyword.groovy:42)
	at com.kms.katalon.core.keyword.internal.KeywordExecutor.executeKeywordForPlatform(KeywordExecutor.groovy:74)
	at com.kms.katalon.core.webui.keyword.WebUiBuiltInKeywords.click(WebUiBuiltInKeywords.groovy:620)
	at com.kms.katalon.core.webui.keyword.WebUiBuiltInKeywords$click$3.call(Unknown Source)
	at Operation Re-Route.run(Operation Re-Route:38)
	at com.kms.katalon.core.main.ScriptEngine.run(ScriptEngine.java:194)
	at com.kms.katalon.core.main.ScriptEngine.runScriptAsRawText(ScriptEngine.java:119)
	at com.kms.katalon.core.main.TestCaseExecutor.runScript(TestCaseExecutor.java:430)
	at com.kms.katalon.core.main.TestCaseExecutor.doExecute(TestCaseExecutor.java:421)
	at com.kms.katalon.core.main.TestCaseExecutor.processExecutionPhase(TestCaseExecutor.java:400)
	at com.kms.katalon.core.main.TestCaseExecutor.accessMainPhase(TestCaseExecutor.java:392)
	at com.kms.katalon.core.main.TestCaseExecutor.execute(TestCaseExecutor.java:273)
	at com.kms.katalon.core.main.TestCaseExecutor.execute(TestCaseExecutor.java:351)
	at com.kms.katalon.core.main.TestCaseExecutor.execute(TestCaseExecutor.java:351)
	at com.kms.katalon.core.main.TestCaseExecutor.execute(TestCaseExecutor.java:351)
	at com.kms.katalon.core.main.TestSuiteExecutor.accessTestCaseMainPhase(TestSuiteExecutor.java:202)
	at com.kms.katalon.core.main.TestSuiteExecutor.accessTestSuiteMainPhase(TestSuiteExecutor.java:164)
	at com.kms.katalon.core.main.TestSuiteExecutor.execute(TestSuiteExecutor.java:105)
	at com.kms.katalon.core.main.TestCaseMain.startTestSuite(TestCaseMain.java:185)
	at com.kms.katalon.core.main.TestCaseMain$startTestSuite$0.call(Unknown Source)
	at TempTestSuite1637676172355.run(TempTestSuite1637676172355.groovy:36)
Caused by: org.openqa.selenium.ElementClickInterceptedException: element click intercepted: Element <button class="pull-right ui-button ui-widget ui-state-default ui-corner-all ui-button-text-only" label="Filter" pbutton="" type="button">...</button> is not clickable at point (969, 102). Other element would receive the click: <div id="page-preloader" style="display:block" class="ng-tns-c0-0 ng-star-inserted">...</div>
  (Session info: chrome=95.0.4638.69)
Build info: version: '3.141.59', revision: 'e82be7d358', time: '2018-11-14T08:25:53'
System info: host: 'INAOBATAN', ip: '172.20.10.3', os.name: 'Windows 10', os.arch: 'amd64', os.version: '10.0', java.version: '1.8.0_282'
Driver info: com.kms.katalon.selenium.driver.CChromeDriver
Capabilities {acceptInsecureCerts: false, browserName: chrome, browserVersion: 95.0.4638.69, chrome: {chromedriverVersion: 95.0.4638.69 (6a1600ed572fe..., userDataDir: C:\Users\INAOBA~1.OLA\AppDa...}, goog:chromeOptions: {debuggerAddress: localhost:61118}, javascriptEnabled: true, networkConnectionEnabled: false, pageLoadStrategy: normal, platform: WINDOWS, platformName: WINDOWS, proxy: Proxy(), setWindowRect: true, strictFileInteractability: false, timeouts: {implicit: 0, pageLoad: 300000, script: 30000}, unhandledPromptBehavior: dismiss and notify, webauthn:extension:credBlob: true, webauthn:extension:largeBlob: true, webauthn:virtualAuthenticators: true}
Session ID: 4aa9d16b1ad097c728f51850878d4d06
	at org.openqa.selenium.remote.http.W3CHttpResponseCodec.createException(W3CHttpResponseCodec.java:187)
	at org.openqa.selenium.remote.http.W3CHttpResponseCodec.decode(W3CHttpResponseCodec.java:122)
	at org.openqa.selenium.remote.http.W3CHttpResponseCodec.decode(W3CHttpResponseCodec.java:49)
	at org.openqa.selenium.remote.HttpCommandExecutor.execute(HttpCommandExecutor.java:158)
	at org.openqa.selenium.remote.service.DriverCommandExecutor.execute(DriverCommandExecutor.java:83)
	at org.openqa.selenium.remote.RemoteWebDriver.execute(RemoteWebDriver.java:552)
	at com.kms.katalon.selenium.driver.CChromeDriver.execute(CChromeDriver.java:19)
	at org.openqa.selenium.remote.RemoteWebElement.execute(RemoteWebElement.java:285)
	at org.openqa.selenium.remote.RemoteWebElement.click(RemoteWebElement.java:84)
	at org.openqa.selenium.support.events.EventFiringWebDriver$EventFiringWebElement.lambda$new$0(EventFiringWebDriver.java:404)
	at com.sun.proxy.$Proxy11.click(Unknown Source)
	at org.openqa.selenium.support.events.EventFiringWebDriver$EventFiringWebElement.click(EventFiringWebDriver.java:417)
	at com.kms.katalon.core.webui.keyword.builtin.ClickKeyword$_click_closure1.doCall(ClickKeyword.groovy:68)
	at com.kms.katalon.core.webui.keyword.builtin.ClickKeyword$_click_closure1.call(ClickKeyword.groovy)
	at com.kms.katalon.core.webui.keyword.internal.WebUIKeywordMain.runKeyword(WebUIKeywordMain.groovy:20)
	at com.kms.katalon.core.webui.keyword.builtin.ClickKeyword.click(ClickKeyword.groovy:75)
	at com.kms.katalon.core.webui.keyword.builtin.ClickKeyword.execute(ClickKeyword.groovy:42)
	at com.kms.katalon.core.keyword.internal.KeywordExecutor.executeKeywordForPlatform(KeywordExecutor.groovy:74)
	at com.kms.katalon.core.webui.keyword.WebUiBuiltInKeywords.click(WebUiBuiltInKeywords.groovy:620)
	at com.kms.katalon.core.webui.keyword.WebUiBuiltInKeywords$click$3.call(Unknown Source)
	at Script1637659447433.run(Script1637659447433.groovy:38)
	... 16 more
)

2021-11-23 16:10:49 - [MESSAGE][FAILED] - Unable to click on object 'Object Repository/Operation Re-Route/Page_Fintrak  Core Banking/button_Display Route' (Root cause: com.kms.katalon.core.exception.StepFailedException: Unable to click on object 'Object Repository/Operation Re-Route/Page_Fintrak  Core Banking/button_Display Route'
	at com.kms.katalon.core.webui.keyword.internal.WebUIKeywordMain.stepFailed(WebUIKeywordMain.groovy:64)
	at com.kms.katalon.core.webui.keyword.internal.WebUIKeywordMain.runKeyword(WebUIKeywordMain.groovy:26)
	at com.kms.katalon.core.webui.keyword.builtin.ClickKeyword.click(ClickKeyword.groovy:75)
	at com.kms.katalon.core.webui.keyword.builtin.ClickKeyword.execute(ClickKeyword.groovy:42)
	at com.kms.katalon.core.keyword.internal.KeywordExecutor.executeKeywordForPlatform(KeywordExecutor.groovy:74)
	at com.kms.katalon.core.webui.keyword.WebUiBuiltInKeywords.click(WebUiBuiltInKeywords.groovy:620)
	at com.kms.katalon.core.webui.keyword.WebUiBuiltInKeywords$click$3.call(Unknown Source)
	at Operation Re-Route.run(Operation Re-Route:38)
	at com.kms.katalon.core.main.ScriptEngine.run(ScriptEngine.java:194)
	at com.kms.katalon.core.main.ScriptEngine.runScriptAsRawText(ScriptEngine.java:119)
	at com.kms.katalon.core.main.TestCaseExecutor.runScript(TestCaseExecutor.java:430)
	at com.kms.katalon.core.main.TestCaseExecutor.doExecute(TestCaseExecutor.java:421)
	at com.kms.katalon.core.main.TestCaseExecutor.processExecutionPhase(TestCaseExecutor.java:400)
	at com.kms.katalon.core.main.TestCaseExecutor.accessMainPhase(TestCaseExecutor.java:392)
	at com.kms.katalon.core.main.TestCaseExecutor.execute(TestCaseExecutor.java:273)
	at com.kms.katalon.core.main.TestCaseExecutor.execute(TestCaseExecutor.java:351)
	at com.kms.katalon.core.main.TestCaseExecutor.execute(TestCaseExecutor.java:351)
	at com.kms.katalon.core.main.TestCaseExecutor.execute(TestCaseExecutor.java:351)
	at com.kms.katalon.core.main.TestSuiteExecutor.accessTestCaseMainPhase(TestSuiteExecutor.java:202)
	at com.kms.katalon.core.main.TestSuiteExecutor.accessTestSuiteMainPhase(TestSuiteExecutor.java:164)
	at com.kms.katalon.core.main.TestSuiteExecutor.execute(TestSuiteExecutor.java:105)
	at com.kms.katalon.core.main.TestCaseMain.startTestSuite(TestCaseMain.java:185)
	at com.kms.katalon.core.main.TestCaseMain$startTestSuite$0.call(Unknown Source)
	at TempTestSuite1637676172355.run(TempTestSuite1637676172355.groovy:36)
Caused by: org.openqa.selenium.ElementClickInterceptedException: element click intercepted: Element <button class="pull-right ui-button ui-widget ui-state-default ui-corner-all ui-button-text-only" label="Filter" pbutton="" type="button">...</button> is not clickable at point (969, 102). Other element would receive the click: <div id="page-preloader" style="display:block" class="ng-tns-c0-0 ng-star-inserted">...</div>
  (Session info: chrome=95.0.4638.69)
Build info: version: '3.141.59', revision: 'e82be7d358', time: '2018-11-14T08:25:53'
System info: host: 'INAOBATAN', ip: '172.20.10.3', os.name: 'Windows 10', os.arch: 'amd64', os.version: '10.0', java.version: '1.8.0_282'
Driver info: com.kms.katalon.selenium.driver.CChromeDriver
Capabilities {acceptInsecureCerts: false, browserName: chrome, browserVersion: 95.0.4638.69, chrome: {chromedriverVersion: 95.0.4638.69 (6a1600ed572fe..., userDataDir: C:\Users\INAOBA~1.OLA\AppDa...}, goog:chromeOptions: {debuggerAddress: localhost:61118}, javascriptEnabled: true, networkConnectionEnabled: false, pageLoadStrategy: normal, platform: WINDOWS, platformName: WINDOWS, proxy: Proxy(), setWindowRect: true, strictFileInteractability: false, timeouts: {implicit: 0, pageLoad: 300000, script: 30000}, unhandledPromptBehavior: dismiss and notify, webauthn:extension:credBlob: true, webauthn:extension:largeBlob: true, webauthn:virtualAuthenticators: true}
Session ID: 4aa9d16b1ad097c728f51850878d4d06
	at org.openqa.selenium.remote.http.W3CHttpResponseCodec.createException(W3CHttpResponseCodec.java:187)
	at org.openqa.selenium.remote.http.W3CHttpResponseCodec.decode(W3CHttpResponseCodec.java:122)
	at org.openqa.selenium.remote.http.W3CHttpResponseCodec.decode(W3CHttpResponseCodec.java:49)
	at org.openqa.selenium.remote.HttpCommandExecutor.execute(HttpCommandExecutor.java:158)
	at org.openqa.selenium.remote.service.DriverCommandExecutor.execute(DriverCommandExecutor.java:83)
	at org.openqa.selenium.remote.RemoteWebDriver.execute(RemoteWebDriver.java:552)
	at com.kms.katalon.selenium.driver.CChromeDriver.execute(CChromeDriver.java:19)
	at org.openqa.selenium.remote.RemoteWebElement.execute(RemoteWebElement.java:285)
	at org.openqa.selenium.remote.RemoteWebElement.click(RemoteWebElement.java:84)
	at org.openqa.selenium.support.events.EventFiringWebDriver$EventFiringWebElement.lambda$new$0(EventFiringWebDriver.java:404)
	at com.sun.proxy.$Proxy11.click(Unknown Source)
	at org.openqa.selenium.support.events.EventFiringWebDriver$EventFiringWebElement.click(EventFiringWebDriver.java:417)
	at com.kms.katalon.core.webui.keyword.builtin.ClickKeyword$_click_closure1.doCall(ClickKeyword.groovy:68)
	at com.kms.katalon.core.webui.keyword.builtin.ClickKeyword$_click_closure1.call(ClickKeyword.groovy)
	at com.kms.katalon.core.webui.keyword.internal.WebUIKeywordMain.runKeyword(WebUIKeywordMain.groovy:20)
	at com.kms.katalon.core.webui.keyword.builtin.ClickKeyword.click(ClickKeyword.groovy:75)
	at com.kms.katalon.core.webui.keyword.builtin.ClickKeyword.execute(ClickKeyword.groovy:42)
	at com.kms.katalon.core.keyword.internal.KeywordExecutor.executeKeywordForPlatform(KeywordExecutor.groovy:74)
	at com.kms.katalon.core.webui.keyword.WebUiBuiltInKeywords.click(WebUiBuiltInKeywords.groovy:620)
	at com.kms.katalon.core.webui.keyword.WebUiBuiltInKeywords$click$3.call(Unknown Source)
	at Script1637659447433.run(Script1637659447433.groovy:38)
	... 16 more
)
[[ATTACHMENT|C:\\Users\\inaobatan.olawale\\Katalon Studio\\My First Web UI Project\\Reports\\20211123_150252\\FBN Credit360 LOS Operation\\LOS Operation\\20211123_150252\\1637680249226.png]]]]></system-out>
         <system-err><![CDATA[2021-11-23 16:10:33 - [TEST_CASE][FAILED] - Test Cases/FBN Credit360 LOS Opeartion/Operation Re-Route: Test Cases/FBN Credit360 LOS Opeartion/Operation Re-Route FAILED.
Reason:
com.kms.katalon.core.exception.StepFailedException: Unable to click on object 'Object Repository/Operation Re-Route/Page_Fintrak  Core Banking/button_Display Route'
	at com.kms.katalon.core.webui.keyword.internal.WebUIKeywordMain.stepFailed(WebUIKeywordMain.groovy:64)
	at com.kms.katalon.core.webui.keyword.internal.WebUIKeywordMain.runKeyword(WebUIKeywordMain.groovy:26)
	at com.kms.katalon.core.webui.keyword.builtin.ClickKeyword.click(ClickKeyword.groovy:75)
	at com.kms.katalon.core.webui.keyword.builtin.ClickKeyword.execute(ClickKeyword.groovy:42)
	at com.kms.katalon.core.keyword.internal.KeywordExecutor.executeKeywordForPlatform(KeywordExecutor.groovy:74)
	at com.kms.katalon.core.webui.keyword.WebUiBuiltInKeywords.click(WebUiBuiltInKeywords.groovy:620)
	at com.kms.katalon.core.webui.keyword.WebUiBuiltInKeywords$click$3.call(Unknown Source)
	at Operation Re-Route.run(Operation Re-Route:38)
	at com.kms.katalon.core.main.ScriptEngine.run(ScriptEngine.java:194)
	at com.kms.katalon.core.main.ScriptEngine.runScriptAsRawText(ScriptEngine.java:119)
	at com.kms.katalon.core.main.TestCaseExecutor.runScript(TestCaseExecutor.java:430)
	at com.kms.katalon.core.main.TestCaseExecutor.doExecute(TestCaseExecutor.java:421)
	at com.kms.katalon.core.main.TestCaseExecutor.processExecutionPhase(TestCaseExecutor.java:400)
	at com.kms.katalon.core.main.TestCaseExecutor.accessMainPhase(TestCaseExecutor.java:392)
	at com.kms.katalon.core.main.TestCaseExecutor.execute(TestCaseExecutor.java:273)
	at com.kms.katalon.core.main.TestCaseExecutor.execute(TestCaseExecutor.java:351)
	at com.kms.katalon.core.main.TestCaseExecutor.execute(TestCaseExecutor.java:351)
	at com.kms.katalon.core.main.TestCaseExecutor.execute(TestCaseExecutor.java:351)
	at com.kms.katalon.core.main.TestSuiteExecutor.accessTestCaseMainPhase(TestSuiteExecutor.java:202)
	at com.kms.katalon.core.main.TestSuiteExecutor.accessTestSuiteMainPhase(TestSuiteExecutor.java:164)
	at com.kms.katalon.core.main.TestSuiteExecutor.execute(TestSuiteExecutor.java:105)
	at com.kms.katalon.core.main.TestCaseMain.startTestSuite(TestCaseMain.java:185)
	at com.kms.katalon.core.main.TestCaseMain$startTestSuite$0.call(Unknown Source)
	at TempTestSuite1637676172355.run(TempTestSuite1637676172355.groovy:36)
Caused by: org.openqa.selenium.ElementClickInterceptedException: element click intercepted: Element <button class="pull-right ui-button ui-widget ui-state-default ui-corner-all ui-button-text-only" label="Filter" pbutton="" type="button">...</button> is not clickable at point (969, 102). Other element would receive the click: <div id="page-preloader" style="display:block" class="ng-tns-c0-0 ng-star-inserted">...</div>
  (Session info: chrome=95.0.4638.69)
Build info: version: '3.141.59', revision: 'e82be7d358', time: '2018-11-14T08:25:53'
System info: host: 'INAOBATAN', ip: '172.20.10.3', os.name: 'Windows 10', os.arch: 'amd64', os.version: '10.0', java.version: '1.8.0_282'
Driver info: com.kms.katalon.selenium.driver.CChromeDriver
Capabilities {acceptInsecureCerts: false, browserName: chrome, browserVersion: 95.0.4638.69, chrome: {chromedriverVersion: 95.0.4638.69 (6a1600ed572fe..., userDataDir: C:\Users\INAOBA~1.OLA\AppDa...}, goog:chromeOptions: {debuggerAddress: localhost:61118}, javascriptEnabled: true, networkConnectionEnabled: false, pageLoadStrategy: normal, platform: WINDOWS, platformName: WINDOWS, proxy: Proxy(), setWindowRect: true, strictFileInteractability: false, timeouts: {implicit: 0, pageLoad: 300000, script: 30000}, unhandledPromptBehavior: dismiss and notify, webauthn:extension:credBlob: true, webauthn:extension:largeBlob: true, webauthn:virtualAuthenticators: true}
Session ID: 4aa9d16b1ad097c728f51850878d4d06
	at org.openqa.selenium.remote.http.W3CHttpResponseCodec.createException(W3CHttpResponseCodec.java:187)
	at org.openqa.selenium.remote.http.W3CHttpResponseCodec.decode(W3CHttpResponseCodec.java:122)
	at org.openqa.selenium.remote.http.W3CHttpResponseCodec.decode(W3CHttpResponseCodec.java:49)
	at org.openqa.selenium.remote.HttpCommandExecutor.execute(HttpCommandExecutor.java:158)
	at org.openqa.selenium.remote.service.DriverCommandExecutor.execute(DriverCommandExecutor.java:83)
	at org.openqa.selenium.remote.RemoteWebDriver.execute(RemoteWebDriver.java:552)
	at com.kms.katalon.selenium.driver.CChromeDriver.execute(CChromeDriver.java:19)
	at org.openqa.selenium.remote.RemoteWebElement.execute(RemoteWebElement.java:285)
	at org.openqa.selenium.remote.RemoteWebElement.click(RemoteWebElement.java:84)
	at org.openqa.selenium.support.events.EventFiringWebDriver$EventFiringWebElement.lambda$new$0(EventFiringWebDriver.java:404)
	at com.sun.proxy.$Proxy11.click(Unknown Source)
	at org.openqa.selenium.support.events.EventFiringWebDriver$EventFiringWebElement.click(EventFiringWebDriver.java:417)
	at com.kms.katalon.core.webui.keyword.builtin.ClickKeyword$_click_closure1.doCall(ClickKeyword.groovy:68)
	at com.kms.katalon.core.webui.keyword.builtin.ClickKeyword$_click_closure1.call(ClickKeyword.groovy)
	at com.kms.katalon.core.webui.keyword.internal.WebUIKeywordMain.runKeyword(WebUIKeywordMain.groovy:20)
	... 22 more]]></system-err>
      </testcase>
      <testcase name="Test Cases/FBN Credit360 LOS Opeartion/Login As Modifier" time="2.189" classname="Test Cases/FBN Credit360 LOS Opeartion/Login As Modifier" status="FAILED">
         <failure type="FAILED" message="Test Cases/FBN Credit360 LOS Opeartion/Login As Modifier FAILED.
Reason:
com.kms.katalon.core.exception.StepFailedException: Unable to navigate to 'https://fintrakcredit360web-fb.azurewebsites.net/#/'
	at com.kms.katalon.core.webui.keyword.internal.WebUIKeywordMain.stepFailed(WebUIKeywordMain.groovy:64)
	at com.kms.katalon.core.webui.keyword.internal.WebUIKeywordMain.runKeyword(WebUIKeywordMain.groovy:26)
	at com.kms.katalon.core.webui.keyword.builtin.NavigateToUrlKeyword.navigateToUrl(NavigateToUrlKeyword.groovy:83)
	at com.kms.katalon.core.webui.keyword.builtin.NavigateToUrlKeyword.execute(NavigateToUrlKeyword.groovy:67)
	at com.kms.katalon.core.keyword.internal.KeywordExecutor.executeKeywordForPlatform(KeywordExecutor.groovy:74)
	at com.kms.katalon.core.webui.keyword.WebUiBuiltInKeywords.navigateToUrl(WebUiBuiltInKeywords.groovy:187)
	at com.kms.katalon.core.webui.keyword.WebUiBuiltInKeywords$navigateToUrl$0.call(Unknown Source)
	at Login As Modifier.run(Login As Modifier:22)
	at com.kms.katalon.core.main.ScriptEngine.run(ScriptEngine.java:194)
	at com.kms.katalon.core.main.ScriptEngine.runScriptAsRawText(ScriptEngine.java:119)
	at com.kms.katalon.core.main.TestCaseExecutor.runScript(TestCaseExecutor.java:430)
	at com.kms.katalon.core.main.TestCaseExecutor.doExecute(TestCaseExecutor.java:421)
	at com.kms.katalon.core.main.TestCaseExecutor.processExecutionPhase(TestCaseExecutor.java:400)
	at com.kms.katalon.core.main.TestCaseExecutor.accessMainPhase(TestCaseExecutor.java:392)
	at com.kms.katalon.core.main.TestCaseExecutor.execute(TestCaseExecutor.java:273)
	at com.kms.katalon.core.main.TestCaseExecutor.execute(TestCaseExecutor.java:351)
	at com.kms.katalon.core.main.TestCaseExecutor.execute(TestCaseExecutor.java:351)
	at com.kms.katalon.core.main.TestCaseExecutor.execute(TestCaseExecutor.java:351)
	at com.kms.katalon.core.main.TestSuiteExecutor.accessTestCaseMainPhase(TestSuiteExecutor.java:202)
	at com.kms.katalon.core.main.TestSuiteExecutor.accessTestSuiteMainPhase(TestSuiteExecutor.java:164)
	at com.kms.katalon.core.main.TestSuiteExecutor.execute(TestSuiteExecutor.java:105)
	at com.kms.katalon.core.main.TestCaseMain.startTestSuite(TestCaseMain.java:185)
	at com.kms.katalon.core.main.TestCaseMain$startTestSuite$0.call(Unknown Source)
	at TempTestSuite1637676172355.run(TempTestSuite1637676172355.groovy:36)
Caused by: org.openqa.selenium.WebDriverException: unknown error: net::ERR_INTERNET_DISCONNECTED
  (Session info: chrome=95.0.4638.69)
Build info: version: '3.141.59', revision: 'e82be7d358', time: '2018-11-14T08:25:53'
System info: host: 'INAOBATAN', ip: '172.20.10.3', os.name: 'Windows 10', os.arch: 'amd64', os.version: '10.0', java.version: '1.8.0_282'
Driver info: com.kms.katalon.selenium.driver.CChromeDriver
Capabilities {acceptInsecureCerts: false, browserName: chrome, browserVersion: 95.0.4638.69, chrome: {chromedriverVersion: 95.0.4638.69 (6a1600ed572fe..., userDataDir: C:\Users\INAOBA~1.OLA\AppDa...}, goog:chromeOptions: {debuggerAddress: localhost:61231}, javascriptEnabled: true, networkConnectionEnabled: false, pageLoadStrategy: normal, platform: WINDOWS, platformName: WINDOWS, proxy: Proxy(), setWindowRect: true, strictFileInteractability: false, timeouts: {implicit: 0, pageLoad: 300000, script: 30000}, unhandledPromptBehavior: dismiss and notify, webauthn:extension:credBlob: true, webauthn:extension:largeBlob: true, webauthn:virtualAuthenticators: true}
Session ID: 1ccab68eaee034a069b0c57d34416324
	at org.openqa.selenium.remote.http.W3CHttpResponseCodec.createException(W3CHttpResponseCodec.java:187)
	at org.openqa.selenium.remote.http.W3CHttpResponseCodec.decode(W3CHttpResponseCodec.java:122)
	at org.openqa.selenium.remote.http.W3CHttpResponseCodec.decode(W3CHttpResponseCodec.java:49)
	at org.openqa.selenium.remote.HttpCommandExecutor.execute(HttpCommandExecutor.java:158)
	at org.openqa.selenium.remote.service.DriverCommandExecutor.execute(DriverCommandExecutor.java:83)
	at org.openqa.selenium.remote.RemoteWebDriver.execute(RemoteWebDriver.java:552)
	at com.kms.katalon.selenium.driver.CChromeDriver.execute(CChromeDriver.java:19)
	at org.openqa.selenium.remote.RemoteWebDriver.get(RemoteWebDriver.java:277)
	at org.openqa.selenium.remote.RemoteWebDriver$RemoteNavigation.to(RemoteWebDriver.java:857)
	at org.openqa.selenium.support.events.EventFiringWebDriver$EventFiringNavigation.to(EventFiringWebDriver.java:569)
	at com.kms.katalon.core.webui.keyword.builtin.NavigateToUrlKeyword$_navigateToUrl_closure1.doCall(NavigateToUrlKeyword.groovy:81)
	at com.kms.katalon.core.webui.keyword.builtin.NavigateToUrlKeyword$_navigateToUrl_closure1.call(NavigateToUrlKeyword.groovy)
	at com.kms.katalon.core.webui.keyword.internal.WebUIKeywordMain.runKeyword(WebUIKeywordMain.groovy:20)
	... 22 more
"/>
         <system-out><![CDATA[2021-11-23 16:16:43 - [TEST_CASE][FAILED] - Test Cases/FBN Credit360 LOS Opeartion/Login As Modifier: Test Cases/FBN Credit360 LOS Opeartion/Login As Modifier FAILED.
Reason:
com.kms.katalon.core.exception.StepFailedException: Unable to navigate to 'https://fintrakcredit360web-fb.azurewebsites.net/#/'
	at com.kms.katalon.core.webui.keyword.internal.WebUIKeywordMain.stepFailed(WebUIKeywordMain.groovy:64)
	at com.kms.katalon.core.webui.keyword.internal.WebUIKeywordMain.runKeyword(WebUIKeywordMain.groovy:26)
	at com.kms.katalon.core.webui.keyword.builtin.NavigateToUrlKeyword.navigateToUrl(NavigateToUrlKeyword.groovy:83)
	at com.kms.katalon.core.webui.keyword.builtin.NavigateToUrlKeyword.execute(NavigateToUrlKeyword.groovy:67)
	at com.kms.katalon.core.keyword.internal.KeywordExecutor.executeKeywordForPlatform(KeywordExecutor.groovy:74)
	at com.kms.katalon.core.webui.keyword.WebUiBuiltInKeywords.navigateToUrl(WebUiBuiltInKeywords.groovy:187)
	at com.kms.katalon.core.webui.keyword.WebUiBuiltInKeywords$navigateToUrl$0.call(Unknown Source)
	at Login As Modifier.run(Login As Modifier:22)
	at com.kms.katalon.core.main.ScriptEngine.run(ScriptEngine.java:194)
	at com.kms.katalon.core.main.ScriptEngine.runScriptAsRawText(ScriptEngine.java:119)
	at com.kms.katalon.core.main.TestCaseExecutor.runScript(TestCaseExecutor.java:430)
	at com.kms.katalon.core.main.TestCaseExecutor.doExecute(TestCaseExecutor.java:421)
	at com.kms.katalon.core.main.TestCaseExecutor.processExecutionPhase(TestCaseExecutor.java:400)
	at com.kms.katalon.core.main.TestCaseExecutor.accessMainPhase(TestCaseExecutor.java:392)
	at com.kms.katalon.core.main.TestCaseExecutor.execute(TestCaseExecutor.java:273)
	at com.kms.katalon.core.main.TestCaseExecutor.execute(TestCaseExecutor.java:351)
	at com.kms.katalon.core.main.TestCaseExecutor.execute(TestCaseExecutor.java:351)
	at com.kms.katalon.core.main.TestCaseExecutor.execute(TestCaseExecutor.java:351)
	at com.kms.katalon.core.main.TestSuiteExecutor.accessTestCaseMainPhase(TestSuiteExecutor.java:202)
	at com.kms.katalon.core.main.TestSuiteExecutor.accessTestSuiteMainPhase(TestSuiteExecutor.java:164)
	at com.kms.katalon.core.main.TestSuiteExecutor.execute(TestSuiteExecutor.java:105)
	at com.kms.katalon.core.main.TestCaseMain.startTestSuite(TestCaseMain.java:185)
	at com.kms.katalon.core.main.TestCaseMain$startTestSuite$0.call(Unknown Source)
	at TempTestSuite1637676172355.run(TempTestSuite1637676172355.groovy:36)
Caused by: org.openqa.selenium.WebDriverException: unknown error: net::ERR_INTERNET_DISCONNECTED
  (Session info: chrome=95.0.4638.69)
Build info: version: '3.141.59', revision: 'e82be7d358', time: '2018-11-14T08:25:53'
System info: host: 'INAOBATAN', ip: '172.20.10.3', os.name: 'Windows 10', os.arch: 'amd64', os.version: '10.0', java.version: '1.8.0_282'
Driver info: com.kms.katalon.selenium.driver.CChromeDriver
Capabilities {acceptInsecureCerts: false, browserName: chrome, browserVersion: 95.0.4638.69, chrome: {chromedriverVersion: 95.0.4638.69 (6a1600ed572fe..., userDataDir: C:\Users\INAOBA~1.OLA\AppDa...}, goog:chromeOptions: {debuggerAddress: localhost:61231}, javascriptEnabled: true, networkConnectionEnabled: false, pageLoadStrategy: normal, platform: WINDOWS, platformName: WINDOWS, proxy: Proxy(), setWindowRect: true, strictFileInteractability: false, timeouts: {implicit: 0, pageLoad: 300000, script: 30000}, unhandledPromptBehavior: dismiss and notify, webauthn:extension:credBlob: true, webauthn:extension:largeBlob: true, webauthn:virtualAuthenticators: true}
Session ID: 1ccab68eaee034a069b0c57d34416324
	at org.openqa.selenium.remote.http.W3CHttpResponseCodec.createException(W3CHttpResponseCodec.java:187)
	at org.openqa.selenium.remote.http.W3CHttpResponseCodec.decode(W3CHttpResponseCodec.java:122)
	at org.openqa.selenium.remote.http.W3CHttpResponseCodec.decode(W3CHttpResponseCodec.java:49)
	at org.openqa.selenium.remote.HttpCommandExecutor.execute(HttpCommandExecutor.java:158)
	at org.openqa.selenium.remote.service.DriverCommandExecutor.execute(DriverCommandExecutor.java:83)
	at org.openqa.selenium.remote.RemoteWebDriver.execute(RemoteWebDriver.java:552)
	at com.kms.katalon.selenium.driver.CChromeDriver.execute(CChromeDriver.java:19)
	at org.openqa.selenium.remote.RemoteWebDriver.get(RemoteWebDriver.java:277)
	at org.openqa.selenium.remote.RemoteWebDriver$RemoteNavigation.to(RemoteWebDriver.java:857)
	at org.openqa.selenium.support.events.EventFiringWebDriver$EventFiringNavigation.to(EventFiringWebDriver.java:569)
	at com.kms.katalon.core.webui.keyword.builtin.NavigateToUrlKeyword$_navigateToUrl_closure1.doCall(NavigateToUrlKeyword.groovy:81)
	at com.kms.katalon.core.webui.keyword.builtin.NavigateToUrlKeyword$_navigateToUrl_closure1.call(NavigateToUrlKeyword.groovy)
	at com.kms.katalon.core.webui.keyword.internal.WebUIKeywordMain.runKeyword(WebUIKeywordMain.groovy:20)
	... 22 more


2021-11-23 16:16:43 - [TEST_STEP][PASSED] - openBrowser(""): Browser is opened with url: ''

2021-11-23 16:16:43 - [MESSAGE][WARNING] - A browser is already opened. Closing browser and opening a new one

2021-11-23 16:16:44 - [MESSAGE][INFO] - Starting 'Chrome' driver

2021-11-23 16:16:44 - [MESSAGE][INFO] - Action delay is set to 0 milliseconds

2021-11-23 16:16:45 - [MESSAGE][PASSED] - Browser is opened with url: ''

2021-11-23 16:16:45 - [TEST_STEP][FAILED] - navigateToUrl("https://fintrakcredit360web-fb.azurewebsites.net/#/"): Unable to navigate to 'https://fintrakcredit360web-fb.azurewebsites.net/#/' (Root cause: com.kms.katalon.core.exception.StepFailedException: Unable to navigate to 'https://fintrakcredit360web-fb.azurewebsites.net/#/'
	at com.kms.katalon.core.webui.keyword.internal.WebUIKeywordMain.stepFailed(WebUIKeywordMain.groovy:64)
	at com.kms.katalon.core.webui.keyword.internal.WebUIKeywordMain.runKeyword(WebUIKeywordMain.groovy:26)
	at com.kms.katalon.core.webui.keyword.builtin.NavigateToUrlKeyword.navigateToUrl(NavigateToUrlKeyword.groovy:83)
	at com.kms.katalon.core.webui.keyword.builtin.NavigateToUrlKeyword.execute(NavigateToUrlKeyword.groovy:67)
	at com.kms.katalon.core.keyword.internal.KeywordExecutor.executeKeywordForPlatform(KeywordExecutor.groovy:74)
	at com.kms.katalon.core.webui.keyword.WebUiBuiltInKeywords.navigateToUrl(WebUiBuiltInKeywords.groovy:187)
	at com.kms.katalon.core.webui.keyword.WebUiBuiltInKeywords$navigateToUrl$0.call(Unknown Source)
	at Login As Modifier.run(Login As Modifier:22)
	at com.kms.katalon.core.main.ScriptEngine.run(ScriptEngine.java:194)
	at com.kms.katalon.core.main.ScriptEngine.runScriptAsRawText(ScriptEngine.java:119)
	at com.kms.katalon.core.main.TestCaseExecutor.runScript(TestCaseExecutor.java:430)
	at com.kms.katalon.core.main.TestCaseExecutor.doExecute(TestCaseExecutor.java:421)
	at com.kms.katalon.core.main.TestCaseExecutor.processExecutionPhase(TestCaseExecutor.java:400)
	at com.kms.katalon.core.main.TestCaseExecutor.accessMainPhase(TestCaseExecutor.java:392)
	at com.kms.katalon.core.main.TestCaseExecutor.execute(TestCaseExecutor.java:273)
	at com.kms.katalon.core.main.TestCaseExecutor.execute(TestCaseExecutor.java:351)
	at com.kms.katalon.core.main.TestCaseExecutor.execute(TestCaseExecutor.java:351)
	at com.kms.katalon.core.main.TestCaseExecutor.execute(TestCaseExecutor.java:351)
	at com.kms.katalon.core.main.TestSuiteExecutor.accessTestCaseMainPhase(TestSuiteExecutor.java:202)
	at com.kms.katalon.core.main.TestSuiteExecutor.accessTestSuiteMainPhase(TestSuiteExecutor.java:164)
	at com.kms.katalon.core.main.TestSuiteExecutor.execute(TestSuiteExecutor.java:105)
	at com.kms.katalon.core.main.TestCaseMain.startTestSuite(TestCaseMain.java:185)
	at com.kms.katalon.core.main.TestCaseMain$startTestSuite$0.call(Unknown Source)
	at TempTestSuite1637676172355.run(TempTestSuite1637676172355.groovy:36)
Caused by: org.openqa.selenium.WebDriverException: unknown error: net::ERR_INTERNET_DISCONNECTED
  (Session info: chrome=95.0.4638.69)
Build info: version: '3.141.59', revision: 'e82be7d358', time: '2018-11-14T08:25:53'
System info: host: 'INAOBATAN', ip: '172.20.10.3', os.name: 'Windows 10', os.arch: 'amd64', os.version: '10.0', java.version: '1.8.0_282'
Driver info: com.kms.katalon.selenium.driver.CChromeDriver
Capabilities {acceptInsecureCerts: false, browserName: chrome, browserVersion: 95.0.4638.69, chrome: {chromedriverVersion: 95.0.4638.69 (6a1600ed572fe..., userDataDir: C:\Users\INAOBA~1.OLA\AppDa...}, goog:chromeOptions: {debuggerAddress: localhost:61231}, javascriptEnabled: true, networkConnectionEnabled: false, pageLoadStrategy: normal, platform: WINDOWS, platformName: WINDOWS, proxy: Proxy(), setWindowRect: true, strictFileInteractability: false, timeouts: {implicit: 0, pageLoad: 300000, script: 30000}, unhandledPromptBehavior: dismiss and notify, webauthn:extension:credBlob: true, webauthn:extension:largeBlob: true, webauthn:virtualAuthenticators: true}
Session ID: 1ccab68eaee034a069b0c57d34416324
	at org.openqa.selenium.remote.http.W3CHttpResponseCodec.createException(W3CHttpResponseCodec.java:187)
	at org.openqa.selenium.remote.http.W3CHttpResponseCodec.decode(W3CHttpResponseCodec.java:122)
	at org.openqa.selenium.remote.http.W3CHttpResponseCodec.decode(W3CHttpResponseCodec.java:49)
	at org.openqa.selenium.remote.HttpCommandExecutor.execute(HttpCommandExecutor.java:158)
	at org.openqa.selenium.remote.service.DriverCommandExecutor.execute(DriverCommandExecutor.java:83)
	at org.openqa.selenium.remote.RemoteWebDriver.execute(RemoteWebDriver.java:552)
	at com.kms.katalon.selenium.driver.CChromeDriver.execute(CChromeDriver.java:19)
	at org.openqa.selenium.remote.RemoteWebDriver.get(RemoteWebDriver.java:277)
	at org.openqa.selenium.remote.RemoteWebDriver$RemoteNavigation.to(RemoteWebDriver.java:857)
	at org.openqa.selenium.support.events.EventFiringWebDriver$EventFiringNavigation.to(EventFiringWebDriver.java:569)
	at com.kms.katalon.core.webui.keyword.builtin.NavigateToUrlKeyword$_navigateToUrl_closure1.doCall(NavigateToUrlKeyword.groovy:81)
	at com.kms.katalon.core.webui.keyword.builtin.NavigateToUrlKeyword$_navigateToUrl_closure1.call(NavigateToUrlKeyword.groovy)
	at com.kms.katalon.core.webui.keyword.internal.WebUIKeywordMain.runKeyword(WebUIKeywordMain.groovy:20)
	at com.kms.katalon.core.webui.keyword.builtin.NavigateToUrlKeyword.navigateToUrl(NavigateToUrlKeyword.groovy:83)
	at com.kms.katalon.core.webui.keyword.builtin.NavigateToUrlKeyword.execute(NavigateToUrlKeyword.groovy:67)
	at com.kms.katalon.core.keyword.internal.KeywordExecutor.executeKeywordForPlatform(KeywordExecutor.groovy:74)
	at com.kms.katalon.core.webui.keyword.WebUiBuiltInKeywords.navigateToUrl(WebUiBuiltInKeywords.groovy:187)
	at com.kms.katalon.core.webui.keyword.WebUiBuiltInKeywords$navigateToUrl$0.call(Unknown Source)
	at Script1637659447401.run(Script1637659447401.groovy:22)
	... 16 more
)

2021-11-23 16:16:45 - [MESSAGE][FAILED] - Unable to navigate to 'https://fintrakcredit360web-fb.azurewebsites.net/#/' (Root cause: com.kms.katalon.core.exception.StepFailedException: Unable to navigate to 'https://fintrakcredit360web-fb.azurewebsites.net/#/'
	at com.kms.katalon.core.webui.keyword.internal.WebUIKeywordMain.stepFailed(WebUIKeywordMain.groovy:64)
	at com.kms.katalon.core.webui.keyword.internal.WebUIKeywordMain.runKeyword(WebUIKeywordMain.groovy:26)
	at com.kms.katalon.core.webui.keyword.builtin.NavigateToUrlKeyword.navigateToUrl(NavigateToUrlKeyword.groovy:83)
	at com.kms.katalon.core.webui.keyword.builtin.NavigateToUrlKeyword.execute(NavigateToUrlKeyword.groovy:67)
	at com.kms.katalon.core.keyword.internal.KeywordExecutor.executeKeywordForPlatform(KeywordExecutor.groovy:74)
	at com.kms.katalon.core.webui.keyword.WebUiBuiltInKeywords.navigateToUrl(WebUiBuiltInKeywords.groovy:187)
	at com.kms.katalon.core.webui.keyword.WebUiBuiltInKeywords$navigateToUrl$0.call(Unknown Source)
	at Login As Modifier.run(Login As Modifier:22)
	at com.kms.katalon.core.main.ScriptEngine.run(ScriptEngine.java:194)
	at com.kms.katalon.core.main.ScriptEngine.runScriptAsRawText(ScriptEngine.java:119)
	at com.kms.katalon.core.main.TestCaseExecutor.runScript(TestCaseExecutor.java:430)
	at com.kms.katalon.core.main.TestCaseExecutor.doExecute(TestCaseExecutor.java:421)
	at com.kms.katalon.core.main.TestCaseExecutor.processExecutionPhase(TestCaseExecutor.java:400)
	at com.kms.katalon.core.main.TestCaseExecutor.accessMainPhase(TestCaseExecutor.java:392)
	at com.kms.katalon.core.main.TestCaseExecutor.execute(TestCaseExecutor.java:273)
	at com.kms.katalon.core.main.TestCaseExecutor.execute(TestCaseExecutor.java:351)
	at com.kms.katalon.core.main.TestCaseExecutor.execute(TestCaseExecutor.java:351)
	at com.kms.katalon.core.main.TestCaseExecutor.execute(TestCaseExecutor.java:351)
	at com.kms.katalon.core.main.TestSuiteExecutor.accessTestCaseMainPhase(TestSuiteExecutor.java:202)
	at com.kms.katalon.core.main.TestSuiteExecutor.accessTestSuiteMainPhase(TestSuiteExecutor.java:164)
	at com.kms.katalon.core.main.TestSuiteExecutor.execute(TestSuiteExecutor.java:105)
	at com.kms.katalon.core.main.TestCaseMain.startTestSuite(TestCaseMain.java:185)
	at com.kms.katalon.core.main.TestCaseMain$startTestSuite$0.call(Unknown Source)
	at TempTestSuite1637676172355.run(TempTestSuite1637676172355.groovy:36)
Caused by: org.openqa.selenium.WebDriverException: unknown error: net::ERR_INTERNET_DISCONNECTED
  (Session info: chrome=95.0.4638.69)
Build info: version: '3.141.59', revision: 'e82be7d358', time: '2018-11-14T08:25:53'
System info: host: 'INAOBATAN', ip: '172.20.10.3', os.name: 'Windows 10', os.arch: 'amd64', os.version: '10.0', java.version: '1.8.0_282'
Driver info: com.kms.katalon.selenium.driver.CChromeDriver
Capabilities {acceptInsecureCerts: false, browserName: chrome, browserVersion: 95.0.4638.69, chrome: {chromedriverVersion: 95.0.4638.69 (6a1600ed572fe..., userDataDir: C:\Users\INAOBA~1.OLA\AppDa...}, goog:chromeOptions: {debuggerAddress: localhost:61231}, javascriptEnabled: true, networkConnectionEnabled: false, pageLoadStrategy: normal, platform: WINDOWS, platformName: WINDOWS, proxy: Proxy(), setWindowRect: true, strictFileInteractability: false, timeouts: {implicit: 0, pageLoad: 300000, script: 30000}, unhandledPromptBehavior: dismiss and notify, webauthn:extension:credBlob: true, webauthn:extension:largeBlob: true, webauthn:virtualAuthenticators: true}
Session ID: 1ccab68eaee034a069b0c57d34416324
	at org.openqa.selenium.remote.http.W3CHttpResponseCodec.createException(W3CHttpResponseCodec.java:187)
	at org.openqa.selenium.remote.http.W3CHttpResponseCodec.decode(W3CHttpResponseCodec.java:122)
	at org.openqa.selenium.remote.http.W3CHttpResponseCodec.decode(W3CHttpResponseCodec.java:49)
	at org.openqa.selenium.remote.HttpCommandExecutor.execute(HttpCommandExecutor.java:158)
	at org.openqa.selenium.remote.service.DriverCommandExecutor.execute(DriverCommandExecutor.java:83)
	at org.openqa.selenium.remote.RemoteWebDriver.execute(RemoteWebDriver.java:552)
	at com.kms.katalon.selenium.driver.CChromeDriver.execute(CChromeDriver.java:19)
	at org.openqa.selenium.remote.RemoteWebDriver.get(RemoteWebDriver.java:277)
	at org.openqa.selenium.remote.RemoteWebDriver$RemoteNavigation.to(RemoteWebDriver.java:857)
	at org.openqa.selenium.support.events.EventFiringWebDriver$EventFiringNavigation.to(EventFiringWebDriver.java:569)
	at com.kms.katalon.core.webui.keyword.builtin.NavigateToUrlKeyword$_navigateToUrl_closure1.doCall(NavigateToUrlKeyword.groovy:81)
	at com.kms.katalon.core.webui.keyword.builtin.NavigateToUrlKeyword$_navigateToUrl_closure1.call(NavigateToUrlKeyword.groovy)
	at com.kms.katalon.core.webui.keyword.internal.WebUIKeywordMain.runKeyword(WebUIKeywordMain.groovy:20)
	at com.kms.katalon.core.webui.keyword.builtin.NavigateToUrlKeyword.navigateToUrl(NavigateToUrlKeyword.groovy:83)
	at com.kms.katalon.core.webui.keyword.builtin.NavigateToUrlKeyword.execute(NavigateToUrlKeyword.groovy:67)
	at com.kms.katalon.core.keyword.internal.KeywordExecutor.executeKeywordForPlatform(KeywordExecutor.groovy:74)
	at com.kms.katalon.core.webui.keyword.WebUiBuiltInKeywords.navigateToUrl(WebUiBuiltInKeywords.groovy:187)
	at com.kms.katalon.core.webui.keyword.WebUiBuiltInKeywords$navigateToUrl$0.call(Unknown Source)
	at Script1637659447401.run(Script1637659447401.groovy:22)
	... 16 more
)
[[ATTACHMENT|C:\\Users\\inaobatan.olawale\\Katalon Studio\\My First Web UI Project\\Reports\\20211123_150252\\FBN Credit360 LOS Operation\\LOS Operation\\20211123_150252\\1637680605747.png]]]]></system-out>
         <system-err><![CDATA[2021-11-23 16:16:43 - [TEST_CASE][FAILED] - Test Cases/FBN Credit360 LOS Opeartion/Login As Modifier: Test Cases/FBN Credit360 LOS Opeartion/Login As Modifier FAILED.
Reason:
com.kms.katalon.core.exception.StepFailedException: Unable to navigate to 'https://fintrakcredit360web-fb.azurewebsites.net/#/'
	at com.kms.katalon.core.webui.keyword.internal.WebUIKeywordMain.stepFailed(WebUIKeywordMain.groovy:64)
	at com.kms.katalon.core.webui.keyword.internal.WebUIKeywordMain.runKeyword(WebUIKeywordMain.groovy:26)
	at com.kms.katalon.core.webui.keyword.builtin.NavigateToUrlKeyword.navigateToUrl(NavigateToUrlKeyword.groovy:83)
	at com.kms.katalon.core.webui.keyword.builtin.NavigateToUrlKeyword.execute(NavigateToUrlKeyword.groovy:67)
	at com.kms.katalon.core.keyword.internal.KeywordExecutor.executeKeywordForPlatform(KeywordExecutor.groovy:74)
	at com.kms.katalon.core.webui.keyword.WebUiBuiltInKeywords.navigateToUrl(WebUiBuiltInKeywords.groovy:187)
	at com.kms.katalon.core.webui.keyword.WebUiBuiltInKeywords$navigateToUrl$0.call(Unknown Source)
	at Login As Modifier.run(Login As Modifier:22)
	at com.kms.katalon.core.main.ScriptEngine.run(ScriptEngine.java:194)
	at com.kms.katalon.core.main.ScriptEngine.runScriptAsRawText(ScriptEngine.java:119)
	at com.kms.katalon.core.main.TestCaseExecutor.runScript(TestCaseExecutor.java:430)
	at com.kms.katalon.core.main.TestCaseExecutor.doExecute(TestCaseExecutor.java:421)
	at com.kms.katalon.core.main.TestCaseExecutor.processExecutionPhase(TestCaseExecutor.java:400)
	at com.kms.katalon.core.main.TestCaseExecutor.accessMainPhase(TestCaseExecutor.java:392)
	at com.kms.katalon.core.main.TestCaseExecutor.execute(TestCaseExecutor.java:273)
	at com.kms.katalon.core.main.TestCaseExecutor.execute(TestCaseExecutor.java:351)
	at com.kms.katalon.core.main.TestCaseExecutor.execute(TestCaseExecutor.java:351)
	at com.kms.katalon.core.main.TestCaseExecutor.execute(TestCaseExecutor.java:351)
	at com.kms.katalon.core.main.TestSuiteExecutor.accessTestCaseMainPhase(TestSuiteExecutor.java:202)
	at com.kms.katalon.core.main.TestSuiteExecutor.accessTestSuiteMainPhase(TestSuiteExecutor.java:164)
	at com.kms.katalon.core.main.TestSuiteExecutor.execute(TestSuiteExecutor.java:105)
	at com.kms.katalon.core.main.TestCaseMain.startTestSuite(TestCaseMain.java:185)
	at com.kms.katalon.core.main.TestCaseMain$startTestSuite$0.call(Unknown Source)
	at TempTestSuite1637676172355.run(TempTestSuite1637676172355.groovy:36)
Caused by: org.openqa.selenium.WebDriverException: unknown error: net::ERR_INTERNET_DISCONNECTED
  (Session info: chrome=95.0.4638.69)
Build info: version: '3.141.59', revision: 'e82be7d358', time: '2018-11-14T08:25:53'
System info: host: 'INAOBATAN', ip: '172.20.10.3', os.name: 'Windows 10', os.arch: 'amd64', os.version: '10.0', java.version: '1.8.0_282'
Driver info: com.kms.katalon.selenium.driver.CChromeDriver
Capabilities {acceptInsecureCerts: false, browserName: chrome, browserVersion: 95.0.4638.69, chrome: {chromedriverVersion: 95.0.4638.69 (6a1600ed572fe..., userDataDir: C:\Users\INAOBA~1.OLA\AppDa...}, goog:chromeOptions: {debuggerAddress: localhost:61231}, javascriptEnabled: true, networkConnectionEnabled: false, pageLoadStrategy: normal, platform: WINDOWS, platformName: WINDOWS, proxy: Proxy(), setWindowRect: true, strictFileInteractability: false, timeouts: {implicit: 0, pageLoad: 300000, script: 30000}, unhandledPromptBehavior: dismiss and notify, webauthn:extension:credBlob: true, webauthn:extension:largeBlob: true, webauthn:virtualAuthenticators: true}
Session ID: 1ccab68eaee034a069b0c57d34416324
	at org.openqa.selenium.remote.http.W3CHttpResponseCodec.createException(W3CHttpResponseCodec.java:187)
	at org.openqa.selenium.remote.http.W3CHttpResponseCodec.decode(W3CHttpResponseCodec.java:122)
	at org.openqa.selenium.remote.http.W3CHttpResponseCodec.decode(W3CHttpResponseCodec.java:49)
	at org.openqa.selenium.remote.HttpCommandExecutor.execute(HttpCommandExecutor.java:158)
	at org.openqa.selenium.remote.service.DriverCommandExecutor.execute(DriverCommandExecutor.java:83)
	at org.openqa.selenium.remote.RemoteWebDriver.execute(RemoteWebDriver.java:552)
	at com.kms.katalon.selenium.driver.CChromeDriver.execute(CChromeDriver.java:19)
	at org.openqa.selenium.remote.RemoteWebDriver.get(RemoteWebDriver.java:277)
	at org.openqa.selenium.remote.RemoteWebDriver$RemoteNavigation.to(RemoteWebDriver.java:857)
	at org.openqa.selenium.support.events.EventFiringWebDriver$EventFiringNavigation.to(EventFiringWebDriver.java:569)
	at com.kms.katalon.core.webui.keyword.builtin.NavigateToUrlKeyword$_navigateToUrl_closure1.doCall(NavigateToUrlKeyword.groovy:81)
	at com.kms.katalon.core.webui.keyword.builtin.NavigateToUrlKeyword$_navigateToUrl_closure1.call(NavigateToUrlKeyword.groovy)
	at com.kms.katalon.core.webui.keyword.internal.WebUIKeywordMain.runKeyword(WebUIKeywordMain.groovy:20)
	... 22 more]]></system-err>
      </testcase>
      <testcase name="Test Cases/FBN Credit360 LOS Opeartion/Login As The Verfier" time="2.185" classname="Test Cases/FBN Credit360 LOS Opeartion/Login As The Verfier" status="FAILED">
         <failure type="FAILED" message="Test Cases/FBN Credit360 LOS Opeartion/Login As The Verfier FAILED.
Reason:
com.kms.katalon.core.exception.StepFailedException: Unable to navigate to 'https://fintrakcredit360web-fb.azurewebsites.net/#/'
	at com.kms.katalon.core.webui.keyword.internal.WebUIKeywordMain.stepFailed(WebUIKeywordMain.groovy:64)
	at com.kms.katalon.core.webui.keyword.internal.WebUIKeywordMain.runKeyword(WebUIKeywordMain.groovy:26)
	at com.kms.katalon.core.webui.keyword.builtin.NavigateToUrlKeyword.navigateToUrl(NavigateToUrlKeyword.groovy:83)
	at com.kms.katalon.core.webui.keyword.builtin.NavigateToUrlKeyword.execute(NavigateToUrlKeyword.groovy:67)
	at com.kms.katalon.core.keyword.internal.KeywordExecutor.executeKeywordForPlatform(KeywordExecutor.groovy:74)
	at com.kms.katalon.core.webui.keyword.WebUiBuiltInKeywords.navigateToUrl(WebUiBuiltInKeywords.groovy:187)
	at com.kms.katalon.core.webui.keyword.WebUiBuiltInKeywords$navigateToUrl$0.call(Unknown Source)
	at Login As The Verfier.run(Login As The Verfier:22)
	at com.kms.katalon.core.main.ScriptEngine.run(ScriptEngine.java:194)
	at com.kms.katalon.core.main.ScriptEngine.runScriptAsRawText(ScriptEngine.java:119)
	at com.kms.katalon.core.main.TestCaseExecutor.runScript(TestCaseExecutor.java:430)
	at com.kms.katalon.core.main.TestCaseExecutor.doExecute(TestCaseExecutor.java:421)
	at com.kms.katalon.core.main.TestCaseExecutor.processExecutionPhase(TestCaseExecutor.java:400)
	at com.kms.katalon.core.main.TestCaseExecutor.accessMainPhase(TestCaseExecutor.java:392)
	at com.kms.katalon.core.main.TestCaseExecutor.execute(TestCaseExecutor.java:273)
	at com.kms.katalon.core.main.TestCaseExecutor.execute(TestCaseExecutor.java:351)
	at com.kms.katalon.core.main.TestCaseExecutor.execute(TestCaseExecutor.java:351)
	at com.kms.katalon.core.main.TestCaseExecutor.execute(TestCaseExecutor.java:351)
	at com.kms.katalon.core.main.TestSuiteExecutor.accessTestCaseMainPhase(TestSuiteExecutor.java:202)
	at com.kms.katalon.core.main.TestSuiteExecutor.accessTestSuiteMainPhase(TestSuiteExecutor.java:164)
	at com.kms.katalon.core.main.TestSuiteExecutor.execute(TestSuiteExecutor.java:105)
	at com.kms.katalon.core.main.TestCaseMain.startTestSuite(TestCaseMain.java:185)
	at com.kms.katalon.core.main.TestCaseMain$startTestSuite$0.call(Unknown Source)
	at TempTestSuite1637676172355.run(TempTestSuite1637676172355.groovy:36)
Caused by: org.openqa.selenium.WebDriverException: unknown error: net::ERR_INTERNET_DISCONNECTED
  (Session info: chrome=95.0.4638.69)
Build info: version: '3.141.59', revision: 'e82be7d358', time: '2018-11-14T08:25:53'
System info: host: 'INAOBATAN', ip: '172.20.10.3', os.name: 'Windows 10', os.arch: 'amd64', os.version: '10.0', java.version: '1.8.0_282'
Driver info: com.kms.katalon.selenium.driver.CChromeDriver
Capabilities {acceptInsecureCerts: false, browserName: chrome, browserVersion: 95.0.4638.69, chrome: {chromedriverVersion: 95.0.4638.69 (6a1600ed572fe..., userDataDir: C:\Users\INAOBA~1.OLA\AppDa...}, goog:chromeOptions: {debuggerAddress: localhost:61279}, javascriptEnabled: true, networkConnectionEnabled: false, pageLoadStrategy: normal, platform: WINDOWS, platformName: WINDOWS, proxy: Proxy(), setWindowRect: true, strictFileInteractability: false, timeouts: {implicit: 0, pageLoad: 300000, script: 30000}, unhandledPromptBehavior: dismiss and notify, webauthn:extension:credBlob: true, webauthn:extension:largeBlob: true, webauthn:virtualAuthenticators: true}
Session ID: c30428df12a5cb2e0fdf98cb10603a8f
	at org.openqa.selenium.remote.http.W3CHttpResponseCodec.createException(W3CHttpResponseCodec.java:187)
	at org.openqa.selenium.remote.http.W3CHttpResponseCodec.decode(W3CHttpResponseCodec.java:122)
	at org.openqa.selenium.remote.http.W3CHttpResponseCodec.decode(W3CHttpResponseCodec.java:49)
	at org.openqa.selenium.remote.HttpCommandExecutor.execute(HttpCommandExecutor.java:158)
	at org.openqa.selenium.remote.service.DriverCommandExecutor.execute(DriverCommandExecutor.java:83)
	at org.openqa.selenium.remote.RemoteWebDriver.execute(RemoteWebDriver.java:552)
	at com.kms.katalon.selenium.driver.CChromeDriver.execute(CChromeDriver.java:19)
	at org.openqa.selenium.remote.RemoteWebDriver.get(RemoteWebDriver.java:277)
	at org.openqa.selenium.remote.RemoteWebDriver$RemoteNavigation.to(RemoteWebDriver.java:857)
	at org.openqa.selenium.support.events.EventFiringWebDriver$EventFiringNavigation.to(EventFiringWebDriver.java:569)
	at com.kms.katalon.core.webui.keyword.builtin.NavigateToUrlKeyword$_navigateToUrl_closure1.doCall(NavigateToUrlKeyword.groovy:81)
	at com.kms.katalon.core.webui.keyword.builtin.NavigateToUrlKeyword$_navigateToUrl_closure1.call(NavigateToUrlKeyword.groovy)
	at com.kms.katalon.core.webui.keyword.internal.WebUIKeywordMain.runKeyword(WebUIKeywordMain.groovy:20)
	... 22 more
"/>
         <system-out><![CDATA[2021-11-23 16:16:52 - [TEST_CASE][FAILED] - Test Cases/FBN Credit360 LOS Opeartion/Login As The Verfier: Test Cases/FBN Credit360 LOS Opeartion/Login As The Verfier FAILED.
Reason:
com.kms.katalon.core.exception.StepFailedException: Unable to navigate to 'https://fintrakcredit360web-fb.azurewebsites.net/#/'
	at com.kms.katalon.core.webui.keyword.internal.WebUIKeywordMain.stepFailed(WebUIKeywordMain.groovy:64)
	at com.kms.katalon.core.webui.keyword.internal.WebUIKeywordMain.runKeyword(WebUIKeywordMain.groovy:26)
	at com.kms.katalon.core.webui.keyword.builtin.NavigateToUrlKeyword.navigateToUrl(NavigateToUrlKeyword.groovy:83)
	at com.kms.katalon.core.webui.keyword.builtin.NavigateToUrlKeyword.execute(NavigateToUrlKeyword.groovy:67)
	at com.kms.katalon.core.keyword.internal.KeywordExecutor.executeKeywordForPlatform(KeywordExecutor.groovy:74)
	at com.kms.katalon.core.webui.keyword.WebUiBuiltInKeywords.navigateToUrl(WebUiBuiltInKeywords.groovy:187)
	at com.kms.katalon.core.webui.keyword.WebUiBuiltInKeywords$navigateToUrl$0.call(Unknown Source)
	at Login As The Verfier.run(Login As The Verfier:22)
	at com.kms.katalon.core.main.ScriptEngine.run(ScriptEngine.java:194)
	at com.kms.katalon.core.main.ScriptEngine.runScriptAsRawText(ScriptEngine.java:119)
	at com.kms.katalon.core.main.TestCaseExecutor.runScript(TestCaseExecutor.java:430)
	at com.kms.katalon.core.main.TestCaseExecutor.doExecute(TestCaseExecutor.java:421)
	at com.kms.katalon.core.main.TestCaseExecutor.processExecutionPhase(TestCaseExecutor.java:400)
	at com.kms.katalon.core.main.TestCaseExecutor.accessMainPhase(TestCaseExecutor.java:392)
	at com.kms.katalon.core.main.TestCaseExecutor.execute(TestCaseExecutor.java:273)
	at com.kms.katalon.core.main.TestCaseExecutor.execute(TestCaseExecutor.java:351)
	at com.kms.katalon.core.main.TestCaseExecutor.execute(TestCaseExecutor.java:351)
	at com.kms.katalon.core.main.TestCaseExecutor.execute(TestCaseExecutor.java:351)
	at com.kms.katalon.core.main.TestSuiteExecutor.accessTestCaseMainPhase(TestSuiteExecutor.java:202)
	at com.kms.katalon.core.main.TestSuiteExecutor.accessTestSuiteMainPhase(TestSuiteExecutor.java:164)
	at com.kms.katalon.core.main.TestSuiteExecutor.execute(TestSuiteExecutor.java:105)
	at com.kms.katalon.core.main.TestCaseMain.startTestSuite(TestCaseMain.java:185)
	at com.kms.katalon.core.main.TestCaseMain$startTestSuite$0.call(Unknown Source)
	at TempTestSuite1637676172355.run(TempTestSuite1637676172355.groovy:36)
Caused by: org.openqa.selenium.WebDriverException: unknown error: net::ERR_INTERNET_DISCONNECTED
  (Session info: chrome=95.0.4638.69)
Build info: version: '3.141.59', revision: 'e82be7d358', time: '2018-11-14T08:25:53'
System info: host: 'INAOBATAN', ip: '172.20.10.3', os.name: 'Windows 10', os.arch: 'amd64', os.version: '10.0', java.version: '1.8.0_282'
Driver info: com.kms.katalon.selenium.driver.CChromeDriver
Capabilities {acceptInsecureCerts: false, browserName: chrome, browserVersion: 95.0.4638.69, chrome: {chromedriverVersion: 95.0.4638.69 (6a1600ed572fe..., userDataDir: C:\Users\INAOBA~1.OLA\AppDa...}, goog:chromeOptions: {debuggerAddress: localhost:61279}, javascriptEnabled: true, networkConnectionEnabled: false, pageLoadStrategy: normal, platform: WINDOWS, platformName: WINDOWS, proxy: Proxy(), setWindowRect: true, strictFileInteractability: false, timeouts: {implicit: 0, pageLoad: 300000, script: 30000}, unhandledPromptBehavior: dismiss and notify, webauthn:extension:credBlob: true, webauthn:extension:largeBlob: true, webauthn:virtualAuthenticators: true}
Session ID: c30428df12a5cb2e0fdf98cb10603a8f
	at org.openqa.selenium.remote.http.W3CHttpResponseCodec.createException(W3CHttpResponseCodec.java:187)
	at org.openqa.selenium.remote.http.W3CHttpResponseCodec.decode(W3CHttpResponseCodec.java:122)
	at org.openqa.selenium.remote.http.W3CHttpResponseCodec.decode(W3CHttpResponseCodec.java:49)
	at org.openqa.selenium.remote.HttpCommandExecutor.execute(HttpCommandExecutor.java:158)
	at org.openqa.selenium.remote.service.DriverCommandExecutor.execute(DriverCommandExecutor.java:83)
	at org.openqa.selenium.remote.RemoteWebDriver.execute(RemoteWebDriver.java:552)
	at com.kms.katalon.selenium.driver.CChromeDriver.execute(CChromeDriver.java:19)
	at org.openqa.selenium.remote.RemoteWebDriver.get(RemoteWebDriver.java:277)
	at org.openqa.selenium.remote.RemoteWebDriver$RemoteNavigation.to(RemoteWebDriver.java:857)
	at org.openqa.selenium.support.events.EventFiringWebDriver$EventFiringNavigation.to(EventFiringWebDriver.java:569)
	at com.kms.katalon.core.webui.keyword.builtin.NavigateToUrlKeyword$_navigateToUrl_closure1.doCall(NavigateToUrlKeyword.groovy:81)
	at com.kms.katalon.core.webui.keyword.builtin.NavigateToUrlKeyword$_navigateToUrl_closure1.call(NavigateToUrlKeyword.groovy)
	at com.kms.katalon.core.webui.keyword.internal.WebUIKeywordMain.runKeyword(WebUIKeywordMain.groovy:20)
	... 22 more


2021-11-23 16:16:52 - [TEST_STEP][PASSED] - openBrowser(""): Browser is opened with url: ''

2021-11-23 16:16:52 - [MESSAGE][WARNING] - A browser is already opened. Closing browser and opening a new one

2021-11-23 16:16:53 - [MESSAGE][INFO] - Starting 'Chrome' driver

2021-11-23 16:16:53 - [MESSAGE][INFO] - Action delay is set to 0 milliseconds

2021-11-23 16:16:54 - [MESSAGE][PASSED] - Browser is opened with url: ''

2021-11-23 16:16:54 - [TEST_STEP][FAILED] - navigateToUrl("https://fintrakcredit360web-fb.azurewebsites.net/#/"): Unable to navigate to 'https://fintrakcredit360web-fb.azurewebsites.net/#/' (Root cause: com.kms.katalon.core.exception.StepFailedException: Unable to navigate to 'https://fintrakcredit360web-fb.azurewebsites.net/#/'
	at com.kms.katalon.core.webui.keyword.internal.WebUIKeywordMain.stepFailed(WebUIKeywordMain.groovy:64)
	at com.kms.katalon.core.webui.keyword.internal.WebUIKeywordMain.runKeyword(WebUIKeywordMain.groovy:26)
	at com.kms.katalon.core.webui.keyword.builtin.NavigateToUrlKeyword.navigateToUrl(NavigateToUrlKeyword.groovy:83)
	at com.kms.katalon.core.webui.keyword.builtin.NavigateToUrlKeyword.execute(NavigateToUrlKeyword.groovy:67)
	at com.kms.katalon.core.keyword.internal.KeywordExecutor.executeKeywordForPlatform(KeywordExecutor.groovy:74)
	at com.kms.katalon.core.webui.keyword.WebUiBuiltInKeywords.navigateToUrl(WebUiBuiltInKeywords.groovy:187)
	at com.kms.katalon.core.webui.keyword.WebUiBuiltInKeywords$navigateToUrl$0.call(Unknown Source)
	at Login As The Verfier.run(Login As The Verfier:22)
	at com.kms.katalon.core.main.ScriptEngine.run(ScriptEngine.java:194)
	at com.kms.katalon.core.main.ScriptEngine.runScriptAsRawText(ScriptEngine.java:119)
	at com.kms.katalon.core.main.TestCaseExecutor.runScript(TestCaseExecutor.java:430)
	at com.kms.katalon.core.main.TestCaseExecutor.doExecute(TestCaseExecutor.java:421)
	at com.kms.katalon.core.main.TestCaseExecutor.processExecutionPhase(TestCaseExecutor.java:400)
	at com.kms.katalon.core.main.TestCaseExecutor.accessMainPhase(TestCaseExecutor.java:392)
	at com.kms.katalon.core.main.TestCaseExecutor.execute(TestCaseExecutor.java:273)
	at com.kms.katalon.core.main.TestCaseExecutor.execute(TestCaseExecutor.java:351)
	at com.kms.katalon.core.main.TestCaseExecutor.execute(TestCaseExecutor.java:351)
	at com.kms.katalon.core.main.TestCaseExecutor.execute(TestCaseExecutor.java:351)
	at com.kms.katalon.core.main.TestSuiteExecutor.accessTestCaseMainPhase(TestSuiteExecutor.java:202)
	at com.kms.katalon.core.main.TestSuiteExecutor.accessTestSuiteMainPhase(TestSuiteExecutor.java:164)
	at com.kms.katalon.core.main.TestSuiteExecutor.execute(TestSuiteExecutor.java:105)
	at com.kms.katalon.core.main.TestCaseMain.startTestSuite(TestCaseMain.java:185)
	at com.kms.katalon.core.main.TestCaseMain$startTestSuite$0.call(Unknown Source)
	at TempTestSuite1637676172355.run(TempTestSuite1637676172355.groovy:36)
Caused by: org.openqa.selenium.WebDriverException: unknown error: net::ERR_INTERNET_DISCONNECTED
  (Session info: chrome=95.0.4638.69)
Build info: version: '3.141.59', revision: 'e82be7d358', time: '2018-11-14T08:25:53'
System info: host: 'INAOBATAN', ip: '172.20.10.3', os.name: 'Windows 10', os.arch: 'amd64', os.version: '10.0', java.version: '1.8.0_282'
Driver info: com.kms.katalon.selenium.driver.CChromeDriver
Capabilities {acceptInsecureCerts: false, browserName: chrome, browserVersion: 95.0.4638.69, chrome: {chromedriverVersion: 95.0.4638.69 (6a1600ed572fe..., userDataDir: C:\Users\INAOBA~1.OLA\AppDa...}, goog:chromeOptions: {debuggerAddress: localhost:61279}, javascriptEnabled: true, networkConnectionEnabled: false, pageLoadStrategy: normal, platform: WINDOWS, platformName: WINDOWS, proxy: Proxy(), setWindowRect: true, strictFileInteractability: false, timeouts: {implicit: 0, pageLoad: 300000, script: 30000}, unhandledPromptBehavior: dismiss and notify, webauthn:extension:credBlob: true, webauthn:extension:largeBlob: true, webauthn:virtualAuthenticators: true}
Session ID: c30428df12a5cb2e0fdf98cb10603a8f
	at org.openqa.selenium.remote.http.W3CHttpResponseCodec.createException(W3CHttpResponseCodec.java:187)
	at org.openqa.selenium.remote.http.W3CHttpResponseCodec.decode(W3CHttpResponseCodec.java:122)
	at org.openqa.selenium.remote.http.W3CHttpResponseCodec.decode(W3CHttpResponseCodec.java:49)
	at org.openqa.selenium.remote.HttpCommandExecutor.execute(HttpCommandExecutor.java:158)
	at org.openqa.selenium.remote.service.DriverCommandExecutor.execute(DriverCommandExecutor.java:83)
	at org.openqa.selenium.remote.RemoteWebDriver.execute(RemoteWebDriver.java:552)
	at com.kms.katalon.selenium.driver.CChromeDriver.execute(CChromeDriver.java:19)
	at org.openqa.selenium.remote.RemoteWebDriver.get(RemoteWebDriver.java:277)
	at org.openqa.selenium.remote.RemoteWebDriver$RemoteNavigation.to(RemoteWebDriver.java:857)
	at org.openqa.selenium.support.events.EventFiringWebDriver$EventFiringNavigation.to(EventFiringWebDriver.java:569)
	at com.kms.katalon.core.webui.keyword.builtin.NavigateToUrlKeyword$_navigateToUrl_closure1.doCall(NavigateToUrlKeyword.groovy:81)
	at com.kms.katalon.core.webui.keyword.builtin.NavigateToUrlKeyword$_navigateToUrl_closure1.call(NavigateToUrlKeyword.groovy)
	at com.kms.katalon.core.webui.keyword.internal.WebUIKeywordMain.runKeyword(WebUIKeywordMain.groovy:20)
	at com.kms.katalon.core.webui.keyword.builtin.NavigateToUrlKeyword.navigateToUrl(NavigateToUrlKeyword.groovy:83)
	at com.kms.katalon.core.webui.keyword.builtin.NavigateToUrlKeyword.execute(NavigateToUrlKeyword.groovy:67)
	at com.kms.katalon.core.keyword.internal.KeywordExecutor.executeKeywordForPlatform(KeywordExecutor.groovy:74)
	at com.kms.katalon.core.webui.keyword.WebUiBuiltInKeywords.navigateToUrl(WebUiBuiltInKeywords.groovy:187)
	at com.kms.katalon.core.webui.keyword.WebUiBuiltInKeywords$navigateToUrl$0.call(Unknown Source)
	at Script1637659447418.run(Script1637659447418.groovy:22)
	... 16 more
)

2021-11-23 16:16:54 - [MESSAGE][FAILED] - Unable to navigate to 'https://fintrakcredit360web-fb.azurewebsites.net/#/' (Root cause: com.kms.katalon.core.exception.StepFailedException: Unable to navigate to 'https://fintrakcredit360web-fb.azurewebsites.net/#/'
	at com.kms.katalon.core.webui.keyword.internal.WebUIKeywordMain.stepFailed(WebUIKeywordMain.groovy:64)
	at com.kms.katalon.core.webui.keyword.internal.WebUIKeywordMain.runKeyword(WebUIKeywordMain.groovy:26)
	at com.kms.katalon.core.webui.keyword.builtin.NavigateToUrlKeyword.navigateToUrl(NavigateToUrlKeyword.groovy:83)
	at com.kms.katalon.core.webui.keyword.builtin.NavigateToUrlKeyword.execute(NavigateToUrlKeyword.groovy:67)
	at com.kms.katalon.core.keyword.internal.KeywordExecutor.executeKeywordForPlatform(KeywordExecutor.groovy:74)
	at com.kms.katalon.core.webui.keyword.WebUiBuiltInKeywords.navigateToUrl(WebUiBuiltInKeywords.groovy:187)
	at com.kms.katalon.core.webui.keyword.WebUiBuiltInKeywords$navigateToUrl$0.call(Unknown Source)
	at Login As The Verfier.run(Login As The Verfier:22)
	at com.kms.katalon.core.main.ScriptEngine.run(ScriptEngine.java:194)
	at com.kms.katalon.core.main.ScriptEngine.runScriptAsRawText(ScriptEngine.java:119)
	at com.kms.katalon.core.main.TestCaseExecutor.runScript(TestCaseExecutor.java:430)
	at com.kms.katalon.core.main.TestCaseExecutor.doExecute(TestCaseExecutor.java:421)
	at com.kms.katalon.core.main.TestCaseExecutor.processExecutionPhase(TestCaseExecutor.java:400)
	at com.kms.katalon.core.main.TestCaseExecutor.accessMainPhase(TestCaseExecutor.java:392)
	at com.kms.katalon.core.main.TestCaseExecutor.execute(TestCaseExecutor.java:273)
	at com.kms.katalon.core.main.TestCaseExecutor.execute(TestCaseExecutor.java:351)
	at com.kms.katalon.core.main.TestCaseExecutor.execute(TestCaseExecutor.java:351)
	at com.kms.katalon.core.main.TestCaseExecutor.execute(TestCaseExecutor.java:351)
	at com.kms.katalon.core.main.TestSuiteExecutor.accessTestCaseMainPhase(TestSuiteExecutor.java:202)
	at com.kms.katalon.core.main.TestSuiteExecutor.accessTestSuiteMainPhase(TestSuiteExecutor.java:164)
	at com.kms.katalon.core.main.TestSuiteExecutor.execute(TestSuiteExecutor.java:105)
	at com.kms.katalon.core.main.TestCaseMain.startTestSuite(TestCaseMain.java:185)
	at com.kms.katalon.core.main.TestCaseMain$startTestSuite$0.call(Unknown Source)
	at TempTestSuite1637676172355.run(TempTestSuite1637676172355.groovy:36)
Caused by: org.openqa.selenium.WebDriverException: unknown error: net::ERR_INTERNET_DISCONNECTED
  (Session info: chrome=95.0.4638.69)
Build info: version: '3.141.59', revision: 'e82be7d358', time: '2018-11-14T08:25:53'
System info: host: 'INAOBATAN', ip: '172.20.10.3', os.name: 'Windows 10', os.arch: 'amd64', os.version: '10.0', java.version: '1.8.0_282'
Driver info: com.kms.katalon.selenium.driver.CChromeDriver
Capabilities {acceptInsecureCerts: false, browserName: chrome, browserVersion: 95.0.4638.69, chrome: {chromedriverVersion: 95.0.4638.69 (6a1600ed572fe..., userDataDir: C:\Users\INAOBA~1.OLA\AppDa...}, goog:chromeOptions: {debuggerAddress: localhost:61279}, javascriptEnabled: true, networkConnectionEnabled: false, pageLoadStrategy: normal, platform: WINDOWS, platformName: WINDOWS, proxy: Proxy(), setWindowRect: true, strictFileInteractability: false, timeouts: {implicit: 0, pageLoad: 300000, script: 30000}, unhandledPromptBehavior: dismiss and notify, webauthn:extension:credBlob: true, webauthn:extension:largeBlob: true, webauthn:virtualAuthenticators: true}
Session ID: c30428df12a5cb2e0fdf98cb10603a8f
	at org.openqa.selenium.remote.http.W3CHttpResponseCodec.createException(W3CHttpResponseCodec.java:187)
	at org.openqa.selenium.remote.http.W3CHttpResponseCodec.decode(W3CHttpResponseCodec.java:122)
	at org.openqa.selenium.remote.http.W3CHttpResponseCodec.decode(W3CHttpResponseCodec.java:49)
	at org.openqa.selenium.remote.HttpCommandExecutor.execute(HttpCommandExecutor.java:158)
	at org.openqa.selenium.remote.service.DriverCommandExecutor.execute(DriverCommandExecutor.java:83)
	at org.openqa.selenium.remote.RemoteWebDriver.execute(RemoteWebDriver.java:552)
	at com.kms.katalon.selenium.driver.CChromeDriver.execute(CChromeDriver.java:19)
	at org.openqa.selenium.remote.RemoteWebDriver.get(RemoteWebDriver.java:277)
	at org.openqa.selenium.remote.RemoteWebDriver$RemoteNavigation.to(RemoteWebDriver.java:857)
	at org.openqa.selenium.support.events.EventFiringWebDriver$EventFiringNavigation.to(EventFiringWebDriver.java:569)
	at com.kms.katalon.core.webui.keyword.builtin.NavigateToUrlKeyword$_navigateToUrl_closure1.doCall(NavigateToUrlKeyword.groovy:81)
	at com.kms.katalon.core.webui.keyword.builtin.NavigateToUrlKeyword$_navigateToUrl_closure1.call(NavigateToUrlKeyword.groovy)
	at com.kms.katalon.core.webui.keyword.internal.WebUIKeywordMain.runKeyword(WebUIKeywordMain.groovy:20)
	at com.kms.katalon.core.webui.keyword.builtin.NavigateToUrlKeyword.navigateToUrl(NavigateToUrlKeyword.groovy:83)
	at com.kms.katalon.core.webui.keyword.builtin.NavigateToUrlKeyword.execute(NavigateToUrlKeyword.groovy:67)
	at com.kms.katalon.core.keyword.internal.KeywordExecutor.executeKeywordForPlatform(KeywordExecutor.groovy:74)
	at com.kms.katalon.core.webui.keyword.WebUiBuiltInKeywords.navigateToUrl(WebUiBuiltInKeywords.groovy:187)
	at com.kms.katalon.core.webui.keyword.WebUiBuiltInKeywords$navigateToUrl$0.call(Unknown Source)
	at Script1637659447418.run(Script1637659447418.groovy:22)
	... 16 more
)
[[ATTACHMENT|C:\\Users\\inaobatan.olawale\\Katalon Studio\\My First Web UI Project\\Reports\\20211123_150252\\FBN Credit360 LOS Operation\\LOS Operation\\20211123_150252\\1637680614848.png]]]]></system-out>
         <system-err><![CDATA[2021-11-23 16:16:52 - [TEST_CASE][FAILED] - Test Cases/FBN Credit360 LOS Opeartion/Login As The Verfier: Test Cases/FBN Credit360 LOS Opeartion/Login As The Verfier FAILED.
Reason:
com.kms.katalon.core.exception.StepFailedException: Unable to navigate to 'https://fintrakcredit360web-fb.azurewebsites.net/#/'
	at com.kms.katalon.core.webui.keyword.internal.WebUIKeywordMain.stepFailed(WebUIKeywordMain.groovy:64)
	at com.kms.katalon.core.webui.keyword.internal.WebUIKeywordMain.runKeyword(WebUIKeywordMain.groovy:26)
	at com.kms.katalon.core.webui.keyword.builtin.NavigateToUrlKeyword.navigateToUrl(NavigateToUrlKeyword.groovy:83)
	at com.kms.katalon.core.webui.keyword.builtin.NavigateToUrlKeyword.execute(NavigateToUrlKeyword.groovy:67)
	at com.kms.katalon.core.keyword.internal.KeywordExecutor.executeKeywordForPlatform(KeywordExecutor.groovy:74)
	at com.kms.katalon.core.webui.keyword.WebUiBuiltInKeywords.navigateToUrl(WebUiBuiltInKeywords.groovy:187)
	at com.kms.katalon.core.webui.keyword.WebUiBuiltInKeywords$navigateToUrl$0.call(Unknown Source)
	at Login As The Verfier.run(Login As The Verfier:22)
	at com.kms.katalon.core.main.ScriptEngine.run(ScriptEngine.java:194)
	at com.kms.katalon.core.main.ScriptEngine.runScriptAsRawText(ScriptEngine.java:119)
	at com.kms.katalon.core.main.TestCaseExecutor.runScript(TestCaseExecutor.java:430)
	at com.kms.katalon.core.main.TestCaseExecutor.doExecute(TestCaseExecutor.java:421)
	at com.kms.katalon.core.main.TestCaseExecutor.processExecutionPhase(TestCaseExecutor.java:400)
	at com.kms.katalon.core.main.TestCaseExecutor.accessMainPhase(TestCaseExecutor.java:392)
	at com.kms.katalon.core.main.TestCaseExecutor.execute(TestCaseExecutor.java:273)
	at com.kms.katalon.core.main.TestCaseExecutor.execute(TestCaseExecutor.java:351)
	at com.kms.katalon.core.main.TestCaseExecutor.execute(TestCaseExecutor.java:351)
	at com.kms.katalon.core.main.TestCaseExecutor.execute(TestCaseExecutor.java:351)
	at com.kms.katalon.core.main.TestSuiteExecutor.accessTestCaseMainPhase(TestSuiteExecutor.java:202)
	at com.kms.katalon.core.main.TestSuiteExecutor.accessTestSuiteMainPhase(TestSuiteExecutor.java:164)
	at com.kms.katalon.core.main.TestSuiteExecutor.execute(TestSuiteExecutor.java:105)
	at com.kms.katalon.core.main.TestCaseMain.startTestSuite(TestCaseMain.java:185)
	at com.kms.katalon.core.main.TestCaseMain$startTestSuite$0.call(Unknown Source)
	at TempTestSuite1637676172355.run(TempTestSuite1637676172355.groovy:36)
Caused by: org.openqa.selenium.WebDriverException: unknown error: net::ERR_INTERNET_DISCONNECTED
  (Session info: chrome=95.0.4638.69)
Build info: version: '3.141.59', revision: 'e82be7d358', time: '2018-11-14T08:25:53'
System info: host: 'INAOBATAN', ip: '172.20.10.3', os.name: 'Windows 10', os.arch: 'amd64', os.version: '10.0', java.version: '1.8.0_282'
Driver info: com.kms.katalon.selenium.driver.CChromeDriver
Capabilities {acceptInsecureCerts: false, browserName: chrome, browserVersion: 95.0.4638.69, chrome: {chromedriverVersion: 95.0.4638.69 (6a1600ed572fe..., userDataDir: C:\Users\INAOBA~1.OLA\AppDa...}, goog:chromeOptions: {debuggerAddress: localhost:61279}, javascriptEnabled: true, networkConnectionEnabled: false, pageLoadStrategy: normal, platform: WINDOWS, platformName: WINDOWS, proxy: Proxy(), setWindowRect: true, strictFileInteractability: false, timeouts: {implicit: 0, pageLoad: 300000, script: 30000}, unhandledPromptBehavior: dismiss and notify, webauthn:extension:credBlob: true, webauthn:extension:largeBlob: true, webauthn:virtualAuthenticators: true}
Session ID: c30428df12a5cb2e0fdf98cb10603a8f
	at org.openqa.selenium.remote.http.W3CHttpResponseCodec.createException(W3CHttpResponseCodec.java:187)
	at org.openqa.selenium.remote.http.W3CHttpResponseCodec.decode(W3CHttpResponseCodec.java:122)
	at org.openqa.selenium.remote.http.W3CHttpResponseCodec.decode(W3CHttpResponseCodec.java:49)
	at org.openqa.selenium.remote.HttpCommandExecutor.execute(HttpCommandExecutor.java:158)
	at org.openqa.selenium.remote.service.DriverCommandExecutor.execute(DriverCommandExecutor.java:83)
	at org.openqa.selenium.remote.RemoteWebDriver.execute(RemoteWebDriver.java:552)
	at com.kms.katalon.selenium.driver.CChromeDriver.execute(CChromeDriver.java:19)
	at org.openqa.selenium.remote.RemoteWebDriver.get(RemoteWebDriver.java:277)
	at org.openqa.selenium.remote.RemoteWebDriver$RemoteNavigation.to(RemoteWebDriver.java:857)
	at org.openqa.selenium.support.events.EventFiringWebDriver$EventFiringNavigation.to(EventFiringWebDriver.java:569)
	at com.kms.katalon.core.webui.keyword.builtin.NavigateToUrlKeyword$_navigateToUrl_closure1.doCall(NavigateToUrlKeyword.groovy:81)
	at com.kms.katalon.core.webui.keyword.builtin.NavigateToUrlKeyword$_navigateToUrl_closure1.call(NavigateToUrlKeyword.groovy)
	at com.kms.katalon.core.webui.keyword.internal.WebUIKeywordMain.runKeyword(WebUIKeywordMain.groovy:20)
	... 22 more]]></system-err>
      </testcase>
      <testcase name="Test Cases/FBN Credit360 LOS Opeartion/Login As The Completer" time="17.127" classname="Test Cases/FBN Credit360 LOS Opeartion/Login As The Completer" status="FAILED">
         <failure type="FAILED" message="Test Cases/FBN Credit360 LOS Opeartion/Login As The Completer FAILED.
Reason:
com.kms.katalon.core.exception.StepFailedException: Unable to click on object 'Object Repository/Login As The Completer/Page_Fintrak  Core Banking/div_Loan Amount_ui-radiobutton-box ui-widge_b43808'
	at com.kms.katalon.core.webui.keyword.internal.WebUIKeywordMain.stepFailed(WebUIKeywordMain.groovy:64)
	at com.kms.katalon.core.webui.keyword.internal.WebUIKeywordMain.runKeyword(WebUIKeywordMain.groovy:26)
	at com.kms.katalon.core.webui.keyword.builtin.ClickKeyword.click(ClickKeyword.groovy:75)
	at com.kms.katalon.core.webui.keyword.builtin.ClickKeyword.execute(ClickKeyword.groovy:42)
	at com.kms.katalon.core.keyword.internal.KeywordExecutor.executeKeywordForPlatform(KeywordExecutor.groovy:74)
	at com.kms.katalon.core.webui.keyword.WebUiBuiltInKeywords.click(WebUiBuiltInKeywords.groovy:620)
	at com.kms.katalon.core.webui.keyword.WebUiBuiltInKeywords$click$3.call(Unknown Source)
	at Login As The Completer.run(Login As The Completer:38)
	at com.kms.katalon.core.main.ScriptEngine.run(ScriptEngine.java:194)
	at com.kms.katalon.core.main.ScriptEngine.runScriptAsRawText(ScriptEngine.java:119)
	at com.kms.katalon.core.main.TestCaseExecutor.runScript(TestCaseExecutor.java:430)
	at com.kms.katalon.core.main.TestCaseExecutor.doExecute(TestCaseExecutor.java:421)
	at com.kms.katalon.core.main.TestCaseExecutor.processExecutionPhase(TestCaseExecutor.java:400)
	at com.kms.katalon.core.main.TestCaseExecutor.accessMainPhase(TestCaseExecutor.java:392)
	at com.kms.katalon.core.main.TestCaseExecutor.execute(TestCaseExecutor.java:273)
	at com.kms.katalon.core.main.TestCaseExecutor.execute(TestCaseExecutor.java:351)
	at com.kms.katalon.core.main.TestCaseExecutor.execute(TestCaseExecutor.java:351)
	at com.kms.katalon.core.main.TestCaseExecutor.execute(TestCaseExecutor.java:351)
	at com.kms.katalon.core.main.TestSuiteExecutor.accessTestCaseMainPhase(TestSuiteExecutor.java:202)
	at com.kms.katalon.core.main.TestSuiteExecutor.accessTestSuiteMainPhase(TestSuiteExecutor.java:164)
	at com.kms.katalon.core.main.TestSuiteExecutor.execute(TestSuiteExecutor.java:105)
	at com.kms.katalon.core.main.TestCaseMain.startTestSuite(TestCaseMain.java:185)
	at com.kms.katalon.core.main.TestCaseMain$startTestSuite$0.call(Unknown Source)
	at TempTestSuite1637676172355.run(TempTestSuite1637676172355.groovy:36)
Caused by: org.openqa.selenium.ElementClickInterceptedException: element click intercepted: Element &lt;div _ngcontent-mgc-c8=&quot;&quot; class=&quot;panel-footer&quot;>...&lt;/div> is not clickable at point (643, 250). Other element would receive the click: &lt;div id=&quot;page-preloader&quot; style=&quot;display: block;&quot;>...&lt;/div>
  (Session info: chrome=95.0.4638.69)
Build info: version: '3.141.59', revision: 'e82be7d358', time: '2018-11-14T08:25:53'
System info: host: 'INAOBATAN', ip: '172.20.10.3', os.name: 'Windows 10', os.arch: 'amd64', os.version: '10.0', java.version: '1.8.0_282'
Driver info: com.kms.katalon.selenium.driver.CChromeDriver
Capabilities {acceptInsecureCerts: false, browserName: chrome, browserVersion: 95.0.4638.69, chrome: {chromedriverVersion: 95.0.4638.69 (6a1600ed572fe..., userDataDir: C:\Users\INAOBA~1.OLA\AppDa...}, goog:chromeOptions: {debuggerAddress: localhost:61508}, javascriptEnabled: true, networkConnectionEnabled: false, pageLoadStrategy: normal, platform: WINDOWS, platformName: WINDOWS, proxy: Proxy(), setWindowRect: true, strictFileInteractability: false, timeouts: {implicit: 0, pageLoad: 300000, script: 30000}, unhandledPromptBehavior: dismiss and notify, webauthn:extension:credBlob: true, webauthn:extension:largeBlob: true, webauthn:virtualAuthenticators: true}
Session ID: 3bc4c420f0e59436fd34425b69f45911
	at org.openqa.selenium.remote.http.W3CHttpResponseCodec.createException(W3CHttpResponseCodec.java:187)
	at org.openqa.selenium.remote.http.W3CHttpResponseCodec.decode(W3CHttpResponseCodec.java:122)
	at org.openqa.selenium.remote.http.W3CHttpResponseCodec.decode(W3CHttpResponseCodec.java:49)
	at org.openqa.selenium.remote.HttpCommandExecutor.execute(HttpCommandExecutor.java:158)
	at org.openqa.selenium.remote.service.DriverCommandExecutor.execute(DriverCommandExecutor.java:83)
	at org.openqa.selenium.remote.RemoteWebDriver.execute(RemoteWebDriver.java:552)
	at com.kms.katalon.selenium.driver.CChromeDriver.execute(CChromeDriver.java:19)
	at org.openqa.selenium.remote.RemoteWebElement.execute(RemoteWebElement.java:285)
	at org.openqa.selenium.remote.RemoteWebElement.click(RemoteWebElement.java:84)
	at org.openqa.selenium.support.events.EventFiringWebDriver$EventFiringWebElement.lambda$new$0(EventFiringWebDriver.java:404)
	at com.sun.proxy.$Proxy11.click(Unknown Source)
	at org.openqa.selenium.support.events.EventFiringWebDriver$EventFiringWebElement.click(EventFiringWebDriver.java:417)
	at com.kms.katalon.core.webui.keyword.builtin.ClickKeyword$_click_closure1.doCall(ClickKeyword.groovy:68)
	at com.kms.katalon.core.webui.keyword.builtin.ClickKeyword$_click_closure1.call(ClickKeyword.groovy)
	at com.kms.katalon.core.webui.keyword.internal.WebUIKeywordMain.runKeyword(WebUIKeywordMain.groovy:20)
	... 22 more
"/>
         <system-out><![CDATA[2021-11-23 16:18:22 - [TEST_CASE][FAILED] - Test Cases/FBN Credit360 LOS Opeartion/Login As The Completer: Test Cases/FBN Credit360 LOS Opeartion/Login As The Completer FAILED.
Reason:
com.kms.katalon.core.exception.StepFailedException: Unable to click on object 'Object Repository/Login As The Completer/Page_Fintrak  Core Banking/div_Loan Amount_ui-radiobutton-box ui-widge_b43808'
	at com.kms.katalon.core.webui.keyword.internal.WebUIKeywordMain.stepFailed(WebUIKeywordMain.groovy:64)
	at com.kms.katalon.core.webui.keyword.internal.WebUIKeywordMain.runKeyword(WebUIKeywordMain.groovy:26)
	at com.kms.katalon.core.webui.keyword.builtin.ClickKeyword.click(ClickKeyword.groovy:75)
	at com.kms.katalon.core.webui.keyword.builtin.ClickKeyword.execute(ClickKeyword.groovy:42)
	at com.kms.katalon.core.keyword.internal.KeywordExecutor.executeKeywordForPlatform(KeywordExecutor.groovy:74)
	at com.kms.katalon.core.webui.keyword.WebUiBuiltInKeywords.click(WebUiBuiltInKeywords.groovy:620)
	at com.kms.katalon.core.webui.keyword.WebUiBuiltInKeywords$click$3.call(Unknown Source)
	at Login As The Completer.run(Login As The Completer:38)
	at com.kms.katalon.core.main.ScriptEngine.run(ScriptEngine.java:194)
	at com.kms.katalon.core.main.ScriptEngine.runScriptAsRawText(ScriptEngine.java:119)
	at com.kms.katalon.core.main.TestCaseExecutor.runScript(TestCaseExecutor.java:430)
	at com.kms.katalon.core.main.TestCaseExecutor.doExecute(TestCaseExecutor.java:421)
	at com.kms.katalon.core.main.TestCaseExecutor.processExecutionPhase(TestCaseExecutor.java:400)
	at com.kms.katalon.core.main.TestCaseExecutor.accessMainPhase(TestCaseExecutor.java:392)
	at com.kms.katalon.core.main.TestCaseExecutor.execute(TestCaseExecutor.java:273)
	at com.kms.katalon.core.main.TestCaseExecutor.execute(TestCaseExecutor.java:351)
	at com.kms.katalon.core.main.TestCaseExecutor.execute(TestCaseExecutor.java:351)
	at com.kms.katalon.core.main.TestCaseExecutor.execute(TestCaseExecutor.java:351)
	at com.kms.katalon.core.main.TestSuiteExecutor.accessTestCaseMainPhase(TestSuiteExecutor.java:202)
	at com.kms.katalon.core.main.TestSuiteExecutor.accessTestSuiteMainPhase(TestSuiteExecutor.java:164)
	at com.kms.katalon.core.main.TestSuiteExecutor.execute(TestSuiteExecutor.java:105)
	at com.kms.katalon.core.main.TestCaseMain.startTestSuite(TestCaseMain.java:185)
	at com.kms.katalon.core.main.TestCaseMain$startTestSuite$0.call(Unknown Source)
	at TempTestSuite1637676172355.run(TempTestSuite1637676172355.groovy:36)
Caused by: org.openqa.selenium.ElementClickInterceptedException: element click intercepted: Element <div _ngcontent-mgc-c8="" class="panel-footer">...</div> is not clickable at point (643, 250). Other element would receive the click: <div id="page-preloader" style="display: block;">...</div>
  (Session info: chrome=95.0.4638.69)
Build info: version: '3.141.59', revision: 'e82be7d358', time: '2018-11-14T08:25:53'
System info: host: 'INAOBATAN', ip: '172.20.10.3', os.name: 'Windows 10', os.arch: 'amd64', os.version: '10.0', java.version: '1.8.0_282'
Driver info: com.kms.katalon.selenium.driver.CChromeDriver
Capabilities {acceptInsecureCerts: false, browserName: chrome, browserVersion: 95.0.4638.69, chrome: {chromedriverVersion: 95.0.4638.69 (6a1600ed572fe..., userDataDir: C:\Users\INAOBA~1.OLA\AppDa...}, goog:chromeOptions: {debuggerAddress: localhost:61508}, javascriptEnabled: true, networkConnectionEnabled: false, pageLoadStrategy: normal, platform: WINDOWS, platformName: WINDOWS, proxy: Proxy(), setWindowRect: true, strictFileInteractability: false, timeouts: {implicit: 0, pageLoad: 300000, script: 30000}, unhandledPromptBehavior: dismiss and notify, webauthn:extension:credBlob: true, webauthn:extension:largeBlob: true, webauthn:virtualAuthenticators: true}
Session ID: 3bc4c420f0e59436fd34425b69f45911
	at org.openqa.selenium.remote.http.W3CHttpResponseCodec.createException(W3CHttpResponseCodec.java:187)
	at org.openqa.selenium.remote.http.W3CHttpResponseCodec.decode(W3CHttpResponseCodec.java:122)
	at org.openqa.selenium.remote.http.W3CHttpResponseCodec.decode(W3CHttpResponseCodec.java:49)
	at org.openqa.selenium.remote.HttpCommandExecutor.execute(HttpCommandExecutor.java:158)
	at org.openqa.selenium.remote.service.DriverCommandExecutor.execute(DriverCommandExecutor.java:83)
	at org.openqa.selenium.remote.RemoteWebDriver.execute(RemoteWebDriver.java:552)
	at com.kms.katalon.selenium.driver.CChromeDriver.execute(CChromeDriver.java:19)
	at org.openqa.selenium.remote.RemoteWebElement.execute(RemoteWebElement.java:285)
	at org.openqa.selenium.remote.RemoteWebElement.click(RemoteWebElement.java:84)
	at org.openqa.selenium.support.events.EventFiringWebDriver$EventFiringWebElement.lambda$new$0(EventFiringWebDriver.java:404)
	at com.sun.proxy.$Proxy11.click(Unknown Source)
	at org.openqa.selenium.support.events.EventFiringWebDriver$EventFiringWebElement.click(EventFiringWebDriver.java:417)
	at com.kms.katalon.core.webui.keyword.builtin.ClickKeyword$_click_closure1.doCall(ClickKeyword.groovy:68)
	at com.kms.katalon.core.webui.keyword.builtin.ClickKeyword$_click_closure1.call(ClickKeyword.groovy)
	at com.kms.katalon.core.webui.keyword.internal.WebUIKeywordMain.runKeyword(WebUIKeywordMain.groovy:20)
	... 22 more


2021-11-23 16:18:22 - [TEST_STEP][PASSED] - openBrowser(""): Browser is opened with url: ''

2021-11-23 16:18:22 - [MESSAGE][WARNING] - A browser is already opened. Closing browser and opening a new one

2021-11-23 16:18:23 - [MESSAGE][INFO] - Starting 'Chrome' driver

2021-11-23 16:18:23 - [MESSAGE][INFO] - Action delay is set to 0 milliseconds

2021-11-23 16:18:24 - [MESSAGE][PASSED] - Browser is opened with url: ''

2021-11-23 16:18:24 - [TEST_STEP][PASSED] - navigateToUrl("https://fintrakcredit360web-fb.azurewebsites.net/#/"): Navigate to 'https://fintrakcredit360web-fb.azurewebsites.net/#/' successfully

2021-11-23 16:18:29 - [MESSAGE][PASSED] - Navigate to 'https://fintrakcredit360web-fb.azurewebsites.net/#/' successfully

2021-11-23 16:18:29 - [TEST_STEP][PASSED] - setText(findTestObject("Object Repository/Login As The Completer/Page_Fintrak  Core Banking/input_Log In_auth-name"), "sn013884"): Text 'sn013884' is set on object 'Object Repository/Login As The Completer/Page_Fintrak  Core Banking/input_Log In_auth-name'

2021-11-23 16:18:31 - [MESSAGE][PASSED] - Text 'sn013884' is set on object 'Object Repository/Login As The Completer/Page_Fintrak  Core Banking/input_Log In_auth-name'

2021-11-23 16:18:31 - [TEST_STEP][PASSED] - setEncryptedText(findTestObject("Object Repository/Login As The Completer/Page_Fintrak  Core Banking/input_Log In_auth-password"), "JltEQgaE0YE="): Text ****** has been set on object 'Object Repository/Login As The Completer/Page_Fintrak  Core Banking/input_Log In_auth-password'

2021-11-23 16:18:31 - [MESSAGE][PASSED] - Text ****** has been set on object 'Object Repository/Login As The Completer/Page_Fintrak  Core Banking/input_Log In_auth-password'

2021-11-23 16:18:31 - [TEST_STEP][PASSED] - click(findTestObject("Object Repository/Login As The Completer/Page_Fintrak  Core Banking/button_Log In")): Object: 'Object Repository/Login As The Completer/Page_Fintrak  Core Banking/button_Log In' is clicked on

2021-11-23 16:18:32 - [MESSAGE][PASSED] - Object: 'Object Repository/Login As The Completer/Page_Fintrak  Core Banking/button_Log In' is clicked on

2021-11-23 16:18:32 - [TEST_STEP][PASSED] - click(findTestObject("Object Repository/Login As The Completer/Page_Fintrak  Core Banking/span_Approvals")): Object: 'Object Repository/Login As The Completer/Page_Fintrak  Core Banking/span_Approvals' is clicked on

2021-11-23 16:18:35 - [MESSAGE][PASSED] - Object: 'Object Repository/Login As The Completer/Page_Fintrak  Core Banking/span_Approvals' is clicked on

2021-11-23 16:18:35 - [TEST_STEP][PASSED] - click(findTestObject("Object Repository/Login As The Completer/Page_Fintrak  Core Banking/span_Credit")): Object: 'Object Repository/Login As The Completer/Page_Fintrak  Core Banking/span_Credit' is clicked on

2021-11-23 16:18:35 - [MESSAGE][PASSED] - Object: 'Object Repository/Login As The Completer/Page_Fintrak  Core Banking/span_Credit' is clicked on

2021-11-23 16:18:35 - [TEST_STEP][PASSED] - click(findTestObject("Object Repository/Login As The Completer/Page_Fintrak  Core Banking/span_Disbursement")): Object: 'Object Repository/Login As The Completer/Page_Fintrak  Core Banking/span_Disbursement' is clicked on

2021-11-23 16:18:36 - [MESSAGE][PASSED] - Object: 'Object Repository/Login As The Completer/Page_Fintrak  Core Banking/span_Disbursement' is clicked on

2021-11-23 16:18:36 - [TEST_STEP][FAILED] - click(findTestObject("Object Repository/Login As The Completer/Page_Fintrak  Core Banking/div_Loan Amount_ui-radiobutton-box ui-widge_b43808")): Unable to click on object 'Object Repository/Login As The Completer/Page_Fintrak  Core Banking/div_Loan Amount_ui-radiobutton-box ui-widge_b43808' (Root cause: com.kms.katalon.core.exception.StepFailedException: Unable to click on object 'Object Repository/Login As The Completer/Page_Fintrak  Core Banking/div_Loan Amount_ui-radiobutton-box ui-widge_b43808'
	at com.kms.katalon.core.webui.keyword.internal.WebUIKeywordMain.stepFailed(WebUIKeywordMain.groovy:64)
	at com.kms.katalon.core.webui.keyword.internal.WebUIKeywordMain.runKeyword(WebUIKeywordMain.groovy:26)
	at com.kms.katalon.core.webui.keyword.builtin.ClickKeyword.click(ClickKeyword.groovy:75)
	at com.kms.katalon.core.webui.keyword.builtin.ClickKeyword.execute(ClickKeyword.groovy:42)
	at com.kms.katalon.core.keyword.internal.KeywordExecutor.executeKeywordForPlatform(KeywordExecutor.groovy:74)
	at com.kms.katalon.core.webui.keyword.WebUiBuiltInKeywords.click(WebUiBuiltInKeywords.groovy:620)
	at com.kms.katalon.core.webui.keyword.WebUiBuiltInKeywords$click$3.call(Unknown Source)
	at Login As The Completer.run(Login As The Completer:38)
	at com.kms.katalon.core.main.ScriptEngine.run(ScriptEngine.java:194)
	at com.kms.katalon.core.main.ScriptEngine.runScriptAsRawText(ScriptEngine.java:119)
	at com.kms.katalon.core.main.TestCaseExecutor.runScript(TestCaseExecutor.java:430)
	at com.kms.katalon.core.main.TestCaseExecutor.doExecute(TestCaseExecutor.java:421)
	at com.kms.katalon.core.main.TestCaseExecutor.processExecutionPhase(TestCaseExecutor.java:400)
	at com.kms.katalon.core.main.TestCaseExecutor.accessMainPhase(TestCaseExecutor.java:392)
	at com.kms.katalon.core.main.TestCaseExecutor.execute(TestCaseExecutor.java:273)
	at com.kms.katalon.core.main.TestCaseExecutor.execute(TestCaseExecutor.java:351)
	at com.kms.katalon.core.main.TestCaseExecutor.execute(TestCaseExecutor.java:351)
	at com.kms.katalon.core.main.TestCaseExecutor.execute(TestCaseExecutor.java:351)
	at com.kms.katalon.core.main.TestSuiteExecutor.accessTestCaseMainPhase(TestSuiteExecutor.java:202)
	at com.kms.katalon.core.main.TestSuiteExecutor.accessTestSuiteMainPhase(TestSuiteExecutor.java:164)
	at com.kms.katalon.core.main.TestSuiteExecutor.execute(TestSuiteExecutor.java:105)
	at com.kms.katalon.core.main.TestCaseMain.startTestSuite(TestCaseMain.java:185)
	at com.kms.katalon.core.main.TestCaseMain$startTestSuite$0.call(Unknown Source)
	at TempTestSuite1637676172355.run(TempTestSuite1637676172355.groovy:36)
Caused by: org.openqa.selenium.ElementClickInterceptedException: element click intercepted: Element <div _ngcontent-mgc-c8="" class="panel-footer">...</div> is not clickable at point (643, 250). Other element would receive the click: <div id="page-preloader" style="display: block;">...</div>
  (Session info: chrome=95.0.4638.69)
Build info: version: '3.141.59', revision: 'e82be7d358', time: '2018-11-14T08:25:53'
System info: host: 'INAOBATAN', ip: '172.20.10.3', os.name: 'Windows 10', os.arch: 'amd64', os.version: '10.0', java.version: '1.8.0_282'
Driver info: com.kms.katalon.selenium.driver.CChromeDriver
Capabilities {acceptInsecureCerts: false, browserName: chrome, browserVersion: 95.0.4638.69, chrome: {chromedriverVersion: 95.0.4638.69 (6a1600ed572fe..., userDataDir: C:\Users\INAOBA~1.OLA\AppDa...}, goog:chromeOptions: {debuggerAddress: localhost:61508}, javascriptEnabled: true, networkConnectionEnabled: false, pageLoadStrategy: normal, platform: WINDOWS, platformName: WINDOWS, proxy: Proxy(), setWindowRect: true, strictFileInteractability: false, timeouts: {implicit: 0, pageLoad: 300000, script: 30000}, unhandledPromptBehavior: dismiss and notify, webauthn:extension:credBlob: true, webauthn:extension:largeBlob: true, webauthn:virtualAuthenticators: true}
Session ID: 3bc4c420f0e59436fd34425b69f45911
	at org.openqa.selenium.remote.http.W3CHttpResponseCodec.createException(W3CHttpResponseCodec.java:187)
	at org.openqa.selenium.remote.http.W3CHttpResponseCodec.decode(W3CHttpResponseCodec.java:122)
	at org.openqa.selenium.remote.http.W3CHttpResponseCodec.decode(W3CHttpResponseCodec.java:49)
	at org.openqa.selenium.remote.HttpCommandExecutor.execute(HttpCommandExecutor.java:158)
	at org.openqa.selenium.remote.service.DriverCommandExecutor.execute(DriverCommandExecutor.java:83)
	at org.openqa.selenium.remote.RemoteWebDriver.execute(RemoteWebDriver.java:552)
	at com.kms.katalon.selenium.driver.CChromeDriver.execute(CChromeDriver.java:19)
	at org.openqa.selenium.remote.RemoteWebElement.execute(RemoteWebElement.java:285)
	at org.openqa.selenium.remote.RemoteWebElement.click(RemoteWebElement.java:84)
	at org.openqa.selenium.support.events.EventFiringWebDriver$EventFiringWebElement.lambda$new$0(EventFiringWebDriver.java:404)
	at com.sun.proxy.$Proxy11.click(Unknown Source)
	at org.openqa.selenium.support.events.EventFiringWebDriver$EventFiringWebElement.click(EventFiringWebDriver.java:417)
	at com.kms.katalon.core.webui.keyword.builtin.ClickKeyword$_click_closure1.doCall(ClickKeyword.groovy:68)
	at com.kms.katalon.core.webui.keyword.builtin.ClickKeyword$_click_closure1.call(ClickKeyword.groovy)
	at com.kms.katalon.core.webui.keyword.internal.WebUIKeywordMain.runKeyword(WebUIKeywordMain.groovy:20)
	at com.kms.katalon.core.webui.keyword.builtin.ClickKeyword.click(ClickKeyword.groovy:75)
	at com.kms.katalon.core.webui.keyword.builtin.ClickKeyword.execute(ClickKeyword.groovy:42)
	at com.kms.katalon.core.keyword.internal.KeywordExecutor.executeKeywordForPlatform(KeywordExecutor.groovy:74)
	at com.kms.katalon.core.webui.keyword.WebUiBuiltInKeywords.click(WebUiBuiltInKeywords.groovy:620)
	at com.kms.katalon.core.webui.keyword.WebUiBuiltInKeywords$click$3.call(Unknown Source)
	at Script1637659447406.run(Script1637659447406.groovy:38)
	... 16 more
)

2021-11-23 16:18:39 - [MESSAGE][FAILED] - Unable to click on object 'Object Repository/Login As The Completer/Page_Fintrak  Core Banking/div_Loan Amount_ui-radiobutton-box ui-widge_b43808' (Root cause: com.kms.katalon.core.exception.StepFailedException: Unable to click on object 'Object Repository/Login As The Completer/Page_Fintrak  Core Banking/div_Loan Amount_ui-radiobutton-box ui-widge_b43808'
	at com.kms.katalon.core.webui.keyword.internal.WebUIKeywordMain.stepFailed(WebUIKeywordMain.groovy:64)
	at com.kms.katalon.core.webui.keyword.internal.WebUIKeywordMain.runKeyword(WebUIKeywordMain.groovy:26)
	at com.kms.katalon.core.webui.keyword.builtin.ClickKeyword.click(ClickKeyword.groovy:75)
	at com.kms.katalon.core.webui.keyword.builtin.ClickKeyword.execute(ClickKeyword.groovy:42)
	at com.kms.katalon.core.keyword.internal.KeywordExecutor.executeKeywordForPlatform(KeywordExecutor.groovy:74)
	at com.kms.katalon.core.webui.keyword.WebUiBuiltInKeywords.click(WebUiBuiltInKeywords.groovy:620)
	at com.kms.katalon.core.webui.keyword.WebUiBuiltInKeywords$click$3.call(Unknown Source)
	at Login As The Completer.run(Login As The Completer:38)
	at com.kms.katalon.core.main.ScriptEngine.run(ScriptEngine.java:194)
	at com.kms.katalon.core.main.ScriptEngine.runScriptAsRawText(ScriptEngine.java:119)
	at com.kms.katalon.core.main.TestCaseExecutor.runScript(TestCaseExecutor.java:430)
	at com.kms.katalon.core.main.TestCaseExecutor.doExecute(TestCaseExecutor.java:421)
	at com.kms.katalon.core.main.TestCaseExecutor.processExecutionPhase(TestCaseExecutor.java:400)
	at com.kms.katalon.core.main.TestCaseExecutor.accessMainPhase(TestCaseExecutor.java:392)
	at com.kms.katalon.core.main.TestCaseExecutor.execute(TestCaseExecutor.java:273)
	at com.kms.katalon.core.main.TestCaseExecutor.execute(TestCaseExecutor.java:351)
	at com.kms.katalon.core.main.TestCaseExecutor.execute(TestCaseExecutor.java:351)
	at com.kms.katalon.core.main.TestCaseExecutor.execute(TestCaseExecutor.java:351)
	at com.kms.katalon.core.main.TestSuiteExecutor.accessTestCaseMainPhase(TestSuiteExecutor.java:202)
	at com.kms.katalon.core.main.TestSuiteExecutor.accessTestSuiteMainPhase(TestSuiteExecutor.java:164)
	at com.kms.katalon.core.main.TestSuiteExecutor.execute(TestSuiteExecutor.java:105)
	at com.kms.katalon.core.main.TestCaseMain.startTestSuite(TestCaseMain.java:185)
	at com.kms.katalon.core.main.TestCaseMain$startTestSuite$0.call(Unknown Source)
	at TempTestSuite1637676172355.run(TempTestSuite1637676172355.groovy:36)
Caused by: org.openqa.selenium.ElementClickInterceptedException: element click intercepted: Element <div _ngcontent-mgc-c8="" class="panel-footer">...</div> is not clickable at point (643, 250). Other element would receive the click: <div id="page-preloader" style="display: block;">...</div>
  (Session info: chrome=95.0.4638.69)
Build info: version: '3.141.59', revision: 'e82be7d358', time: '2018-11-14T08:25:53'
System info: host: 'INAOBATAN', ip: '172.20.10.3', os.name: 'Windows 10', os.arch: 'amd64', os.version: '10.0', java.version: '1.8.0_282'
Driver info: com.kms.katalon.selenium.driver.CChromeDriver
Capabilities {acceptInsecureCerts: false, browserName: chrome, browserVersion: 95.0.4638.69, chrome: {chromedriverVersion: 95.0.4638.69 (6a1600ed572fe..., userDataDir: C:\Users\INAOBA~1.OLA\AppDa...}, goog:chromeOptions: {debuggerAddress: localhost:61508}, javascriptEnabled: true, networkConnectionEnabled: false, pageLoadStrategy: normal, platform: WINDOWS, platformName: WINDOWS, proxy: Proxy(), setWindowRect: true, strictFileInteractability: false, timeouts: {implicit: 0, pageLoad: 300000, script: 30000}, unhandledPromptBehavior: dismiss and notify, webauthn:extension:credBlob: true, webauthn:extension:largeBlob: true, webauthn:virtualAuthenticators: true}
Session ID: 3bc4c420f0e59436fd34425b69f45911
	at org.openqa.selenium.remote.http.W3CHttpResponseCodec.createException(W3CHttpResponseCodec.java:187)
	at org.openqa.selenium.remote.http.W3CHttpResponseCodec.decode(W3CHttpResponseCodec.java:122)
	at org.openqa.selenium.remote.http.W3CHttpResponseCodec.decode(W3CHttpResponseCodec.java:49)
	at org.openqa.selenium.remote.HttpCommandExecutor.execute(HttpCommandExecutor.java:158)
	at org.openqa.selenium.remote.service.DriverCommandExecutor.execute(DriverCommandExecutor.java:83)
	at org.openqa.selenium.remote.RemoteWebDriver.execute(RemoteWebDriver.java:552)
	at com.kms.katalon.selenium.driver.CChromeDriver.execute(CChromeDriver.java:19)
	at org.openqa.selenium.remote.RemoteWebElement.execute(RemoteWebElement.java:285)
	at org.openqa.selenium.remote.RemoteWebElement.click(RemoteWebElement.java:84)
	at org.openqa.selenium.support.events.EventFiringWebDriver$EventFiringWebElement.lambda$new$0(EventFiringWebDriver.java:404)
	at com.sun.proxy.$Proxy11.click(Unknown Source)
	at org.openqa.selenium.support.events.EventFiringWebDriver$EventFiringWebElement.click(EventFiringWebDriver.java:417)
	at com.kms.katalon.core.webui.keyword.builtin.ClickKeyword$_click_closure1.doCall(ClickKeyword.groovy:68)
	at com.kms.katalon.core.webui.keyword.builtin.ClickKeyword$_click_closure1.call(ClickKeyword.groovy)
	at com.kms.katalon.core.webui.keyword.internal.WebUIKeywordMain.runKeyword(WebUIKeywordMain.groovy:20)
	at com.kms.katalon.core.webui.keyword.builtin.ClickKeyword.click(ClickKeyword.groovy:75)
	at com.kms.katalon.core.webui.keyword.builtin.ClickKeyword.execute(ClickKeyword.groovy:42)
	at com.kms.katalon.core.keyword.internal.KeywordExecutor.executeKeywordForPlatform(KeywordExecutor.groovy:74)
	at com.kms.katalon.core.webui.keyword.WebUiBuiltInKeywords.click(WebUiBuiltInKeywords.groovy:620)
	at com.kms.katalon.core.webui.keyword.WebUiBuiltInKeywords$click$3.call(Unknown Source)
	at Script1637659447406.run(Script1637659447406.groovy:38)
	... 16 more
)
[[ATTACHMENT|C:\\Users\\inaobatan.olawale\\Katalon Studio\\My First Web UI Project\\Reports\\20211123_150252\\FBN Credit360 LOS Operation\\LOS Operation\\20211123_150252\\1637680719813.png]]]]></system-out>
         <system-err><![CDATA[2021-11-23 16:18:22 - [TEST_CASE][FAILED] - Test Cases/FBN Credit360 LOS Opeartion/Login As The Completer: Test Cases/FBN Credit360 LOS Opeartion/Login As The Completer FAILED.
Reason:
com.kms.katalon.core.exception.StepFailedException: Unable to click on object 'Object Repository/Login As The Completer/Page_Fintrak  Core Banking/div_Loan Amount_ui-radiobutton-box ui-widge_b43808'
	at com.kms.katalon.core.webui.keyword.internal.WebUIKeywordMain.stepFailed(WebUIKeywordMain.groovy:64)
	at com.kms.katalon.core.webui.keyword.internal.WebUIKeywordMain.runKeyword(WebUIKeywordMain.groovy:26)
	at com.kms.katalon.core.webui.keyword.builtin.ClickKeyword.click(ClickKeyword.groovy:75)
	at com.kms.katalon.core.webui.keyword.builtin.ClickKeyword.execute(ClickKeyword.groovy:42)
	at com.kms.katalon.core.keyword.internal.KeywordExecutor.executeKeywordForPlatform(KeywordExecutor.groovy:74)
	at com.kms.katalon.core.webui.keyword.WebUiBuiltInKeywords.click(WebUiBuiltInKeywords.groovy:620)
	at com.kms.katalon.core.webui.keyword.WebUiBuiltInKeywords$click$3.call(Unknown Source)
	at Login As The Completer.run(Login As The Completer:38)
	at com.kms.katalon.core.main.ScriptEngine.run(ScriptEngine.java:194)
	at com.kms.katalon.core.main.ScriptEngine.runScriptAsRawText(ScriptEngine.java:119)
	at com.kms.katalon.core.main.TestCaseExecutor.runScript(TestCaseExecutor.java:430)
	at com.kms.katalon.core.main.TestCaseExecutor.doExecute(TestCaseExecutor.java:421)
	at com.kms.katalon.core.main.TestCaseExecutor.processExecutionPhase(TestCaseExecutor.java:400)
	at com.kms.katalon.core.main.TestCaseExecutor.accessMainPhase(TestCaseExecutor.java:392)
	at com.kms.katalon.core.main.TestCaseExecutor.execute(TestCaseExecutor.java:273)
	at com.kms.katalon.core.main.TestCaseExecutor.execute(TestCaseExecutor.java:351)
	at com.kms.katalon.core.main.TestCaseExecutor.execute(TestCaseExecutor.java:351)
	at com.kms.katalon.core.main.TestCaseExecutor.execute(TestCaseExecutor.java:351)
	at com.kms.katalon.core.main.TestSuiteExecutor.accessTestCaseMainPhase(TestSuiteExecutor.java:202)
	at com.kms.katalon.core.main.TestSuiteExecutor.accessTestSuiteMainPhase(TestSuiteExecutor.java:164)
	at com.kms.katalon.core.main.TestSuiteExecutor.execute(TestSuiteExecutor.java:105)
	at com.kms.katalon.core.main.TestCaseMain.startTestSuite(TestCaseMain.java:185)
	at com.kms.katalon.core.main.TestCaseMain$startTestSuite$0.call(Unknown Source)
	at TempTestSuite1637676172355.run(TempTestSuite1637676172355.groovy:36)
Caused by: org.openqa.selenium.ElementClickInterceptedException: element click intercepted: Element <div _ngcontent-mgc-c8="" class="panel-footer">...</div> is not clickable at point (643, 250). Other element would receive the click: <div id="page-preloader" style="display: block;">...</div>
  (Session info: chrome=95.0.4638.69)
Build info: version: '3.141.59', revision: 'e82be7d358', time: '2018-11-14T08:25:53'
System info: host: 'INAOBATAN', ip: '172.20.10.3', os.name: 'Windows 10', os.arch: 'amd64', os.version: '10.0', java.version: '1.8.0_282'
Driver info: com.kms.katalon.selenium.driver.CChromeDriver
Capabilities {acceptInsecureCerts: false, browserName: chrome, browserVersion: 95.0.4638.69, chrome: {chromedriverVersion: 95.0.4638.69 (6a1600ed572fe..., userDataDir: C:\Users\INAOBA~1.OLA\AppDa...}, goog:chromeOptions: {debuggerAddress: localhost:61508}, javascriptEnabled: true, networkConnectionEnabled: false, pageLoadStrategy: normal, platform: WINDOWS, platformName: WINDOWS, proxy: Proxy(), setWindowRect: true, strictFileInteractability: false, timeouts: {implicit: 0, pageLoad: 300000, script: 30000}, unhandledPromptBehavior: dismiss and notify, webauthn:extension:credBlob: true, webauthn:extension:largeBlob: true, webauthn:virtualAuthenticators: true}
Session ID: 3bc4c420f0e59436fd34425b69f45911
	at org.openqa.selenium.remote.http.W3CHttpResponseCodec.createException(W3CHttpResponseCodec.java:187)
	at org.openqa.selenium.remote.http.W3CHttpResponseCodec.decode(W3CHttpResponseCodec.java:122)
	at org.openqa.selenium.remote.http.W3CHttpResponseCodec.decode(W3CHttpResponseCodec.java:49)
	at org.openqa.selenium.remote.HttpCommandExecutor.execute(HttpCommandExecutor.java:158)
	at org.openqa.selenium.remote.service.DriverCommandExecutor.execute(DriverCommandExecutor.java:83)
	at org.openqa.selenium.remote.RemoteWebDriver.execute(RemoteWebDriver.java:552)
	at com.kms.katalon.selenium.driver.CChromeDriver.execute(CChromeDriver.java:19)
	at org.openqa.selenium.remote.RemoteWebElement.execute(RemoteWebElement.java:285)
	at org.openqa.selenium.remote.RemoteWebElement.click(RemoteWebElement.java:84)
	at org.openqa.selenium.support.events.EventFiringWebDriver$EventFiringWebElement.lambda$new$0(EventFiringWebDriver.java:404)
	at com.sun.proxy.$Proxy11.click(Unknown Source)
	at org.openqa.selenium.support.events.EventFiringWebDriver$EventFiringWebElement.click(EventFiringWebDriver.java:417)
	at com.kms.katalon.core.webui.keyword.builtin.ClickKeyword$_click_closure1.doCall(ClickKeyword.groovy:68)
	at com.kms.katalon.core.webui.keyword.builtin.ClickKeyword$_click_closure1.call(ClickKeyword.groovy)
	at com.kms.katalon.core.webui.keyword.internal.WebUIKeywordMain.runKeyword(WebUIKeywordMain.groovy:20)
	... 22 more]]></system-err>
      </testcase>
      <system-out><![CDATA[2021-11-23 15:02:55 - [TEST_SUITE][FAILED] - LOS Operation: Test Cases/FBN Credit360 LOS Opeartion/Start New Loan Application FAILED.
Reason:
com.kms.katalon.core.exception.StepFailedException: Call Test Case 'Test Cases/FBN Credit360 LOS Opeartion/Update Credit Bureau' failed
	at com.kms.katalon.core.keyword.builtin.CallTestCaseKeyword$_callTestCase_closure1.doCall(CallTestCaseKeyword.groovy:63)
	at com.kms.katalon.core.keyword.builtin.CallTestCaseKeyword$_callTestCase_closure1.call(CallTestCaseKeyword.groovy)
	at com.kms.katalon.core.keyword.internal.KeywordMain.runKeyword(KeywordMain.groovy:74)
	at com.kms.katalon.core.keyword.builtin.CallTestCaseKeyword.callTestCase(CallTestCaseKeyword.groovy:81)
	at com.kms.katalon.core.keyword.builtin.CallTestCaseKeyword.execute(CallTestCaseKeyword.groovy:44)
	at com.kms.katalon.core.keyword.internal.KeywordExecutor.executeKeywordForPlatform(KeywordExecutor.groovy:74)
	at com.kms.katalon.core.keyword.BuiltinKeywords.callTestCase(BuiltinKeywords.groovy:334)
	at Start New Loan Application.run(Start New Loan Application:20)
	at com.kms.katalon.core.main.ScriptEngine.run(ScriptEngine.java:194)
	at com.kms.katalon.core.main.ScriptEngine.runScriptAsRawText(ScriptEngine.java:119)
	at com.kms.katalon.core.main.TestCaseExecutor.runScript(TestCaseExecutor.java:430)
	at com.kms.katalon.core.main.TestCaseExecutor.doExecute(TestCaseExecutor.java:421)
	at com.kms.katalon.core.main.TestCaseExecutor.processExecutionPhase(TestCaseExecutor.java:400)
	at com.kms.katalon.core.main.TestCaseExecutor.accessMainPhase(TestCaseExecutor.java:392)
	at com.kms.katalon.core.main.TestCaseExecutor.execute(TestCaseExecutor.java:273)
	at com.kms.katalon.core.main.TestSuiteExecutor.accessTestCaseMainPhase(TestSuiteExecutor.java:202)
	at com.kms.katalon.core.main.TestSuiteExecutor.accessTestSuiteMainPhase(TestSuiteExecutor.java:164)
	at com.kms.katalon.core.main.TestSuiteExecutor.execute(TestSuiteExecutor.java:105)
	at com.kms.katalon.core.main.TestCaseMain.startTestSuite(TestCaseMain.java:185)
	at com.kms.katalon.core.main.TestCaseMain$startTestSuite$0.call(Unknown Source)
	at TempTestSuite1637676172355.run(TempTestSuite1637676172355.groovy:36)
Caused by: com.kms.katalon.core.exception.StepFailedException: Unable to click on object 'Object Repository/Update Credit Bureau/Page_Fintrak  Core Banking/button_Upload Credit Bureau Report'
	at com.kms.katalon.core.webui.keyword.internal.WebUIKeywordMain.stepFailed(WebUIKeywordMain.groovy:64)
	at com.kms.katalon.core.webui.keyword.internal.WebUIKeywordMain.runKeyword(WebUIKeywordMain.groovy:26)
	at com.kms.katalon.core.webui.keyword.builtin.ClickKeyword.click(ClickKeyword.groovy:75)
	at com.kms.katalon.core.webui.keyword.builtin.ClickKeyword.execute(ClickKeyword.groovy:42)
	at com.kms.katalon.core.keyword.internal.KeywordExecutor.executeKeywordForPlatform(KeywordExecutor.groovy:74)
	at com.kms.katalon.core.webui.keyword.WebUiBuiltInKeywords.click(WebUiBuiltInKeywords.groovy:620)
	at com.kms.katalon.core.webui.keyword.WebUiBuiltInKeywords$click$3.call(Unknown Source)
	at Update Credit Bureau.run(Update Credit Bureau:22)
	at com.kms.katalon.core.main.ScriptEngine.run(ScriptEngine.java:194)
	at com.kms.katalon.core.main.ScriptEngine.runScriptAsRawText(ScriptEngine.java:119)
	at com.kms.katalon.core.main.TestCaseExecutor.runScript(TestCaseExecutor.java:430)
	at com.kms.katalon.core.main.TestCaseExecutor.doExecute(TestCaseExecutor.java:421)
	at com.kms.katalon.core.main.TestCaseExecutor.processExecutionPhase(TestCaseExecutor.java:400)
	at com.kms.katalon.core.main.TestCaseExecutor.accessMainPhase(TestCaseExecutor.java:392)
	at com.kms.katalon.core.main.TestCaseExecutor.execute(TestCaseExecutor.java:273)
	at com.kms.katalon.core.main.TestCaseMain.runTestCase(TestCaseMain.java:142)
	at com.kms.katalon.core.keyword.builtin.CallTestCaseKeyword$_callTestCase_closure1.doCall(CallTestCaseKeyword.groovy:59)
	... 20 more
Caused by: org.openqa.selenium.ElementNotInteractableException: element not interactable
  (Session info: chrome=95.0.4638.69)
Build info: version: '3.141.59', revision: 'e82be7d358', time: '2018-11-14T08:25:53'
System info: host: 'INAOBATAN', ip: '172.20.10.3', os.name: 'Windows 10', os.arch: 'amd64', os.version: '10.0', java.version: '1.8.0_282'
Driver info: com.kms.katalon.selenium.driver.CChromeDriver
Capabilities {acceptInsecureCerts: false, browserName: chrome, browserVersion: 95.0.4638.69, chrome: {chromedriverVersion: 95.0.4638.69 (6a1600ed572fe..., userDataDir: C:\Users\INAOBA~1.OLA\AppDa...}, goog:chromeOptions: {debuggerAddress: localhost:58005}, javascriptEnabled: true, networkConnectionEnabled: false, pageLoadStrategy: normal, platform: WINDOWS, platformName: WINDOWS, proxy: Proxy(), setWindowRect: true, strictFileInteractability: false, timeouts: {implicit: 0, pageLoad: 300000, script: 30000}, unhandledPromptBehavior: dismiss and notify, webauthn:extension:credBlob: true, webauthn:extension:largeBlob: true, webauthn:virtualAuthenticators: true}
Session ID: a9897c08b56effb4a566f222459cf033
	at org.openqa.selenium.remote.http.W3CHttpResponseCodec.createException(W3CHttpResponseCodec.java:187)
	at org.openqa.selenium.remote.http.W3CHttpResponseCodec.decode(W3CHttpResponseCodec.java:122)
	at org.openqa.selenium.remote.http.W3CHttpResponseCodec.decode(W3CHttpResponseCodec.java:49)
	at org.openqa.selenium.remote.HttpCommandExecutor.execute(HttpCommandExecutor.java:158)
	at org.openqa.selenium.remote.service.DriverCommandExecutor.execute(DriverCommandExecutor.java:83)
	at org.openqa.selenium.remote.RemoteWebDriver.execute(RemoteWebDriver.java:552)
	at com.kms.katalon.selenium.driver.CChromeDriver.execute(CChromeDriver.java:19)
	at org.openqa.selenium.remote.RemoteWebElement.execute(RemoteWebElement.java:285)
	at org.openqa.selenium.remote.RemoteWebElement.click(RemoteWebElement.java:84)
	at org.openqa.selenium.support.events.EventFiringWebDriver$EventFiringWebElement.lambda$new$0(EventFiringWebDriver.java:404)
	at com.sun.proxy.$Proxy11.click(Unknown Source)
	at org.openqa.selenium.support.events.EventFiringWebDriver$EventFiringWebElement.click(EventFiringWebDriver.java:417)
	at com.kms.katalon.core.webui.keyword.builtin.ClickKeyword$_click_closure1.doCall(ClickKeyword.groovy:68)
	at com.kms.katalon.core.webui.keyword.builtin.ClickKeyword$_click_closure1.call(ClickKeyword.groovy)
	at com.kms.katalon.core.webui.keyword.internal.WebUIKeywordMain.runKeyword(WebUIKeywordMain.groovy:20)
	... 35 more]]></system-out>
      <system-err><![CDATA[2021-11-23 15:02:55 - [TEST_SUITE][FAILED] - LOS Operation: Test Cases/FBN Credit360 LOS Opeartion/Start New Loan Application FAILED.
Reason:
com.kms.katalon.core.exception.StepFailedException: Call Test Case 'Test Cases/FBN Credit360 LOS Opeartion/Update Credit Bureau' failed
	at com.kms.katalon.core.keyword.builtin.CallTestCaseKeyword$_callTestCase_closure1.doCall(CallTestCaseKeyword.groovy:63)
	at com.kms.katalon.core.keyword.builtin.CallTestCaseKeyword$_callTestCase_closure1.call(CallTestCaseKeyword.groovy)
	at com.kms.katalon.core.keyword.internal.KeywordMain.runKeyword(KeywordMain.groovy:74)
	at com.kms.katalon.core.keyword.builtin.CallTestCaseKeyword.callTestCase(CallTestCaseKeyword.groovy:81)
	at com.kms.katalon.core.keyword.builtin.CallTestCaseKeyword.execute(CallTestCaseKeyword.groovy:44)
	at com.kms.katalon.core.keyword.internal.KeywordExecutor.executeKeywordForPlatform(KeywordExecutor.groovy:74)
	at com.kms.katalon.core.keyword.BuiltinKeywords.callTestCase(BuiltinKeywords.groovy:334)
	at Start New Loan Application.run(Start New Loan Application:20)
	at com.kms.katalon.core.main.ScriptEngine.run(ScriptEngine.java:194)
	at com.kms.katalon.core.main.ScriptEngine.runScriptAsRawText(ScriptEngine.java:119)
	at com.kms.katalon.core.main.TestCaseExecutor.runScript(TestCaseExecutor.java:430)
	at com.kms.katalon.core.main.TestCaseExecutor.doExecute(TestCaseExecutor.java:421)
	at com.kms.katalon.core.main.TestCaseExecutor.processExecutionPhase(TestCaseExecutor.java:400)
	at com.kms.katalon.core.main.TestCaseExecutor.accessMainPhase(TestCaseExecutor.java:392)
	at com.kms.katalon.core.main.TestCaseExecutor.execute(TestCaseExecutor.java:273)
	at com.kms.katalon.core.main.TestSuiteExecutor.accessTestCaseMainPhase(TestSuiteExecutor.java:202)
	at com.kms.katalon.core.main.TestSuiteExecutor.accessTestSuiteMainPhase(TestSuiteExecutor.java:164)
	at com.kms.katalon.core.main.TestSuiteExecutor.execute(TestSuiteExecutor.java:105)
	at com.kms.katalon.core.main.TestCaseMain.startTestSuite(TestCaseMain.java:185)
	at com.kms.katalon.core.main.TestCaseMain$startTestSuite$0.call(Unknown Source)
	at TempTestSuite1637676172355.run(TempTestSuite1637676172355.groovy:36)
Caused by: com.kms.katalon.core.exception.StepFailedException: Unable to click on object 'Object Repository/Update Credit Bureau/Page_Fintrak  Core Banking/button_Upload Credit Bureau Report'
	at com.kms.katalon.core.webui.keyword.internal.WebUIKeywordMain.stepFailed(WebUIKeywordMain.groovy:64)
	at com.kms.katalon.core.webui.keyword.internal.WebUIKeywordMain.runKeyword(WebUIKeywordMain.groovy:26)
	at com.kms.katalon.core.webui.keyword.builtin.ClickKeyword.click(ClickKeyword.groovy:75)
	at com.kms.katalon.core.webui.keyword.builtin.ClickKeyword.execute(ClickKeyword.groovy:42)
	at com.kms.katalon.core.keyword.internal.KeywordExecutor.executeKeywordForPlatform(KeywordExecutor.groovy:74)
	at com.kms.katalon.core.webui.keyword.WebUiBuiltInKeywords.click(WebUiBuiltInKeywords.groovy:620)
	at com.kms.katalon.core.webui.keyword.WebUiBuiltInKeywords$click$3.call(Unknown Source)
	at Update Credit Bureau.run(Update Credit Bureau:22)
	at com.kms.katalon.core.main.ScriptEngine.run(ScriptEngine.java:194)
	at com.kms.katalon.core.main.ScriptEngine.runScriptAsRawText(ScriptEngine.java:119)
	at com.kms.katalon.core.main.TestCaseExecutor.runScript(TestCaseExecutor.java:430)
	at com.kms.katalon.core.main.TestCaseExecutor.doExecute(TestCaseExecutor.java:421)
	at com.kms.katalon.core.main.TestCaseExecutor.processExecutionPhase(TestCaseExecutor.java:400)
	at com.kms.katalon.core.main.TestCaseExecutor.accessMainPhase(TestCaseExecutor.java:392)
	at com.kms.katalon.core.main.TestCaseExecutor.execute(TestCaseExecutor.java:273)
	at com.kms.katalon.core.main.TestCaseMain.runTestCase(TestCaseMain.java:142)
	at com.kms.katalon.core.keyword.builtin.CallTestCaseKeyword$_callTestCase_closure1.doCall(CallTestCaseKeyword.groovy:59)
	... 20 more
Caused by: org.openqa.selenium.ElementNotInteractableException: element not interactable
  (Session info: chrome=95.0.4638.69)
Build info: version: '3.141.59', revision: 'e82be7d358', time: '2018-11-14T08:25:53'
System info: host: 'INAOBATAN', ip: '172.20.10.3', os.name: 'Windows 10', os.arch: 'amd64', os.version: '10.0', java.version: '1.8.0_282'
Driver info: com.kms.katalon.selenium.driver.CChromeDriver
Capabilities {acceptInsecureCerts: false, browserName: chrome, browserVersion: 95.0.4638.69, chrome: {chromedriverVersion: 95.0.4638.69 (6a1600ed572fe..., userDataDir: C:\Users\INAOBA~1.OLA\AppDa...}, goog:chromeOptions: {debuggerAddress: localhost:58005}, javascriptEnabled: true, networkConnectionEnabled: false, pageLoadStrategy: normal, platform: WINDOWS, platformName: WINDOWS, proxy: Proxy(), setWindowRect: true, strictFileInteractability: false, timeouts: {implicit: 0, pageLoad: 300000, script: 30000}, unhandledPromptBehavior: dismiss and notify, webauthn:extension:credBlob: true, webauthn:extension:largeBlob: true, webauthn:virtualAuthenticators: true}
Session ID: a9897c08b56effb4a566f222459cf033
	at org.openqa.selenium.remote.http.W3CHttpResponseCodec.createException(W3CHttpResponseCodec.java:187)
	at org.openqa.selenium.remote.http.W3CHttpResponseCodec.decode(W3CHttpResponseCodec.java:122)
	at org.openqa.selenium.remote.http.W3CHttpResponseCodec.decode(W3CHttpResponseCodec.java:49)
	at org.openqa.selenium.remote.HttpCommandExecutor.execute(HttpCommandExecutor.java:158)
	at org.openqa.selenium.remote.service.DriverCommandExecutor.execute(DriverCommandExecutor.java:83)
	at org.openqa.selenium.remote.RemoteWebDriver.execute(RemoteWebDriver.java:552)
	at com.kms.katalon.selenium.driver.CChromeDriver.execute(CChromeDriver.java:19)
	at org.openqa.selenium.remote.RemoteWebElement.execute(RemoteWebElement.java:285)
	at org.openqa.selenium.remote.RemoteWebElement.click(RemoteWebElement.java:84)
	at org.openqa.selenium.support.events.EventFiringWebDriver$EventFiringWebElement.lambda$new$0(EventFiringWebDriver.java:404)
	at com.sun.proxy.$Proxy11.click(Unknown Source)
	at org.openqa.selenium.support.events.EventFiringWebDriver$EventFiringWebElement.click(EventFiringWebDriver.java:417)
	at com.kms.katalon.core.webui.keyword.builtin.ClickKeyword$_click_closure1.doCall(ClickKeyword.groovy:68)
	at com.kms.katalon.core.webui.keyword.builtin.ClickKeyword$_click_closure1.call(ClickKeyword.groovy)
	at com.kms.katalon.core.webui.keyword.internal.WebUIKeywordMain.runKeyword(WebUIKeywordMain.groovy:20)
	... 35 more]]></system-err>
   </testsuite>
</testsuites>
